[0.226s] DEBUG:colcon:Command line arguments: ['/usr/bin/colcon', 'build', '--symlink-install']
[0.226s] DEBUG:colcon:Parsed command line arguments: Namespace(log_base=None, log_level=None, verb_name='build', build_base='build', install_base='install', merge_install=False, symlink_install=True, test_result_base=None, continue_on_error=False, executor='parallel', parallel_workers=6, event_handlers=None, ignore_user_meta=False, metas=['./colcon.meta'], base_paths=['.'], packages_ignore=None, packages_ignore_regex=None, paths=None, packages_up_to=None, packages_up_to_regex=None, packages_above=None, packages_above_and_dependencies=None, packages_above_depth=None, packages_select_by_dep=None, packages_skip_by_dep=None, packages_skip_up_to=None, packages_select_build_failed=False, packages_skip_build_finished=False, packages_select_test_failures=False, packages_skip_test_passed=False, packages_select=None, packages_skip=None, packages_select_regex=None, packages_skip_regex=None, packages_start=None, packages_end=None, allow_overriding=[], cmake_args=None, cmake_target=None, cmake_target_skip_unavailable=False, cmake_clean_cache=False, cmake_clean_first=False, cmake_force_configure=False, ament_cmake_args=None, catkin_cmake_args=None, catkin_skip_building_tests=False, verb_parser=<colcon_defaults.argument_parser.defaults.DefaultArgumentsDecorator object at 0xffffb4050ac0>, verb_extension=<colcon_core.verb.build.BuildVerb object at 0xffffb40505b0>, main=<bound method BuildVerb.main of <colcon_core.verb.build.BuildVerb object at 0xffffb40505b0>>)
[0.595s] Level 1:colcon.colcon_core.package_discovery:discover_packages(colcon_meta) check parameters
[0.596s] Level 1:colcon.colcon_core.package_discovery:discover_packages(recursive) check parameters
[0.596s] Level 1:colcon.colcon_core.package_discovery:discover_packages(ignore) check parameters
[0.596s] Level 1:colcon.colcon_core.package_discovery:discover_packages(path) check parameters
[0.596s] Level 1:colcon.colcon_core.package_discovery:discover_packages(colcon_meta) discover
[0.596s] Level 1:colcon.colcon_core.package_discovery:discover_packages(recursive) discover
[0.596s] INFO:colcon.colcon_core.package_discovery:Crawling recursively for packages in '/home/orin/RogueRover/RR_ws'
[0.596s] Level 1:colcon.colcon_core.package_identification:_identify(.) by extensions ['ignore', 'ignore_ament_install']
[0.596s] Level 1:colcon.colcon_core.package_identification:_identify(.) by extension 'ignore'
[0.597s] Level 1:colcon.colcon_core.package_identification:_identify(.) by extension 'ignore_ament_install'
[0.597s] Level 1:colcon.colcon_core.package_identification:_identify(.) by extensions ['colcon_pkg']
[0.597s] Level 1:colcon.colcon_core.package_identification:_identify(.) by extension 'colcon_pkg'
[0.597s] Level 1:colcon.colcon_core.package_identification:_identify(.) by extensions ['colcon_meta']
[0.597s] Level 1:colcon.colcon_core.package_identification:_identify(.) by extension 'colcon_meta'
[0.597s] Level 1:colcon.colcon_core.package_identification:_identify(.) by extensions ['ros']
[0.597s] Level 1:colcon.colcon_core.package_identification:_identify(.) by extension 'ros'
[0.619s] Level 1:colcon.colcon_core.package_identification:_identify(.) by extensions ['cmake', 'python']
[0.619s] Level 1:colcon.colcon_core.package_identification:_identify(.) by extension 'cmake'
[0.619s] Level 1:colcon.colcon_core.package_identification:_identify(.) by extension 'python'
[0.619s] Level 1:colcon.colcon_core.package_identification:_identify(.) by extensions ['python_setup_py']
[0.619s] Level 1:colcon.colcon_core.package_identification:_identify(.) by extension 'python_setup_py'
[0.620s] Level 1:colcon.colcon_core.package_identification:_identify(Rosmaster_Lib.egg-info) by extensions ['ignore', 'ignore_ament_install']
[0.620s] Level 1:colcon.colcon_core.package_identification:_identify(Rosmaster_Lib.egg-info) by extension 'ignore'
[0.620s] Level 1:colcon.colcon_core.package_identification:_identify(Rosmaster_Lib.egg-info) by extension 'ignore_ament_install'
[0.620s] Level 1:colcon.colcon_core.package_identification:_identify(Rosmaster_Lib.egg-info) by extensions ['colcon_pkg']
[0.620s] Level 1:colcon.colcon_core.package_identification:_identify(Rosmaster_Lib.egg-info) by extension 'colcon_pkg'
[0.620s] Level 1:colcon.colcon_core.package_identification:_identify(Rosmaster_Lib.egg-info) by extensions ['colcon_meta']
[0.621s] Level 1:colcon.colcon_core.package_identification:_identify(Rosmaster_Lib.egg-info) by extension 'colcon_meta'
[0.621s] Level 1:colcon.colcon_core.package_identification:_identify(Rosmaster_Lib.egg-info) by extensions ['ros']
[0.621s] Level 1:colcon.colcon_core.package_identification:_identify(Rosmaster_Lib.egg-info) by extension 'ros'
[0.621s] Level 1:colcon.colcon_core.package_identification:_identify(Rosmaster_Lib.egg-info) by extensions ['cmake', 'python']
[0.621s] Level 1:colcon.colcon_core.package_identification:_identify(Rosmaster_Lib.egg-info) by extension 'cmake'
[0.621s] Level 1:colcon.colcon_core.package_identification:_identify(Rosmaster_Lib.egg-info) by extension 'python'
[0.621s] Level 1:colcon.colcon_core.package_identification:_identify(Rosmaster_Lib.egg-info) by extensions ['python_setup_py']
[0.621s] Level 1:colcon.colcon_core.package_identification:_identify(Rosmaster_Lib.egg-info) by extension 'python_setup_py'
[0.621s] Level 1:colcon.colcon_core.package_identification:_identify(build) by extensions ['ignore', 'ignore_ament_install']
[0.622s] Level 1:colcon.colcon_core.package_identification:_identify(build) by extension 'ignore'
[0.622s] Level 1:colcon.colcon_core.package_identification:_identify(build) ignored
[0.622s] Level 1:colcon.colcon_core.package_identification:_identify(dist) by extensions ['ignore', 'ignore_ament_install']
[0.622s] Level 1:colcon.colcon_core.package_identification:_identify(dist) by extension 'ignore'
[0.622s] Level 1:colcon.colcon_core.package_identification:_identify(dist) by extension 'ignore_ament_install'
[0.622s] Level 1:colcon.colcon_core.package_identification:_identify(dist) by extensions ['colcon_pkg']
[0.622s] Level 1:colcon.colcon_core.package_identification:_identify(dist) by extension 'colcon_pkg'
[0.622s] Level 1:colcon.colcon_core.package_identification:_identify(dist) by extensions ['colcon_meta']
[0.622s] Level 1:colcon.colcon_core.package_identification:_identify(dist) by extension 'colcon_meta'
[0.623s] Level 1:colcon.colcon_core.package_identification:_identify(dist) by extensions ['ros']
[0.623s] Level 1:colcon.colcon_core.package_identification:_identify(dist) by extension 'ros'
[0.623s] Level 1:colcon.colcon_core.package_identification:_identify(dist) by extensions ['cmake', 'python']
[0.623s] Level 1:colcon.colcon_core.package_identification:_identify(dist) by extension 'cmake'
[0.623s] Level 1:colcon.colcon_core.package_identification:_identify(dist) by extension 'python'
[0.623s] Level 1:colcon.colcon_core.package_identification:_identify(dist) by extensions ['python_setup_py']
[0.623s] Level 1:colcon.colcon_core.package_identification:_identify(dist) by extension 'python_setup_py'
[0.623s] Level 1:colcon.colcon_core.package_identification:_identify(install) by extensions ['ignore', 'ignore_ament_install']
[0.623s] Level 1:colcon.colcon_core.package_identification:_identify(install) by extension 'ignore'
[0.624s] Level 1:colcon.colcon_core.package_identification:_identify(install) ignored
[0.624s] Level 1:colcon.colcon_core.package_identification:_identify(log) by extensions ['ignore', 'ignore_ament_install']
[0.624s] Level 1:colcon.colcon_core.package_identification:_identify(log) by extension 'ignore'
[0.624s] Level 1:colcon.colcon_core.package_identification:_identify(log) ignored
[0.624s] Level 1:colcon.colcon_core.package_identification:_identify(src) by extensions ['ignore', 'ignore_ament_install']
[0.624s] Level 1:colcon.colcon_core.package_identification:_identify(src) by extension 'ignore'
[0.625s] Level 1:colcon.colcon_core.package_identification:_identify(src) by extension 'ignore_ament_install'
[0.625s] Level 1:colcon.colcon_core.package_identification:_identify(src) by extensions ['colcon_pkg']
[0.625s] Level 1:colcon.colcon_core.package_identification:_identify(src) by extension 'colcon_pkg'
[0.625s] Level 1:colcon.colcon_core.package_identification:_identify(src) by extensions ['colcon_meta']
[0.625s] Level 1:colcon.colcon_core.package_identification:_identify(src) by extension 'colcon_meta'
[0.625s] Level 1:colcon.colcon_core.package_identification:_identify(src) by extensions ['ros']
[0.625s] Level 1:colcon.colcon_core.package_identification:_identify(src) by extension 'ros'
[0.625s] Level 1:colcon.colcon_core.package_identification:_identify(src) by extensions ['cmake', 'python']
[0.625s] Level 1:colcon.colcon_core.package_identification:_identify(src) by extension 'cmake'
[0.625s] Level 1:colcon.colcon_core.package_identification:_identify(src) by extension 'python'
[0.625s] Level 1:colcon.colcon_core.package_identification:_identify(src) by extensions ['python_setup_py']
[0.625s] Level 1:colcon.colcon_core.package_identification:_identify(src) by extension 'python_setup_py'
[0.626s] Level 1:colcon.colcon_core.package_identification:_identify(src/rr_description) by extensions ['ignore', 'ignore_ament_install']
[0.626s] Level 1:colcon.colcon_core.package_identification:_identify(src/rr_description) by extension 'ignore'
[0.626s] Level 1:colcon.colcon_core.package_identification:_identify(src/rr_description) by extension 'ignore_ament_install'
[0.626s] Level 1:colcon.colcon_core.package_identification:_identify(src/rr_description) by extensions ['colcon_pkg']
[0.626s] Level 1:colcon.colcon_core.package_identification:_identify(src/rr_description) by extension 'colcon_pkg'
[0.626s] Level 1:colcon.colcon_core.package_identification:_identify(src/rr_description) by extensions ['colcon_meta']
[0.626s] Level 1:colcon.colcon_core.package_identification:_identify(src/rr_description) by extension 'colcon_meta'
[0.626s] Level 1:colcon.colcon_core.package_identification:_identify(src/rr_description) by extensions ['ros']
[0.626s] Level 1:colcon.colcon_core.package_identification:_identify(src/rr_description) by extension 'ros'
[0.631s] DEBUG:colcon.colcon_core.package_identification:Package 'src/rr_description' with type 'ros.ament_python' and name 'rr_description'
[0.632s] Level 1:colcon.colcon_core.package_identification:_identify(src/rr_display) by extensions ['ignore', 'ignore_ament_install']
[0.632s] Level 1:colcon.colcon_core.package_identification:_identify(src/rr_display) by extension 'ignore'
[0.632s] Level 1:colcon.colcon_core.package_identification:_identify(src/rr_display) by extension 'ignore_ament_install'
[0.632s] Level 1:colcon.colcon_core.package_identification:_identify(src/rr_display) by extensions ['colcon_pkg']
[0.632s] Level 1:colcon.colcon_core.package_identification:_identify(src/rr_display) by extension 'colcon_pkg'
[0.632s] Level 1:colcon.colcon_core.package_identification:_identify(src/rr_display) by extensions ['colcon_meta']
[0.632s] Level 1:colcon.colcon_core.package_identification:_identify(src/rr_display) by extension 'colcon_meta'
[0.632s] Level 1:colcon.colcon_core.package_identification:_identify(src/rr_display) by extensions ['ros']
[0.632s] Level 1:colcon.colcon_core.package_identification:_identify(src/rr_display) by extension 'ros'
[0.633s] DEBUG:colcon.colcon_core.package_identification:Package 'src/rr_display' with type 'ros.ament_python' and name 'rr_display'
[0.634s] Level 1:colcon.colcon_core.package_identification:_identify(src/rr_msgs) by extensions ['ignore', 'ignore_ament_install']
[0.634s] Level 1:colcon.colcon_core.package_identification:_identify(src/rr_msgs) by extension 'ignore'
[0.634s] Level 1:colcon.colcon_core.package_identification:_identify(src/rr_msgs) by extension 'ignore_ament_install'
[0.634s] Level 1:colcon.colcon_core.package_identification:_identify(src/rr_msgs) by extensions ['colcon_pkg']
[0.634s] Level 1:colcon.colcon_core.package_identification:_identify(src/rr_msgs) by extension 'colcon_pkg'
[0.634s] Level 1:colcon.colcon_core.package_identification:_identify(src/rr_msgs) by extensions ['colcon_meta']
[0.634s] Level 1:colcon.colcon_core.package_identification:_identify(src/rr_msgs) by extension 'colcon_meta'
[0.634s] Level 1:colcon.colcon_core.package_identification:_identify(src/rr_msgs) by extensions ['ros']
[0.635s] Level 1:colcon.colcon_core.package_identification:_identify(src/rr_msgs) by extension 'ros'
[0.636s] DEBUG:colcon.colcon_core.package_identification:Package 'src/rr_msgs' with type 'ros.ament_cmake' and name 'rr_msgs'
[0.636s] Level 1:colcon.colcon_core.package_identification:_identify(src/rr_velocity) by extensions ['ignore', 'ignore_ament_install']
[0.636s] Level 1:colcon.colcon_core.package_identification:_identify(src/rr_velocity) by extension 'ignore'
[0.636s] Level 1:colcon.colcon_core.package_identification:_identify(src/rr_velocity) by extension 'ignore_ament_install'
[0.636s] Level 1:colcon.colcon_core.package_identification:_identify(src/rr_velocity) by extensions ['colcon_pkg']
[0.637s] Level 1:colcon.colcon_core.package_identification:_identify(src/rr_velocity) by extension 'colcon_pkg'
[0.637s] Level 1:colcon.colcon_core.package_identification:_identify(src/rr_velocity) by extensions ['colcon_meta']
[0.637s] Level 1:colcon.colcon_core.package_identification:_identify(src/rr_velocity) by extension 'colcon_meta'
[0.637s] Level 1:colcon.colcon_core.package_identification:_identify(src/rr_velocity) by extensions ['ros']
[0.637s] Level 1:colcon.colcon_core.package_identification:_identify(src/rr_velocity) by extension 'ros'
[0.638s] DEBUG:colcon.colcon_core.package_identification:Package 'src/rr_velocity' with type 'ros.ament_python' and name 'rr_velocity'
[0.638s] Level 1:colcon.colcon_core.package_discovery:discover_packages(recursive) using defaults
[0.638s] Level 1:colcon.colcon_core.package_discovery:discover_packages(ignore) discover
[0.638s] Level 1:colcon.colcon_core.package_discovery:discover_packages(ignore) using defaults
[0.638s] Level 1:colcon.colcon_core.package_discovery:discover_packages(path) discover
[0.638s] Level 1:colcon.colcon_core.package_discovery:discover_packages(path) using defaults
[0.707s] Level 1:colcon.colcon_core.package_discovery:discover_packages(prefix_path) check parameters
[0.708s] Level 1:colcon.colcon_core.package_discovery:discover_packages(prefix_path) discover
[0.712s] DEBUG:colcon.colcon_installed_package_information.package_discovery:Found 4 installed packages in /home/orin/RogueRover/RR_ws/install
[0.714s] DEBUG:colcon.colcon_installed_package_information.package_discovery:Found 271 installed packages in /opt/ros/humble
[0.717s] Level 1:colcon.colcon_core.package_discovery:discover_packages(prefix_path) using defaults
[0.792s] Level 5:colcon.colcon_core.verb:set package 'rr_description' build argument 'cmake_args' from command line to 'None'
[0.792s] Level 5:colcon.colcon_core.verb:set package 'rr_description' build argument 'cmake_target' from command line to 'None'
[0.792s] Level 5:colcon.colcon_core.verb:set package 'rr_description' build argument 'cmake_target_skip_unavailable' from command line to 'False'
[0.792s] Level 5:colcon.colcon_core.verb:set package 'rr_description' build argument 'cmake_clean_cache' from command line to 'False'
[0.792s] Level 5:colcon.colcon_core.verb:set package 'rr_description' build argument 'cmake_clean_first' from command line to 'False'
[0.793s] Level 5:colcon.colcon_core.verb:set package 'rr_description' build argument 'cmake_force_configure' from command line to 'False'
[0.793s] Level 5:colcon.colcon_core.verb:set package 'rr_description' build argument 'ament_cmake_args' from command line to 'None'
[0.793s] Level 5:colcon.colcon_core.verb:set package 'rr_description' build argument 'catkin_cmake_args' from command line to 'None'
[0.793s] Level 5:colcon.colcon_core.verb:set package 'rr_description' build argument 'catkin_skip_building_tests' from command line to 'False'
[0.793s] DEBUG:colcon.colcon_core.verb:Building package 'rr_description' with the following arguments: {'ament_cmake_args': None, 'build_base': '/home/orin/RogueRover/RR_ws/build/rr_description', 'catkin_cmake_args': None, 'catkin_skip_building_tests': False, 'cmake_args': None, 'cmake_clean_cache': False, 'cmake_clean_first': False, 'cmake_force_configure': False, 'cmake_target': None, 'cmake_target_skip_unavailable': False, 'install_base': '/home/orin/RogueRover/RR_ws/install/rr_description', 'merge_install': False, 'path': '/home/orin/RogueRover/RR_ws/src/rr_description', 'symlink_install': True, 'test_result_base': None}
[0.793s] Level 5:colcon.colcon_core.verb:set package 'rr_display' build argument 'cmake_args' from command line to 'None'
[0.794s] Level 5:colcon.colcon_core.verb:set package 'rr_display' build argument 'cmake_target' from command line to 'None'
[0.794s] Level 5:colcon.colcon_core.verb:set package 'rr_display' build argument 'cmake_target_skip_unavailable' from command line to 'False'
[0.794s] Level 5:colcon.colcon_core.verb:set package 'rr_display' build argument 'cmake_clean_cache' from command line to 'False'
[0.794s] Level 5:colcon.colcon_core.verb:set package 'rr_display' build argument 'cmake_clean_first' from command line to 'False'
[0.794s] Level 5:colcon.colcon_core.verb:set package 'rr_display' build argument 'cmake_force_configure' from command line to 'False'
[0.794s] Level 5:colcon.colcon_core.verb:set package 'rr_display' build argument 'ament_cmake_args' from command line to 'None'
[0.794s] Level 5:colcon.colcon_core.verb:set package 'rr_display' build argument 'catkin_cmake_args' from command line to 'None'
[0.794s] Level 5:colcon.colcon_core.verb:set package 'rr_display' build argument 'catkin_skip_building_tests' from command line to 'False'
[0.794s] DEBUG:colcon.colcon_core.verb:Building package 'rr_display' with the following arguments: {'ament_cmake_args': None, 'build_base': '/home/orin/RogueRover/RR_ws/build/rr_display', 'catkin_cmake_args': None, 'catkin_skip_building_tests': False, 'cmake_args': None, 'cmake_clean_cache': False, 'cmake_clean_first': False, 'cmake_force_configure': False, 'cmake_target': None, 'cmake_target_skip_unavailable': False, 'install_base': '/home/orin/RogueRover/RR_ws/install/rr_display', 'merge_install': False, 'path': '/home/orin/RogueRover/RR_ws/src/rr_display', 'symlink_install': True, 'test_result_base': None}
[0.795s] Level 5:colcon.colcon_core.verb:set package 'rr_msgs' build argument 'cmake_args' from command line to 'None'
[0.795s] Level 5:colcon.colcon_core.verb:set package 'rr_msgs' build argument 'cmake_target' from command line to 'None'
[0.795s] Level 5:colcon.colcon_core.verb:set package 'rr_msgs' build argument 'cmake_target_skip_unavailable' from command line to 'False'
[0.795s] Level 5:colcon.colcon_core.verb:set package 'rr_msgs' build argument 'cmake_clean_cache' from command line to 'False'
[0.795s] Level 5:colcon.colcon_core.verb:set package 'rr_msgs' build argument 'cmake_clean_first' from command line to 'False'
[0.795s] Level 5:colcon.colcon_core.verb:set package 'rr_msgs' build argument 'cmake_force_configure' from command line to 'False'
[0.795s] Level 5:colcon.colcon_core.verb:set package 'rr_msgs' build argument 'ament_cmake_args' from command line to 'None'
[0.795s] Level 5:colcon.colcon_core.verb:set package 'rr_msgs' build argument 'catkin_cmake_args' from command line to 'None'
[0.795s] Level 5:colcon.colcon_core.verb:set package 'rr_msgs' build argument 'catkin_skip_building_tests' from command line to 'False'
[0.795s] DEBUG:colcon.colcon_core.verb:Building package 'rr_msgs' with the following arguments: {'ament_cmake_args': None, 'build_base': '/home/orin/RogueRover/RR_ws/build/rr_msgs', 'catkin_cmake_args': None, 'catkin_skip_building_tests': False, 'cmake_args': None, 'cmake_clean_cache': False, 'cmake_clean_first': False, 'cmake_force_configure': False, 'cmake_target': None, 'cmake_target_skip_unavailable': False, 'install_base': '/home/orin/RogueRover/RR_ws/install/rr_msgs', 'merge_install': False, 'path': '/home/orin/RogueRover/RR_ws/src/rr_msgs', 'symlink_install': True, 'test_result_base': None}
[0.796s] Level 5:colcon.colcon_core.verb:set package 'rr_velocity' build argument 'cmake_args' from command line to 'None'
[0.796s] Level 5:colcon.colcon_core.verb:set package 'rr_velocity' build argument 'cmake_target' from command line to 'None'
[0.796s] Level 5:colcon.colcon_core.verb:set package 'rr_velocity' build argument 'cmake_target_skip_unavailable' from command line to 'False'
[0.796s] Level 5:colcon.colcon_core.verb:set package 'rr_velocity' build argument 'cmake_clean_cache' from command line to 'False'
[0.796s] Level 5:colcon.colcon_core.verb:set package 'rr_velocity' build argument 'cmake_clean_first' from command line to 'False'
[0.796s] Level 5:colcon.colcon_core.verb:set package 'rr_velocity' build argument 'cmake_force_configure' from command line to 'False'
[0.796s] Level 5:colcon.colcon_core.verb:set package 'rr_velocity' build argument 'ament_cmake_args' from command line to 'None'
[0.796s] Level 5:colcon.colcon_core.verb:set package 'rr_velocity' build argument 'catkin_cmake_args' from command line to 'None'
[0.796s] Level 5:colcon.colcon_core.verb:set package 'rr_velocity' build argument 'catkin_skip_building_tests' from command line to 'False'
[0.796s] DEBUG:colcon.colcon_core.verb:Building package 'rr_velocity' with the following arguments: {'ament_cmake_args': None, 'build_base': '/home/orin/RogueRover/RR_ws/build/rr_velocity', 'catkin_cmake_args': None, 'catkin_skip_building_tests': False, 'cmake_args': None, 'cmake_clean_cache': False, 'cmake_clean_first': False, 'cmake_force_configure': False, 'cmake_target': None, 'cmake_target_skip_unavailable': False, 'install_base': '/home/orin/RogueRover/RR_ws/install/rr_velocity', 'merge_install': False, 'path': '/home/orin/RogueRover/RR_ws/src/rr_velocity', 'symlink_install': True, 'test_result_base': None}
[0.796s] INFO:colcon.colcon_core.executor:Executing jobs using 'parallel' executor
[0.798s] DEBUG:colcon.colcon_parallel_executor.executor.parallel:run_until_complete
[0.799s] INFO:colcon.colcon_ros.task.ament_cmake.build:Building ROS package in '/home/orin/RogueRover/RR_ws/src/rr_msgs' with build type 'ament_cmake'
[0.799s] INFO:colcon.colcon_cmake.task.cmake.build:Building CMake package in '/home/orin/RogueRover/RR_ws/src/rr_msgs'
[0.804s] INFO:colcon.colcon_core.plugin_system:Skipping extension 'colcon_core.shell.bat': Not used on non-Windows systems
[0.804s] INFO:colcon.colcon_core.shell:Skip shell extension 'powershell' for command environment: Not usable outside of PowerShell
[0.804s] DEBUG:colcon.colcon_core.shell:Skip shell extension 'dsv' for command environment
[0.811s] INFO:colcon.colcon_ros.task.ament_python.build:Building ROS package in '/home/orin/RogueRover/RR_ws/src/rr_description' with build type 'ament_python'
[0.811s] Level 1:colcon.colcon_core.shell:create_environment_hook('rr_description', 'ament_prefix_path')
[0.812s] INFO:colcon.colcon_core.shell:Creating environment hook '/home/orin/RogueRover/RR_ws/install/rr_description/share/rr_description/hook/ament_prefix_path.ps1'
[0.813s] INFO:colcon.colcon_core.shell:Creating environment descriptor '/home/orin/RogueRover/RR_ws/install/rr_description/share/rr_description/hook/ament_prefix_path.dsv'
[0.814s] INFO:colcon.colcon_core.shell:Creating environment hook '/home/orin/RogueRover/RR_ws/install/rr_description/share/rr_description/hook/ament_prefix_path.sh'
[0.816s] INFO:colcon.colcon_core.shell:Skip shell extension 'powershell' for command environment: Not usable outside of PowerShell
[0.816s] DEBUG:colcon.colcon_core.shell:Skip shell extension 'dsv' for command environment
[0.821s] INFO:colcon.colcon_ros.task.ament_python.build:Building ROS package in '/home/orin/RogueRover/RR_ws/src/rr_display' with build type 'ament_python'
[0.821s] Level 1:colcon.colcon_core.shell:create_environment_hook('rr_display', 'ament_prefix_path')
[0.822s] INFO:colcon.colcon_core.shell:Creating environment hook '/home/orin/RogueRover/RR_ws/install/rr_display/share/rr_display/hook/ament_prefix_path.ps1'
[0.823s] INFO:colcon.colcon_core.shell:Creating environment descriptor '/home/orin/RogueRover/RR_ws/install/rr_display/share/rr_display/hook/ament_prefix_path.dsv'
[0.824s] INFO:colcon.colcon_core.shell:Creating environment hook '/home/orin/RogueRover/RR_ws/install/rr_display/share/rr_display/hook/ament_prefix_path.sh'
[0.825s] INFO:colcon.colcon_core.shell:Skip shell extension 'powershell' for command environment: Not usable outside of PowerShell
[0.825s] DEBUG:colcon.colcon_core.shell:Skip shell extension 'dsv' for command environment
[0.837s] DEBUG:colcon.colcon_core.event_handler.log_command:Invoking command in '/home/orin/RogueRover/RR_ws/build/rr_msgs': CMAKE_PREFIX_PATH=${CMAKE_PREFIX_PATH}:/home/orin/RogueRover/RR_ws/install/rr_display:/home/orin/RogueRover/RR_ws/install/rr_velocity:/home/orin/RogueRover/RR_ws/install/rr_description:/opt/ros/humble /usr/bin/cmake --build /home/orin/RogueRover/RR_ws/build/rr_msgs -- -j6 -l6
[1.417s] INFO:colcon.colcon_core.task.python.build:Building Python package in '/home/orin/RogueRover/RR_ws/src/rr_description'
[1.418s] INFO:colcon.colcon_core.shell:Skip shell extension 'powershell' for command environment: Not usable outside of PowerShell
[1.418s] DEBUG:colcon.colcon_core.shell:Skip shell extension 'dsv' for command environment
[1.995s] INFO:colcon.colcon_core.task.python.build:Building Python package in '/home/orin/RogueRover/RR_ws/src/rr_display'
[1.996s] INFO:colcon.colcon_core.shell:Skip shell extension 'powershell' for command environment: Not usable outside of PowerShell
[1.996s] DEBUG:colcon.colcon_core.shell:Skip shell extension 'dsv' for command environment
[2.018s] DEBUG:colcon.colcon_core.event_handler.log_command:Invoked command in '/home/orin/RogueRover/RR_ws/build/rr_msgs' returned '0': CMAKE_PREFIX_PATH=${CMAKE_PREFIX_PATH}:/home/orin/RogueRover/RR_ws/install/rr_display:/home/orin/RogueRover/RR_ws/install/rr_velocity:/home/orin/RogueRover/RR_ws/install/rr_description:/opt/ros/humble /usr/bin/cmake --build /home/orin/RogueRover/RR_ws/build/rr_msgs -- -j6 -l6
[2.333s] DEBUG:colcon.colcon_core.event_handler.log_command:Invoking command in '/home/orin/RogueRover/RR_ws/build/rr_msgs': CMAKE_PREFIX_PATH=${CMAKE_PREFIX_PATH}:/home/orin/RogueRover/RR_ws/install/rr_display:/home/orin/RogueRover/RR_ws/install/rr_velocity:/home/orin/RogueRover/RR_ws/install/rr_description:/opt/ros/humble /usr/bin/cmake --install /home/orin/RogueRover/RR_ws/build/rr_msgs
[2.509s] Level 1:colcon.colcon_core.environment:create_environment_scripts_only(rr_msgs)
[2.510s] DEBUG:colcon.colcon_core.event_handler.log_command:Invoked command in '/home/orin/RogueRover/RR_ws/build/rr_msgs' returned '0': CMAKE_PREFIX_PATH=${CMAKE_PREFIX_PATH}:/home/orin/RogueRover/RR_ws/install/rr_display:/home/orin/RogueRover/RR_ws/install/rr_velocity:/home/orin/RogueRover/RR_ws/install/rr_description:/opt/ros/humble /usr/bin/cmake --install /home/orin/RogueRover/RR_ws/build/rr_msgs
[2.515s] Level 1:colcon.colcon_core.environment:checking '/home/orin/RogueRover/RR_ws/install/rr_msgs' for CMake module files
[2.516s] Level 1:colcon.colcon_core.environment:checking '/home/orin/RogueRover/RR_ws/install/rr_msgs' for CMake config files
[2.517s] Level 1:colcon.colcon_core.shell:create_environment_hook('rr_msgs', 'cmake_prefix_path')
[2.518s] INFO:colcon.colcon_core.shell:Creating environment hook '/home/orin/RogueRover/RR_ws/install/rr_msgs/share/rr_msgs/hook/cmake_prefix_path.ps1'
[2.519s] INFO:colcon.colcon_core.shell:Creating environment descriptor '/home/orin/RogueRover/RR_ws/install/rr_msgs/share/rr_msgs/hook/cmake_prefix_path.dsv'
[2.520s] INFO:colcon.colcon_core.shell:Creating environment hook '/home/orin/RogueRover/RR_ws/install/rr_msgs/share/rr_msgs/hook/cmake_prefix_path.sh'
[2.521s] Level 1:colcon.colcon_core.environment:checking '/home/orin/RogueRover/RR_ws/install/rr_msgs/lib'
[2.522s] Level 1:colcon.colcon_core.shell:create_environment_hook('rr_msgs', 'ld_library_path_lib')
[2.522s] INFO:colcon.colcon_core.shell:Creating environment hook '/home/orin/RogueRover/RR_ws/install/rr_msgs/share/rr_msgs/hook/ld_library_path_lib.ps1'
[2.523s] INFO:colcon.colcon_core.shell:Creating environment descriptor '/home/orin/RogueRover/RR_ws/install/rr_msgs/share/rr_msgs/hook/ld_library_path_lib.dsv'
[2.524s] INFO:colcon.colcon_core.shell:Creating environment hook '/home/orin/RogueRover/RR_ws/install/rr_msgs/share/rr_msgs/hook/ld_library_path_lib.sh'
[2.524s] Level 1:colcon.colcon_core.environment:checking '/home/orin/RogueRover/RR_ws/install/rr_msgs/bin'
[2.525s] Level 1:colcon.colcon_core.environment:checking '/home/orin/RogueRover/RR_ws/install/rr_msgs/lib/pkgconfig/rr_msgs.pc'
[2.525s] Level 1:colcon.colcon_core.environment:checking '/home/orin/RogueRover/RR_ws/install/rr_msgs/lib/python3.10/site-packages'
[2.525s] Level 1:colcon.colcon_core.environment:checking '/home/orin/RogueRover/RR_ws/install/rr_msgs/bin'
[2.526s] INFO:colcon.colcon_core.shell:Creating package script '/home/orin/RogueRover/RR_ws/install/rr_msgs/share/rr_msgs/package.ps1'
[2.528s] INFO:colcon.colcon_core.shell:Creating package descriptor '/home/orin/RogueRover/RR_ws/install/rr_msgs/share/rr_msgs/package.dsv'
[2.529s] INFO:colcon.colcon_core.shell:Creating package script '/home/orin/RogueRover/RR_ws/install/rr_msgs/share/rr_msgs/package.sh'
[2.531s] INFO:colcon.colcon_core.shell:Creating package script '/home/orin/RogueRover/RR_ws/install/rr_msgs/share/rr_msgs/package.bash'
[2.532s] INFO:colcon.colcon_core.shell:Creating package script '/home/orin/RogueRover/RR_ws/install/rr_msgs/share/rr_msgs/package.zsh'
[2.533s] Level 1:colcon.colcon_core.environment:create_file_with_runtime_dependencies(/home/orin/RogueRover/RR_ws/install/rr_msgs/share/colcon-core/packages/rr_msgs)
[2.776s] DEBUG:colcon.colcon_core.event_handler.log_command:Invoking command in '/home/orin/RogueRover/RR_ws/build/rr_display': PYTHONPATH=/home/orin/RogueRover/RR_ws/build/rr_display/prefix_override:/usr/lib/python3/dist-packages/colcon_core/task/python/colcon_distutils_commands:/home/orin/RogueRover/RR_ws/install/rr_display/lib/python3.10/site-packages:${PYTHONPATH} /usr/bin/python3 -W ignore:setup.py install is deprecated setup.py develop --editable --build-directory /home/orin/RogueRover/RR_ws/build/rr_display/build --no-deps symlink_data
[2.796s] DEBUG:colcon.colcon_core.event_handler.log_command:Invoking command in '/home/orin/RogueRover/RR_ws/build/rr_description': PYTHONPATH=/home/orin/RogueRover/RR_ws/build/rr_description/prefix_override:/usr/lib/python3/dist-packages/colcon_core/task/python/colcon_distutils_commands:/home/orin/RogueRover/RR_ws/install/rr_description/lib/python3.10/site-packages:${PYTHONPATH} /usr/bin/python3 -W ignore:setup.py install is deprecated setup.py develop --editable --build-directory /home/orin/RogueRover/RR_ws/build/rr_description/build --no-deps symlink_data
[2.831s] Level 1:colcon.colcon_core.environment:create_environment_scripts_only(rr_msgs)
[2.832s] Level 1:colcon.colcon_core.environment:checking '/home/orin/RogueRover/RR_ws/install/rr_msgs' for CMake module files
[2.833s] Level 1:colcon.colcon_core.environment:checking '/home/orin/RogueRover/RR_ws/install/rr_msgs' for CMake config files
[2.834s] Level 1:colcon.colcon_core.shell:create_environment_hook('rr_msgs', 'cmake_prefix_path')
[2.835s] INFO:colcon.colcon_core.shell:Creating environment hook '/home/orin/RogueRover/RR_ws/install/rr_msgs/share/rr_msgs/hook/cmake_prefix_path.ps1'
[2.836s] INFO:colcon.colcon_core.shell:Creating environment descriptor '/home/orin/RogueRover/RR_ws/install/rr_msgs/share/rr_msgs/hook/cmake_prefix_path.dsv'
[2.837s] INFO:colcon.colcon_core.shell:Creating environment hook '/home/orin/RogueRover/RR_ws/install/rr_msgs/share/rr_msgs/hook/cmake_prefix_path.sh'
[2.838s] Level 1:colcon.colcon_core.environment:checking '/home/orin/RogueRover/RR_ws/install/rr_msgs/lib'
[2.839s] Level 1:colcon.colcon_core.shell:create_environment_hook('rr_msgs', 'ld_library_path_lib')
[2.839s] INFO:colcon.colcon_core.shell:Creating environment hook '/home/orin/RogueRover/RR_ws/install/rr_msgs/share/rr_msgs/hook/ld_library_path_lib.ps1'
[2.840s] INFO:colcon.colcon_core.shell:Creating environment descriptor '/home/orin/RogueRover/RR_ws/install/rr_msgs/share/rr_msgs/hook/ld_library_path_lib.dsv'
[2.841s] INFO:colcon.colcon_core.shell:Creating environment hook '/home/orin/RogueRover/RR_ws/install/rr_msgs/share/rr_msgs/hook/ld_library_path_lib.sh'
[2.842s] Level 1:colcon.colcon_core.environment:checking '/home/orin/RogueRover/RR_ws/install/rr_msgs/bin'
[2.842s] Level 1:colcon.colcon_core.environment:checking '/home/orin/RogueRover/RR_ws/install/rr_msgs/lib/pkgconfig/rr_msgs.pc'
[2.842s] Level 1:colcon.colcon_core.environment:checking '/home/orin/RogueRover/RR_ws/install/rr_msgs/lib/python3.10/site-packages'
[2.843s] Level 1:colcon.colcon_core.environment:checking '/home/orin/RogueRover/RR_ws/install/rr_msgs/bin'
[2.843s] INFO:colcon.colcon_core.shell:Creating package script '/home/orin/RogueRover/RR_ws/install/rr_msgs/share/rr_msgs/package.ps1'
[2.845s] INFO:colcon.colcon_core.shell:Creating package descriptor '/home/orin/RogueRover/RR_ws/install/rr_msgs/share/rr_msgs/package.dsv'
[2.846s] INFO:colcon.colcon_core.shell:Creating package script '/home/orin/RogueRover/RR_ws/install/rr_msgs/share/rr_msgs/package.sh'
[2.847s] INFO:colcon.colcon_core.shell:Creating package script '/home/orin/RogueRover/RR_ws/install/rr_msgs/share/rr_msgs/package.bash'
[2.848s] INFO:colcon.colcon_core.shell:Creating package script '/home/orin/RogueRover/RR_ws/install/rr_msgs/share/rr_msgs/package.zsh'
[2.848s] Level 1:colcon.colcon_core.environment:create_file_with_runtime_dependencies(/home/orin/RogueRover/RR_ws/install/rr_msgs/share/colcon-core/packages/rr_msgs)
[2.851s] INFO:colcon.colcon_ros.task.ament_python.build:Building ROS package in '/home/orin/RogueRover/RR_ws/src/rr_velocity' with build type 'ament_python'
[2.851s] Level 1:colcon.colcon_core.shell:create_environment_hook('rr_velocity', 'ament_prefix_path')
[2.852s] INFO:colcon.colcon_core.shell:Creating environment hook '/home/orin/RogueRover/RR_ws/install/rr_velocity/share/rr_velocity/hook/ament_prefix_path.ps1'
[2.854s] INFO:colcon.colcon_core.shell:Creating environment descriptor '/home/orin/RogueRover/RR_ws/install/rr_velocity/share/rr_velocity/hook/ament_prefix_path.dsv'
[2.855s] INFO:colcon.colcon_core.shell:Creating environment hook '/home/orin/RogueRover/RR_ws/install/rr_velocity/share/rr_velocity/hook/ament_prefix_path.sh'
[2.856s] INFO:colcon.colcon_core.shell:Skip shell extension 'powershell' for command environment: Not usable outside of PowerShell
[2.857s] DEBUG:colcon.colcon_core.shell:Skip shell extension 'dsv' for command environment
[3.459s] INFO:colcon.colcon_core.task.python.build:Building Python package in '/home/orin/RogueRover/RR_ws/src/rr_velocity'
[3.460s] INFO:colcon.colcon_core.shell:Skip shell extension 'powershell' for command environment: Not usable outside of PowerShell
[3.460s] DEBUG:colcon.colcon_core.shell:Skip shell extension 'dsv' for command environment
[3.793s] Level 1:colcon.colcon_core.shell:create_environment_hook('rr_display', 'pythonpath_develop')
[3.794s] INFO:colcon.colcon_core.shell:Creating environment hook '/home/orin/RogueRover/RR_ws/build/rr_display/share/rr_display/hook/pythonpath_develop.ps1'
[3.794s] DEBUG:colcon.colcon_core.event_handler.log_command:Invoked command in '/home/orin/RogueRover/RR_ws/build/rr_display' returned '0': PYTHONPATH=/home/orin/RogueRover/RR_ws/build/rr_display/prefix_override:/usr/lib/python3/dist-packages/colcon_core/task/python/colcon_distutils_commands:/home/orin/RogueRover/RR_ws/install/rr_display/lib/python3.10/site-packages:${PYTHONPATH} /usr/bin/python3 -W ignore:setup.py install is deprecated setup.py develop --editable --build-directory /home/orin/RogueRover/RR_ws/build/rr_display/build --no-deps symlink_data
[3.796s] INFO:colcon.colcon_core.shell:Creating environment descriptor '/home/orin/RogueRover/RR_ws/build/rr_display/share/rr_display/hook/pythonpath_develop.dsv'
[3.797s] INFO:colcon.colcon_core.shell:Creating environment hook '/home/orin/RogueRover/RR_ws/build/rr_display/share/rr_display/hook/pythonpath_develop.sh'
[3.798s] Level 1:colcon.colcon_core.environment:checking '/home/orin/RogueRover/RR_ws/install/rr_display' for CMake module files
[3.799s] Level 1:colcon.colcon_core.environment:checking '/home/orin/RogueRover/RR_ws/install/rr_display' for CMake config files
[3.801s] Level 1:colcon.colcon_core.environment:checking '/home/orin/RogueRover/RR_ws/install/rr_display/lib'
[3.801s] Level 1:colcon.colcon_core.environment:checking '/home/orin/RogueRover/RR_ws/install/rr_display/bin'
[3.801s] Level 1:colcon.colcon_core.environment:checking '/home/orin/RogueRover/RR_ws/install/rr_display/lib/pkgconfig/rr_display.pc'
[3.802s] Level 1:colcon.colcon_core.environment:checking '/home/orin/RogueRover/RR_ws/install/rr_display/lib/python3.10/site-packages'
[3.802s] Level 1:colcon.colcon_core.shell:create_environment_hook('rr_display', 'pythonpath')
[3.802s] INFO:colcon.colcon_core.shell:Creating environment hook '/home/orin/RogueRover/RR_ws/install/rr_display/share/rr_display/hook/pythonpath.ps1'
[3.803s] INFO:colcon.colcon_core.shell:Creating environment descriptor '/home/orin/RogueRover/RR_ws/install/rr_display/share/rr_display/hook/pythonpath.dsv'
[3.804s] INFO:colcon.colcon_core.shell:Creating environment hook '/home/orin/RogueRover/RR_ws/install/rr_display/share/rr_display/hook/pythonpath.sh'
[3.806s] Level 1:colcon.colcon_core.environment:checking '/home/orin/RogueRover/RR_ws/install/rr_display/bin'
[3.806s] Level 1:colcon.colcon_core.environment:create_environment_scripts_only(rr_display)
[3.807s] INFO:colcon.colcon_core.shell:Creating package script '/home/orin/RogueRover/RR_ws/install/rr_display/share/rr_display/package.ps1'
[3.808s] INFO:colcon.colcon_core.shell:Creating package descriptor '/home/orin/RogueRover/RR_ws/install/rr_display/share/rr_display/package.dsv'
[3.809s] INFO:colcon.colcon_core.shell:Creating package script '/home/orin/RogueRover/RR_ws/install/rr_display/share/rr_display/package.sh'
[3.810s] INFO:colcon.colcon_core.shell:Creating package script '/home/orin/RogueRover/RR_ws/install/rr_display/share/rr_display/package.bash'
[3.811s] INFO:colcon.colcon_core.shell:Creating package script '/home/orin/RogueRover/RR_ws/install/rr_display/share/rr_display/package.zsh'
[3.812s] Level 1:colcon.colcon_core.environment:create_file_with_runtime_dependencies(/home/orin/RogueRover/RR_ws/install/rr_display/share/colcon-core/packages/rr_display)
[3.838s] Level 1:colcon.colcon_core.shell:create_environment_hook('rr_description', 'pythonpath_develop')
[3.839s] INFO:colcon.colcon_core.shell:Creating environment hook '/home/orin/RogueRover/RR_ws/build/rr_description/share/rr_description/hook/pythonpath_develop.ps1'
[3.840s] DEBUG:colcon.colcon_core.event_handler.log_command:Invoked command in '/home/orin/RogueRover/RR_ws/build/rr_description' returned '0': PYTHONPATH=/home/orin/RogueRover/RR_ws/build/rr_description/prefix_override:/usr/lib/python3/dist-packages/colcon_core/task/python/colcon_distutils_commands:/home/orin/RogueRover/RR_ws/install/rr_description/lib/python3.10/site-packages:${PYTHONPATH} /usr/bin/python3 -W ignore:setup.py install is deprecated setup.py develop --editable --build-directory /home/orin/RogueRover/RR_ws/build/rr_description/build --no-deps symlink_data
[3.842s] INFO:colcon.colcon_core.shell:Creating environment descriptor '/home/orin/RogueRover/RR_ws/build/rr_description/share/rr_description/hook/pythonpath_develop.dsv'
[3.843s] INFO:colcon.colcon_core.shell:Creating environment hook '/home/orin/RogueRover/RR_ws/build/rr_description/share/rr_description/hook/pythonpath_develop.sh'
[3.845s] Level 1:colcon.colcon_core.environment:checking '/home/orin/RogueRover/RR_ws/install/rr_description' for CMake module files
[3.847s] Level 1:colcon.colcon_core.environment:checking '/home/orin/RogueRover/RR_ws/install/rr_description' for CMake config files
[3.848s] Level 1:colcon.colcon_core.environment:checking '/home/orin/RogueRover/RR_ws/install/rr_description/lib'
[3.849s] Level 1:colcon.colcon_core.environment:checking '/home/orin/RogueRover/RR_ws/install/rr_description/bin'
[3.849s] Level 1:colcon.colcon_core.environment:checking '/home/orin/RogueRover/RR_ws/install/rr_description/lib/pkgconfig/rr_description.pc'
[3.850s] Level 1:colcon.colcon_core.environment:checking '/home/orin/RogueRover/RR_ws/install/rr_description/lib/python3.10/site-packages'
[3.850s] Level 1:colcon.colcon_core.shell:create_environment_hook('rr_description', 'pythonpath')
[3.851s] INFO:colcon.colcon_core.shell:Creating environment hook '/home/orin/RogueRover/RR_ws/install/rr_description/share/rr_description/hook/pythonpath.ps1'
[3.852s] INFO:colcon.colcon_core.shell:Creating environment descriptor '/home/orin/RogueRover/RR_ws/install/rr_description/share/rr_description/hook/pythonpath.dsv'
[3.853s] INFO:colcon.colcon_core.shell:Creating environment hook '/home/orin/RogueRover/RR_ws/install/rr_description/share/rr_description/hook/pythonpath.sh'
[3.855s] Level 1:colcon.colcon_core.environment:checking '/home/orin/RogueRover/RR_ws/install/rr_description/bin'
[3.856s] Level 1:colcon.colcon_core.environment:create_environment_scripts_only(rr_description)
[3.857s] INFO:colcon.colcon_core.shell:Creating package script '/home/orin/RogueRover/RR_ws/install/rr_description/share/rr_description/package.ps1'
[3.859s] INFO:colcon.colcon_core.shell:Creating package descriptor '/home/orin/RogueRover/RR_ws/install/rr_description/share/rr_description/package.dsv'
[3.861s] INFO:colcon.colcon_core.shell:Creating package script '/home/orin/RogueRover/RR_ws/install/rr_description/share/rr_description/package.sh'
[3.863s] INFO:colcon.colcon_core.shell:Creating package script '/home/orin/RogueRover/RR_ws/install/rr_description/share/rr_description/package.bash'
[3.864s] INFO:colcon.colcon_core.shell:Creating package script '/home/orin/RogueRover/RR_ws/install/rr_description/share/rr_description/package.zsh'
[3.865s] Level 1:colcon.colcon_core.environment:create_file_with_runtime_dependencies(/home/orin/RogueRover/RR_ws/install/rr_description/share/colcon-core/packages/rr_description)
[4.223s] DEBUG:colcon.colcon_core.event_handler.log_command:Invoking command in '/home/orin/RogueRover/RR_ws/build/rr_velocity': LD_LIBRARY_PATH=/home/orin/RogueRover/RR_ws/install/rr_msgs/lib:/opt/ros/humble/opt/rviz_ogre_vendor/lib:/opt/ros/humble/lib/aarch64-linux-gnu:/opt/ros/humble/lib:/usr/local/cuda-12.6/lib64 PYTHONPATH=/home/orin/RogueRover/RR_ws/build/rr_velocity/prefix_override:/usr/lib/python3/dist-packages/colcon_core/task/python/colcon_distutils_commands:/home/orin/RogueRover/RR_ws/install/rr_velocity/lib/python3.10/site-packages:${PYTHONPATH} /usr/bin/python3 -W ignore:setup.py install is deprecated setup.py develop --editable --build-directory /home/orin/RogueRover/RR_ws/build/rr_velocity/build --no-deps symlink_data
[5.215s] Level 1:colcon.colcon_core.shell:create_environment_hook('rr_velocity', 'pythonpath_develop')
[5.216s] INFO:colcon.colcon_core.shell:Creating environment hook '/home/orin/RogueRover/RR_ws/build/rr_velocity/share/rr_velocity/hook/pythonpath_develop.ps1'
[5.218s] DEBUG:colcon.colcon_core.event_handler.log_command:Invoked command in '/home/orin/RogueRover/RR_ws/build/rr_velocity' returned '0': LD_LIBRARY_PATH=/home/orin/RogueRover/RR_ws/install/rr_msgs/lib:/opt/ros/humble/opt/rviz_ogre_vendor/lib:/opt/ros/humble/lib/aarch64-linux-gnu:/opt/ros/humble/lib:/usr/local/cuda-12.6/lib64 PYTHONPATH=/home/orin/RogueRover/RR_ws/build/rr_velocity/prefix_override:/usr/lib/python3/dist-packages/colcon_core/task/python/colcon_distutils_commands:/home/orin/RogueRover/RR_ws/install/rr_velocity/lib/python3.10/site-packages:${PYTHONPATH} /usr/bin/python3 -W ignore:setup.py install is deprecated setup.py develop --editable --build-directory /home/orin/RogueRover/RR_ws/build/rr_velocity/build --no-deps symlink_data
[5.220s] INFO:colcon.colcon_core.shell:Creating environment descriptor '/home/orin/RogueRover/RR_ws/build/rr_velocity/share/rr_velocity/hook/pythonpath_develop.dsv'
[5.221s] INFO:colcon.colcon_core.shell:Creating environment hook '/home/orin/RogueRover/RR_ws/build/rr_velocity/share/rr_velocity/hook/pythonpath_develop.sh'
[5.224s] Level 1:colcon.colcon_core.environment:checking '/home/orin/RogueRover/RR_ws/install/rr_velocity' for CMake module files
[5.225s] Level 1:colcon.colcon_core.environment:checking '/home/orin/RogueRover/RR_ws/install/rr_velocity' for CMake config files
[5.227s] Level 1:colcon.colcon_core.environment:checking '/home/orin/RogueRover/RR_ws/install/rr_velocity/lib'
[5.227s] Level 1:colcon.colcon_core.environment:checking '/home/orin/RogueRover/RR_ws/install/rr_velocity/bin'
[5.228s] Level 1:colcon.colcon_core.environment:checking '/home/orin/RogueRover/RR_ws/install/rr_velocity/lib/pkgconfig/rr_velocity.pc'
[5.229s] Level 1:colcon.colcon_core.environment:checking '/home/orin/RogueRover/RR_ws/install/rr_velocity/lib/python3.10/site-packages'
[5.229s] Level 1:colcon.colcon_core.shell:create_environment_hook('rr_velocity', 'pythonpath')
[5.230s] INFO:colcon.colcon_core.shell:Creating environment hook '/home/orin/RogueRover/RR_ws/install/rr_velocity/share/rr_velocity/hook/pythonpath.ps1'
[5.231s] INFO:colcon.colcon_core.shell:Creating environment descriptor '/home/orin/RogueRover/RR_ws/install/rr_velocity/share/rr_velocity/hook/pythonpath.dsv'
[5.232s] INFO:colcon.colcon_core.shell:Creating environment hook '/home/orin/RogueRover/RR_ws/install/rr_velocity/share/rr_velocity/hook/pythonpath.sh'
[5.234s] Level 1:colcon.colcon_core.environment:checking '/home/orin/RogueRover/RR_ws/install/rr_velocity/bin'
[5.235s] Level 1:colcon.colcon_core.environment:create_environment_scripts_only(rr_velocity)
[5.236s] INFO:colcon.colcon_core.shell:Creating package script '/home/orin/RogueRover/RR_ws/install/rr_velocity/share/rr_velocity/package.ps1'
[5.238s] INFO:colcon.colcon_core.shell:Creating package descriptor '/home/orin/RogueRover/RR_ws/install/rr_velocity/share/rr_velocity/package.dsv'
[5.240s] INFO:colcon.colcon_core.shell:Creating package script '/home/orin/RogueRover/RR_ws/install/rr_velocity/share/rr_velocity/package.sh'
[5.241s] INFO:colcon.colcon_core.shell:Creating package script '/home/orin/RogueRover/RR_ws/install/rr_velocity/share/rr_velocity/package.bash'
[5.243s] INFO:colcon.colcon_core.shell:Creating package script '/home/orin/RogueRover/RR_ws/install/rr_velocity/share/rr_velocity/package.zsh'
[5.244s] Level 1:colcon.colcon_core.environment:create_file_with_runtime_dependencies(/home/orin/RogueRover/RR_ws/install/rr_velocity/share/colcon-core/packages/rr_velocity)
[5.245s] DEBUG:colcon.colcon_parallel_executor.executor.parallel:closing loop
[5.246s] DEBUG:colcon.colcon_parallel_executor.executor.parallel:loop closed
[5.246s] DEBUG:colcon.colcon_parallel_executor.executor.parallel:run_until_complete finished with '0'
[5.247s] DEBUG:colcon.colcon_core.event_reactor:joining thread
[5.266s] INFO:colcon.colcon_core.plugin_system:Skipping extension 'colcon_notification.desktop_notification.terminal_notifier': Not used on non-Darwin systems
[5.267s] INFO:colcon.colcon_core.plugin_system:Skipping extension 'colcon_notification.desktop_notification.win32': Not used on non-Windows systems
[5.267s] INFO:colcon.colcon_notification.desktop_notification:Sending desktop notification using 'notify2'
[5.306s] DEBUG:colcon.colcon_core.event_reactor:joined thread
[5.307s] INFO:colcon.colcon_core.shell:Creating prefix script '/home/orin/RogueRover/RR_ws/install/local_setup.ps1'
[5.311s] INFO:colcon.colcon_core.shell:Creating prefix util module '/home/orin/RogueRover/RR_ws/install/_local_setup_util_ps1.py'
[5.317s] INFO:colcon.colcon_core.shell:Creating prefix chain script '/home/orin/RogueRover/RR_ws/install/setup.ps1'
[5.319s] INFO:colcon.colcon_core.shell:Creating prefix script '/home/orin/RogueRover/RR_ws/install/local_setup.sh'
[5.320s] INFO:colcon.colcon_core.shell:Creating prefix util module '/home/orin/RogueRover/RR_ws/install/_local_setup_util_sh.py'
[5.322s] INFO:colcon.colcon_core.shell:Creating prefix chain script '/home/orin/RogueRover/RR_ws/install/setup.sh'
[5.325s] INFO:colcon.colcon_core.shell:Creating prefix script '/home/orin/RogueRover/RR_ws/install/local_setup.bash'
[5.326s] INFO:colcon.colcon_core.shell:Creating prefix chain script '/home/orin/RogueRover/RR_ws/install/setup.bash'
[5.329s] INFO:colcon.colcon_core.shell:Creating prefix script '/home/orin/RogueRover/RR_ws/install/local_setup.zsh'
[5.330s] INFO:colcon.colcon_core.shell:Creating prefix chain script '/home/orin/RogueRover/RR_ws/install/setup.zsh'
