[0.216s] DEBUG:colcon:Command line arguments: ['/usr/bin/colcon', 'build', '--symlink-install', '--cmake-clean-cache']
[0.216s] DEBUG:colcon:Parsed command line arguments: Namespace(log_base=None, log_level=None, verb_name='build', build_base='build', install_base='install', merge_install=False, symlink_install=True, test_result_base=None, continue_on_error=False, executor='parallel', parallel_workers=6, event_handlers=None, ignore_user_meta=False, metas=['./colcon.meta'], base_paths=['.'], packages_ignore=None, packages_ignore_regex=None, paths=None, packages_up_to=None, packages_up_to_regex=None, packages_above=None, packages_above_and_dependencies=None, packages_above_depth=None, packages_select_by_dep=None, packages_skip_by_dep=None, packages_skip_up_to=None, packages_select_build_failed=False, packages_skip_build_finished=False, packages_select_test_failures=False, packages_skip_test_passed=False, packages_select=None, packages_skip=None, packages_select_regex=None, packages_skip_regex=None, packages_start=None, packages_end=None, allow_overriding=[], cmake_args=None, cmake_target=None, cmake_target_skip_unavailable=False, cmake_clean_cache=True, cmake_clean_first=False, cmake_force_configure=False, ament_cmake_args=None, catkin_cmake_args=None, catkin_skip_building_tests=False, verb_parser=<colcon_defaults.argument_parser.defaults.DefaultArgumentsDecorator object at 0xffffa242c580>, verb_extension=<colcon_core.verb.build.BuildVerb object at 0xffffa242c100>, main=<bound method BuildVerb.main of <colcon_core.verb.build.BuildVerb object at 0xffffa242c100>>)
[0.574s] Level 1:colcon.colcon_core.package_discovery:discover_packages(colcon_meta) check parameters
[0.574s] Level 1:colcon.colcon_core.package_discovery:discover_packages(recursive) check parameters
[0.574s] Level 1:colcon.colcon_core.package_discovery:discover_packages(ignore) check parameters
[0.574s] Level 1:colcon.colcon_core.package_discovery:discover_packages(path) check parameters
[0.574s] Level 1:colcon.colcon_core.package_discovery:discover_packages(colcon_meta) discover
[0.574s] Level 1:colcon.colcon_core.package_discovery:discover_packages(recursive) discover
[0.575s] INFO:colcon.colcon_core.package_discovery:Crawling recursively for packages in '/home/orin/RogueRover/RR_ws'
[0.575s] Level 1:colcon.colcon_core.package_identification:_identify(.) by extensions ['ignore', 'ignore_ament_install']
[0.575s] Level 1:colcon.colcon_core.package_identification:_identify(.) by extension 'ignore'
[0.575s] Level 1:colcon.colcon_core.package_identification:_identify(.) by extension 'ignore_ament_install'
[0.575s] Level 1:colcon.colcon_core.package_identification:_identify(.) by extensions ['colcon_pkg']
[0.575s] Level 1:colcon.colcon_core.package_identification:_identify(.) by extension 'colcon_pkg'
[0.575s] Level 1:colcon.colcon_core.package_identification:_identify(.) by extensions ['colcon_meta']
[0.575s] Level 1:colcon.colcon_core.package_identification:_identify(.) by extension 'colcon_meta'
[0.576s] Level 1:colcon.colcon_core.package_identification:_identify(.) by extensions ['ros']
[0.576s] Level 1:colcon.colcon_core.package_identification:_identify(.) by extension 'ros'
[0.598s] Level 1:colcon.colcon_core.package_identification:_identify(.) by extensions ['cmake', 'python']
[0.598s] Level 1:colcon.colcon_core.package_identification:_identify(.) by extension 'cmake'
[0.598s] Level 1:colcon.colcon_core.package_identification:_identify(.) by extension 'python'
[0.598s] Level 1:colcon.colcon_core.package_identification:_identify(.) by extensions ['python_setup_py']
[0.598s] Level 1:colcon.colcon_core.package_identification:_identify(.) by extension 'python_setup_py'
[0.598s] Level 1:colcon.colcon_core.package_identification:_identify(Rosmaster_Lib.egg-info) by extensions ['ignore', 'ignore_ament_install']
[0.599s] Level 1:colcon.colcon_core.package_identification:_identify(Rosmaster_Lib.egg-info) by extension 'ignore'
[0.599s] Level 1:colcon.colcon_core.package_identification:_identify(Rosmaster_Lib.egg-info) by extension 'ignore_ament_install'
[0.599s] Level 1:colcon.colcon_core.package_identification:_identify(Rosmaster_Lib.egg-info) by extensions ['colcon_pkg']
[0.599s] Level 1:colcon.colcon_core.package_identification:_identify(Rosmaster_Lib.egg-info) by extension 'colcon_pkg'
[0.599s] Level 1:colcon.colcon_core.package_identification:_identify(Rosmaster_Lib.egg-info) by extensions ['colcon_meta']
[0.599s] Level 1:colcon.colcon_core.package_identification:_identify(Rosmaster_Lib.egg-info) by extension 'colcon_meta'
[0.599s] Level 1:colcon.colcon_core.package_identification:_identify(Rosmaster_Lib.egg-info) by extensions ['ros']
[0.599s] Level 1:colcon.colcon_core.package_identification:_identify(Rosmaster_Lib.egg-info) by extension 'ros'
[0.599s] Level 1:colcon.colcon_core.package_identification:_identify(Rosmaster_Lib.egg-info) by extensions ['cmake', 'python']
[0.600s] Level 1:colcon.colcon_core.package_identification:_identify(Rosmaster_Lib.egg-info) by extension 'cmake'
[0.600s] Level 1:colcon.colcon_core.package_identification:_identify(Rosmaster_Lib.egg-info) by extension 'python'
[0.600s] Level 1:colcon.colcon_core.package_identification:_identify(Rosmaster_Lib.egg-info) by extensions ['python_setup_py']
[0.600s] Level 1:colcon.colcon_core.package_identification:_identify(Rosmaster_Lib.egg-info) by extension 'python_setup_py'
[0.600s] Level 1:colcon.colcon_core.package_identification:_identify(build) by extensions ['ignore', 'ignore_ament_install']
[0.600s] Level 1:colcon.colcon_core.package_identification:_identify(build) by extension 'ignore'
[0.600s] Level 1:colcon.colcon_core.package_identification:_identify(build) ignored
[0.600s] Level 1:colcon.colcon_core.package_identification:_identify(dist) by extensions ['ignore', 'ignore_ament_install']
[0.601s] Level 1:colcon.colcon_core.package_identification:_identify(dist) by extension 'ignore'
[0.601s] Level 1:colcon.colcon_core.package_identification:_identify(dist) by extension 'ignore_ament_install'
[0.601s] Level 1:colcon.colcon_core.package_identification:_identify(dist) by extensions ['colcon_pkg']
[0.601s] Level 1:colcon.colcon_core.package_identification:_identify(dist) by extension 'colcon_pkg'
[0.601s] Level 1:colcon.colcon_core.package_identification:_identify(dist) by extensions ['colcon_meta']
[0.601s] Level 1:colcon.colcon_core.package_identification:_identify(dist) by extension 'colcon_meta'
[0.601s] Level 1:colcon.colcon_core.package_identification:_identify(dist) by extensions ['ros']
[0.601s] Level 1:colcon.colcon_core.package_identification:_identify(dist) by extension 'ros'
[0.601s] Level 1:colcon.colcon_core.package_identification:_identify(dist) by extensions ['cmake', 'python']
[0.601s] Level 1:colcon.colcon_core.package_identification:_identify(dist) by extension 'cmake'
[0.602s] Level 1:colcon.colcon_core.package_identification:_identify(dist) by extension 'python'
[0.602s] Level 1:colcon.colcon_core.package_identification:_identify(dist) by extensions ['python_setup_py']
[0.602s] Level 1:colcon.colcon_core.package_identification:_identify(dist) by extension 'python_setup_py'
[0.602s] Level 1:colcon.colcon_core.package_identification:_identify(install) by extensions ['ignore', 'ignore_ament_install']
[0.602s] Level 1:colcon.colcon_core.package_identification:_identify(install) by extension 'ignore'
[0.602s] Level 1:colcon.colcon_core.package_identification:_identify(install) ignored
[0.602s] Level 1:colcon.colcon_core.package_identification:_identify(log) by extensions ['ignore', 'ignore_ament_install']
[0.603s] Level 1:colcon.colcon_core.package_identification:_identify(log) by extension 'ignore'
[0.603s] Level 1:colcon.colcon_core.package_identification:_identify(log) ignored
[0.603s] Level 1:colcon.colcon_core.package_identification:_identify(src) by extensions ['ignore', 'ignore_ament_install']
[0.603s] Level 1:colcon.colcon_core.package_identification:_identify(src) by extension 'ignore'
[0.603s] Level 1:colcon.colcon_core.package_identification:_identify(src) by extension 'ignore_ament_install'
[0.603s] Level 1:colcon.colcon_core.package_identification:_identify(src) by extensions ['colcon_pkg']
[0.603s] Level 1:colcon.colcon_core.package_identification:_identify(src) by extension 'colcon_pkg'
[0.603s] Level 1:colcon.colcon_core.package_identification:_identify(src) by extensions ['colcon_meta']
[0.603s] Level 1:colcon.colcon_core.package_identification:_identify(src) by extension 'colcon_meta'
[0.604s] Level 1:colcon.colcon_core.package_identification:_identify(src) by extensions ['ros']
[0.604s] Level 1:colcon.colcon_core.package_identification:_identify(src) by extension 'ros'
[0.604s] Level 1:colcon.colcon_core.package_identification:_identify(src) by extensions ['cmake', 'python']
[0.604s] Level 1:colcon.colcon_core.package_identification:_identify(src) by extension 'cmake'
[0.604s] Level 1:colcon.colcon_core.package_identification:_identify(src) by extension 'python'
[0.604s] Level 1:colcon.colcon_core.package_identification:_identify(src) by extensions ['python_setup_py']
[0.604s] Level 1:colcon.colcon_core.package_identification:_identify(src) by extension 'python_setup_py'
[0.604s] Level 1:colcon.colcon_core.package_identification:_identify(src/rr_description) by extensions ['ignore', 'ignore_ament_install']
[0.604s] Level 1:colcon.colcon_core.package_identification:_identify(src/rr_description) by extension 'ignore'
[0.605s] Level 1:colcon.colcon_core.package_identification:_identify(src/rr_description) by extension 'ignore_ament_install'
[0.605s] Level 1:colcon.colcon_core.package_identification:_identify(src/rr_description) by extensions ['colcon_pkg']
[0.605s] Level 1:colcon.colcon_core.package_identification:_identify(src/rr_description) by extension 'colcon_pkg'
[0.605s] Level 1:colcon.colcon_core.package_identification:_identify(src/rr_description) by extensions ['colcon_meta']
[0.605s] Level 1:colcon.colcon_core.package_identification:_identify(src/rr_description) by extension 'colcon_meta'
[0.605s] Level 1:colcon.colcon_core.package_identification:_identify(src/rr_description) by extensions ['ros']
[0.605s] Level 1:colcon.colcon_core.package_identification:_identify(src/rr_description) by extension 'ros'
[0.610s] DEBUG:colcon.colcon_core.package_identification:Package 'src/rr_description' with type 'ros.ament_python' and name 'rr_description'
[0.610s] Level 1:colcon.colcon_core.package_identification:_identify(src/rr_msgs) by extensions ['ignore', 'ignore_ament_install']
[0.610s] Level 1:colcon.colcon_core.package_identification:_identify(src/rr_msgs) by extension 'ignore'
[0.610s] Level 1:colcon.colcon_core.package_identification:_identify(src/rr_msgs) by extension 'ignore_ament_install'
[0.611s] Level 1:colcon.colcon_core.package_identification:_identify(src/rr_msgs) by extensions ['colcon_pkg']
[0.611s] Level 1:colcon.colcon_core.package_identification:_identify(src/rr_msgs) by extension 'colcon_pkg'
[0.611s] Level 1:colcon.colcon_core.package_identification:_identify(src/rr_msgs) by extensions ['colcon_meta']
[0.611s] Level 1:colcon.colcon_core.package_identification:_identify(src/rr_msgs) by extension 'colcon_meta'
[0.611s] Level 1:colcon.colcon_core.package_identification:_identify(src/rr_msgs) by extensions ['ros']
[0.611s] Level 1:colcon.colcon_core.package_identification:_identify(src/rr_msgs) by extension 'ros'
[0.612s] DEBUG:colcon.colcon_core.package_identification:Package 'src/rr_msgs' with type 'ros.ament_cmake' and name 'rr_msgs'
[0.613s] Level 1:colcon.colcon_core.package_identification:_identify(src/rr_velocity) by extensions ['ignore', 'ignore_ament_install']
[0.613s] Level 1:colcon.colcon_core.package_identification:_identify(src/rr_velocity) by extension 'ignore'
[0.613s] Level 1:colcon.colcon_core.package_identification:_identify(src/rr_velocity) by extension 'ignore_ament_install'
[0.613s] Level 1:colcon.colcon_core.package_identification:_identify(src/rr_velocity) by extensions ['colcon_pkg']
[0.613s] Level 1:colcon.colcon_core.package_identification:_identify(src/rr_velocity) by extension 'colcon_pkg'
[0.613s] Level 1:colcon.colcon_core.package_identification:_identify(src/rr_velocity) by extensions ['colcon_meta']
[0.613s] Level 1:colcon.colcon_core.package_identification:_identify(src/rr_velocity) by extension 'colcon_meta'
[0.613s] Level 1:colcon.colcon_core.package_identification:_identify(src/rr_velocity) by extensions ['ros']
[0.613s] Level 1:colcon.colcon_core.package_identification:_identify(src/rr_velocity) by extension 'ros'
[0.615s] DEBUG:colcon.colcon_core.package_identification:Package 'src/rr_velocity' with type 'ros.ament_python' and name 'rr_velocity'
[0.615s] Level 1:colcon.colcon_core.package_discovery:discover_packages(recursive) using defaults
[0.615s] Level 1:colcon.colcon_core.package_discovery:discover_packages(ignore) discover
[0.615s] Level 1:colcon.colcon_core.package_discovery:discover_packages(ignore) using defaults
[0.615s] Level 1:colcon.colcon_core.package_discovery:discover_packages(path) discover
[0.615s] Level 1:colcon.colcon_core.package_discovery:discover_packages(path) using defaults
[0.682s] Level 1:colcon.colcon_core.package_discovery:discover_packages(prefix_path) check parameters
[0.683s] Level 1:colcon.colcon_core.package_discovery:discover_packages(prefix_path) discover
[0.686s] DEBUG:colcon.colcon_installed_package_information.package_discovery:Found 3 installed packages in /home/orin/RogueRover/RR_ws/install
[0.688s] DEBUG:colcon.colcon_installed_package_information.package_discovery:Found 271 installed packages in /opt/ros/humble
[0.691s] Level 1:colcon.colcon_core.package_discovery:discover_packages(prefix_path) using defaults
[0.766s] Level 5:colcon.colcon_core.verb:set package 'rr_description' build argument 'cmake_args' from command line to 'None'
[0.767s] Level 5:colcon.colcon_core.verb:set package 'rr_description' build argument 'cmake_target' from command line to 'None'
[0.767s] Level 5:colcon.colcon_core.verb:set package 'rr_description' build argument 'cmake_target_skip_unavailable' from command line to 'False'
[0.767s] Level 5:colcon.colcon_core.verb:set package 'rr_description' build argument 'cmake_clean_cache' from command line to 'True'
[0.767s] Level 5:colcon.colcon_core.verb:set package 'rr_description' build argument 'cmake_clean_first' from command line to 'False'
[0.767s] Level 5:colcon.colcon_core.verb:set package 'rr_description' build argument 'cmake_force_configure' from command line to 'False'
[0.767s] Level 5:colcon.colcon_core.verb:set package 'rr_description' build argument 'ament_cmake_args' from command line to 'None'
[0.767s] Level 5:colcon.colcon_core.verb:set package 'rr_description' build argument 'catkin_cmake_args' from command line to 'None'
[0.767s] Level 5:colcon.colcon_core.verb:set package 'rr_description' build argument 'catkin_skip_building_tests' from command line to 'False'
[0.767s] DEBUG:colcon.colcon_core.verb:Building package 'rr_description' with the following arguments: {'ament_cmake_args': None, 'build_base': '/home/orin/RogueRover/RR_ws/build/rr_description', 'catkin_cmake_args': None, 'catkin_skip_building_tests': False, 'cmake_args': None, 'cmake_clean_cache': True, 'cmake_clean_first': False, 'cmake_force_configure': False, 'cmake_target': None, 'cmake_target_skip_unavailable': False, 'install_base': '/home/orin/RogueRover/RR_ws/install/rr_description', 'merge_install': False, 'path': '/home/orin/RogueRover/RR_ws/src/rr_description', 'symlink_install': True, 'test_result_base': None}
[0.768s] Level 5:colcon.colcon_core.verb:set package 'rr_msgs' build argument 'cmake_args' from command line to 'None'
[0.768s] Level 5:colcon.colcon_core.verb:set package 'rr_msgs' build argument 'cmake_target' from command line to 'None'
[0.768s] Level 5:colcon.colcon_core.verb:set package 'rr_msgs' build argument 'cmake_target_skip_unavailable' from command line to 'False'
[0.768s] Level 5:colcon.colcon_core.verb:set package 'rr_msgs' build argument 'cmake_clean_cache' from command line to 'True'
[0.768s] Level 5:colcon.colcon_core.verb:set package 'rr_msgs' build argument 'cmake_clean_first' from command line to 'False'
[0.768s] Level 5:colcon.colcon_core.verb:set package 'rr_msgs' build argument 'cmake_force_configure' from command line to 'False'
[0.768s] Level 5:colcon.colcon_core.verb:set package 'rr_msgs' build argument 'ament_cmake_args' from command line to 'None'
[0.768s] Level 5:colcon.colcon_core.verb:set package 'rr_msgs' build argument 'catkin_cmake_args' from command line to 'None'
[0.768s] Level 5:colcon.colcon_core.verb:set package 'rr_msgs' build argument 'catkin_skip_building_tests' from command line to 'False'
[0.768s] DEBUG:colcon.colcon_core.verb:Building package 'rr_msgs' with the following arguments: {'ament_cmake_args': None, 'build_base': '/home/orin/RogueRover/RR_ws/build/rr_msgs', 'catkin_cmake_args': None, 'catkin_skip_building_tests': False, 'cmake_args': None, 'cmake_clean_cache': True, 'cmake_clean_first': False, 'cmake_force_configure': False, 'cmake_target': None, 'cmake_target_skip_unavailable': False, 'install_base': '/home/orin/RogueRover/RR_ws/install/rr_msgs', 'merge_install': False, 'path': '/home/orin/RogueRover/RR_ws/src/rr_msgs', 'symlink_install': True, 'test_result_base': None}
[0.769s] Level 5:colcon.colcon_core.verb:set package 'rr_velocity' build argument 'cmake_args' from command line to 'None'
[0.769s] Level 5:colcon.colcon_core.verb:set package 'rr_velocity' build argument 'cmake_target' from command line to 'None'
[0.769s] Level 5:colcon.colcon_core.verb:set package 'rr_velocity' build argument 'cmake_target_skip_unavailable' from command line to 'False'
[0.769s] Level 5:colcon.colcon_core.verb:set package 'rr_velocity' build argument 'cmake_clean_cache' from command line to 'True'
[0.769s] Level 5:colcon.colcon_core.verb:set package 'rr_velocity' build argument 'cmake_clean_first' from command line to 'False'
[0.769s] Level 5:colcon.colcon_core.verb:set package 'rr_velocity' build argument 'cmake_force_configure' from command line to 'False'
[0.769s] Level 5:colcon.colcon_core.verb:set package 'rr_velocity' build argument 'ament_cmake_args' from command line to 'None'
[0.769s] Level 5:colcon.colcon_core.verb:set package 'rr_velocity' build argument 'catkin_cmake_args' from command line to 'None'
[0.769s] Level 5:colcon.colcon_core.verb:set package 'rr_velocity' build argument 'catkin_skip_building_tests' from command line to 'False'
[0.769s] DEBUG:colcon.colcon_core.verb:Building package 'rr_velocity' with the following arguments: {'ament_cmake_args': None, 'build_base': '/home/orin/RogueRover/RR_ws/build/rr_velocity', 'catkin_cmake_args': None, 'catkin_skip_building_tests': False, 'cmake_args': None, 'cmake_clean_cache': True, 'cmake_clean_first': False, 'cmake_force_configure': False, 'cmake_target': None, 'cmake_target_skip_unavailable': False, 'install_base': '/home/orin/RogueRover/RR_ws/install/rr_velocity', 'merge_install': False, 'path': '/home/orin/RogueRover/RR_ws/src/rr_velocity', 'symlink_install': True, 'test_result_base': None}
[0.770s] INFO:colcon.colcon_core.executor:Executing jobs using 'parallel' executor
[0.772s] DEBUG:colcon.colcon_parallel_executor.executor.parallel:run_until_complete
[0.772s] INFO:colcon.colcon_ros.task.ament_cmake.build:Building ROS package in '/home/orin/RogueRover/RR_ws/src/rr_msgs' with build type 'ament_cmake'
[0.773s] INFO:colcon.colcon_cmake.task.cmake.build:Building CMake package in '/home/orin/RogueRover/RR_ws/src/rr_msgs'
[0.777s] INFO:colcon.colcon_core.plugin_system:Skipping extension 'colcon_core.shell.bat': Not used on non-Windows systems
[0.777s] INFO:colcon.colcon_core.shell:Skip shell extension 'powershell' for command environment: Not usable outside of PowerShell
[0.777s] DEBUG:colcon.colcon_core.shell:Skip shell extension 'dsv' for command environment
[0.784s] INFO:colcon.colcon_ros.task.ament_python.build:Building ROS package in '/home/orin/RogueRover/RR_ws/src/rr_description' with build type 'ament_python'
[0.784s] Level 1:colcon.colcon_core.shell:create_environment_hook('rr_description', 'ament_prefix_path')
[0.784s] INFO:colcon.colcon_core.shell:Creating environment hook '/home/orin/RogueRover/RR_ws/install/rr_description/share/rr_description/hook/ament_prefix_path.ps1'
[0.786s] INFO:colcon.colcon_core.shell:Creating environment descriptor '/home/orin/RogueRover/RR_ws/install/rr_description/share/rr_description/hook/ament_prefix_path.dsv'
[0.787s] INFO:colcon.colcon_core.shell:Creating environment hook '/home/orin/RogueRover/RR_ws/install/rr_description/share/rr_description/hook/ament_prefix_path.sh'
[0.788s] INFO:colcon.colcon_core.shell:Skip shell extension 'powershell' for command environment: Not usable outside of PowerShell
[0.788s] DEBUG:colcon.colcon_core.shell:Skip shell extension 'dsv' for command environment
[0.798s] DEBUG:colcon.colcon_core.event_handler.log_command:Invoking command in '/home/orin/RogueRover/RR_ws/build/rr_msgs': CMAKE_PREFIX_PATH=${CMAKE_PREFIX_PATH}:/home/orin/RogueRover/RR_ws/install/rr_velocity:/home/orin/RogueRover/RR_ws/install/rr_description:/opt/ros/humble /usr/bin/cmake /home/orin/RogueRover/RR_ws/src/rr_msgs -DAMENT_CMAKE_SYMLINK_INSTALL=1 -DCMAKE_INSTALL_PREFIX=/home/orin/RogueRover/RR_ws/install/rr_msgs
[1.367s] INFO:colcon.colcon_core.task.python.build:Building Python package in '/home/orin/RogueRover/RR_ws/src/rr_description'
[1.368s] INFO:colcon.colcon_core.shell:Skip shell extension 'powershell' for command environment: Not usable outside of PowerShell
[1.368s] DEBUG:colcon.colcon_core.shell:Skip shell extension 'dsv' for command environment
[2.126s] DEBUG:colcon.colcon_core.event_handler.log_command:Invoking command in '/home/orin/RogueRover/RR_ws/build/rr_description': PYTHONPATH=/home/orin/RogueRover/RR_ws/build/rr_description/prefix_override:/usr/lib/python3/dist-packages/colcon_core/task/python/colcon_distutils_commands:/home/orin/RogueRover/RR_ws/install/rr_description/lib/python3.10/site-packages:${PYTHONPATH} /usr/bin/python3 -W ignore:setup.py install is deprecated setup.py develop --editable --build-directory /home/orin/RogueRover/RR_ws/build/rr_description/build --no-deps symlink_data
[3.127s] Level 1:colcon.colcon_core.shell:create_environment_hook('rr_description', 'pythonpath_develop')
[3.128s] INFO:colcon.colcon_core.shell:Creating environment hook '/home/orin/RogueRover/RR_ws/build/rr_description/share/rr_description/hook/pythonpath_develop.ps1'
[3.129s] DEBUG:colcon.colcon_core.event_handler.log_command:Invoked command in '/home/orin/RogueRover/RR_ws/build/rr_description' returned '0': PYTHONPATH=/home/orin/RogueRover/RR_ws/build/rr_description/prefix_override:/usr/lib/python3/dist-packages/colcon_core/task/python/colcon_distutils_commands:/home/orin/RogueRover/RR_ws/install/rr_description/lib/python3.10/site-packages:${PYTHONPATH} /usr/bin/python3 -W ignore:setup.py install is deprecated setup.py develop --editable --build-directory /home/orin/RogueRover/RR_ws/build/rr_description/build --no-deps symlink_data
[3.131s] INFO:colcon.colcon_core.shell:Creating environment descriptor '/home/orin/RogueRover/RR_ws/build/rr_description/share/rr_description/hook/pythonpath_develop.dsv'
[3.132s] INFO:colcon.colcon_core.shell:Creating environment hook '/home/orin/RogueRover/RR_ws/build/rr_description/share/rr_description/hook/pythonpath_develop.sh'
[3.142s] Level 1:colcon.colcon_core.environment:checking '/home/orin/RogueRover/RR_ws/install/rr_description' for CMake module files
[3.144s] Level 1:colcon.colcon_core.environment:checking '/home/orin/RogueRover/RR_ws/install/rr_description' for CMake config files
[3.146s] Level 1:colcon.colcon_core.environment:checking '/home/orin/RogueRover/RR_ws/install/rr_description/lib'
[3.147s] Level 1:colcon.colcon_core.environment:checking '/home/orin/RogueRover/RR_ws/install/rr_description/bin'
[3.147s] Level 1:colcon.colcon_core.environment:checking '/home/orin/RogueRover/RR_ws/install/rr_description/lib/pkgconfig/rr_description.pc'
[3.148s] Level 1:colcon.colcon_core.environment:checking '/home/orin/RogueRover/RR_ws/install/rr_description/lib/python3.10/site-packages'
[3.148s] Level 1:colcon.colcon_core.shell:create_environment_hook('rr_description', 'pythonpath')
[3.149s] INFO:colcon.colcon_core.shell:Creating environment hook '/home/orin/RogueRover/RR_ws/install/rr_description/share/rr_description/hook/pythonpath.ps1'
[3.150s] INFO:colcon.colcon_core.shell:Creating environment descriptor '/home/orin/RogueRover/RR_ws/install/rr_description/share/rr_description/hook/pythonpath.dsv'
[3.152s] INFO:colcon.colcon_core.shell:Creating environment hook '/home/orin/RogueRover/RR_ws/install/rr_description/share/rr_description/hook/pythonpath.sh'
[3.154s] Level 1:colcon.colcon_core.environment:checking '/home/orin/RogueRover/RR_ws/install/rr_description/bin'
[3.154s] Level 1:colcon.colcon_core.environment:create_environment_scripts_only(rr_description)
[3.156s] INFO:colcon.colcon_core.shell:Creating package script '/home/orin/RogueRover/RR_ws/install/rr_description/share/rr_description/package.ps1'
[3.159s] INFO:colcon.colcon_core.shell:Creating package descriptor '/home/orin/RogueRover/RR_ws/install/rr_description/share/rr_description/package.dsv'
[3.161s] INFO:colcon.colcon_core.shell:Creating package script '/home/orin/RogueRover/RR_ws/install/rr_description/share/rr_description/package.sh'
[3.164s] INFO:colcon.colcon_core.shell:Creating package script '/home/orin/RogueRover/RR_ws/install/rr_description/share/rr_description/package.bash'
[3.166s] INFO:colcon.colcon_core.shell:Creating package script '/home/orin/RogueRover/RR_ws/install/rr_description/share/rr_description/package.zsh'
[3.169s] Level 1:colcon.colcon_core.environment:create_file_with_runtime_dependencies(/home/orin/RogueRover/RR_ws/install/rr_description/share/colcon-core/packages/rr_description)
[4.916s] DEBUG:colcon.colcon_core.event_handler.log_command:Invoked command in '/home/orin/RogueRover/RR_ws/build/rr_msgs' returned '0': CMAKE_PREFIX_PATH=${CMAKE_PREFIX_PATH}:/home/orin/RogueRover/RR_ws/install/rr_velocity:/home/orin/RogueRover/RR_ws/install/rr_description:/opt/ros/humble /usr/bin/cmake /home/orin/RogueRover/RR_ws/src/rr_msgs -DAMENT_CMAKE_SYMLINK_INSTALL=1 -DCMAKE_INSTALL_PREFIX=/home/orin/RogueRover/RR_ws/install/rr_msgs
[4.920s] DEBUG:colcon.colcon_core.event_handler.log_command:Invoking command in '/home/orin/RogueRover/RR_ws/build/rr_msgs': CMAKE_PREFIX_PATH=${CMAKE_PREFIX_PATH}:/home/orin/RogueRover/RR_ws/install/rr_velocity:/home/orin/RogueRover/RR_ws/install/rr_description:/opt/ros/humble /usr/bin/cmake --build /home/orin/RogueRover/RR_ws/build/rr_msgs -- -j6 -l6
[5.719s] DEBUG:colcon.colcon_core.event_handler.log_command:Invoked command in '/home/orin/RogueRover/RR_ws/build/rr_msgs' returned '0': CMAKE_PREFIX_PATH=${CMAKE_PREFIX_PATH}:/home/orin/RogueRover/RR_ws/install/rr_velocity:/home/orin/RogueRover/RR_ws/install/rr_description:/opt/ros/humble /usr/bin/cmake --build /home/orin/RogueRover/RR_ws/build/rr_msgs -- -j6 -l6
[6.098s] DEBUG:colcon.colcon_core.event_handler.log_command:Invoking command in '/home/orin/RogueRover/RR_ws/build/rr_msgs': CMAKE_PREFIX_PATH=${CMAKE_PREFIX_PATH}:/home/orin/RogueRover/RR_ws/install/rr_velocity:/home/orin/RogueRover/RR_ws/install/rr_description:/opt/ros/humble /usr/bin/cmake --install /home/orin/RogueRover/RR_ws/build/rr_msgs
[6.284s] Level 1:colcon.colcon_core.environment:create_environment_scripts_only(rr_msgs)
[6.285s] Level 1:colcon.colcon_core.environment:checking '/home/orin/RogueRover/RR_ws/install/rr_msgs' for CMake module files
[6.287s] DEBUG:colcon.colcon_core.event_handler.log_command:Invoked command in '/home/orin/RogueRover/RR_ws/build/rr_msgs' returned '0': CMAKE_PREFIX_PATH=${CMAKE_PREFIX_PATH}:/home/orin/RogueRover/RR_ws/install/rr_velocity:/home/orin/RogueRover/RR_ws/install/rr_description:/opt/ros/humble /usr/bin/cmake --install /home/orin/RogueRover/RR_ws/build/rr_msgs
[6.289s] Level 1:colcon.colcon_core.environment:checking '/home/orin/RogueRover/RR_ws/install/rr_msgs' for CMake config files
[6.290s] Level 1:colcon.colcon_core.shell:create_environment_hook('rr_msgs', 'cmake_prefix_path')
[6.291s] INFO:colcon.colcon_core.shell:Creating environment hook '/home/orin/RogueRover/RR_ws/install/rr_msgs/share/rr_msgs/hook/cmake_prefix_path.ps1'
[6.293s] INFO:colcon.colcon_core.shell:Creating environment descriptor '/home/orin/RogueRover/RR_ws/install/rr_msgs/share/rr_msgs/hook/cmake_prefix_path.dsv'
[6.295s] INFO:colcon.colcon_core.shell:Creating environment hook '/home/orin/RogueRover/RR_ws/install/rr_msgs/share/rr_msgs/hook/cmake_prefix_path.sh'
[6.297s] Level 1:colcon.colcon_core.environment:checking '/home/orin/RogueRover/RR_ws/install/rr_msgs/lib'
[6.297s] Level 1:colcon.colcon_core.shell:create_environment_hook('rr_msgs', 'ld_library_path_lib')
[6.298s] INFO:colcon.colcon_core.shell:Creating environment hook '/home/orin/RogueRover/RR_ws/install/rr_msgs/share/rr_msgs/hook/ld_library_path_lib.ps1'
[6.299s] INFO:colcon.colcon_core.shell:Creating environment descriptor '/home/orin/RogueRover/RR_ws/install/rr_msgs/share/rr_msgs/hook/ld_library_path_lib.dsv'
[6.300s] INFO:colcon.colcon_core.shell:Creating environment hook '/home/orin/RogueRover/RR_ws/install/rr_msgs/share/rr_msgs/hook/ld_library_path_lib.sh'
[6.302s] Level 1:colcon.colcon_core.environment:checking '/home/orin/RogueRover/RR_ws/install/rr_msgs/bin'
[6.302s] Level 1:colcon.colcon_core.environment:checking '/home/orin/RogueRover/RR_ws/install/rr_msgs/lib/pkgconfig/rr_msgs.pc'
[6.303s] Level 1:colcon.colcon_core.environment:checking '/home/orin/RogueRover/RR_ws/install/rr_msgs/lib/python3.10/site-packages'
[6.304s] Level 1:colcon.colcon_core.environment:checking '/home/orin/RogueRover/RR_ws/install/rr_msgs/bin'
[6.305s] INFO:colcon.colcon_core.shell:Creating package script '/home/orin/RogueRover/RR_ws/install/rr_msgs/share/rr_msgs/package.ps1'
[6.307s] INFO:colcon.colcon_core.shell:Creating package descriptor '/home/orin/RogueRover/RR_ws/install/rr_msgs/share/rr_msgs/package.dsv'
[6.308s] INFO:colcon.colcon_core.shell:Creating package script '/home/orin/RogueRover/RR_ws/install/rr_msgs/share/rr_msgs/package.sh'
[6.310s] INFO:colcon.colcon_core.shell:Creating package script '/home/orin/RogueRover/RR_ws/install/rr_msgs/share/rr_msgs/package.bash'
[6.311s] INFO:colcon.colcon_core.shell:Creating package script '/home/orin/RogueRover/RR_ws/install/rr_msgs/share/rr_msgs/package.zsh'
[6.313s] Level 1:colcon.colcon_core.environment:create_file_with_runtime_dependencies(/home/orin/RogueRover/RR_ws/install/rr_msgs/share/colcon-core/packages/rr_msgs)
[6.667s] Level 1:colcon.colcon_core.environment:create_environment_scripts_only(rr_msgs)
[6.668s] Level 1:colcon.colcon_core.environment:checking '/home/orin/RogueRover/RR_ws/install/rr_msgs' for CMake module files
[6.669s] Level 1:colcon.colcon_core.environment:checking '/home/orin/RogueRover/RR_ws/install/rr_msgs' for CMake config files
[6.671s] Level 1:colcon.colcon_core.shell:create_environment_hook('rr_msgs', 'cmake_prefix_path')
[6.671s] INFO:colcon.colcon_core.shell:Creating environment hook '/home/orin/RogueRover/RR_ws/install/rr_msgs/share/rr_msgs/hook/cmake_prefix_path.ps1'
[6.673s] INFO:colcon.colcon_core.shell:Creating environment descriptor '/home/orin/RogueRover/RR_ws/install/rr_msgs/share/rr_msgs/hook/cmake_prefix_path.dsv'
[6.674s] INFO:colcon.colcon_core.shell:Creating environment hook '/home/orin/RogueRover/RR_ws/install/rr_msgs/share/rr_msgs/hook/cmake_prefix_path.sh'
[6.676s] Level 1:colcon.colcon_core.environment:checking '/home/orin/RogueRover/RR_ws/install/rr_msgs/lib'
[6.677s] Level 1:colcon.colcon_core.shell:create_environment_hook('rr_msgs', 'ld_library_path_lib')
[6.677s] INFO:colcon.colcon_core.shell:Creating environment hook '/home/orin/RogueRover/RR_ws/install/rr_msgs/share/rr_msgs/hook/ld_library_path_lib.ps1'
[6.679s] INFO:colcon.colcon_core.shell:Creating environment descriptor '/home/orin/RogueRover/RR_ws/install/rr_msgs/share/rr_msgs/hook/ld_library_path_lib.dsv'
[6.680s] INFO:colcon.colcon_core.shell:Creating environment hook '/home/orin/RogueRover/RR_ws/install/rr_msgs/share/rr_msgs/hook/ld_library_path_lib.sh'
[6.682s] Level 1:colcon.colcon_core.environment:checking '/home/orin/RogueRover/RR_ws/install/rr_msgs/bin'
[6.682s] Level 1:colcon.colcon_core.environment:checking '/home/orin/RogueRover/RR_ws/install/rr_msgs/lib/pkgconfig/rr_msgs.pc'
[6.683s] Level 1:colcon.colcon_core.environment:checking '/home/orin/RogueRover/RR_ws/install/rr_msgs/lib/python3.10/site-packages'
[6.684s] Level 1:colcon.colcon_core.environment:checking '/home/orin/RogueRover/RR_ws/install/rr_msgs/bin'
[6.685s] INFO:colcon.colcon_core.shell:Creating package script '/home/orin/RogueRover/RR_ws/install/rr_msgs/share/rr_msgs/package.ps1'
[6.687s] INFO:colcon.colcon_core.shell:Creating package descriptor '/home/orin/RogueRover/RR_ws/install/rr_msgs/share/rr_msgs/package.dsv'
[6.689s] INFO:colcon.colcon_core.shell:Creating package script '/home/orin/RogueRover/RR_ws/install/rr_msgs/share/rr_msgs/package.sh'
[6.691s] INFO:colcon.colcon_core.shell:Creating package script '/home/orin/RogueRover/RR_ws/install/rr_msgs/share/rr_msgs/package.bash'
[6.692s] INFO:colcon.colcon_core.shell:Creating package script '/home/orin/RogueRover/RR_ws/install/rr_msgs/share/rr_msgs/package.zsh'
[6.694s] Level 1:colcon.colcon_core.environment:create_file_with_runtime_dependencies(/home/orin/RogueRover/RR_ws/install/rr_msgs/share/colcon-core/packages/rr_msgs)
[6.695s] INFO:colcon.colcon_ros.task.ament_python.build:Building ROS package in '/home/orin/RogueRover/RR_ws/src/rr_velocity' with build type 'ament_python'
[6.696s] Level 1:colcon.colcon_core.shell:create_environment_hook('rr_velocity', 'ament_prefix_path')
[6.697s] INFO:colcon.colcon_core.shell:Creating environment hook '/home/orin/RogueRover/RR_ws/install/rr_velocity/share/rr_velocity/hook/ament_prefix_path.ps1'
[6.699s] INFO:colcon.colcon_core.shell:Creating environment descriptor '/home/orin/RogueRover/RR_ws/install/rr_velocity/share/rr_velocity/hook/ament_prefix_path.dsv'
[6.700s] INFO:colcon.colcon_core.shell:Creating environment hook '/home/orin/RogueRover/RR_ws/install/rr_velocity/share/rr_velocity/hook/ament_prefix_path.sh'
[6.702s] INFO:colcon.colcon_core.shell:Skip shell extension 'powershell' for command environment: Not usable outside of PowerShell
[6.703s] DEBUG:colcon.colcon_core.shell:Skip shell extension 'dsv' for command environment
[7.285s] INFO:colcon.colcon_core.task.python.build:Building Python package in '/home/orin/RogueRover/RR_ws/src/rr_velocity'
[7.285s] INFO:colcon.colcon_core.shell:Skip shell extension 'powershell' for command environment: Not usable outside of PowerShell
[7.286s] DEBUG:colcon.colcon_core.shell:Skip shell extension 'dsv' for command environment
[8.024s] DEBUG:colcon.colcon_core.event_handler.log_command:Invoking command in '/home/orin/RogueRover/RR_ws/build/rr_velocity': LD_LIBRARY_PATH=/home/orin/RogueRover/RR_ws/install/rr_msgs/lib:/opt/ros/humble/opt/rviz_ogre_vendor/lib:/opt/ros/humble/lib/aarch64-linux-gnu:/opt/ros/humble/lib:/usr/local/cuda-12.6/lib64 PYTHONPATH=/home/orin/RogueRover/RR_ws/build/rr_velocity/prefix_override:/usr/lib/python3/dist-packages/colcon_core/task/python/colcon_distutils_commands:/home/orin/RogueRover/RR_ws/install/rr_velocity/lib/python3.10/site-packages:${PYTHONPATH} /usr/bin/python3 -W ignore:setup.py install is deprecated setup.py develop --editable --build-directory /home/orin/RogueRover/RR_ws/build/rr_velocity/build --no-deps symlink_data
[8.992s] Level 1:colcon.colcon_core.shell:create_environment_hook('rr_velocity', 'pythonpath_develop')
[8.993s] INFO:colcon.colcon_core.shell:Creating environment hook '/home/orin/RogueRover/RR_ws/build/rr_velocity/share/rr_velocity/hook/pythonpath_develop.ps1'
[8.994s] DEBUG:colcon.colcon_core.event_handler.log_command:Invoked command in '/home/orin/RogueRover/RR_ws/build/rr_velocity' returned '0': LD_LIBRARY_PATH=/home/orin/RogueRover/RR_ws/install/rr_msgs/lib:/opt/ros/humble/opt/rviz_ogre_vendor/lib:/opt/ros/humble/lib/aarch64-linux-gnu:/opt/ros/humble/lib:/usr/local/cuda-12.6/lib64 PYTHONPATH=/home/orin/RogueRover/RR_ws/build/rr_velocity/prefix_override:/usr/lib/python3/dist-packages/colcon_core/task/python/colcon_distutils_commands:/home/orin/RogueRover/RR_ws/install/rr_velocity/lib/python3.10/site-packages:${PYTHONPATH} /usr/bin/python3 -W ignore:setup.py install is deprecated setup.py develop --editable --build-directory /home/orin/RogueRover/RR_ws/build/rr_velocity/build --no-deps symlink_data
[8.996s] INFO:colcon.colcon_core.shell:Creating environment descriptor '/home/orin/RogueRover/RR_ws/build/rr_velocity/share/rr_velocity/hook/pythonpath_develop.dsv'
[8.997s] INFO:colcon.colcon_core.shell:Creating environment hook '/home/orin/RogueRover/RR_ws/build/rr_velocity/share/rr_velocity/hook/pythonpath_develop.sh'
[8.999s] Level 1:colcon.colcon_core.environment:checking '/home/orin/RogueRover/RR_ws/install/rr_velocity' for CMake module files
[9.001s] Level 1:colcon.colcon_core.environment:checking '/home/orin/RogueRover/RR_ws/install/rr_velocity' for CMake config files
[9.003s] Level 1:colcon.colcon_core.environment:checking '/home/orin/RogueRover/RR_ws/install/rr_velocity/lib'
[9.003s] Level 1:colcon.colcon_core.environment:checking '/home/orin/RogueRover/RR_ws/install/rr_velocity/bin'
[9.003s] Level 1:colcon.colcon_core.environment:checking '/home/orin/RogueRover/RR_ws/install/rr_velocity/lib/pkgconfig/rr_velocity.pc'
[9.004s] Level 1:colcon.colcon_core.environment:checking '/home/orin/RogueRover/RR_ws/install/rr_velocity/lib/python3.10/site-packages'
[9.005s] Level 1:colcon.colcon_core.shell:create_environment_hook('rr_velocity', 'pythonpath')
[9.006s] INFO:colcon.colcon_core.shell:Creating environment hook '/home/orin/RogueRover/RR_ws/install/rr_velocity/share/rr_velocity/hook/pythonpath.ps1'
[9.007s] INFO:colcon.colcon_core.shell:Creating environment descriptor '/home/orin/RogueRover/RR_ws/install/rr_velocity/share/rr_velocity/hook/pythonpath.dsv'
[9.009s] INFO:colcon.colcon_core.shell:Creating environment hook '/home/orin/RogueRover/RR_ws/install/rr_velocity/share/rr_velocity/hook/pythonpath.sh'
[9.011s] Level 1:colcon.colcon_core.environment:checking '/home/orin/RogueRover/RR_ws/install/rr_velocity/bin'
[9.011s] Level 1:colcon.colcon_core.environment:create_environment_scripts_only(rr_velocity)
[9.012s] INFO:colcon.colcon_core.shell:Creating package script '/home/orin/RogueRover/RR_ws/install/rr_velocity/share/rr_velocity/package.ps1'
[9.014s] INFO:colcon.colcon_core.shell:Creating package descriptor '/home/orin/RogueRover/RR_ws/install/rr_velocity/share/rr_velocity/package.dsv'
[9.016s] INFO:colcon.colcon_core.shell:Creating package script '/home/orin/RogueRover/RR_ws/install/rr_velocity/share/rr_velocity/package.sh'
[9.018s] INFO:colcon.colcon_core.shell:Creating package script '/home/orin/RogueRover/RR_ws/install/rr_velocity/share/rr_velocity/package.bash'
[9.019s] INFO:colcon.colcon_core.shell:Creating package script '/home/orin/RogueRover/RR_ws/install/rr_velocity/share/rr_velocity/package.zsh'
[9.020s] Level 1:colcon.colcon_core.environment:create_file_with_runtime_dependencies(/home/orin/RogueRover/RR_ws/install/rr_velocity/share/colcon-core/packages/rr_velocity)
[9.021s] DEBUG:colcon.colcon_parallel_executor.executor.parallel:closing loop
[9.022s] DEBUG:colcon.colcon_parallel_executor.executor.parallel:loop closed
[9.023s] DEBUG:colcon.colcon_parallel_executor.executor.parallel:run_until_complete finished with '0'
[9.023s] DEBUG:colcon.colcon_core.event_reactor:joining thread
[9.042s] INFO:colcon.colcon_core.plugin_system:Skipping extension 'colcon_notification.desktop_notification.terminal_notifier': Not used on non-Darwin systems
[9.042s] INFO:colcon.colcon_core.plugin_system:Skipping extension 'colcon_notification.desktop_notification.win32': Not used on non-Windows systems
[9.042s] INFO:colcon.colcon_notification.desktop_notification:Sending desktop notification using 'notify2'
[9.084s] DEBUG:colcon.colcon_core.event_reactor:joined thread
[9.086s] INFO:colcon.colcon_core.shell:Creating prefix script '/home/orin/RogueRover/RR_ws/install/local_setup.ps1'
[9.089s] INFO:colcon.colcon_core.shell:Creating prefix util module '/home/orin/RogueRover/RR_ws/install/_local_setup_util_ps1.py'
[9.095s] INFO:colcon.colcon_core.shell:Creating prefix chain script '/home/orin/RogueRover/RR_ws/install/setup.ps1'
[9.097s] INFO:colcon.colcon_core.shell:Creating prefix script '/home/orin/RogueRover/RR_ws/install/local_setup.sh'
[9.099s] INFO:colcon.colcon_core.shell:Creating prefix util module '/home/orin/RogueRover/RR_ws/install/_local_setup_util_sh.py'
[9.101s] INFO:colcon.colcon_core.shell:Creating prefix chain script '/home/orin/RogueRover/RR_ws/install/setup.sh'
[9.104s] INFO:colcon.colcon_core.shell:Creating prefix script '/home/orin/RogueRover/RR_ws/install/local_setup.bash'
[9.105s] INFO:colcon.colcon_core.shell:Creating prefix chain script '/home/orin/RogueRover/RR_ws/install/setup.bash'
[9.108s] INFO:colcon.colcon_core.shell:Creating prefix script '/home/orin/RogueRover/RR_ws/install/local_setup.zsh'
[9.109s] INFO:colcon.colcon_core.shell:Creating prefix chain script '/home/orin/RogueRover/RR_ws/install/setup.zsh'
