running develop
running egg_info
creating rr_display.egg-info
writing rr_display.egg-info/PKG-INFO
writing dependency_links to rr_display.egg-info/dependency_links.txt
writing entry points to rr_display.egg-info/entry_points.txt
writing requirements to rr_display.egg-info/requires.txt
writing top-level names to rr_display.egg-info/top_level.txt
writing manifest file 'rr_display.egg-info/SOURCES.txt'
reading manifest file 'rr_display.egg-info/SOURCES.txt'
writing manifest file 'rr_display.egg-info/SOURCES.txt'
running build_ext
Creating /home/orin/RogueRover/RR_ws/install/rr_display/lib/python3.10/site-packages/rr-display.egg-link (link to .)
Installing display script to /home/orin/RogueRover/RR_ws/install/rr_display/lib/rr_display

Installed /home/orin/RogueRover/RR_ws/build/rr_display
running symlink_data
creating /home/orin/RogueRover/RR_ws/install/rr_display/share/ament_index
creating /home/orin/RogueRover/RR_ws/install/rr_display/share/ament_index/resource_index
creating /home/orin/RogueRover/RR_ws/install/rr_display/share/ament_index/resource_index/packages
symbolically linking /home/orin/RogueRover/RR_ws/build/rr_display/resource/rr_display -> /home/orin/RogueRover/RR_ws/install/rr_display/share/ament_index/resource_index/packages
symbolically linking /home/orin/RogueRover/RR_ws/build/rr_display/package.xml -> /home/orin/RogueRover/RR_ws/install/rr_display/share/rr_display
