running develop
running egg_info
creating rr_velocity.egg-info
writing rr_velocity.egg-info/PKG-INFO
writing dependency_links to rr_velocity.egg-info/dependency_links.txt
writing entry points to rr_velocity.egg-info/entry_points.txt
writing requirements to rr_velocity.egg-info/requires.txt
writing top-level names to rr_velocity.egg-info/top_level.txt
writing manifest file 'rr_velocity.egg-info/SOURCES.txt'
reading manifest file 'rr_velocity.egg-info/SOURCES.txt'
writing manifest file 'rr_velocity.egg-info/SOURCES.txt'
running build_ext
Creating /home/orin/RogueRover/RR_ws/install/rr_velocity/lib/python3.10/site-packages/rr-velocity.egg-link (link to .)
Installing odom_pub script to /home/orin/RogueRover/RR_ws/install/rr_velocity/lib/rr_velocity
Installing vel_raw_pub script to /home/orin/RogueRover/RR_ws/install/rr_velocity/lib/rr_velocity

Installed /home/orin/RogueRover/RR_ws/build/rr_velocity
running symlink_data
creating /home/orin/RogueRover/RR_ws/install/rr_velocity/share/ament_index
creating /home/orin/RogueRover/RR_ws/install/rr_velocity/share/ament_index/resource_index
creating /home/orin/RogueRover/RR_ws/install/rr_velocity/share/ament_index/resource_index/packages
symbolically linking /home/orin/RogueRover/RR_ws/build/rr_velocity/resource/rr_velocity -> /home/orin/RogueRover/RR_ws/install/rr_velocity/share/ament_index/resource_index/packages
symbolically linking /home/orin/RogueRover/RR_ws/build/rr_velocity/package.xml -> /home/orin/RogueRover/RR_ws/install/rr_velocity/share/rr_velocity
