[0.215s] DEBUG:colcon:Command line arguments: ['/usr/bin/colcon', 'build', '--symlink-install']
[0.215s] DEBUG:colcon:Parsed command line arguments: Namespace(log_base=None, log_level=None, verb_name='build', build_base='build', install_base='install', merge_install=False, symlink_install=True, test_result_base=None, continue_on_error=False, executor='parallel', parallel_workers=6, event_handlers=None, ignore_user_meta=False, metas=['./colcon.meta'], base_paths=['.'], packages_ignore=None, packages_ignore_regex=None, paths=None, packages_up_to=None, packages_up_to_regex=None, packages_above=None, packages_above_and_dependencies=None, packages_above_depth=None, packages_select_by_dep=None, packages_skip_by_dep=None, packages_skip_up_to=None, packages_select_build_failed=False, packages_skip_build_finished=False, packages_select_test_failures=False, packages_skip_test_passed=False, packages_select=None, packages_skip=None, packages_select_regex=None, packages_skip_regex=None, packages_start=None, packages_end=None, allow_overriding=[], cmake_args=None, cmake_target=None, cmake_target_skip_unavailable=False, cmake_clean_cache=False, cmake_clean_first=False, cmake_force_configure=False, ament_cmake_args=None, catkin_cmake_args=None, catkin_skip_building_tests=False, verb_parser=<colcon_defaults.argument_parser.defaults.DefaultArgumentsDecorator object at 0xffff88d74f70>, verb_extension=<colcon_core.verb.build.BuildVerb object at 0xffff88d74a60>, main=<bound method BuildVerb.main of <colcon_core.verb.build.BuildVerb object at 0xffff88d74a60>>)
[0.574s] Level 1:colcon.colcon_core.package_discovery:discover_packages(colcon_meta) check parameters
[0.575s] Level 1:colcon.colcon_core.package_discovery:discover_packages(recursive) check parameters
[0.575s] Level 1:colcon.colcon_core.package_discovery:discover_packages(ignore) check parameters
[0.575s] Level 1:colcon.colcon_core.package_discovery:discover_packages(path) check parameters
[0.575s] Level 1:colcon.colcon_core.package_discovery:discover_packages(colcon_meta) discover
[0.575s] Level 1:colcon.colcon_core.package_discovery:discover_packages(recursive) discover
[0.575s] INFO:colcon.colcon_core.package_discovery:Crawling recursively for packages in '/home/orin/RogueRover/RR_ws'
[0.576s] Level 1:colcon.colcon_core.package_identification:_identify(.) by extensions ['ignore', 'ignore_ament_install']
[0.576s] Level 1:colcon.colcon_core.package_identification:_identify(.) by extension 'ignore'
[0.576s] Level 1:colcon.colcon_core.package_identification:_identify(.) by extension 'ignore_ament_install'
[0.576s] Level 1:colcon.colcon_core.package_identification:_identify(.) by extensions ['colcon_pkg']
[0.576s] Level 1:colcon.colcon_core.package_identification:_identify(.) by extension 'colcon_pkg'
[0.576s] Level 1:colcon.colcon_core.package_identification:_identify(.) by extensions ['colcon_meta']
[0.576s] Level 1:colcon.colcon_core.package_identification:_identify(.) by extension 'colcon_meta'
[0.576s] Level 1:colcon.colcon_core.package_identification:_identify(.) by extensions ['ros']
[0.576s] Level 1:colcon.colcon_core.package_identification:_identify(.) by extension 'ros'
[0.599s] Level 1:colcon.colcon_core.package_identification:_identify(.) by extensions ['cmake', 'python']
[0.599s] Level 1:colcon.colcon_core.package_identification:_identify(.) by extension 'cmake'
[0.599s] Level 1:colcon.colcon_core.package_identification:_identify(.) by extension 'python'
[0.599s] Level 1:colcon.colcon_core.package_identification:_identify(.) by extensions ['python_setup_py']
[0.599s] Level 1:colcon.colcon_core.package_identification:_identify(.) by extension 'python_setup_py'
[0.599s] Level 1:colcon.colcon_core.package_identification:_identify(Rosmaster_Lib.egg-info) by extensions ['ignore', 'ignore_ament_install']
[0.600s] Level 1:colcon.colcon_core.package_identification:_identify(Rosmaster_Lib.egg-info) by extension 'ignore'
[0.600s] Level 1:colcon.colcon_core.package_identification:_identify(Rosmaster_Lib.egg-info) by extension 'ignore_ament_install'
[0.600s] Level 1:colcon.colcon_core.package_identification:_identify(Rosmaster_Lib.egg-info) by extensions ['colcon_pkg']
[0.600s] Level 1:colcon.colcon_core.package_identification:_identify(Rosmaster_Lib.egg-info) by extension 'colcon_pkg'
[0.600s] Level 1:colcon.colcon_core.package_identification:_identify(Rosmaster_Lib.egg-info) by extensions ['colcon_meta']
[0.600s] Level 1:colcon.colcon_core.package_identification:_identify(Rosmaster_Lib.egg-info) by extension 'colcon_meta'
[0.600s] Level 1:colcon.colcon_core.package_identification:_identify(Rosmaster_Lib.egg-info) by extensions ['ros']
[0.600s] Level 1:colcon.colcon_core.package_identification:_identify(Rosmaster_Lib.egg-info) by extension 'ros'
[0.601s] Level 1:colcon.colcon_core.package_identification:_identify(Rosmaster_Lib.egg-info) by extensions ['cmake', 'python']
[0.601s] Level 1:colcon.colcon_core.package_identification:_identify(Rosmaster_Lib.egg-info) by extension 'cmake'
[0.601s] Level 1:colcon.colcon_core.package_identification:_identify(Rosmaster_Lib.egg-info) by extension 'python'
[0.601s] Level 1:colcon.colcon_core.package_identification:_identify(Rosmaster_Lib.egg-info) by extensions ['python_setup_py']
[0.601s] Level 1:colcon.colcon_core.package_identification:_identify(Rosmaster_Lib.egg-info) by extension 'python_setup_py'
[0.601s] Level 1:colcon.colcon_core.package_identification:_identify(build) by extensions ['ignore', 'ignore_ament_install']
[0.601s] Level 1:colcon.colcon_core.package_identification:_identify(build) by extension 'ignore'
[0.601s] Level 1:colcon.colcon_core.package_identification:_identify(build) ignored
[0.602s] Level 1:colcon.colcon_core.package_identification:_identify(dist) by extensions ['ignore', 'ignore_ament_install']
[0.602s] Level 1:colcon.colcon_core.package_identification:_identify(dist) by extension 'ignore'
[0.602s] Level 1:colcon.colcon_core.package_identification:_identify(dist) by extension 'ignore_ament_install'
[0.602s] Level 1:colcon.colcon_core.package_identification:_identify(dist) by extensions ['colcon_pkg']
[0.602s] Level 1:colcon.colcon_core.package_identification:_identify(dist) by extension 'colcon_pkg'
[0.602s] Level 1:colcon.colcon_core.package_identification:_identify(dist) by extensions ['colcon_meta']
[0.602s] Level 1:colcon.colcon_core.package_identification:_identify(dist) by extension 'colcon_meta'
[0.602s] Level 1:colcon.colcon_core.package_identification:_identify(dist) by extensions ['ros']
[0.602s] Level 1:colcon.colcon_core.package_identification:_identify(dist) by extension 'ros'
[0.603s] Level 1:colcon.colcon_core.package_identification:_identify(dist) by extensions ['cmake', 'python']
[0.603s] Level 1:colcon.colcon_core.package_identification:_identify(dist) by extension 'cmake'
[0.603s] Level 1:colcon.colcon_core.package_identification:_identify(dist) by extension 'python'
[0.603s] Level 1:colcon.colcon_core.package_identification:_identify(dist) by extensions ['python_setup_py']
[0.603s] Level 1:colcon.colcon_core.package_identification:_identify(dist) by extension 'python_setup_py'
[0.603s] Level 1:colcon.colcon_core.package_identification:_identify(install) by extensions ['ignore', 'ignore_ament_install']
[0.603s] Level 1:colcon.colcon_core.package_identification:_identify(install) by extension 'ignore'
[0.603s] Level 1:colcon.colcon_core.package_identification:_identify(install) ignored
[0.604s] Level 1:colcon.colcon_core.package_identification:_identify(log) by extensions ['ignore', 'ignore_ament_install']
[0.604s] Level 1:colcon.colcon_core.package_identification:_identify(log) by extension 'ignore'
[0.604s] Level 1:colcon.colcon_core.package_identification:_identify(log) ignored
[0.604s] Level 1:colcon.colcon_core.package_identification:_identify(src) by extensions ['ignore', 'ignore_ament_install']
[0.604s] Level 1:colcon.colcon_core.package_identification:_identify(src) by extension 'ignore'
[0.604s] Level 1:colcon.colcon_core.package_identification:_identify(src) by extension 'ignore_ament_install'
[0.604s] Level 1:colcon.colcon_core.package_identification:_identify(src) by extensions ['colcon_pkg']
[0.604s] Level 1:colcon.colcon_core.package_identification:_identify(src) by extension 'colcon_pkg'
[0.605s] Level 1:colcon.colcon_core.package_identification:_identify(src) by extensions ['colcon_meta']
[0.605s] Level 1:colcon.colcon_core.package_identification:_identify(src) by extension 'colcon_meta'
[0.605s] Level 1:colcon.colcon_core.package_identification:_identify(src) by extensions ['ros']
[0.605s] Level 1:colcon.colcon_core.package_identification:_identify(src) by extension 'ros'
[0.605s] Level 1:colcon.colcon_core.package_identification:_identify(src) by extensions ['cmake', 'python']
[0.605s] Level 1:colcon.colcon_core.package_identification:_identify(src) by extension 'cmake'
[0.605s] Level 1:colcon.colcon_core.package_identification:_identify(src) by extension 'python'
[0.605s] Level 1:colcon.colcon_core.package_identification:_identify(src) by extensions ['python_setup_py']
[0.605s] Level 1:colcon.colcon_core.package_identification:_identify(src) by extension 'python_setup_py'
[0.605s] Level 1:colcon.colcon_core.package_identification:_identify(src/rr_description) by extensions ['ignore', 'ignore_ament_install']
[0.606s] Level 1:colcon.colcon_core.package_identification:_identify(src/rr_description) by extension 'ignore'
[0.606s] Level 1:colcon.colcon_core.package_identification:_identify(src/rr_description) by extension 'ignore_ament_install'
[0.606s] Level 1:colcon.colcon_core.package_identification:_identify(src/rr_description) by extensions ['colcon_pkg']
[0.606s] Level 1:colcon.colcon_core.package_identification:_identify(src/rr_description) by extension 'colcon_pkg'
[0.606s] Level 1:colcon.colcon_core.package_identification:_identify(src/rr_description) by extensions ['colcon_meta']
[0.606s] Level 1:colcon.colcon_core.package_identification:_identify(src/rr_description) by extension 'colcon_meta'
[0.606s] Level 1:colcon.colcon_core.package_identification:_identify(src/rr_description) by extensions ['ros']
[0.606s] Level 1:colcon.colcon_core.package_identification:_identify(src/rr_description) by extension 'ros'
[0.611s] DEBUG:colcon.colcon_core.package_identification:Package 'src/rr_description' with type 'ros.ament_python' and name 'rr_description'
[0.611s] Level 1:colcon.colcon_core.package_identification:_identify(src/rr_msgs) by extensions ['ignore', 'ignore_ament_install']
[0.612s] Level 1:colcon.colcon_core.package_identification:_identify(src/rr_msgs) by extension 'ignore'
[0.612s] Level 1:colcon.colcon_core.package_identification:_identify(src/rr_msgs) by extension 'ignore_ament_install'
[0.612s] Level 1:colcon.colcon_core.package_identification:_identify(src/rr_msgs) by extensions ['colcon_pkg']
[0.612s] Level 1:colcon.colcon_core.package_identification:_identify(src/rr_msgs) by extension 'colcon_pkg'
[0.612s] Level 1:colcon.colcon_core.package_identification:_identify(src/rr_msgs) by extensions ['colcon_meta']
[0.612s] Level 1:colcon.colcon_core.package_identification:_identify(src/rr_msgs) by extension 'colcon_meta'
[0.612s] Level 1:colcon.colcon_core.package_identification:_identify(src/rr_msgs) by extensions ['ros']
[0.612s] Level 1:colcon.colcon_core.package_identification:_identify(src/rr_msgs) by extension 'ros'
[0.614s] DEBUG:colcon.colcon_core.package_identification:Package 'src/rr_msgs' with type 'ros.ament_cmake' and name 'rr_msgs'
[0.614s] Level 1:colcon.colcon_core.package_identification:_identify(src/rr_velocity) by extensions ['ignore', 'ignore_ament_install']
[0.614s] Level 1:colcon.colcon_core.package_identification:_identify(src/rr_velocity) by extension 'ignore'
[0.614s] Level 1:colcon.colcon_core.package_identification:_identify(src/rr_velocity) by extension 'ignore_ament_install'
[0.614s] Level 1:colcon.colcon_core.package_identification:_identify(src/rr_velocity) by extensions ['colcon_pkg']
[0.614s] Level 1:colcon.colcon_core.package_identification:_identify(src/rr_velocity) by extension 'colcon_pkg'
[0.615s] Level 1:colcon.colcon_core.package_identification:_identify(src/rr_velocity) by extensions ['colcon_meta']
[0.615s] Level 1:colcon.colcon_core.package_identification:_identify(src/rr_velocity) by extension 'colcon_meta'
[0.615s] Level 1:colcon.colcon_core.package_identification:_identify(src/rr_velocity) by extensions ['ros']
[0.615s] Level 1:colcon.colcon_core.package_identification:_identify(src/rr_velocity) by extension 'ros'
[0.616s] DEBUG:colcon.colcon_core.package_identification:Package 'src/rr_velocity' with type 'ros.ament_python' and name 'rr_velocity'
[0.616s] Level 1:colcon.colcon_core.package_discovery:discover_packages(recursive) using defaults
[0.616s] Level 1:colcon.colcon_core.package_discovery:discover_packages(ignore) discover
[0.616s] Level 1:colcon.colcon_core.package_discovery:discover_packages(ignore) using defaults
[0.616s] Level 1:colcon.colcon_core.package_discovery:discover_packages(path) discover
[0.616s] Level 1:colcon.colcon_core.package_discovery:discover_packages(path) using defaults
[0.685s] Level 1:colcon.colcon_core.package_discovery:discover_packages(prefix_path) check parameters
[0.685s] Level 1:colcon.colcon_core.package_discovery:discover_packages(prefix_path) discover
[0.687s] WARNING:colcon.colcon_ros.prefix_path.ament:The path '/home/orin/RogueRover/RR_ws/install/rr_velocity' in the environment variable AMENT_PREFIX_PATH doesn't exist
[0.687s] WARNING:colcon.colcon_ros.prefix_path.ament:The path '/home/orin/RogueRover/RR_ws/install/rr_msgs' in the environment variable AMENT_PREFIX_PATH doesn't exist
[0.687s] WARNING:colcon.colcon_ros.prefix_path.ament:The path '/home/orin/RogueRover/RR_ws/install/rr_description' in the environment variable AMENT_PREFIX_PATH doesn't exist
[0.687s] WARNING:colcon.colcon_ros.prefix_path.catkin:The path '/home/orin/RogueRover/RR_ws/install/rr_msgs' in the environment variable CMAKE_PREFIX_PATH doesn't exist
[0.689s] DEBUG:colcon.colcon_installed_package_information.package_discovery:Found 0 installed packages in /home/orin/RogueRover/RR_ws/install
[0.691s] DEBUG:colcon.colcon_installed_package_information.package_discovery:Found 271 installed packages in /opt/ros/humble
[0.694s] Level 1:colcon.colcon_core.package_discovery:discover_packages(prefix_path) using defaults
[0.770s] Level 5:colcon.colcon_core.verb:set package 'rr_description' build argument 'cmake_args' from command line to 'None'
[0.770s] Level 5:colcon.colcon_core.verb:set package 'rr_description' build argument 'cmake_target' from command line to 'None'
[0.770s] Level 5:colcon.colcon_core.verb:set package 'rr_description' build argument 'cmake_target_skip_unavailable' from command line to 'False'
[0.770s] Level 5:colcon.colcon_core.verb:set package 'rr_description' build argument 'cmake_clean_cache' from command line to 'False'
[0.770s] Level 5:colcon.colcon_core.verb:set package 'rr_description' build argument 'cmake_clean_first' from command line to 'False'
[0.770s] Level 5:colcon.colcon_core.verb:set package 'rr_description' build argument 'cmake_force_configure' from command line to 'False'
[0.770s] Level 5:colcon.colcon_core.verb:set package 'rr_description' build argument 'ament_cmake_args' from command line to 'None'
[0.770s] Level 5:colcon.colcon_core.verb:set package 'rr_description' build argument 'catkin_cmake_args' from command line to 'None'
[0.770s] Level 5:colcon.colcon_core.verb:set package 'rr_description' build argument 'catkin_skip_building_tests' from command line to 'False'
[0.770s] DEBUG:colcon.colcon_core.verb:Building package 'rr_description' with the following arguments: {'ament_cmake_args': None, 'build_base': '/home/orin/RogueRover/RR_ws/build/rr_description', 'catkin_cmake_args': None, 'catkin_skip_building_tests': False, 'cmake_args': None, 'cmake_clean_cache': False, 'cmake_clean_first': False, 'cmake_force_configure': False, 'cmake_target': None, 'cmake_target_skip_unavailable': False, 'install_base': '/home/orin/RogueRover/RR_ws/install/rr_description', 'merge_install': False, 'path': '/home/orin/RogueRover/RR_ws/src/rr_description', 'symlink_install': True, 'test_result_base': None}
[0.771s] Level 5:colcon.colcon_core.verb:set package 'rr_msgs' build argument 'cmake_args' from command line to 'None'
[0.771s] Level 5:colcon.colcon_core.verb:set package 'rr_msgs' build argument 'cmake_target' from command line to 'None'
[0.771s] Level 5:colcon.colcon_core.verb:set package 'rr_msgs' build argument 'cmake_target_skip_unavailable' from command line to 'False'
[0.771s] Level 5:colcon.colcon_core.verb:set package 'rr_msgs' build argument 'cmake_clean_cache' from command line to 'False'
[0.771s] Level 5:colcon.colcon_core.verb:set package 'rr_msgs' build argument 'cmake_clean_first' from command line to 'False'
[0.771s] Level 5:colcon.colcon_core.verb:set package 'rr_msgs' build argument 'cmake_force_configure' from command line to 'False'
[0.771s] Level 5:colcon.colcon_core.verb:set package 'rr_msgs' build argument 'ament_cmake_args' from command line to 'None'
[0.771s] Level 5:colcon.colcon_core.verb:set package 'rr_msgs' build argument 'catkin_cmake_args' from command line to 'None'
[0.771s] Level 5:colcon.colcon_core.verb:set package 'rr_msgs' build argument 'catkin_skip_building_tests' from command line to 'False'
[0.772s] DEBUG:colcon.colcon_core.verb:Building package 'rr_msgs' with the following arguments: {'ament_cmake_args': None, 'build_base': '/home/orin/RogueRover/RR_ws/build/rr_msgs', 'catkin_cmake_args': None, 'catkin_skip_building_tests': False, 'cmake_args': None, 'cmake_clean_cache': False, 'cmake_clean_first': False, 'cmake_force_configure': False, 'cmake_target': None, 'cmake_target_skip_unavailable': False, 'install_base': '/home/orin/RogueRover/RR_ws/install/rr_msgs', 'merge_install': False, 'path': '/home/orin/RogueRover/RR_ws/src/rr_msgs', 'symlink_install': True, 'test_result_base': None}
[0.772s] Level 5:colcon.colcon_core.verb:set package 'rr_velocity' build argument 'cmake_args' from command line to 'None'
[0.772s] Level 5:colcon.colcon_core.verb:set package 'rr_velocity' build argument 'cmake_target' from command line to 'None'
[0.772s] Level 5:colcon.colcon_core.verb:set package 'rr_velocity' build argument 'cmake_target_skip_unavailable' from command line to 'False'
[0.772s] Level 5:colcon.colcon_core.verb:set package 'rr_velocity' build argument 'cmake_clean_cache' from command line to 'False'
[0.772s] Level 5:colcon.colcon_core.verb:set package 'rr_velocity' build argument 'cmake_clean_first' from command line to 'False'
[0.772s] Level 5:colcon.colcon_core.verb:set package 'rr_velocity' build argument 'cmake_force_configure' from command line to 'False'
[0.772s] Level 5:colcon.colcon_core.verb:set package 'rr_velocity' build argument 'ament_cmake_args' from command line to 'None'
[0.772s] Level 5:colcon.colcon_core.verb:set package 'rr_velocity' build argument 'catkin_cmake_args' from command line to 'None'
[0.773s] Level 5:colcon.colcon_core.verb:set package 'rr_velocity' build argument 'catkin_skip_building_tests' from command line to 'False'
[0.773s] DEBUG:colcon.colcon_core.verb:Building package 'rr_velocity' with the following arguments: {'ament_cmake_args': None, 'build_base': '/home/orin/RogueRover/RR_ws/build/rr_velocity', 'catkin_cmake_args': None, 'catkin_skip_building_tests': False, 'cmake_args': None, 'cmake_clean_cache': False, 'cmake_clean_first': False, 'cmake_force_configure': False, 'cmake_target': None, 'cmake_target_skip_unavailable': False, 'install_base': '/home/orin/RogueRover/RR_ws/install/rr_velocity', 'merge_install': False, 'path': '/home/orin/RogueRover/RR_ws/src/rr_velocity', 'symlink_install': True, 'test_result_base': None}
[0.773s] INFO:colcon.colcon_core.executor:Executing jobs using 'parallel' executor
[0.775s] DEBUG:colcon.colcon_parallel_executor.executor.parallel:run_until_complete
[0.776s] INFO:colcon.colcon_ros.task.ament_cmake.build:Building ROS package in '/home/orin/RogueRover/RR_ws/src/rr_msgs' with build type 'ament_cmake'
[0.776s] INFO:colcon.colcon_cmake.task.cmake.build:Building CMake package in '/home/orin/RogueRover/RR_ws/src/rr_msgs'
[0.780s] INFO:colcon.colcon_core.plugin_system:Skipping extension 'colcon_core.shell.bat': Not used on non-Windows systems
[0.781s] INFO:colcon.colcon_core.shell:Skip shell extension 'powershell' for command environment: Not usable outside of PowerShell
[0.781s] DEBUG:colcon.colcon_core.shell:Skip shell extension 'dsv' for command environment
[0.787s] INFO:colcon.colcon_ros.task.ament_python.build:Building ROS package in '/home/orin/RogueRover/RR_ws/src/rr_description' with build type 'ament_python'
[0.787s] Level 1:colcon.colcon_core.shell:create_environment_hook('rr_description', 'ament_prefix_path')
[0.788s] INFO:colcon.colcon_core.shell:Creating environment hook '/home/orin/RogueRover/RR_ws/install/rr_description/share/rr_description/hook/ament_prefix_path.ps1'
[0.789s] INFO:colcon.colcon_core.shell:Creating environment descriptor '/home/orin/RogueRover/RR_ws/install/rr_description/share/rr_description/hook/ament_prefix_path.dsv'
[0.790s] INFO:colcon.colcon_core.shell:Creating environment hook '/home/orin/RogueRover/RR_ws/install/rr_description/share/rr_description/hook/ament_prefix_path.sh'
[0.792s] INFO:colcon.colcon_core.shell:Skip shell extension 'powershell' for command environment: Not usable outside of PowerShell
[0.792s] DEBUG:colcon.colcon_core.shell:Skip shell extension 'dsv' for command environment
[0.801s] DEBUG:colcon.colcon_core.event_handler.log_command:Invoking command in '/home/orin/RogueRover/RR_ws/build/rr_msgs': CMAKE_PREFIX_PATH=${CMAKE_PREFIX_PATH}:/home/orin/RogueRover/RR_ws/install/rr_velocity:/home/orin/RogueRover/RR_ws/install/rr_description:/opt/ros/humble /usr/bin/cmake /home/orin/RogueRover/RR_ws/src/rr_msgs -DAMENT_CMAKE_SYMLINK_INSTALL=1 -DCMAKE_INSTALL_PREFIX=/home/orin/RogueRover/RR_ws/install/rr_msgs
[1.368s] INFO:colcon.colcon_core.task.python.build:Building Python package in '/home/orin/RogueRover/RR_ws/src/rr_description'
[1.369s] INFO:colcon.colcon_core.shell:Skip shell extension 'powershell' for command environment: Not usable outside of PowerShell
[1.369s] DEBUG:colcon.colcon_core.shell:Skip shell extension 'dsv' for command environment
[2.100s] DEBUG:colcon.colcon_core.event_handler.log_command:Invoking command in '/home/orin/RogueRover/RR_ws/build/rr_description': PYTHONPATH=/home/orin/RogueRover/RR_ws/build/rr_description/prefix_override:/usr/lib/python3/dist-packages/colcon_core/task/python/colcon_distutils_commands:/home/orin/RogueRover/RR_ws/install/rr_description/lib/python3.10/site-packages:${PYTHONPATH} /usr/bin/python3 -W ignore:setup.py install is deprecated setup.py develop --editable --build-directory /home/orin/RogueRover/RR_ws/build/rr_description/build --no-deps symlink_data
[3.049s] Level 1:colcon.colcon_core.shell:create_environment_hook('rr_description', 'pythonpath_develop')
[3.050s] INFO:colcon.colcon_core.shell:Creating environment hook '/home/orin/RogueRover/RR_ws/build/rr_description/share/rr_description/hook/pythonpath_develop.ps1'
[3.051s] DEBUG:colcon.colcon_core.event_handler.log_command:Invoked command in '/home/orin/RogueRover/RR_ws/build/rr_description' returned '0': PYTHONPATH=/home/orin/RogueRover/RR_ws/build/rr_description/prefix_override:/usr/lib/python3/dist-packages/colcon_core/task/python/colcon_distutils_commands:/home/orin/RogueRover/RR_ws/install/rr_description/lib/python3.10/site-packages:${PYTHONPATH} /usr/bin/python3 -W ignore:setup.py install is deprecated setup.py develop --editable --build-directory /home/orin/RogueRover/RR_ws/build/rr_description/build --no-deps symlink_data
[3.052s] INFO:colcon.colcon_core.shell:Creating environment descriptor '/home/orin/RogueRover/RR_ws/build/rr_description/share/rr_description/hook/pythonpath_develop.dsv'
[3.054s] INFO:colcon.colcon_core.shell:Creating environment hook '/home/orin/RogueRover/RR_ws/build/rr_description/share/rr_description/hook/pythonpath_develop.sh'
[3.063s] Level 1:colcon.colcon_core.environment:checking '/home/orin/RogueRover/RR_ws/install/rr_description' for CMake module files
[3.065s] Level 1:colcon.colcon_core.environment:checking '/home/orin/RogueRover/RR_ws/install/rr_description' for CMake config files
[3.067s] Level 1:colcon.colcon_core.environment:checking '/home/orin/RogueRover/RR_ws/install/rr_description/lib'
[3.067s] Level 1:colcon.colcon_core.environment:checking '/home/orin/RogueRover/RR_ws/install/rr_description/bin'
[3.068s] Level 1:colcon.colcon_core.environment:checking '/home/orin/RogueRover/RR_ws/install/rr_description/lib/pkgconfig/rr_description.pc'
[3.068s] Level 1:colcon.colcon_core.environment:checking '/home/orin/RogueRover/RR_ws/install/rr_description/lib/python3.10/site-packages'
[3.069s] Level 1:colcon.colcon_core.shell:create_environment_hook('rr_description', 'pythonpath')
[3.069s] INFO:colcon.colcon_core.shell:Creating environment hook '/home/orin/RogueRover/RR_ws/install/rr_description/share/rr_description/hook/pythonpath.ps1'
[3.071s] INFO:colcon.colcon_core.shell:Creating environment descriptor '/home/orin/RogueRover/RR_ws/install/rr_description/share/rr_description/hook/pythonpath.dsv'
[3.072s] INFO:colcon.colcon_core.shell:Creating environment hook '/home/orin/RogueRover/RR_ws/install/rr_description/share/rr_description/hook/pythonpath.sh'
[3.074s] Level 1:colcon.colcon_core.environment:checking '/home/orin/RogueRover/RR_ws/install/rr_description/bin'
[3.074s] Level 1:colcon.colcon_core.environment:create_environment_scripts_only(rr_description)
[3.076s] INFO:colcon.colcon_core.shell:Creating package script '/home/orin/RogueRover/RR_ws/install/rr_description/share/rr_description/package.ps1'
[3.079s] INFO:colcon.colcon_core.shell:Creating package descriptor '/home/orin/RogueRover/RR_ws/install/rr_description/share/rr_description/package.dsv'
[3.081s] INFO:colcon.colcon_core.shell:Creating package script '/home/orin/RogueRover/RR_ws/install/rr_description/share/rr_description/package.sh'
[3.085s] INFO:colcon.colcon_core.shell:Creating package script '/home/orin/RogueRover/RR_ws/install/rr_description/share/rr_description/package.bash'
[3.087s] INFO:colcon.colcon_core.shell:Creating package script '/home/orin/RogueRover/RR_ws/install/rr_description/share/rr_description/package.zsh'
[3.090s] Level 1:colcon.colcon_core.environment:create_file_with_runtime_dependencies(/home/orin/RogueRover/RR_ws/install/rr_description/share/colcon-core/packages/rr_description)
[5.228s] DEBUG:colcon.colcon_core.event_handler.log_command:Invoked command in '/home/orin/RogueRover/RR_ws/build/rr_msgs' returned '0': CMAKE_PREFIX_PATH=${CMAKE_PREFIX_PATH}:/home/orin/RogueRover/RR_ws/install/rr_velocity:/home/orin/RogueRover/RR_ws/install/rr_description:/opt/ros/humble /usr/bin/cmake /home/orin/RogueRover/RR_ws/src/rr_msgs -DAMENT_CMAKE_SYMLINK_INSTALL=1 -DCMAKE_INSTALL_PREFIX=/home/orin/RogueRover/RR_ws/install/rr_msgs
[5.230s] DEBUG:colcon.colcon_core.event_handler.log_command:Invoking command in '/home/orin/RogueRover/RR_ws/build/rr_msgs': CMAKE_PREFIX_PATH=${CMAKE_PREFIX_PATH}:/home/orin/RogueRover/RR_ws/install/rr_velocity:/home/orin/RogueRover/RR_ws/install/rr_description:/opt/ros/humble /usr/bin/cmake --build /home/orin/RogueRover/RR_ws/build/rr_msgs -- -j6 -l6
[17.019s] DEBUG:colcon.colcon_core.event_handler.log_command:Invoked command in '/home/orin/RogueRover/RR_ws/build/rr_msgs' returned '0': CMAKE_PREFIX_PATH=${CMAKE_PREFIX_PATH}:/home/orin/RogueRover/RR_ws/install/rr_velocity:/home/orin/RogueRover/RR_ws/install/rr_description:/opt/ros/humble /usr/bin/cmake --build /home/orin/RogueRover/RR_ws/build/rr_msgs -- -j6 -l6
[17.396s] DEBUG:colcon.colcon_core.event_handler.log_command:Invoking command in '/home/orin/RogueRover/RR_ws/build/rr_msgs': CMAKE_PREFIX_PATH=${CMAKE_PREFIX_PATH}:/home/orin/RogueRover/RR_ws/install/rr_velocity:/home/orin/RogueRover/RR_ws/install/rr_description:/opt/ros/humble /usr/bin/cmake --install /home/orin/RogueRover/RR_ws/build/rr_msgs
[20.973s] Level 1:colcon.colcon_core.environment:create_environment_scripts_only(rr_msgs)
[20.975s] Level 1:colcon.colcon_core.environment:checking '/home/orin/RogueRover/RR_ws/install/rr_msgs' for CMake module files
[20.976s] DEBUG:colcon.colcon_core.event_handler.log_command:Invoked command in '/home/orin/RogueRover/RR_ws/build/rr_msgs' returned '0': CMAKE_PREFIX_PATH=${CMAKE_PREFIX_PATH}:/home/orin/RogueRover/RR_ws/install/rr_velocity:/home/orin/RogueRover/RR_ws/install/rr_description:/opt/ros/humble /usr/bin/cmake --install /home/orin/RogueRover/RR_ws/build/rr_msgs
[20.978s] Level 1:colcon.colcon_core.environment:checking '/home/orin/RogueRover/RR_ws/install/rr_msgs' for CMake config files
[20.980s] Level 1:colcon.colcon_core.shell:create_environment_hook('rr_msgs', 'cmake_prefix_path')
[20.981s] INFO:colcon.colcon_core.shell:Creating environment hook '/home/orin/RogueRover/RR_ws/install/rr_msgs/share/rr_msgs/hook/cmake_prefix_path.ps1'
[20.982s] INFO:colcon.colcon_core.shell:Creating environment descriptor '/home/orin/RogueRover/RR_ws/install/rr_msgs/share/rr_msgs/hook/cmake_prefix_path.dsv'
[20.984s] INFO:colcon.colcon_core.shell:Creating environment hook '/home/orin/RogueRover/RR_ws/install/rr_msgs/share/rr_msgs/hook/cmake_prefix_path.sh'
[20.986s] Level 1:colcon.colcon_core.environment:checking '/home/orin/RogueRover/RR_ws/install/rr_msgs/lib'
[20.986s] Level 1:colcon.colcon_core.shell:create_environment_hook('rr_msgs', 'ld_library_path_lib')
[20.987s] INFO:colcon.colcon_core.shell:Creating environment hook '/home/orin/RogueRover/RR_ws/install/rr_msgs/share/rr_msgs/hook/ld_library_path_lib.ps1'
[20.988s] INFO:colcon.colcon_core.shell:Creating environment descriptor '/home/orin/RogueRover/RR_ws/install/rr_msgs/share/rr_msgs/hook/ld_library_path_lib.dsv'
[20.989s] INFO:colcon.colcon_core.shell:Creating environment hook '/home/orin/RogueRover/RR_ws/install/rr_msgs/share/rr_msgs/hook/ld_library_path_lib.sh'
[20.991s] Level 1:colcon.colcon_core.environment:checking '/home/orin/RogueRover/RR_ws/install/rr_msgs/bin'
[20.991s] Level 1:colcon.colcon_core.environment:checking '/home/orin/RogueRover/RR_ws/install/rr_msgs/lib/pkgconfig/rr_msgs.pc'
[20.992s] Level 1:colcon.colcon_core.environment:checking '/home/orin/RogueRover/RR_ws/install/rr_msgs/lib/python3.10/site-packages'
[20.993s] Level 1:colcon.colcon_core.environment:checking '/home/orin/RogueRover/RR_ws/install/rr_msgs/bin'
[20.994s] INFO:colcon.colcon_core.shell:Creating package script '/home/orin/RogueRover/RR_ws/install/rr_msgs/share/rr_msgs/package.ps1'
[20.996s] INFO:colcon.colcon_core.shell:Creating package descriptor '/home/orin/RogueRover/RR_ws/install/rr_msgs/share/rr_msgs/package.dsv'
[20.998s] INFO:colcon.colcon_core.shell:Creating package script '/home/orin/RogueRover/RR_ws/install/rr_msgs/share/rr_msgs/package.sh'
[20.999s] INFO:colcon.colcon_core.shell:Creating package script '/home/orin/RogueRover/RR_ws/install/rr_msgs/share/rr_msgs/package.bash'
[21.000s] INFO:colcon.colcon_core.shell:Creating package script '/home/orin/RogueRover/RR_ws/install/rr_msgs/share/rr_msgs/package.zsh'
[21.002s] Level 1:colcon.colcon_core.environment:create_file_with_runtime_dependencies(/home/orin/RogueRover/RR_ws/install/rr_msgs/share/colcon-core/packages/rr_msgs)
[21.358s] Level 1:colcon.colcon_core.environment:create_environment_scripts_only(rr_msgs)
[21.359s] Level 1:colcon.colcon_core.environment:checking '/home/orin/RogueRover/RR_ws/install/rr_msgs' for CMake module files
[21.362s] Level 1:colcon.colcon_core.environment:checking '/home/orin/RogueRover/RR_ws/install/rr_msgs' for CMake config files
[21.363s] Level 1:colcon.colcon_core.shell:create_environment_hook('rr_msgs', 'cmake_prefix_path')
[21.364s] INFO:colcon.colcon_core.shell:Creating environment hook '/home/orin/RogueRover/RR_ws/install/rr_msgs/share/rr_msgs/hook/cmake_prefix_path.ps1'
[21.366s] INFO:colcon.colcon_core.shell:Creating environment descriptor '/home/orin/RogueRover/RR_ws/install/rr_msgs/share/rr_msgs/hook/cmake_prefix_path.dsv'
[21.367s] INFO:colcon.colcon_core.shell:Creating environment hook '/home/orin/RogueRover/RR_ws/install/rr_msgs/share/rr_msgs/hook/cmake_prefix_path.sh'
[21.369s] Level 1:colcon.colcon_core.environment:checking '/home/orin/RogueRover/RR_ws/install/rr_msgs/lib'
[21.369s] Level 1:colcon.colcon_core.shell:create_environment_hook('rr_msgs', 'ld_library_path_lib')
[21.370s] INFO:colcon.colcon_core.shell:Creating environment hook '/home/orin/RogueRover/RR_ws/install/rr_msgs/share/rr_msgs/hook/ld_library_path_lib.ps1'
[21.372s] INFO:colcon.colcon_core.shell:Creating environment descriptor '/home/orin/RogueRover/RR_ws/install/rr_msgs/share/rr_msgs/hook/ld_library_path_lib.dsv'
[21.373s] INFO:colcon.colcon_core.shell:Creating environment hook '/home/orin/RogueRover/RR_ws/install/rr_msgs/share/rr_msgs/hook/ld_library_path_lib.sh'
[21.374s] Level 1:colcon.colcon_core.environment:checking '/home/orin/RogueRover/RR_ws/install/rr_msgs/bin'
[21.375s] Level 1:colcon.colcon_core.environment:checking '/home/orin/RogueRover/RR_ws/install/rr_msgs/lib/pkgconfig/rr_msgs.pc'
[21.376s] Level 1:colcon.colcon_core.environment:checking '/home/orin/RogueRover/RR_ws/install/rr_msgs/lib/python3.10/site-packages'
[21.376s] Level 1:colcon.colcon_core.environment:checking '/home/orin/RogueRover/RR_ws/install/rr_msgs/bin'
[21.378s] INFO:colcon.colcon_core.shell:Creating package script '/home/orin/RogueRover/RR_ws/install/rr_msgs/share/rr_msgs/package.ps1'
[21.380s] INFO:colcon.colcon_core.shell:Creating package descriptor '/home/orin/RogueRover/RR_ws/install/rr_msgs/share/rr_msgs/package.dsv'
[21.382s] INFO:colcon.colcon_core.shell:Creating package script '/home/orin/RogueRover/RR_ws/install/rr_msgs/share/rr_msgs/package.sh'
[21.383s] INFO:colcon.colcon_core.shell:Creating package script '/home/orin/RogueRover/RR_ws/install/rr_msgs/share/rr_msgs/package.bash'
[21.385s] INFO:colcon.colcon_core.shell:Creating package script '/home/orin/RogueRover/RR_ws/install/rr_msgs/share/rr_msgs/package.zsh'
[21.386s] Level 1:colcon.colcon_core.environment:create_file_with_runtime_dependencies(/home/orin/RogueRover/RR_ws/install/rr_msgs/share/colcon-core/packages/rr_msgs)
[21.387s] INFO:colcon.colcon_ros.task.ament_python.build:Building ROS package in '/home/orin/RogueRover/RR_ws/src/rr_velocity' with build type 'ament_python'
[21.388s] Level 1:colcon.colcon_core.shell:create_environment_hook('rr_velocity', 'ament_prefix_path')
[21.389s] INFO:colcon.colcon_core.shell:Creating environment hook '/home/orin/RogueRover/RR_ws/install/rr_velocity/share/rr_velocity/hook/ament_prefix_path.ps1'
[21.392s] INFO:colcon.colcon_core.shell:Creating environment descriptor '/home/orin/RogueRover/RR_ws/install/rr_velocity/share/rr_velocity/hook/ament_prefix_path.dsv'
[21.393s] INFO:colcon.colcon_core.shell:Creating environment hook '/home/orin/RogueRover/RR_ws/install/rr_velocity/share/rr_velocity/hook/ament_prefix_path.sh'
[21.395s] INFO:colcon.colcon_core.shell:Skip shell extension 'powershell' for command environment: Not usable outside of PowerShell
[21.395s] DEBUG:colcon.colcon_core.shell:Skip shell extension 'dsv' for command environment
[21.963s] INFO:colcon.colcon_core.task.python.build:Building Python package in '/home/orin/RogueRover/RR_ws/src/rr_velocity'
[21.964s] INFO:colcon.colcon_core.shell:Skip shell extension 'powershell' for command environment: Not usable outside of PowerShell
[21.964s] DEBUG:colcon.colcon_core.shell:Skip shell extension 'dsv' for command environment
[22.701s] DEBUG:colcon.colcon_core.event_handler.log_command:Invoking command in '/home/orin/RogueRover/RR_ws/build/rr_velocity': LD_LIBRARY_PATH=/home/orin/RogueRover/RR_ws/install/rr_msgs/lib:/opt/ros/humble/opt/rviz_ogre_vendor/lib:/opt/ros/humble/lib/aarch64-linux-gnu:/opt/ros/humble/lib:/usr/local/cuda-12.6/lib64 PYTHONPATH=/home/orin/RogueRover/RR_ws/build/rr_velocity/prefix_override:/usr/lib/python3/dist-packages/colcon_core/task/python/colcon_distutils_commands:/home/orin/RogueRover/RR_ws/install/rr_velocity/lib/python3.10/site-packages:${PYTHONPATH} /usr/bin/python3 -W ignore:setup.py install is deprecated setup.py develop --editable --build-directory /home/orin/RogueRover/RR_ws/build/rr_velocity/build --no-deps symlink_data
[23.658s] Level 1:colcon.colcon_core.shell:create_environment_hook('rr_velocity', 'pythonpath_develop')
[23.659s] INFO:colcon.colcon_core.shell:Creating environment hook '/home/orin/RogueRover/RR_ws/build/rr_velocity/share/rr_velocity/hook/pythonpath_develop.ps1'
[23.660s] DEBUG:colcon.colcon_core.event_handler.log_command:Invoked command in '/home/orin/RogueRover/RR_ws/build/rr_velocity' returned '0': LD_LIBRARY_PATH=/home/orin/RogueRover/RR_ws/install/rr_msgs/lib:/opt/ros/humble/opt/rviz_ogre_vendor/lib:/opt/ros/humble/lib/aarch64-linux-gnu:/opt/ros/humble/lib:/usr/local/cuda-12.6/lib64 PYTHONPATH=/home/orin/RogueRover/RR_ws/build/rr_velocity/prefix_override:/usr/lib/python3/dist-packages/colcon_core/task/python/colcon_distutils_commands:/home/orin/RogueRover/RR_ws/install/rr_velocity/lib/python3.10/site-packages:${PYTHONPATH} /usr/bin/python3 -W ignore:setup.py install is deprecated setup.py develop --editable --build-directory /home/orin/RogueRover/RR_ws/build/rr_velocity/build --no-deps symlink_data
[23.662s] INFO:colcon.colcon_core.shell:Creating environment descriptor '/home/orin/RogueRover/RR_ws/build/rr_velocity/share/rr_velocity/hook/pythonpath_develop.dsv'
[23.664s] INFO:colcon.colcon_core.shell:Creating environment hook '/home/orin/RogueRover/RR_ws/build/rr_velocity/share/rr_velocity/hook/pythonpath_develop.sh'
[23.666s] Level 1:colcon.colcon_core.environment:checking '/home/orin/RogueRover/RR_ws/install/rr_velocity' for CMake module files
[23.667s] Level 1:colcon.colcon_core.environment:checking '/home/orin/RogueRover/RR_ws/install/rr_velocity' for CMake config files
[23.669s] Level 1:colcon.colcon_core.environment:checking '/home/orin/RogueRover/RR_ws/install/rr_velocity/lib'
[23.669s] Level 1:colcon.colcon_core.environment:checking '/home/orin/RogueRover/RR_ws/install/rr_velocity/bin'
[23.670s] Level 1:colcon.colcon_core.environment:checking '/home/orin/RogueRover/RR_ws/install/rr_velocity/lib/pkgconfig/rr_velocity.pc'
[23.671s] Level 1:colcon.colcon_core.environment:checking '/home/orin/RogueRover/RR_ws/install/rr_velocity/lib/python3.10/site-packages'
[23.671s] Level 1:colcon.colcon_core.shell:create_environment_hook('rr_velocity', 'pythonpath')
[23.672s] INFO:colcon.colcon_core.shell:Creating environment hook '/home/orin/RogueRover/RR_ws/install/rr_velocity/share/rr_velocity/hook/pythonpath.ps1'
[23.673s] INFO:colcon.colcon_core.shell:Creating environment descriptor '/home/orin/RogueRover/RR_ws/install/rr_velocity/share/rr_velocity/hook/pythonpath.dsv'
[23.674s] INFO:colcon.colcon_core.shell:Creating environment hook '/home/orin/RogueRover/RR_ws/install/rr_velocity/share/rr_velocity/hook/pythonpath.sh'
[23.676s] Level 1:colcon.colcon_core.environment:checking '/home/orin/RogueRover/RR_ws/install/rr_velocity/bin'
[23.676s] Level 1:colcon.colcon_core.environment:create_environment_scripts_only(rr_velocity)
[23.678s] INFO:colcon.colcon_core.shell:Creating package script '/home/orin/RogueRover/RR_ws/install/rr_velocity/share/rr_velocity/package.ps1'
[23.680s] INFO:colcon.colcon_core.shell:Creating package descriptor '/home/orin/RogueRover/RR_ws/install/rr_velocity/share/rr_velocity/package.dsv'
[23.681s] INFO:colcon.colcon_core.shell:Creating package script '/home/orin/RogueRover/RR_ws/install/rr_velocity/share/rr_velocity/package.sh'
[23.683s] INFO:colcon.colcon_core.shell:Creating package script '/home/orin/RogueRover/RR_ws/install/rr_velocity/share/rr_velocity/package.bash'
[23.684s] INFO:colcon.colcon_core.shell:Creating package script '/home/orin/RogueRover/RR_ws/install/rr_velocity/share/rr_velocity/package.zsh'
[23.685s] Level 1:colcon.colcon_core.environment:create_file_with_runtime_dependencies(/home/orin/RogueRover/RR_ws/install/rr_velocity/share/colcon-core/packages/rr_velocity)
[23.687s] DEBUG:colcon.colcon_parallel_executor.executor.parallel:closing loop
[23.688s] DEBUG:colcon.colcon_parallel_executor.executor.parallel:loop closed
[23.688s] DEBUG:colcon.colcon_parallel_executor.executor.parallel:run_until_complete finished with '0'
[23.688s] DEBUG:colcon.colcon_core.event_reactor:joining thread
[23.707s] INFO:colcon.colcon_core.plugin_system:Skipping extension 'colcon_notification.desktop_notification.terminal_notifier': Not used on non-Darwin systems
[23.707s] INFO:colcon.colcon_core.plugin_system:Skipping extension 'colcon_notification.desktop_notification.win32': Not used on non-Windows systems
[23.707s] INFO:colcon.colcon_notification.desktop_notification:Sending desktop notification using 'notify2'
[23.749s] DEBUG:colcon.colcon_core.event_reactor:joined thread
[23.750s] INFO:colcon.colcon_core.shell:Creating prefix script '/home/orin/RogueRover/RR_ws/install/local_setup.ps1'
[23.754s] INFO:colcon.colcon_core.shell:Creating prefix util module '/home/orin/RogueRover/RR_ws/install/_local_setup_util_ps1.py'
[23.760s] INFO:colcon.colcon_core.shell:Creating prefix chain script '/home/orin/RogueRover/RR_ws/install/setup.ps1'
[23.763s] INFO:colcon.colcon_core.shell:Creating prefix script '/home/orin/RogueRover/RR_ws/install/local_setup.sh'
[23.764s] INFO:colcon.colcon_core.shell:Creating prefix util module '/home/orin/RogueRover/RR_ws/install/_local_setup_util_sh.py'
[23.767s] INFO:colcon.colcon_core.shell:Creating prefix chain script '/home/orin/RogueRover/RR_ws/install/setup.sh'
[23.769s] INFO:colcon.colcon_core.shell:Creating prefix script '/home/orin/RogueRover/RR_ws/install/local_setup.bash'
[23.771s] INFO:colcon.colcon_core.shell:Creating prefix chain script '/home/orin/RogueRover/RR_ws/install/setup.bash'
[23.774s] INFO:colcon.colcon_core.shell:Creating prefix script '/home/orin/RogueRover/RR_ws/install/local_setup.zsh'
[23.775s] INFO:colcon.colcon_core.shell:Creating prefix chain script '/home/orin/RogueRover/RR_ws/install/setup.zsh'
