-- The C compiler identification is GNU 11.4.0
-- The CXX compiler identification is GNU 11.4.0
-- Detecting C compiler ABI info
-- Detecting C compiler ABI info - done
-- Check for working C compiler: /usr/bin/cc - skipped
-- Detecting C compile features
-- Detecting C compile features - done
-- Detecting CXX compiler ABI info
-- Detecting CXX compiler ABI info - done
-- Check for working CXX compiler: /usr/bin/c++ - skipped
-- Detecting CXX compile features
-- Detecting CXX compile features - done
-- Found ament_cmake: 1.3.10 (/opt/ros/humble/share/ament_cmake/cmake)
-- Found Python3: /usr/bin/python3 (found version "3.10.12") found components: Interpreter 
-- Override CMake install command with custom implementation using symlinks instead of copying resources
-- Found rosidl_default_generators: 1.2.0 (/opt/ros/humble/share/rosidl_default_generators/cmake)
-- Using all available rosidl_typesupport_c: rosidl_typesupport_fastrtps_c;rosidl_typesupport_introspection_c
-- Found rosidl_adapter: 3.1.5 (/opt/ros/humble/share/rosidl_adapter/cmake)
-- Using all available rosidl_typesupport_cpp: rosidl_typesupport_fastrtps_cpp;rosidl_typesupport_introspection_cpp
-- Found std_msgs: 4.2.4 (/opt/ros/humble/share/std_msgs/cmake)
-- Found geometry_msgs: 4.2.4 (/opt/ros/humble/share/geometry_msgs/cmake)
-- Found ament_cmake_ros: 0.10.0 (/opt/ros/humble/share/ament_cmake_ros/cmake)
-- Using all available rosidl_typesupport_c: rosidl_typesupport_fastrtps_c;rosidl_typesupport_introspection_c
-- Using all available rosidl_typesupport_cpp: rosidl_typesupport_fastrtps_cpp;rosidl_typesupport_introspection_cpp
-- Found PythonInterp: /usr/bin/python3 (found suitable version "3.10.12", minimum required is "3.6") 
-- Found python_cmake_module: 0.10.0 (/opt/ros/humble/share/python_cmake_module/cmake)
-- Found PythonLibs: /usr/lib/aarch64-linux-gnu/libpython3.10.so (found suitable version "3.10.12", minimum required is "3.5") 
-- Using PYTHON_EXECUTABLE: /usr/bin/python3
-- Using PYTHON_INCLUDE_DIRS: /usr/include/python3.10
-- Using PYTHON_LIBRARIES: /usr/lib/aarch64-linux-gnu/libpython3.10.so
-- Found PythonExtra: .so  
-- Found ament_lint_auto: 0.12.11 (/opt/ros/humble/share/ament_lint_auto/cmake)
-- Added test 'lint_cmake' to check CMake code style
-- Added test 'xmllint' to check XML markup files
-- Configuring done
-- Generating done
-- Build files have been written to: /home/orin/RogueRover/RR_ws/build/rr_msgs
[35m[1mConsolidate compiler generated dependencies of target rr_msgs__rosidl_generator_c[0m
[ 12%] Built target rr_msgs__rosidl_generator_c
[ 12%] Built target rr_msgs__cpp
[ 12%] Built target ament_cmake_python_symlink_rr_msgs
[35m[1mConsolidate compiler generated dependencies of target rr_msgs__rosidl_typesupport_c[0m
[35m[1mConsolidate compiler generated dependencies of target rr_msgs__rosidl_typesupport_introspection_c[0m
[35m[1mConsolidate compiler generated dependencies of target rr_msgs__rosidl_typesupport_cpp[0m
[35m[1mConsolidate compiler generated dependencies of target rr_msgs__rosidl_typesupport_fastrtps_c[0m
[35m[1mConsolidate compiler generated dependencies of target rr_msgs__rosidl_typesupport_fastrtps_cpp[0m
[35m[1mConsolidate compiler generated dependencies of target rr_msgs__rosidl_typesupport_introspection_cpp[0m
[ 24%] Built target rr_msgs__rosidl_typesupport_c
[ 35%] Built target rr_msgs__rosidl_typesupport_introspection_c
[ 47%] Built target rr_msgs__rosidl_typesupport_cpp
[ 58%] Built target rr_msgs__rosidl_typesupport_fastrtps_c
[ 70%] Built target rr_msgs__rosidl_typesupport_fastrtps_cpp
[ 81%] Built target rr_msgs__rosidl_typesupport_introspection_cpp
[ 81%] Built target rr_msgs
[ 82%] Built target rr_msgs__py
[35m[1mConsolidate compiler generated dependencies of target rr_msgs__rosidl_generator_py[0m
[ 93%] Built target rr_msgs__rosidl_generator_py
[35m[1mConsolidate compiler generated dependencies of target rr_msgs__rosidl_typesupport_introspection_c__pyext[0m
[35m[1mConsolidate compiler generated dependencies of target rr_msgs__rosidl_typesupport_fastrtps_c__pyext[0m
[35m[1mConsolidate compiler generated dependencies of target rr_msgs__rosidl_typesupport_c__pyext[0m
[100%] Built target rr_msgs__rosidl_typesupport_introspection_c__pyext
[100%] Built target rr_msgs__rosidl_typesupport_fastrtps_c__pyext
[100%] Built target rr_msgs__rosidl_typesupport_c__pyext
running egg_info
writing rr_msgs.egg-info/PKG-INFO
writing dependency_links to rr_msgs.egg-info/dependency_links.txt
writing top-level names to rr_msgs.egg-info/top_level.txt
reading manifest file 'rr_msgs.egg-info/SOURCES.txt'
writing manifest file 'rr_msgs.egg-info/SOURCES.txt'
[100%] Built target ament_cmake_python_build_rr_msgs_egg
-- Install configuration: ""
-- Execute custom install script
-- Up-to-date symlink: /home/orin/RogueRover/RR_ws/install/rr_msgs/share/ament_index/resource_index/rosidl_interfaces/rr_msgs
-- Up-to-date symlink: /home/orin/RogueRover/RR_ws/install/rr_msgs/include/rr_msgs/rr_msgs/msg/arm_joint.h
-- Up-to-date symlink: /home/orin/RogueRover/RR_ws/install/rr_msgs/include/rr_msgs/rr_msgs/msg/detail/arm_joint__functions.h
-- Up-to-date symlink: /home/orin/RogueRover/RR_ws/install/rr_msgs/include/rr_msgs/rr_msgs/msg/detail/arm_joint__struct.h
-- Up-to-date symlink: /home/orin/RogueRover/RR_ws/install/rr_msgs/include/rr_msgs/rr_msgs/msg/detail/arm_joint__type_support.h
-- Up-to-date symlink: /home/orin/RogueRover/RR_ws/install/rr_msgs/include/rr_msgs/rr_msgs/msg/detail/image_msg__functions.h
-- Up-to-date symlink: /home/orin/RogueRover/RR_ws/install/rr_msgs/include/rr_msgs/rr_msgs/msg/detail/image_msg__struct.h
-- Up-to-date symlink: /home/orin/RogueRover/RR_ws/install/rr_msgs/include/rr_msgs/rr_msgs/msg/detail/image_msg__type_support.h
-- Up-to-date symlink: /home/orin/RogueRover/RR_ws/install/rr_msgs/include/rr_msgs/rr_msgs/msg/detail/point_array__functions.h
-- Up-to-date symlink: /home/orin/RogueRover/RR_ws/install/rr_msgs/include/rr_msgs/rr_msgs/msg/detail/point_array__struct.h
-- Up-to-date symlink: /home/orin/RogueRover/RR_ws/install/rr_msgs/include/rr_msgs/rr_msgs/msg/detail/point_array__type_support.h
-- Up-to-date symlink: /home/orin/RogueRover/RR_ws/install/rr_msgs/include/rr_msgs/rr_msgs/msg/detail/position__functions.h
-- Up-to-date symlink: /home/orin/RogueRover/RR_ws/install/rr_msgs/include/rr_msgs/rr_msgs/msg/detail/position__struct.h
-- Up-to-date symlink: /home/orin/RogueRover/RR_ws/install/rr_msgs/include/rr_msgs/rr_msgs/msg/detail/position__type_support.h
-- Up-to-date symlink: /home/orin/RogueRover/RR_ws/install/rr_msgs/include/rr_msgs/rr_msgs/msg/detail/target__functions.h
-- Up-to-date symlink: /home/orin/RogueRover/RR_ws/install/rr_msgs/include/rr_msgs/rr_msgs/msg/detail/target__struct.h
-- Up-to-date symlink: /home/orin/RogueRover/RR_ws/install/rr_msgs/include/rr_msgs/rr_msgs/msg/detail/target__type_support.h
-- Up-to-date symlink: /home/orin/RogueRover/RR_ws/install/rr_msgs/include/rr_msgs/rr_msgs/msg/detail/target_array__functions.h
-- Up-to-date symlink: /home/orin/RogueRover/RR_ws/install/rr_msgs/include/rr_msgs/rr_msgs/msg/detail/target_array__struct.h
-- Up-to-date symlink: /home/orin/RogueRover/RR_ws/install/rr_msgs/include/rr_msgs/rr_msgs/msg/detail/target_array__type_support.h
-- Up-to-date symlink: /home/orin/RogueRover/RR_ws/install/rr_msgs/include/rr_msgs/rr_msgs/msg/image_msg.h
-- Up-to-date symlink: /home/orin/RogueRover/RR_ws/install/rr_msgs/include/rr_msgs/rr_msgs/msg/point_array.h
-- Up-to-date symlink: /home/orin/RogueRover/RR_ws/install/rr_msgs/include/rr_msgs/rr_msgs/msg/position.h
-- Up-to-date symlink: /home/orin/RogueRover/RR_ws/install/rr_msgs/include/rr_msgs/rr_msgs/msg/rosidl_generator_c__visibility_control.h
-- Up-to-date symlink: /home/orin/RogueRover/RR_ws/install/rr_msgs/include/rr_msgs/rr_msgs/msg/target.h
-- Up-to-date symlink: /home/orin/RogueRover/RR_ws/install/rr_msgs/include/rr_msgs/rr_msgs/msg/target_array.h
-- Up-to-date symlink: /home/orin/RogueRover/RR_ws/install/rr_msgs/include/rr_msgs/rr_msgs/srv/detail/kinematics__functions.h
-- Up-to-date symlink: /home/orin/RogueRover/RR_ws/install/rr_msgs/include/rr_msgs/rr_msgs/srv/detail/kinematics__struct.h
-- Up-to-date symlink: /home/orin/RogueRover/RR_ws/install/rr_msgs/include/rr_msgs/rr_msgs/srv/detail/kinematics__type_support.h
-- Up-to-date symlink: /home/orin/RogueRover/RR_ws/install/rr_msgs/include/rr_msgs/rr_msgs/srv/detail/robot_arm_array__functions.h
-- Up-to-date symlink: /home/orin/RogueRover/RR_ws/install/rr_msgs/include/rr_msgs/rr_msgs/srv/detail/robot_arm_array__struct.h
-- Up-to-date symlink: /home/orin/RogueRover/RR_ws/install/rr_msgs/include/rr_msgs/rr_msgs/srv/detail/robot_arm_array__type_support.h
-- Up-to-date symlink: /home/orin/RogueRover/RR_ws/install/rr_msgs/include/rr_msgs/rr_msgs/srv/kinematics.h
-- Up-to-date symlink: /home/orin/RogueRover/RR_ws/install/rr_msgs/include/rr_msgs/rr_msgs/srv/robot_arm_array.h
-- Up-to-date symlink: /home/orin/RogueRover/RR_ws/install/rr_msgs/share/rr_msgs/environment/library_path.sh
-- Up-to-date symlink: /home/orin/RogueRover/RR_ws/install/rr_msgs/share/rr_msgs/environment/library_path.dsv
-- Up-to-date symlink: /home/orin/RogueRover/RR_ws/install/rr_msgs/include/rr_msgs/rr_msgs/msg/detail/arm_joint__rosidl_typesupport_fastrtps_c.h
-- Up-to-date symlink: /home/orin/RogueRover/RR_ws/install/rr_msgs/include/rr_msgs/rr_msgs/msg/detail/image_msg__rosidl_typesupport_fastrtps_c.h
-- Up-to-date symlink: /home/orin/RogueRover/RR_ws/install/rr_msgs/include/rr_msgs/rr_msgs/msg/detail/point_array__rosidl_typesupport_fastrtps_c.h
-- Up-to-date symlink: /home/orin/RogueRover/RR_ws/install/rr_msgs/include/rr_msgs/rr_msgs/msg/detail/position__rosidl_typesupport_fastrtps_c.h
-- Up-to-date symlink: /home/orin/RogueRover/RR_ws/install/rr_msgs/include/rr_msgs/rr_msgs/msg/detail/target__rosidl_typesupport_fastrtps_c.h
-- Up-to-date symlink: /home/orin/RogueRover/RR_ws/install/rr_msgs/include/rr_msgs/rr_msgs/msg/detail/target_array__rosidl_typesupport_fastrtps_c.h
-- Up-to-date symlink: /home/orin/RogueRover/RR_ws/install/rr_msgs/include/rr_msgs/rr_msgs/msg/rosidl_typesupport_fastrtps_c__visibility_control.h
-- Up-to-date symlink: /home/orin/RogueRover/RR_ws/install/rr_msgs/include/rr_msgs/rr_msgs/srv/detail/kinematics__rosidl_typesupport_fastrtps_c.h
-- Up-to-date symlink: /home/orin/RogueRover/RR_ws/install/rr_msgs/include/rr_msgs/rr_msgs/srv/detail/robot_arm_array__rosidl_typesupport_fastrtps_c.h
-- Up-to-date symlink: /home/orin/RogueRover/RR_ws/install/rr_msgs/include/rr_msgs/rr_msgs/msg/detail/arm_joint__rosidl_typesupport_introspection_c.h
-- Up-to-date symlink: /home/orin/RogueRover/RR_ws/install/rr_msgs/include/rr_msgs/rr_msgs/msg/detail/image_msg__rosidl_typesupport_introspection_c.h
-- Up-to-date symlink: /home/orin/RogueRover/RR_ws/install/rr_msgs/include/rr_msgs/rr_msgs/msg/detail/point_array__rosidl_typesupport_introspection_c.h
-- Up-to-date symlink: /home/orin/RogueRover/RR_ws/install/rr_msgs/include/rr_msgs/rr_msgs/msg/detail/position__rosidl_typesupport_introspection_c.h
-- Up-to-date symlink: /home/orin/RogueRover/RR_ws/install/rr_msgs/include/rr_msgs/rr_msgs/msg/detail/target__rosidl_typesupport_introspection_c.h
-- Up-to-date symlink: /home/orin/RogueRover/RR_ws/install/rr_msgs/include/rr_msgs/rr_msgs/msg/detail/target_array__rosidl_typesupport_introspection_c.h
-- Up-to-date symlink: /home/orin/RogueRover/RR_ws/install/rr_msgs/include/rr_msgs/rr_msgs/msg/rosidl_typesupport_introspection_c__visibility_control.h
-- Up-to-date symlink: /home/orin/RogueRover/RR_ws/install/rr_msgs/include/rr_msgs/rr_msgs/srv/detail/kinematics__rosidl_typesupport_introspection_c.h
-- Up-to-date symlink: /home/orin/RogueRover/RR_ws/install/rr_msgs/include/rr_msgs/rr_msgs/srv/detail/robot_arm_array__rosidl_typesupport_introspection_c.h
-- Up-to-date symlink: /home/orin/RogueRover/RR_ws/install/rr_msgs/include/rr_msgs/rr_msgs/msg/arm_joint.hpp
-- Up-to-date symlink: /home/orin/RogueRover/RR_ws/install/rr_msgs/include/rr_msgs/rr_msgs/msg/detail/arm_joint__builder.hpp
-- Up-to-date symlink: /home/orin/RogueRover/RR_ws/install/rr_msgs/include/rr_msgs/rr_msgs/msg/detail/arm_joint__struct.hpp
-- Up-to-date symlink: /home/orin/RogueRover/RR_ws/install/rr_msgs/include/rr_msgs/rr_msgs/msg/detail/arm_joint__traits.hpp
-- Up-to-date symlink: /home/orin/RogueRover/RR_ws/install/rr_msgs/include/rr_msgs/rr_msgs/msg/detail/image_msg__builder.hpp
-- Up-to-date symlink: /home/orin/RogueRover/RR_ws/install/rr_msgs/include/rr_msgs/rr_msgs/msg/detail/image_msg__struct.hpp
-- Up-to-date symlink: /home/orin/RogueRover/RR_ws/install/rr_msgs/include/rr_msgs/rr_msgs/msg/detail/image_msg__traits.hpp
-- Up-to-date symlink: /home/orin/RogueRover/RR_ws/install/rr_msgs/include/rr_msgs/rr_msgs/msg/detail/point_array__builder.hpp
-- Up-to-date symlink: /home/orin/RogueRover/RR_ws/install/rr_msgs/include/rr_msgs/rr_msgs/msg/detail/point_array__struct.hpp
-- Up-to-date symlink: /home/orin/RogueRover/RR_ws/install/rr_msgs/include/rr_msgs/rr_msgs/msg/detail/point_array__traits.hpp
-- Up-to-date symlink: /home/orin/RogueRover/RR_ws/install/rr_msgs/include/rr_msgs/rr_msgs/msg/detail/position__builder.hpp
-- Up-to-date symlink: /home/orin/RogueRover/RR_ws/install/rr_msgs/include/rr_msgs/rr_msgs/msg/detail/position__struct.hpp
-- Up-to-date symlink: /home/orin/RogueRover/RR_ws/install/rr_msgs/include/rr_msgs/rr_msgs/msg/detail/position__traits.hpp
-- Up-to-date symlink: /home/orin/RogueRover/RR_ws/install/rr_msgs/include/rr_msgs/rr_msgs/msg/detail/target__builder.hpp
-- Up-to-date symlink: /home/orin/RogueRover/RR_ws/install/rr_msgs/include/rr_msgs/rr_msgs/msg/detail/target__struct.hpp
-- Up-to-date symlink: /home/orin/RogueRover/RR_ws/install/rr_msgs/include/rr_msgs/rr_msgs/msg/detail/target__traits.hpp
-- Up-to-date symlink: /home/orin/RogueRover/RR_ws/install/rr_msgs/include/rr_msgs/rr_msgs/msg/detail/target_array__builder.hpp
-- Up-to-date symlink: /home/orin/RogueRover/RR_ws/install/rr_msgs/include/rr_msgs/rr_msgs/msg/detail/target_array__struct.hpp
-- Up-to-date symlink: /home/orin/RogueRover/RR_ws/install/rr_msgs/include/rr_msgs/rr_msgs/msg/detail/target_array__traits.hpp
-- Up-to-date symlink: /home/orin/RogueRover/RR_ws/install/rr_msgs/include/rr_msgs/rr_msgs/msg/image_msg.hpp
-- Up-to-date symlink: /home/orin/RogueRover/RR_ws/install/rr_msgs/include/rr_msgs/rr_msgs/msg/point_array.hpp
-- Up-to-date symlink: /home/orin/RogueRover/RR_ws/install/rr_msgs/include/rr_msgs/rr_msgs/msg/position.hpp
-- Up-to-date symlink: /home/orin/RogueRover/RR_ws/install/rr_msgs/include/rr_msgs/rr_msgs/msg/target.hpp
-- Up-to-date symlink: /home/orin/RogueRover/RR_ws/install/rr_msgs/include/rr_msgs/rr_msgs/msg/target_array.hpp
-- Up-to-date symlink: /home/orin/RogueRover/RR_ws/install/rr_msgs/include/rr_msgs/rr_msgs/srv/detail/kinematics__builder.hpp
-- Up-to-date symlink: /home/orin/RogueRover/RR_ws/install/rr_msgs/include/rr_msgs/rr_msgs/srv/detail/kinematics__struct.hpp
-- Up-to-date symlink: /home/orin/RogueRover/RR_ws/install/rr_msgs/include/rr_msgs/rr_msgs/srv/detail/kinematics__traits.hpp
-- Up-to-date symlink: /home/orin/RogueRover/RR_ws/install/rr_msgs/include/rr_msgs/rr_msgs/srv/detail/robot_arm_array__builder.hpp
-- Up-to-date symlink: /home/orin/RogueRover/RR_ws/install/rr_msgs/include/rr_msgs/rr_msgs/srv/detail/robot_arm_array__struct.hpp
-- Up-to-date symlink: /home/orin/RogueRover/RR_ws/install/rr_msgs/include/rr_msgs/rr_msgs/srv/detail/robot_arm_array__traits.hpp
-- Up-to-date symlink: /home/orin/RogueRover/RR_ws/install/rr_msgs/include/rr_msgs/rr_msgs/srv/kinematics.hpp
-- Up-to-date symlink: /home/orin/RogueRover/RR_ws/install/rr_msgs/include/rr_msgs/rr_msgs/srv/robot_arm_array.hpp
-- Up-to-date symlink: /home/orin/RogueRover/RR_ws/install/rr_msgs/include/rr_msgs/rr_msgs/msg/detail/arm_joint__rosidl_typesupport_fastrtps_cpp.hpp
-- Up-to-date symlink: /home/orin/RogueRover/RR_ws/install/rr_msgs/include/rr_msgs/rr_msgs/msg/detail/image_msg__rosidl_typesupport_fastrtps_cpp.hpp
-- Up-to-date symlink: /home/orin/RogueRover/RR_ws/install/rr_msgs/include/rr_msgs/rr_msgs/msg/detail/point_array__rosidl_typesupport_fastrtps_cpp.hpp
-- Up-to-date symlink: /home/orin/RogueRover/RR_ws/install/rr_msgs/include/rr_msgs/rr_msgs/msg/detail/position__rosidl_typesupport_fastrtps_cpp.hpp
-- Up-to-date symlink: /home/orin/RogueRover/RR_ws/install/rr_msgs/include/rr_msgs/rr_msgs/msg/detail/target__rosidl_typesupport_fastrtps_cpp.hpp
-- Up-to-date symlink: /home/orin/RogueRover/RR_ws/install/rr_msgs/include/rr_msgs/rr_msgs/msg/detail/target_array__rosidl_typesupport_fastrtps_cpp.hpp
-- Up-to-date symlink: /home/orin/RogueRover/RR_ws/install/rr_msgs/include/rr_msgs/rr_msgs/msg/rosidl_typesupport_fastrtps_cpp__visibility_control.h
-- Up-to-date symlink: /home/orin/RogueRover/RR_ws/install/rr_msgs/include/rr_msgs/rr_msgs/srv/detail/kinematics__rosidl_typesupport_fastrtps_cpp.hpp
-- Up-to-date symlink: /home/orin/RogueRover/RR_ws/install/rr_msgs/include/rr_msgs/rr_msgs/srv/detail/robot_arm_array__rosidl_typesupport_fastrtps_cpp.hpp
-- Up-to-date symlink: /home/orin/RogueRover/RR_ws/install/rr_msgs/include/rr_msgs/rr_msgs/msg/detail/arm_joint__rosidl_typesupport_introspection_cpp.hpp
-- Up-to-date symlink: /home/orin/RogueRover/RR_ws/install/rr_msgs/include/rr_msgs/rr_msgs/msg/detail/image_msg__rosidl_typesupport_introspection_cpp.hpp
-- Up-to-date symlink: /home/orin/RogueRover/RR_ws/install/rr_msgs/include/rr_msgs/rr_msgs/msg/detail/point_array__rosidl_typesupport_introspection_cpp.hpp
-- Up-to-date symlink: /home/orin/RogueRover/RR_ws/install/rr_msgs/include/rr_msgs/rr_msgs/msg/detail/position__rosidl_typesupport_introspection_cpp.hpp
-- Up-to-date symlink: /home/orin/RogueRover/RR_ws/install/rr_msgs/include/rr_msgs/rr_msgs/msg/detail/target__rosidl_typesupport_introspection_cpp.hpp
-- Up-to-date symlink: /home/orin/RogueRover/RR_ws/install/rr_msgs/include/rr_msgs/rr_msgs/msg/detail/target_array__rosidl_typesupport_introspection_cpp.hpp
-- Up-to-date symlink: /home/orin/RogueRover/RR_ws/install/rr_msgs/include/rr_msgs/rr_msgs/srv/detail/kinematics__rosidl_typesupport_introspection_cpp.hpp
-- Up-to-date symlink: /home/orin/RogueRover/RR_ws/install/rr_msgs/include/rr_msgs/rr_msgs/srv/detail/robot_arm_array__rosidl_typesupport_introspection_cpp.hpp
-- Up-to-date symlink: /home/orin/RogueRover/RR_ws/install/rr_msgs/share/rr_msgs/environment/pythonpath.sh
-- Up-to-date symlink: /home/orin/RogueRover/RR_ws/install/rr_msgs/share/rr_msgs/environment/pythonpath.dsv
-- Up-to-date symlink: /home/orin/RogueRover/RR_ws/install/rr_msgs/local/lib/python3.10/dist-packages/rr_msgs-0.0.0-py3.10.egg-info/PKG-INFO
-- Up-to-date symlink: /home/orin/RogueRover/RR_ws/install/rr_msgs/local/lib/python3.10/dist-packages/rr_msgs-0.0.0-py3.10.egg-info/SOURCES.txt
-- Up-to-date symlink: /home/orin/RogueRover/RR_ws/install/rr_msgs/local/lib/python3.10/dist-packages/rr_msgs-0.0.0-py3.10.egg-info/dependency_links.txt
-- Up-to-date symlink: /home/orin/RogueRover/RR_ws/install/rr_msgs/local/lib/python3.10/dist-packages/rr_msgs-0.0.0-py3.10.egg-info/top_level.txt
-- Up-to-date symlink: /home/orin/RogueRover/RR_ws/install/rr_msgs/local/lib/python3.10/dist-packages/rr_msgs/__init__.py
-- Up-to-date symlink: /home/orin/RogueRover/RR_ws/install/rr_msgs/local/lib/python3.10/dist-packages/rr_msgs/_rr_msgs_s.ep.rosidl_typesupport_c.c
-- Up-to-date symlink: /home/orin/RogueRover/RR_ws/install/rr_msgs/local/lib/python3.10/dist-packages/rr_msgs/_rr_msgs_s.ep.rosidl_typesupport_fastrtps_c.c
-- Up-to-date symlink: /home/orin/RogueRover/RR_ws/install/rr_msgs/local/lib/python3.10/dist-packages/rr_msgs/_rr_msgs_s.ep.rosidl_typesupport_introspection_c.c
-- Up-to-date symlink: /home/orin/RogueRover/RR_ws/install/rr_msgs/local/lib/python3.10/dist-packages/rr_msgs/librr_msgs__rosidl_generator_py.so
-- Up-to-date symlink: /home/orin/RogueRover/RR_ws/install/rr_msgs/local/lib/python3.10/dist-packages/rr_msgs/msg/__init__.py
-- Up-to-date symlink: /home/orin/RogueRover/RR_ws/install/rr_msgs/local/lib/python3.10/dist-packages/rr_msgs/msg/_arm_joint.py
-- Up-to-date symlink: /home/orin/RogueRover/RR_ws/install/rr_msgs/local/lib/python3.10/dist-packages/rr_msgs/msg/_arm_joint_s.c
-- Up-to-date symlink: /home/orin/RogueRover/RR_ws/install/rr_msgs/local/lib/python3.10/dist-packages/rr_msgs/msg/_image_msg.py
-- Up-to-date symlink: /home/orin/RogueRover/RR_ws/install/rr_msgs/local/lib/python3.10/dist-packages/rr_msgs/msg/_image_msg_s.c
-- Up-to-date symlink: /home/orin/RogueRover/RR_ws/install/rr_msgs/local/lib/python3.10/dist-packages/rr_msgs/msg/_point_array.py
-- Up-to-date symlink: /home/orin/RogueRover/RR_ws/install/rr_msgs/local/lib/python3.10/dist-packages/rr_msgs/msg/_point_array_s.c
-- Up-to-date symlink: /home/orin/RogueRover/RR_ws/install/rr_msgs/local/lib/python3.10/dist-packages/rr_msgs/msg/_position.py
-- Up-to-date symlink: /home/orin/RogueRover/RR_ws/install/rr_msgs/local/lib/python3.10/dist-packages/rr_msgs/msg/_position_s.c
-- Up-to-date symlink: /home/orin/RogueRover/RR_ws/install/rr_msgs/local/lib/python3.10/dist-packages/rr_msgs/msg/_target.py
-- Up-to-date symlink: /home/orin/RogueRover/RR_ws/install/rr_msgs/local/lib/python3.10/dist-packages/rr_msgs/msg/_target_array.py
-- Up-to-date symlink: /home/orin/RogueRover/RR_ws/install/rr_msgs/local/lib/python3.10/dist-packages/rr_msgs/msg/_target_array_s.c
-- Up-to-date symlink: /home/orin/RogueRover/RR_ws/install/rr_msgs/local/lib/python3.10/dist-packages/rr_msgs/msg/_target_s.c
-- Up-to-date symlink: /home/orin/RogueRover/RR_ws/install/rr_msgs/local/lib/python3.10/dist-packages/rr_msgs/rr_msgs_s__rosidl_typesupport_c.cpython-310-aarch64-linux-gnu.so
-- Up-to-date symlink: /home/orin/RogueRover/RR_ws/install/rr_msgs/local/lib/python3.10/dist-packages/rr_msgs/rr_msgs_s__rosidl_typesupport_fastrtps_c.cpython-310-aarch64-linux-gnu.so
-- Up-to-date symlink: /home/orin/RogueRover/RR_ws/install/rr_msgs/local/lib/python3.10/dist-packages/rr_msgs/rr_msgs_s__rosidl_typesupport_introspection_c.cpython-310-aarch64-linux-gnu.so
-- Up-to-date symlink: /home/orin/RogueRover/RR_ws/install/rr_msgs/local/lib/python3.10/dist-packages/rr_msgs/srv/__init__.py
-- Up-to-date symlink: /home/orin/RogueRover/RR_ws/install/rr_msgs/local/lib/python3.10/dist-packages/rr_msgs/srv/_kinematics.py
-- Up-to-date symlink: /home/orin/RogueRover/RR_ws/install/rr_msgs/local/lib/python3.10/dist-packages/rr_msgs/srv/_kinematics_s.c
-- Up-to-date symlink: /home/orin/RogueRover/RR_ws/install/rr_msgs/local/lib/python3.10/dist-packages/rr_msgs/srv/_robot_arm_array.py
-- Up-to-date symlink: /home/orin/RogueRover/RR_ws/install/rr_msgs/local/lib/python3.10/dist-packages/rr_msgs/srv/_robot_arm_array_s.c
-- Up-to-date symlink: /home/orin/RogueRover/RR_ws/install/rr_msgs/local/lib/python3.10/dist-packages/rr_msgs/rr_msgs_s__rosidl_typesupport_fastrtps_c.cpython-310-aarch64-linux-gnu.so
-- Up-to-date symlink: /home/orin/RogueRover/RR_ws/install/rr_msgs/local/lib/python3.10/dist-packages/rr_msgs/rr_msgs_s__rosidl_typesupport_introspection_c.cpython-310-aarch64-linux-gnu.so
-- Up-to-date symlink: /home/orin/RogueRover/RR_ws/install/rr_msgs/local/lib/python3.10/dist-packages/rr_msgs/rr_msgs_s__rosidl_typesupport_c.cpython-310-aarch64-linux-gnu.so
-- Up-to-date symlink: /home/orin/RogueRover/RR_ws/install/rr_msgs/share/rr_msgs/msg/ArmJoint.idl
-- Up-to-date symlink: /home/orin/RogueRover/RR_ws/install/rr_msgs/share/rr_msgs/msg/ImageMsg.idl
-- Up-to-date symlink: /home/orin/RogueRover/RR_ws/install/rr_msgs/share/rr_msgs/msg/PointArray.idl
-- Up-to-date symlink: /home/orin/RogueRover/RR_ws/install/rr_msgs/share/rr_msgs/msg/Position.idl
-- Up-to-date symlink: /home/orin/RogueRover/RR_ws/install/rr_msgs/share/rr_msgs/msg/TargetArray.idl
-- Up-to-date symlink: /home/orin/RogueRover/RR_ws/install/rr_msgs/share/rr_msgs/msg/Target.idl
-- Up-to-date symlink: /home/orin/RogueRover/RR_ws/install/rr_msgs/share/rr_msgs/srv/Kinematics.idl
-- Up-to-date symlink: /home/orin/RogueRover/RR_ws/install/rr_msgs/share/rr_msgs/srv/RobotArmArray.idl
-- Up-to-date symlink: /home/orin/RogueRover/RR_ws/install/rr_msgs/share/rr_msgs/msg/ArmJoint.msg
-- Up-to-date symlink: /home/orin/RogueRover/RR_ws/install/rr_msgs/share/rr_msgs/msg/ImageMsg.msg
-- Up-to-date symlink: /home/orin/RogueRover/RR_ws/install/rr_msgs/share/rr_msgs/msg/PointArray.msg
-- Up-to-date symlink: /home/orin/RogueRover/RR_ws/install/rr_msgs/share/rr_msgs/msg/Position.msg
-- Up-to-date symlink: /home/orin/RogueRover/RR_ws/install/rr_msgs/share/rr_msgs/msg/TargetArray.msg
-- Up-to-date symlink: /home/orin/RogueRover/RR_ws/install/rr_msgs/share/rr_msgs/msg/Target.msg
-- Up-to-date symlink: /home/orin/RogueRover/RR_ws/install/rr_msgs/share/rr_msgs/srv/Kinematics.srv
-- Up-to-date symlink: /home/orin/RogueRover/RR_ws/install/rr_msgs/share/rr_msgs/srv/Kinematics_Request.msg
-- Up-to-date symlink: /home/orin/RogueRover/RR_ws/install/rr_msgs/share/rr_msgs/srv/Kinematics_Response.msg
-- Up-to-date symlink: /home/orin/RogueRover/RR_ws/install/rr_msgs/share/rr_msgs/srv/RobotArmArray.srv
-- Up-to-date symlink: /home/orin/RogueRover/RR_ws/install/rr_msgs/share/rr_msgs/srv/RobotArmArray_Request.msg
-- Up-to-date symlink: /home/orin/RogueRover/RR_ws/install/rr_msgs/share/rr_msgs/srv/RobotArmArray_Response.msg
-- Up-to-date symlink: /home/orin/RogueRover/RR_ws/install/rr_msgs/share/ament_index/resource_index/package_run_dependencies/rr_msgs
-- Up-to-date symlink: /home/orin/RogueRover/RR_ws/install/rr_msgs/share/ament_index/resource_index/parent_prefix_path/rr_msgs
-- Up-to-date symlink: /home/orin/RogueRover/RR_ws/install/rr_msgs/share/rr_msgs/environment/ament_prefix_path.sh
-- Up-to-date symlink: /home/orin/RogueRover/RR_ws/install/rr_msgs/share/rr_msgs/environment/ament_prefix_path.dsv
-- Up-to-date symlink: /home/orin/RogueRover/RR_ws/install/rr_msgs/share/rr_msgs/environment/path.sh
-- Up-to-date symlink: /home/orin/RogueRover/RR_ws/install/rr_msgs/share/rr_msgs/environment/path.dsv
-- Up-to-date symlink: /home/orin/RogueRover/RR_ws/install/rr_msgs/share/rr_msgs/local_setup.bash
-- Up-to-date symlink: /home/orin/RogueRover/RR_ws/install/rr_msgs/share/rr_msgs/local_setup.sh
-- Up-to-date symlink: /home/orin/RogueRover/RR_ws/install/rr_msgs/share/rr_msgs/local_setup.zsh
-- Up-to-date symlink: /home/orin/RogueRover/RR_ws/install/rr_msgs/share/rr_msgs/local_setup.dsv
-- Symlinking: /home/orin/RogueRover/RR_ws/install/rr_msgs/share/rr_msgs/package.dsv
-- Up-to-date symlink: /home/orin/RogueRover/RR_ws/install/rr_msgs/share/ament_index/resource_index/packages/rr_msgs
-- Up-to-date symlink: /home/orin/RogueRover/RR_ws/install/rr_msgs/share/rr_msgs/cmake/rosidl_cmake-extras.cmake
-- Up-to-date symlink: /home/orin/RogueRover/RR_ws/install/rr_msgs/share/rr_msgs/cmake/ament_cmake_export_dependencies-extras.cmake
-- Up-to-date symlink: /home/orin/RogueRover/RR_ws/install/rr_msgs/share/rr_msgs/cmake/ament_cmake_export_include_directories-extras.cmake
-- Up-to-date symlink: /home/orin/RogueRover/RR_ws/install/rr_msgs/share/rr_msgs/cmake/ament_cmake_export_libraries-extras.cmake
-- Up-to-date symlink: /home/orin/RogueRover/RR_ws/install/rr_msgs/share/rr_msgs/cmake/ament_cmake_export_targets-extras.cmake
-- Up-to-date symlink: /home/orin/RogueRover/RR_ws/install/rr_msgs/share/rr_msgs/cmake/rosidl_cmake_export_typesupport_targets-extras.cmake
-- Up-to-date symlink: /home/orin/RogueRover/RR_ws/install/rr_msgs/share/rr_msgs/cmake/rosidl_cmake_export_typesupport_libraries-extras.cmake
-- Up-to-date symlink: /home/orin/RogueRover/RR_ws/install/rr_msgs/share/rr_msgs/cmake/rr_msgsConfig.cmake
-- Up-to-date symlink: /home/orin/RogueRover/RR_ws/install/rr_msgs/share/rr_msgs/cmake/rr_msgsConfig-version.cmake
-- Up-to-date symlink: /home/orin/RogueRover/RR_ws/install/rr_msgs/share/rr_msgs/package.xml
-- Up-to-date: /home/orin/RogueRover/RR_ws/install/rr_msgs/lib/librr_msgs__rosidl_generator_c.so
-- Up-to-date: /home/orin/RogueRover/RR_ws/install/rr_msgs/lib/librr_msgs__rosidl_typesupport_fastrtps_c.so
-- Up-to-date: /home/orin/RogueRover/RR_ws/install/rr_msgs/lib/librr_msgs__rosidl_typesupport_introspection_c.so
-- Up-to-date: /home/orin/RogueRover/RR_ws/install/rr_msgs/lib/librr_msgs__rosidl_typesupport_c.so
-- Up-to-date: /home/orin/RogueRover/RR_ws/install/rr_msgs/lib/librr_msgs__rosidl_typesupport_fastrtps_cpp.so
-- Up-to-date: /home/orin/RogueRover/RR_ws/install/rr_msgs/lib/librr_msgs__rosidl_typesupport_introspection_cpp.so
-- Up-to-date: /home/orin/RogueRover/RR_ws/install/rr_msgs/lib/librr_msgs__rosidl_typesupport_cpp.so
Listing '/home/orin/RogueRover/RR_ws/install/rr_msgs/local/lib/python3.10/dist-packages/rr_msgs'...
Compiling '/home/orin/RogueRover/RR_ws/install/rr_msgs/local/lib/python3.10/dist-packages/rr_msgs/__init__.py'...
Listing '/home/orin/RogueRover/RR_ws/install/rr_msgs/local/lib/python3.10/dist-packages/rr_msgs/msg'...
Listing '/home/orin/RogueRover/RR_ws/install/rr_msgs/local/lib/python3.10/dist-packages/rr_msgs/srv'...
-- Up-to-date: /home/orin/RogueRover/RR_ws/install/rr_msgs/lib/librr_msgs__rosidl_generator_py.so
-- Up-to-date: /home/orin/RogueRover/RR_ws/install/rr_msgs/share/rr_msgs/cmake/export_rr_msgs__rosidl_generator_cExport.cmake
-- Up-to-date: /home/orin/RogueRover/RR_ws/install/rr_msgs/share/rr_msgs/cmake/export_rr_msgs__rosidl_generator_cExport-noconfig.cmake
-- Up-to-date: /home/orin/RogueRover/RR_ws/install/rr_msgs/share/rr_msgs/cmake/export_rr_msgs__rosidl_typesupport_fastrtps_cExport.cmake
-- Up-to-date: /home/orin/RogueRover/RR_ws/install/rr_msgs/share/rr_msgs/cmake/export_rr_msgs__rosidl_typesupport_fastrtps_cExport-noconfig.cmake
-- Up-to-date: /home/orin/RogueRover/RR_ws/install/rr_msgs/share/rr_msgs/cmake/rr_msgs__rosidl_typesupport_introspection_cExport.cmake
-- Up-to-date: /home/orin/RogueRover/RR_ws/install/rr_msgs/share/rr_msgs/cmake/rr_msgs__rosidl_typesupport_introspection_cExport-noconfig.cmake
-- Up-to-date: /home/orin/RogueRover/RR_ws/install/rr_msgs/share/rr_msgs/cmake/rr_msgs__rosidl_typesupport_cExport.cmake
-- Up-to-date: /home/orin/RogueRover/RR_ws/install/rr_msgs/share/rr_msgs/cmake/rr_msgs__rosidl_typesupport_cExport-noconfig.cmake
-- Up-to-date: /home/orin/RogueRover/RR_ws/install/rr_msgs/share/rr_msgs/cmake/export_rr_msgs__rosidl_generator_cppExport.cmake
-- Up-to-date: /home/orin/RogueRover/RR_ws/install/rr_msgs/share/rr_msgs/cmake/export_rr_msgs__rosidl_typesupport_fastrtps_cppExport.cmake
-- Up-to-date: /home/orin/RogueRover/RR_ws/install/rr_msgs/share/rr_msgs/cmake/export_rr_msgs__rosidl_typesupport_fastrtps_cppExport-noconfig.cmake
-- Up-to-date: /home/orin/RogueRover/RR_ws/install/rr_msgs/share/rr_msgs/cmake/rr_msgs__rosidl_typesupport_introspection_cppExport.cmake
-- Up-to-date: /home/orin/RogueRover/RR_ws/install/rr_msgs/share/rr_msgs/cmake/rr_msgs__rosidl_typesupport_introspection_cppExport-noconfig.cmake
-- Up-to-date: /home/orin/RogueRover/RR_ws/install/rr_msgs/share/rr_msgs/cmake/rr_msgs__rosidl_typesupport_cppExport.cmake
-- Up-to-date: /home/orin/RogueRover/RR_ws/install/rr_msgs/share/rr_msgs/cmake/rr_msgs__rosidl_typesupport_cppExport-noconfig.cmake
-- Up-to-date: /home/orin/RogueRover/RR_ws/install/rr_msgs/share/rr_msgs/cmake/export_rr_msgs__rosidl_generator_pyExport.cmake
-- Up-to-date: /home/orin/RogueRover/RR_ws/install/rr_msgs/share/rr_msgs/cmake/export_rr_msgs__rosidl_generator_pyExport-noconfig.cmake
