running develop
running egg_info
creating rr_description.egg-info
writing rr_description.egg-info/PKG-INFO
writing dependency_links to rr_description.egg-info/dependency_links.txt
writing entry points to rr_description.egg-info/entry_points.txt
writing requirements to rr_description.egg-info/requires.txt
writing top-level names to rr_description.egg-info/top_level.txt
writing manifest file 'rr_description.egg-info/SOURCES.txt'
reading manifest file 'rr_description.egg-info/SOURCES.txt'
writing manifest file 'rr_description.egg-info/SOURCES.txt'
running build_ext
Creating /home/orin/RogueRover/RR_ws/install/rr_description/lib/python3.10/site-packages/rr-description.egg-link (link to .)

Installed /home/orin/RogueRover/RR_ws/build/rr_description
running symlink_data
creating /home/orin/RogueRover/RR_ws/install/rr_description/share/ament_index
creating /home/orin/RogueRover/RR_ws/install/rr_description/share/ament_index/resource_index
creating /home/orin/RogueRover/RR_ws/install/rr_description/share/ament_index/resource_index/packages
symbolically linking /home/orin/RogueRover/RR_ws/build/rr_description/resource/rr_description -> /home/orin/RogueRover/RR_ws/install/rr_description/share/ament_index/resource_index/packages
symbolically linking /home/orin/RogueRover/RR_ws/build/rr_description/package.xml -> /home/orin/RogueRover/RR_ws/install/rr_description/share/rr_description
