-- The C compiler identification is GNU 11.4.0
-- The CXX compiler identification is GNU 11.4.0
-- Detecting C compiler ABI info
-- Detecting C compiler ABI info - done
-- Check for working C compiler: /usr/bin/cc - skipped
-- Detecting C compile features
-- Detecting C compile features - done
-- Detecting CXX compiler ABI info
-- Detecting CXX compiler ABI info - done
-- Check for working CXX compiler: /usr/bin/c++ - skipped
-- Detecting CXX compile features
-- Detecting CXX compile features - done
-- Found ament_cmake: 1.3.10 (/opt/ros/humble/share/ament_cmake/cmake)
-- Found Python3: /usr/bin/python3 (found version "3.10.12") found components: Interpreter 
-- Override CMake install command with custom implementation using symlinks instead of copying resources
-- Found rosidl_default_generators: 1.2.0 (/opt/ros/humble/share/rosidl_default_generators/cmake)
-- Using all available rosidl_typesupport_c: rosidl_typesupport_fastrtps_c;rosidl_typesupport_introspection_c
-- Found rosidl_adapter: 3.1.5 (/opt/ros/humble/share/rosidl_adapter/cmake)
-- Using all available rosidl_typesupport_cpp: rosidl_typesupport_fastrtps_cpp;rosidl_typesupport_introspection_cpp
-- Found std_msgs: 4.2.4 (/opt/ros/humble/share/std_msgs/cmake)
-- Found geometry_msgs: 4.2.4 (/opt/ros/humble/share/geometry_msgs/cmake)
-- Found ament_cmake_ros: 0.10.0 (/opt/ros/humble/share/ament_cmake_ros/cmake)
-- Using all available rosidl_typesupport_c: rosidl_typesupport_fastrtps_c;rosidl_typesupport_introspection_c
-- Using all available rosidl_typesupport_cpp: rosidl_typesupport_fastrtps_cpp;rosidl_typesupport_introspection_cpp
-- Found PythonInterp: /usr/bin/python3 (found suitable version "3.10.12", minimum required is "3.6") 
-- Found python_cmake_module: 0.10.0 (/opt/ros/humble/share/python_cmake_module/cmake)
-- Found PythonLibs: /usr/lib/aarch64-linux-gnu/libpython3.10.so (found suitable version "3.10.12", minimum required is "3.5") 
-- Using PYTHON_EXECUTABLE: /usr/bin/python3
-- Using PYTHON_INCLUDE_DIRS: /usr/include/python3.10
-- Using PYTHON_LIBRARIES: /usr/lib/aarch64-linux-gnu/libpython3.10.so
-- Found PythonExtra: .so  
-- Found ament_lint_auto: 0.12.11 (/opt/ros/humble/share/ament_lint_auto/cmake)
-- Added test 'lint_cmake' to check CMake code style
-- Added test 'xmllint' to check XML markup files
-- Configuring done
-- Generating done
-- Build files have been written to: /home/orin/RogueRover/RR_ws/build/rr_msgs
[  1%] [34m[1mGenerating C code for ROS interfaces[0m
[  2%] [34m[1mGenerating C++ code for ROS interfaces[0m
[  2%] Built target ament_cmake_python_symlink_rr_msgs
running egg_info
creating rr_msgs.egg-info
writing rr_msgs.egg-info/PKG-INFO
writing dependency_links to rr_msgs.egg-info/dependency_links.txt
writing top-level names to rr_msgs.egg-info/top_level.txt
writing manifest file 'rr_msgs.egg-info/SOURCES.txt'
reading manifest file 'rr_msgs.egg-info/SOURCES.txt'
writing manifest file 'rr_msgs.egg-info/SOURCES.txt'
[  2%] Built target ament_cmake_python_build_rr_msgs_egg
[  2%] Built target rr_msgs__cpp
[  4%] [34m[1mGenerating C++ type support dispatch for ROS interfaces[0m
[  4%] [34m[1mGenerating C++ type support for eProsima Fast-RTPS[0m
[  5%] [34m[1mGenerating C++ introspection for ROS interfaces[0m
[  9%] [32mBuilding C object CMakeFiles/rr_msgs__rosidl_generator_c.dir/rosidl_generator_c/rr_msgs/msg/detail/image_msg__functions.c.o[0m
[  9%] [32mBuilding C object CMakeFiles/rr_msgs__rosidl_generator_c.dir/rosidl_generator_c/rr_msgs/msg/detail/point_array__functions.c.o[0m
[  9%] [32mBuilding C object CMakeFiles/rr_msgs__rosidl_generator_c.dir/rosidl_generator_c/rr_msgs/msg/detail/arm_joint__functions.c.o[0m
[ 12%] [32mBuilding C object CMakeFiles/rr_msgs__rosidl_generator_c.dir/rosidl_generator_c/rr_msgs/msg/detail/position__functions.c.o[0m
[ 12%] [32mBuilding C object CMakeFiles/rr_msgs__rosidl_generator_c.dir/rosidl_generator_c/rr_msgs/msg/detail/target_array__functions.c.o[0m
[ 12%] [32mBuilding C object CMakeFiles/rr_msgs__rosidl_generator_c.dir/rosidl_generator_c/rr_msgs/msg/detail/target__functions.c.o[0m
[ 14%] [32mBuilding C object CMakeFiles/rr_msgs__rosidl_generator_c.dir/rosidl_generator_c/rr_msgs/srv/detail/kinematics__functions.c.o[0m
[ 14%] [32mBuilding C object CMakeFiles/rr_msgs__rosidl_generator_c.dir/rosidl_generator_c/rr_msgs/srv/detail/robot_arm_array__functions.c.o[0m
[ 16%] [32m[1mLinking C shared library librr_msgs__rosidl_generator_c.so[0m
[ 16%] Built target rr_msgs__rosidl_generator_c
[ 18%] [34m[1mGenerating C introspection for ROS interfaces[0m
[ 18%] [34m[1mGenerating C type support for eProsima Fast-RTPS[0m
[ 19%] [34m[1mGenerating C type support dispatch for ROS interfaces[0m
[ 20%] [32mBuilding CXX object CMakeFiles/rr_msgs__rosidl_typesupport_cpp.dir/rosidl_typesupport_cpp/rr_msgs/msg/arm_joint__type_support.cpp.o[0m
[ 21%] [32mBuilding CXX object CMakeFiles/rr_msgs__rosidl_typesupport_introspection_cpp.dir/rosidl_typesupport_introspection_cpp/rr_msgs/msg/detail/arm_joint__type_support.cpp.o[0m
[ 22%] [32mBuilding CXX object CMakeFiles/rr_msgs__rosidl_typesupport_fastrtps_cpp.dir/rosidl_typesupport_fastrtps_cpp/rr_msgs/msg/detail/dds_fastrtps/arm_joint__type_support.cpp.o[0m
[ 24%] [32mBuilding CXX object CMakeFiles/rr_msgs__rosidl_typesupport_c.dir/rosidl_typesupport_c/rr_msgs/msg/arm_joint__type_support.cpp.o[0m
[ 25%] [32mBuilding CXX object CMakeFiles/rr_msgs__rosidl_typesupport_cpp.dir/rosidl_typesupport_cpp/rr_msgs/msg/image_msg__type_support.cpp.o[0m
[ 26%] [32mBuilding CXX object CMakeFiles/rr_msgs__rosidl_typesupport_c.dir/rosidl_typesupport_c/rr_msgs/msg/image_msg__type_support.cpp.o[0m
[ 27%] [32mBuilding CXX object CMakeFiles/rr_msgs__rosidl_typesupport_c.dir/rosidl_typesupport_c/rr_msgs/msg/point_array__type_support.cpp.o[0m
[ 28%] [32mBuilding CXX object CMakeFiles/rr_msgs__rosidl_typesupport_c.dir/rosidl_typesupport_c/rr_msgs/msg/position__type_support.cpp.o[0m
[ 29%] [32mBuilding CXX object CMakeFiles/rr_msgs__rosidl_typesupport_c.dir/rosidl_typesupport_c/rr_msgs/msg/target_array__type_support.cpp.o[0m
[ 31%] [32mBuilding CXX object CMakeFiles/rr_msgs__rosidl_typesupport_c.dir/rosidl_typesupport_c/rr_msgs/msg/target__type_support.cpp.o[0m
[ 32%] [32mBuilding C object CMakeFiles/rr_msgs__rosidl_typesupport_introspection_c.dir/rosidl_typesupport_introspection_c/rr_msgs/msg/detail/arm_joint__type_support.c.o[0m
[ 33%] [32mBuilding CXX object CMakeFiles/rr_msgs__rosidl_typesupport_fastrtps_c.dir/rosidl_typesupport_fastrtps_c/rr_msgs/msg/detail/arm_joint__type_support_c.cpp.o[0m
[ 34%] [32mBuilding CXX object CMakeFiles/rr_msgs__rosidl_typesupport_c.dir/rosidl_typesupport_c/rr_msgs/srv/kinematics__type_support.cpp.o[0m
[ 35%] [32mBuilding C object CMakeFiles/rr_msgs__rosidl_typesupport_introspection_c.dir/rosidl_typesupport_introspection_c/rr_msgs/msg/detail/image_msg__type_support.c.o[0m
[ 36%] [32mBuilding CXX object CMakeFiles/rr_msgs__rosidl_typesupport_c.dir/rosidl_typesupport_c/rr_msgs/srv/robot_arm_array__type_support.cpp.o[0m
[ 37%] [32mBuilding C object CMakeFiles/rr_msgs__rosidl_typesupport_introspection_c.dir/rosidl_typesupport_introspection_c/rr_msgs/msg/detail/point_array__type_support.c.o[0m
[ 39%] [32m[1mLinking CXX shared library librr_msgs__rosidl_typesupport_c.so[0m
[ 41%] [32mBuilding C object CMakeFiles/rr_msgs__rosidl_typesupport_introspection_c.dir/rosidl_typesupport_introspection_c/rr_msgs/msg/detail/position__type_support.c.o[0m
[ 41%] [32mBuilding CXX object CMakeFiles/rr_msgs__rosidl_typesupport_cpp.dir/rosidl_typesupport_cpp/rr_msgs/msg/point_array__type_support.cpp.o[0m
[ 41%] Built target rr_msgs__rosidl_typesupport_c
[ 42%] [32mBuilding CXX object CMakeFiles/rr_msgs__rosidl_typesupport_fastrtps_cpp.dir/rosidl_typesupport_fastrtps_cpp/rr_msgs/msg/detail/dds_fastrtps/image_msg__type_support.cpp.o[0m
[ 43%] [32mBuilding C object CMakeFiles/rr_msgs__rosidl_typesupport_introspection_c.dir/rosidl_typesupport_introspection_c/rr_msgs/msg/detail/target_array__type_support.c.o[0m
[ 44%] [32mBuilding C object CMakeFiles/rr_msgs__rosidl_typesupport_introspection_c.dir/rosidl_typesupport_introspection_c/rr_msgs/msg/detail/target__type_support.c.o[0m
[ 45%] [32mBuilding CXX object CMakeFiles/rr_msgs__rosidl_typesupport_introspection_cpp.dir/rosidl_typesupport_introspection_cpp/rr_msgs/msg/detail/image_msg__type_support.cpp.o[0m
[ 47%] [32mBuilding CXX object CMakeFiles/rr_msgs__rosidl_typesupport_fastrtps_cpp.dir/rosidl_typesupport_fastrtps_cpp/rr_msgs/msg/detail/dds_fastrtps/point_array__type_support.cpp.o[0m
[ 48%] [32mBuilding C object CMakeFiles/rr_msgs__rosidl_typesupport_introspection_c.dir/rosidl_typesupport_introspection_c/rr_msgs/srv/detail/kinematics__type_support.c.o[0m
[ 49%] [32mBuilding C object CMakeFiles/rr_msgs__rosidl_typesupport_introspection_c.dir/rosidl_typesupport_introspection_c/rr_msgs/srv/detail/robot_arm_array__type_support.c.o[0m
[ 50%] [32m[1mLinking C shared library librr_msgs__rosidl_typesupport_introspection_c.so[0m
[ 50%] Built target rr_msgs__rosidl_typesupport_introspection_c
[ 51%] [32mBuilding CXX object CMakeFiles/rr_msgs__rosidl_typesupport_cpp.dir/rosidl_typesupport_cpp/rr_msgs/msg/position__type_support.cpp.o[0m
[ 52%] [32mBuilding CXX object CMakeFiles/rr_msgs__rosidl_typesupport_fastrtps_c.dir/rosidl_typesupport_fastrtps_c/rr_msgs/msg/detail/image_msg__type_support_c.cpp.o[0m
[ 54%] [32mBuilding CXX object CMakeFiles/rr_msgs__rosidl_typesupport_cpp.dir/rosidl_typesupport_cpp/rr_msgs/msg/target_array__type_support.cpp.o[0m
[ 55%] [32mBuilding CXX object CMakeFiles/rr_msgs__rosidl_typesupport_fastrtps_cpp.dir/rosidl_typesupport_fastrtps_cpp/rr_msgs/msg/detail/dds_fastrtps/position__type_support.cpp.o[0m
[ 56%] [32mBuilding CXX object CMakeFiles/rr_msgs__rosidl_typesupport_cpp.dir/rosidl_typesupport_cpp/rr_msgs/msg/target__type_support.cpp.o[0m
[ 57%] [32mBuilding CXX object CMakeFiles/rr_msgs__rosidl_typesupport_introspection_cpp.dir/rosidl_typesupport_introspection_cpp/rr_msgs/msg/detail/point_array__type_support.cpp.o[0m
[ 58%] [32mBuilding CXX object CMakeFiles/rr_msgs__rosidl_typesupport_fastrtps_cpp.dir/rosidl_typesupport_fastrtps_cpp/rr_msgs/msg/detail/dds_fastrtps/target_array__type_support.cpp.o[0m
[ 59%] [32mBuilding CXX object CMakeFiles/rr_msgs__rosidl_typesupport_cpp.dir/rosidl_typesupport_cpp/rr_msgs/srv/kinematics__type_support.cpp.o[0m
[ 60%] [32mBuilding CXX object CMakeFiles/rr_msgs__rosidl_typesupport_fastrtps_c.dir/rosidl_typesupport_fastrtps_c/rr_msgs/msg/detail/point_array__type_support_c.cpp.o[0m
[ 62%] [32mBuilding CXX object CMakeFiles/rr_msgs__rosidl_typesupport_fastrtps_c.dir/rosidl_typesupport_fastrtps_c/rr_msgs/msg/detail/position__type_support_c.cpp.o[0m
[ 63%] [32mBuilding CXX object CMakeFiles/rr_msgs__rosidl_typesupport_fastrtps_cpp.dir/rosidl_typesupport_fastrtps_cpp/rr_msgs/msg/detail/dds_fastrtps/target__type_support.cpp.o[0m
[ 64%] [32mBuilding CXX object CMakeFiles/rr_msgs__rosidl_typesupport_cpp.dir/rosidl_typesupport_cpp/rr_msgs/srv/robot_arm_array__type_support.cpp.o[0m
[ 65%] [32mBuilding CXX object CMakeFiles/rr_msgs__rosidl_typesupport_introspection_cpp.dir/rosidl_typesupport_introspection_cpp/rr_msgs/msg/detail/position__type_support.cpp.o[0m
[ 66%] [32mBuilding CXX object CMakeFiles/rr_msgs__rosidl_typesupport_fastrtps_cpp.dir/rosidl_typesupport_fastrtps_cpp/rr_msgs/srv/detail/dds_fastrtps/kinematics__type_support.cpp.o[0m
[ 67%] [32mBuilding CXX object CMakeFiles/rr_msgs__rosidl_typesupport_fastrtps_c.dir/rosidl_typesupport_fastrtps_c/rr_msgs/msg/detail/target_array__type_support_c.cpp.o[0m
[ 68%] [32mBuilding CXX object CMakeFiles/rr_msgs__rosidl_typesupport_fastrtps_c.dir/rosidl_typesupport_fastrtps_c/rr_msgs/msg/detail/target__type_support_c.cpp.o[0m
[ 70%] [32m[1mLinking CXX shared library librr_msgs__rosidl_typesupport_cpp.so[0m
[ 70%] Built target rr_msgs__rosidl_typesupport_cpp
[ 71%] [32mBuilding CXX object CMakeFiles/rr_msgs__rosidl_typesupport_fastrtps_c.dir/rosidl_typesupport_fastrtps_c/rr_msgs/srv/detail/kinematics__type_support_c.cpp.o[0m
[ 72%] [32mBuilding CXX object CMakeFiles/rr_msgs__rosidl_typesupport_fastrtps_cpp.dir/rosidl_typesupport_fastrtps_cpp/rr_msgs/srv/detail/dds_fastrtps/robot_arm_array__type_support.cpp.o[0m
[ 73%] [32mBuilding CXX object CMakeFiles/rr_msgs__rosidl_typesupport_introspection_cpp.dir/rosidl_typesupport_introspection_cpp/rr_msgs/msg/detail/target_array__type_support.cpp.o[0m
[ 74%] [32mBuilding CXX object CMakeFiles/rr_msgs__rosidl_typesupport_fastrtps_c.dir/rosidl_typesupport_fastrtps_c/rr_msgs/srv/detail/robot_arm_array__type_support_c.cpp.o[0m
[ 75%] [32mBuilding CXX object CMakeFiles/rr_msgs__rosidl_typesupport_introspection_cpp.dir/rosidl_typesupport_introspection_cpp/rr_msgs/msg/detail/target__type_support.cpp.o[0m
[ 77%] [32mBuilding CXX object CMakeFiles/rr_msgs__rosidl_typesupport_introspection_cpp.dir/rosidl_typesupport_introspection_cpp/rr_msgs/srv/detail/kinematics__type_support.cpp.o[0m
[ 78%] [32mBuilding CXX object CMakeFiles/rr_msgs__rosidl_typesupport_introspection_cpp.dir/rosidl_typesupport_introspection_cpp/rr_msgs/srv/detail/robot_arm_array__type_support.cpp.o[0m
[ 79%] [32m[1mLinking CXX shared library librr_msgs__rosidl_typesupport_fastrtps_cpp.so[0m
[ 80%] [32m[1mLinking CXX shared library librr_msgs__rosidl_typesupport_fastrtps_c.so[0m
[ 80%] Built target rr_msgs__rosidl_typesupport_fastrtps_cpp
[ 80%] Built target rr_msgs__rosidl_typesupport_fastrtps_c
[ 81%] [32m[1mLinking CXX shared library librr_msgs__rosidl_typesupport_introspection_cpp.so[0m
[ 81%] Built target rr_msgs__rosidl_typesupport_introspection_cpp
[ 81%] Built target rr_msgs
[ 82%] [34m[1mGenerating Python code for ROS interfaces[0m
[ 82%] Built target rr_msgs__py
[ 88%] [32mBuilding C object CMakeFiles/rr_msgs__rosidl_generator_py.dir/rosidl_generator_py/rr_msgs/msg/_image_msg_s.c.o[0m
[ 88%] [32mBuilding C object CMakeFiles/rr_msgs__rosidl_generator_py.dir/rosidl_generator_py/rr_msgs/msg/_point_array_s.c.o[0m
[ 88%] [32mBuilding C object CMakeFiles/rr_msgs__rosidl_generator_py.dir/rosidl_generator_py/rr_msgs/msg/_target_array_s.c.o[0m
[ 88%] [32mBuilding C object CMakeFiles/rr_msgs__rosidl_generator_py.dir/rosidl_generator_py/rr_msgs/msg/_position_s.c.o[0m
[ 88%] [32mBuilding C object CMakeFiles/rr_msgs__rosidl_generator_py.dir/rosidl_generator_py/rr_msgs/msg/_arm_joint_s.c.o[0m
[ 89%] [32mBuilding C object CMakeFiles/rr_msgs__rosidl_generator_py.dir/rosidl_generator_py/rr_msgs/msg/_target_s.c.o[0m
[ 91%] [32mBuilding C object CMakeFiles/rr_msgs__rosidl_generator_py.dir/rosidl_generator_py/rr_msgs/srv/_kinematics_s.c.o[0m
[ 91%] [32mBuilding C object CMakeFiles/rr_msgs__rosidl_generator_py.dir/rosidl_generator_py/rr_msgs/srv/_robot_arm_array_s.c.o[0m
[ 93%] [32m[1mLinking C shared library rosidl_generator_py/rr_msgs/librr_msgs__rosidl_generator_py.so[0m
[ 93%] Built target rr_msgs__rosidl_generator_py
[ 96%] [32mBuilding C object CMakeFiles/rr_msgs__rosidl_typesupport_fastrtps_c__pyext.dir/rosidl_generator_py/rr_msgs/_rr_msgs_s.ep.rosidl_typesupport_fastrtps_c.c.o[0m
[ 96%] [32mBuilding C object CMakeFiles/rr_msgs__rosidl_typesupport_c__pyext.dir/rosidl_generator_py/rr_msgs/_rr_msgs_s.ep.rosidl_typesupport_c.c.o[0m
[ 96%] [32mBuilding C object CMakeFiles/rr_msgs__rosidl_typesupport_introspection_c__pyext.dir/rosidl_generator_py/rr_msgs/_rr_msgs_s.ep.rosidl_typesupport_introspection_c.c.o[0m
[ 98%] [32m[1mLinking C shared library rosidl_generator_py/rr_msgs/rr_msgs_s__rosidl_typesupport_c.cpython-310-aarch64-linux-gnu.so[0m
[ 98%] [32m[1mLinking C shared library rosidl_generator_py/rr_msgs/rr_msgs_s__rosidl_typesupport_introspection_c.cpython-310-aarch64-linux-gnu.so[0m
[100%] [32m[1mLinking C shared library rosidl_generator_py/rr_msgs/rr_msgs_s__rosidl_typesupport_fastrtps_c.cpython-310-aarch64-linux-gnu.so[0m
[100%] Built target rr_msgs__rosidl_typesupport_fastrtps_c__pyext
[100%] Built target rr_msgs__rosidl_typesupport_introspection_c__pyext
[100%] Built target rr_msgs__rosidl_typesupport_c__pyext
-- Install configuration: ""
-- Execute custom install script
-- Symlinking: /home/orin/RogueRover/RR_ws/install/rr_msgs/share/ament_index/resource_index/rosidl_interfaces/rr_msgs
-- Symlinking: /home/orin/RogueRover/RR_ws/install/rr_msgs/include/rr_msgs/rr_msgs/msg/arm_joint.h
-- Symlinking: /home/orin/RogueRover/RR_ws/install/rr_msgs/include/rr_msgs/rr_msgs/msg/detail/arm_joint__functions.h
-- Symlinking: /home/orin/RogueRover/RR_ws/install/rr_msgs/include/rr_msgs/rr_msgs/msg/detail/arm_joint__struct.h
-- Symlinking: /home/orin/RogueRover/RR_ws/install/rr_msgs/include/rr_msgs/rr_msgs/msg/detail/arm_joint__type_support.h
-- Symlinking: /home/orin/RogueRover/RR_ws/install/rr_msgs/include/rr_msgs/rr_msgs/msg/detail/image_msg__functions.h
-- Symlinking: /home/orin/RogueRover/RR_ws/install/rr_msgs/include/rr_msgs/rr_msgs/msg/detail/image_msg__struct.h
-- Symlinking: /home/orin/RogueRover/RR_ws/install/rr_msgs/include/rr_msgs/rr_msgs/msg/detail/image_msg__type_support.h
-- Symlinking: /home/orin/RogueRover/RR_ws/install/rr_msgs/include/rr_msgs/rr_msgs/msg/detail/point_array__functions.h
-- Symlinking: /home/orin/RogueRover/RR_ws/install/rr_msgs/include/rr_msgs/rr_msgs/msg/detail/point_array__struct.h
-- Symlinking: /home/orin/RogueRover/RR_ws/install/rr_msgs/include/rr_msgs/rr_msgs/msg/detail/point_array__type_support.h
-- Symlinking: /home/orin/RogueRover/RR_ws/install/rr_msgs/include/rr_msgs/rr_msgs/msg/detail/position__functions.h
-- Symlinking: /home/orin/RogueRover/RR_ws/install/rr_msgs/include/rr_msgs/rr_msgs/msg/detail/position__struct.h
-- Symlinking: /home/orin/RogueRover/RR_ws/install/rr_msgs/include/rr_msgs/rr_msgs/msg/detail/position__type_support.h
-- Symlinking: /home/orin/RogueRover/RR_ws/install/rr_msgs/include/rr_msgs/rr_msgs/msg/detail/target__functions.h
-- Symlinking: /home/orin/RogueRover/RR_ws/install/rr_msgs/include/rr_msgs/rr_msgs/msg/detail/target__struct.h
-- Symlinking: /home/orin/RogueRover/RR_ws/install/rr_msgs/include/rr_msgs/rr_msgs/msg/detail/target__type_support.h
-- Symlinking: /home/orin/RogueRover/RR_ws/install/rr_msgs/include/rr_msgs/rr_msgs/msg/detail/target_array__functions.h
-- Symlinking: /home/orin/RogueRover/RR_ws/install/rr_msgs/include/rr_msgs/rr_msgs/msg/detail/target_array__struct.h
-- Symlinking: /home/orin/RogueRover/RR_ws/install/rr_msgs/include/rr_msgs/rr_msgs/msg/detail/target_array__type_support.h
-- Symlinking: /home/orin/RogueRover/RR_ws/install/rr_msgs/include/rr_msgs/rr_msgs/msg/image_msg.h
-- Symlinking: /home/orin/RogueRover/RR_ws/install/rr_msgs/include/rr_msgs/rr_msgs/msg/point_array.h
-- Symlinking: /home/orin/RogueRover/RR_ws/install/rr_msgs/include/rr_msgs/rr_msgs/msg/position.h
-- Symlinking: /home/orin/RogueRover/RR_ws/install/rr_msgs/include/rr_msgs/rr_msgs/msg/rosidl_generator_c__visibility_control.h
-- Symlinking: /home/orin/RogueRover/RR_ws/install/rr_msgs/include/rr_msgs/rr_msgs/msg/target.h
-- Symlinking: /home/orin/RogueRover/RR_ws/install/rr_msgs/include/rr_msgs/rr_msgs/msg/target_array.h
-- Symlinking: /home/orin/RogueRover/RR_ws/install/rr_msgs/include/rr_msgs/rr_msgs/srv/detail/kinematics__functions.h
-- Symlinking: /home/orin/RogueRover/RR_ws/install/rr_msgs/include/rr_msgs/rr_msgs/srv/detail/kinematics__struct.h
-- Symlinking: /home/orin/RogueRover/RR_ws/install/rr_msgs/include/rr_msgs/rr_msgs/srv/detail/kinematics__type_support.h
-- Symlinking: /home/orin/RogueRover/RR_ws/install/rr_msgs/include/rr_msgs/rr_msgs/srv/detail/robot_arm_array__functions.h
-- Symlinking: /home/orin/RogueRover/RR_ws/install/rr_msgs/include/rr_msgs/rr_msgs/srv/detail/robot_arm_array__struct.h
-- Symlinking: /home/orin/RogueRover/RR_ws/install/rr_msgs/include/rr_msgs/rr_msgs/srv/detail/robot_arm_array__type_support.h
-- Symlinking: /home/orin/RogueRover/RR_ws/install/rr_msgs/include/rr_msgs/rr_msgs/srv/kinematics.h
-- Symlinking: /home/orin/RogueRover/RR_ws/install/rr_msgs/include/rr_msgs/rr_msgs/srv/robot_arm_array.h
-- Symlinking: /home/orin/RogueRover/RR_ws/install/rr_msgs/share/rr_msgs/environment/library_path.sh
-- Symlinking: /home/orin/RogueRover/RR_ws/install/rr_msgs/share/rr_msgs/environment/library_path.dsv
-- Symlinking: /home/orin/RogueRover/RR_ws/install/rr_msgs/include/rr_msgs/rr_msgs/msg/detail/arm_joint__rosidl_typesupport_fastrtps_c.h
-- Symlinking: /home/orin/RogueRover/RR_ws/install/rr_msgs/include/rr_msgs/rr_msgs/msg/detail/image_msg__rosidl_typesupport_fastrtps_c.h
-- Symlinking: /home/orin/RogueRover/RR_ws/install/rr_msgs/include/rr_msgs/rr_msgs/msg/detail/point_array__rosidl_typesupport_fastrtps_c.h
-- Symlinking: /home/orin/RogueRover/RR_ws/install/rr_msgs/include/rr_msgs/rr_msgs/msg/detail/position__rosidl_typesupport_fastrtps_c.h
-- Symlinking: /home/orin/RogueRover/RR_ws/install/rr_msgs/include/rr_msgs/rr_msgs/msg/detail/target__rosidl_typesupport_fastrtps_c.h
-- Symlinking: /home/orin/RogueRover/RR_ws/install/rr_msgs/include/rr_msgs/rr_msgs/msg/detail/target_array__rosidl_typesupport_fastrtps_c.h
-- Symlinking: /home/orin/RogueRover/RR_ws/install/rr_msgs/include/rr_msgs/rr_msgs/msg/rosidl_typesupport_fastrtps_c__visibility_control.h
-- Symlinking: /home/orin/RogueRover/RR_ws/install/rr_msgs/include/rr_msgs/rr_msgs/srv/detail/kinematics__rosidl_typesupport_fastrtps_c.h
-- Symlinking: /home/orin/RogueRover/RR_ws/install/rr_msgs/include/rr_msgs/rr_msgs/srv/detail/robot_arm_array__rosidl_typesupport_fastrtps_c.h
-- Symlinking: /home/orin/RogueRover/RR_ws/install/rr_msgs/include/rr_msgs/rr_msgs/msg/detail/arm_joint__rosidl_typesupport_introspection_c.h
-- Symlinking: /home/orin/RogueRover/RR_ws/install/rr_msgs/include/rr_msgs/rr_msgs/msg/detail/image_msg__rosidl_typesupport_introspection_c.h
-- Symlinking: /home/orin/RogueRover/RR_ws/install/rr_msgs/include/rr_msgs/rr_msgs/msg/detail/point_array__rosidl_typesupport_introspection_c.h
-- Symlinking: /home/orin/RogueRover/RR_ws/install/rr_msgs/include/rr_msgs/rr_msgs/msg/detail/position__rosidl_typesupport_introspection_c.h
-- Symlinking: /home/orin/RogueRover/RR_ws/install/rr_msgs/include/rr_msgs/rr_msgs/msg/detail/target__rosidl_typesupport_introspection_c.h
-- Symlinking: /home/orin/RogueRover/RR_ws/install/rr_msgs/include/rr_msgs/rr_msgs/msg/detail/target_array__rosidl_typesupport_introspection_c.h
-- Symlinking: /home/orin/RogueRover/RR_ws/install/rr_msgs/include/rr_msgs/rr_msgs/msg/rosidl_typesupport_introspection_c__visibility_control.h
-- Symlinking: /home/orin/RogueRover/RR_ws/install/rr_msgs/include/rr_msgs/rr_msgs/srv/detail/kinematics__rosidl_typesupport_introspection_c.h
-- Symlinking: /home/orin/RogueRover/RR_ws/install/rr_msgs/include/rr_msgs/rr_msgs/srv/detail/robot_arm_array__rosidl_typesupport_introspection_c.h
-- Symlinking: /home/orin/RogueRover/RR_ws/install/rr_msgs/include/rr_msgs/rr_msgs/msg/arm_joint.hpp
-- Symlinking: /home/orin/RogueRover/RR_ws/install/rr_msgs/include/rr_msgs/rr_msgs/msg/detail/arm_joint__builder.hpp
-- Symlinking: /home/orin/RogueRover/RR_ws/install/rr_msgs/include/rr_msgs/rr_msgs/msg/detail/arm_joint__struct.hpp
-- Symlinking: /home/orin/RogueRover/RR_ws/install/rr_msgs/include/rr_msgs/rr_msgs/msg/detail/arm_joint__traits.hpp
-- Symlinking: /home/orin/RogueRover/RR_ws/install/rr_msgs/include/rr_msgs/rr_msgs/msg/detail/image_msg__builder.hpp
-- Symlinking: /home/orin/RogueRover/RR_ws/install/rr_msgs/include/rr_msgs/rr_msgs/msg/detail/image_msg__struct.hpp
-- Symlinking: /home/orin/RogueRover/RR_ws/install/rr_msgs/include/rr_msgs/rr_msgs/msg/detail/image_msg__traits.hpp
-- Symlinking: /home/orin/RogueRover/RR_ws/install/rr_msgs/include/rr_msgs/rr_msgs/msg/detail/point_array__builder.hpp
-- Symlinking: /home/orin/RogueRover/RR_ws/install/rr_msgs/include/rr_msgs/rr_msgs/msg/detail/point_array__struct.hpp
-- Symlinking: /home/orin/RogueRover/RR_ws/install/rr_msgs/include/rr_msgs/rr_msgs/msg/detail/point_array__traits.hpp
-- Symlinking: /home/orin/RogueRover/RR_ws/install/rr_msgs/include/rr_msgs/rr_msgs/msg/detail/position__builder.hpp
-- Symlinking: /home/orin/RogueRover/RR_ws/install/rr_msgs/include/rr_msgs/rr_msgs/msg/detail/position__struct.hpp
-- Symlinking: /home/orin/RogueRover/RR_ws/install/rr_msgs/include/rr_msgs/rr_msgs/msg/detail/position__traits.hpp
-- Symlinking: /home/orin/RogueRover/RR_ws/install/rr_msgs/include/rr_msgs/rr_msgs/msg/detail/target__builder.hpp
-- Symlinking: /home/orin/RogueRover/RR_ws/install/rr_msgs/include/rr_msgs/rr_msgs/msg/detail/target__struct.hpp
-- Symlinking: /home/orin/RogueRover/RR_ws/install/rr_msgs/include/rr_msgs/rr_msgs/msg/detail/target__traits.hpp
-- Symlinking: /home/orin/RogueRover/RR_ws/install/rr_msgs/include/rr_msgs/rr_msgs/msg/detail/target_array__builder.hpp
-- Symlinking: /home/orin/RogueRover/RR_ws/install/rr_msgs/include/rr_msgs/rr_msgs/msg/detail/target_array__struct.hpp
-- Symlinking: /home/orin/RogueRover/RR_ws/install/rr_msgs/include/rr_msgs/rr_msgs/msg/detail/target_array__traits.hpp
-- Symlinking: /home/orin/RogueRover/RR_ws/install/rr_msgs/include/rr_msgs/rr_msgs/msg/image_msg.hpp
-- Symlinking: /home/orin/RogueRover/RR_ws/install/rr_msgs/include/rr_msgs/rr_msgs/msg/point_array.hpp
-- Symlinking: /home/orin/RogueRover/RR_ws/install/rr_msgs/include/rr_msgs/rr_msgs/msg/position.hpp
-- Symlinking: /home/orin/RogueRover/RR_ws/install/rr_msgs/include/rr_msgs/rr_msgs/msg/target.hpp
-- Symlinking: /home/orin/RogueRover/RR_ws/install/rr_msgs/include/rr_msgs/rr_msgs/msg/target_array.hpp
-- Symlinking: /home/orin/RogueRover/RR_ws/install/rr_msgs/include/rr_msgs/rr_msgs/srv/detail/kinematics__builder.hpp
-- Symlinking: /home/orin/RogueRover/RR_ws/install/rr_msgs/include/rr_msgs/rr_msgs/srv/detail/kinematics__struct.hpp
-- Symlinking: /home/orin/RogueRover/RR_ws/install/rr_msgs/include/rr_msgs/rr_msgs/srv/detail/kinematics__traits.hpp
-- Symlinking: /home/orin/RogueRover/RR_ws/install/rr_msgs/include/rr_msgs/rr_msgs/srv/detail/robot_arm_array__builder.hpp
-- Symlinking: /home/orin/RogueRover/RR_ws/install/rr_msgs/include/rr_msgs/rr_msgs/srv/detail/robot_arm_array__struct.hpp
-- Symlinking: /home/orin/RogueRover/RR_ws/install/rr_msgs/include/rr_msgs/rr_msgs/srv/detail/robot_arm_array__traits.hpp
-- Symlinking: /home/orin/RogueRover/RR_ws/install/rr_msgs/include/rr_msgs/rr_msgs/srv/kinematics.hpp
-- Symlinking: /home/orin/RogueRover/RR_ws/install/rr_msgs/include/rr_msgs/rr_msgs/srv/robot_arm_array.hpp
-- Symlinking: /home/orin/RogueRover/RR_ws/install/rr_msgs/include/rr_msgs/rr_msgs/msg/detail/arm_joint__rosidl_typesupport_fastrtps_cpp.hpp
-- Symlinking: /home/orin/RogueRover/RR_ws/install/rr_msgs/include/rr_msgs/rr_msgs/msg/detail/image_msg__rosidl_typesupport_fastrtps_cpp.hpp
-- Symlinking: /home/orin/RogueRover/RR_ws/install/rr_msgs/include/rr_msgs/rr_msgs/msg/detail/point_array__rosidl_typesupport_fastrtps_cpp.hpp
-- Symlinking: /home/orin/RogueRover/RR_ws/install/rr_msgs/include/rr_msgs/rr_msgs/msg/detail/position__rosidl_typesupport_fastrtps_cpp.hpp
-- Symlinking: /home/orin/RogueRover/RR_ws/install/rr_msgs/include/rr_msgs/rr_msgs/msg/detail/target__rosidl_typesupport_fastrtps_cpp.hpp
-- Symlinking: /home/orin/RogueRover/RR_ws/install/rr_msgs/include/rr_msgs/rr_msgs/msg/detail/target_array__rosidl_typesupport_fastrtps_cpp.hpp
-- Symlinking: /home/orin/RogueRover/RR_ws/install/rr_msgs/include/rr_msgs/rr_msgs/msg/rosidl_typesupport_fastrtps_cpp__visibility_control.h
-- Symlinking: /home/orin/RogueRover/RR_ws/install/rr_msgs/include/rr_msgs/rr_msgs/srv/detail/kinematics__rosidl_typesupport_fastrtps_cpp.hpp
-- Symlinking: /home/orin/RogueRover/RR_ws/install/rr_msgs/include/rr_msgs/rr_msgs/srv/detail/robot_arm_array__rosidl_typesupport_fastrtps_cpp.hpp
-- Symlinking: /home/orin/RogueRover/RR_ws/install/rr_msgs/include/rr_msgs/rr_msgs/msg/detail/arm_joint__rosidl_typesupport_introspection_cpp.hpp
-- Symlinking: /home/orin/RogueRover/RR_ws/install/rr_msgs/include/rr_msgs/rr_msgs/msg/detail/image_msg__rosidl_typesupport_introspection_cpp.hpp
-- Symlinking: /home/orin/RogueRover/RR_ws/install/rr_msgs/include/rr_msgs/rr_msgs/msg/detail/point_array__rosidl_typesupport_introspection_cpp.hpp
-- Symlinking: /home/orin/RogueRover/RR_ws/install/rr_msgs/include/rr_msgs/rr_msgs/msg/detail/position__rosidl_typesupport_introspection_cpp.hpp
-- Symlinking: /home/orin/RogueRover/RR_ws/install/rr_msgs/include/rr_msgs/rr_msgs/msg/detail/target__rosidl_typesupport_introspection_cpp.hpp
-- Symlinking: /home/orin/RogueRover/RR_ws/install/rr_msgs/include/rr_msgs/rr_msgs/msg/detail/target_array__rosidl_typesupport_introspection_cpp.hpp
-- Symlinking: /home/orin/RogueRover/RR_ws/install/rr_msgs/include/rr_msgs/rr_msgs/srv/detail/kinematics__rosidl_typesupport_introspection_cpp.hpp
-- Symlinking: /home/orin/RogueRover/RR_ws/install/rr_msgs/include/rr_msgs/rr_msgs/srv/detail/robot_arm_array__rosidl_typesupport_introspection_cpp.hpp
-- Symlinking: /home/orin/RogueRover/RR_ws/install/rr_msgs/share/rr_msgs/environment/pythonpath.sh
-- Symlinking: /home/orin/RogueRover/RR_ws/install/rr_msgs/share/rr_msgs/environment/pythonpath.dsv
-- Symlinking: /home/orin/RogueRover/RR_ws/install/rr_msgs/local/lib/python3.10/dist-packages/rr_msgs-0.0.0-py3.10.egg-info/PKG-INFO
-- Symlinking: /home/orin/RogueRover/RR_ws/install/rr_msgs/local/lib/python3.10/dist-packages/rr_msgs-0.0.0-py3.10.egg-info/SOURCES.txt
-- Symlinking: /home/orin/RogueRover/RR_ws/install/rr_msgs/local/lib/python3.10/dist-packages/rr_msgs-0.0.0-py3.10.egg-info/dependency_links.txt
-- Symlinking: /home/orin/RogueRover/RR_ws/install/rr_msgs/local/lib/python3.10/dist-packages/rr_msgs-0.0.0-py3.10.egg-info/top_level.txt
-- Symlinking: /home/orin/RogueRover/RR_ws/install/rr_msgs/local/lib/python3.10/dist-packages/rr_msgs/__init__.py
-- Symlinking: /home/orin/RogueRover/RR_ws/install/rr_msgs/local/lib/python3.10/dist-packages/rr_msgs/_rr_msgs_s.ep.rosidl_typesupport_c.c
-- Symlinking: /home/orin/RogueRover/RR_ws/install/rr_msgs/local/lib/python3.10/dist-packages/rr_msgs/_rr_msgs_s.ep.rosidl_typesupport_fastrtps_c.c
-- Symlinking: /home/orin/RogueRover/RR_ws/install/rr_msgs/local/lib/python3.10/dist-packages/rr_msgs/_rr_msgs_s.ep.rosidl_typesupport_introspection_c.c
-- Symlinking: /home/orin/RogueRover/RR_ws/install/rr_msgs/local/lib/python3.10/dist-packages/rr_msgs/librr_msgs__rosidl_generator_py.so
-- Symlinking: /home/orin/RogueRover/RR_ws/install/rr_msgs/local/lib/python3.10/dist-packages/rr_msgs/msg/__init__.py
-- Symlinking: /home/orin/RogueRover/RR_ws/install/rr_msgs/local/lib/python3.10/dist-packages/rr_msgs/msg/_arm_joint.py
-- Symlinking: /home/orin/RogueRover/RR_ws/install/rr_msgs/local/lib/python3.10/dist-packages/rr_msgs/msg/_arm_joint_s.c
-- Symlinking: /home/orin/RogueRover/RR_ws/install/rr_msgs/local/lib/python3.10/dist-packages/rr_msgs/msg/_image_msg.py
-- Symlinking: /home/orin/RogueRover/RR_ws/install/rr_msgs/local/lib/python3.10/dist-packages/rr_msgs/msg/_image_msg_s.c
-- Symlinking: /home/orin/RogueRover/RR_ws/install/rr_msgs/local/lib/python3.10/dist-packages/rr_msgs/msg/_point_array.py
-- Symlinking: /home/orin/RogueRover/RR_ws/install/rr_msgs/local/lib/python3.10/dist-packages/rr_msgs/msg/_point_array_s.c
-- Symlinking: /home/orin/RogueRover/RR_ws/install/rr_msgs/local/lib/python3.10/dist-packages/rr_msgs/msg/_position.py
-- Symlinking: /home/orin/RogueRover/RR_ws/install/rr_msgs/local/lib/python3.10/dist-packages/rr_msgs/msg/_position_s.c
-- Symlinking: /home/orin/RogueRover/RR_ws/install/rr_msgs/local/lib/python3.10/dist-packages/rr_msgs/msg/_target.py
-- Symlinking: /home/orin/RogueRover/RR_ws/install/rr_msgs/local/lib/python3.10/dist-packages/rr_msgs/msg/_target_array.py
-- Symlinking: /home/orin/RogueRover/RR_ws/install/rr_msgs/local/lib/python3.10/dist-packages/rr_msgs/msg/_target_array_s.c
-- Symlinking: /home/orin/RogueRover/RR_ws/install/rr_msgs/local/lib/python3.10/dist-packages/rr_msgs/msg/_target_s.c
-- Symlinking: /home/orin/RogueRover/RR_ws/install/rr_msgs/local/lib/python3.10/dist-packages/rr_msgs/rr_msgs_s__rosidl_typesupport_c.cpython-310-aarch64-linux-gnu.so
-- Symlinking: /home/orin/RogueRover/RR_ws/install/rr_msgs/local/lib/python3.10/dist-packages/rr_msgs/rr_msgs_s__rosidl_typesupport_fastrtps_c.cpython-310-aarch64-linux-gnu.so
-- Symlinking: /home/orin/RogueRover/RR_ws/install/rr_msgs/local/lib/python3.10/dist-packages/rr_msgs/rr_msgs_s__rosidl_typesupport_introspection_c.cpython-310-aarch64-linux-gnu.so
-- Symlinking: /home/orin/RogueRover/RR_ws/install/rr_msgs/local/lib/python3.10/dist-packages/rr_msgs/srv/__init__.py
-- Symlinking: /home/orin/RogueRover/RR_ws/install/rr_msgs/local/lib/python3.10/dist-packages/rr_msgs/srv/_kinematics.py
-- Symlinking: /home/orin/RogueRover/RR_ws/install/rr_msgs/local/lib/python3.10/dist-packages/rr_msgs/srv/_kinematics_s.c
-- Symlinking: /home/orin/RogueRover/RR_ws/install/rr_msgs/local/lib/python3.10/dist-packages/rr_msgs/srv/_robot_arm_array.py
-- Symlinking: /home/orin/RogueRover/RR_ws/install/rr_msgs/local/lib/python3.10/dist-packages/rr_msgs/srv/_robot_arm_array_s.c
-- Up-to-date symlink: /home/orin/RogueRover/RR_ws/install/rr_msgs/local/lib/python3.10/dist-packages/rr_msgs/rr_msgs_s__rosidl_typesupport_fastrtps_c.cpython-310-aarch64-linux-gnu.so
-- Up-to-date symlink: /home/orin/RogueRover/RR_ws/install/rr_msgs/local/lib/python3.10/dist-packages/rr_msgs/rr_msgs_s__rosidl_typesupport_introspection_c.cpython-310-aarch64-linux-gnu.so
-- Up-to-date symlink: /home/orin/RogueRover/RR_ws/install/rr_msgs/local/lib/python3.10/dist-packages/rr_msgs/rr_msgs_s__rosidl_typesupport_c.cpython-310-aarch64-linux-gnu.so
-- Symlinking: /home/orin/RogueRover/RR_ws/install/rr_msgs/share/rr_msgs/msg/ArmJoint.idl
-- Symlinking: /home/orin/RogueRover/RR_ws/install/rr_msgs/share/rr_msgs/msg/ImageMsg.idl
-- Symlinking: /home/orin/RogueRover/RR_ws/install/rr_msgs/share/rr_msgs/msg/PointArray.idl
-- Symlinking: /home/orin/RogueRover/RR_ws/install/rr_msgs/share/rr_msgs/msg/Position.idl
-- Symlinking: /home/orin/RogueRover/RR_ws/install/rr_msgs/share/rr_msgs/msg/TargetArray.idl
-- Symlinking: /home/orin/RogueRover/RR_ws/install/rr_msgs/share/rr_msgs/msg/Target.idl
-- Symlinking: /home/orin/RogueRover/RR_ws/install/rr_msgs/share/rr_msgs/srv/Kinematics.idl
-- Symlinking: /home/orin/RogueRover/RR_ws/install/rr_msgs/share/rr_msgs/srv/RobotArmArray.idl
-- Symlinking: /home/orin/RogueRover/RR_ws/install/rr_msgs/share/rr_msgs/msg/ArmJoint.msg
-- Symlinking: /home/orin/RogueRover/RR_ws/install/rr_msgs/share/rr_msgs/msg/ImageMsg.msg
-- Symlinking: /home/orin/RogueRover/RR_ws/install/rr_msgs/share/rr_msgs/msg/PointArray.msg
-- Symlinking: /home/orin/RogueRover/RR_ws/install/rr_msgs/share/rr_msgs/msg/Position.msg
-- Symlinking: /home/orin/RogueRover/RR_ws/install/rr_msgs/share/rr_msgs/msg/TargetArray.msg
-- Symlinking: /home/orin/RogueRover/RR_ws/install/rr_msgs/share/rr_msgs/msg/Target.msg
-- Symlinking: /home/orin/RogueRover/RR_ws/install/rr_msgs/share/rr_msgs/srv/Kinematics.srv
-- Symlinking: /home/orin/RogueRover/RR_ws/install/rr_msgs/share/rr_msgs/srv/Kinematics_Request.msg
-- Symlinking: /home/orin/RogueRover/RR_ws/install/rr_msgs/share/rr_msgs/srv/Kinematics_Response.msg
-- Symlinking: /home/orin/RogueRover/RR_ws/install/rr_msgs/share/rr_msgs/srv/RobotArmArray.srv
-- Symlinking: /home/orin/RogueRover/RR_ws/install/rr_msgs/share/rr_msgs/srv/RobotArmArray_Request.msg
-- Symlinking: /home/orin/RogueRover/RR_ws/install/rr_msgs/share/rr_msgs/srv/RobotArmArray_Response.msg
-- Symlinking: /home/orin/RogueRover/RR_ws/install/rr_msgs/share/ament_index/resource_index/package_run_dependencies/rr_msgs
-- Symlinking: /home/orin/RogueRover/RR_ws/install/rr_msgs/share/ament_index/resource_index/parent_prefix_path/rr_msgs
-- Symlinking: /home/orin/RogueRover/RR_ws/install/rr_msgs/share/rr_msgs/environment/ament_prefix_path.sh
-- Symlinking: /home/orin/RogueRover/RR_ws/install/rr_msgs/share/rr_msgs/environment/ament_prefix_path.dsv
-- Symlinking: /home/orin/RogueRover/RR_ws/install/rr_msgs/share/rr_msgs/environment/path.sh
-- Symlinking: /home/orin/RogueRover/RR_ws/install/rr_msgs/share/rr_msgs/environment/path.dsv
-- Symlinking: /home/orin/RogueRover/RR_ws/install/rr_msgs/share/rr_msgs/local_setup.bash
-- Symlinking: /home/orin/RogueRover/RR_ws/install/rr_msgs/share/rr_msgs/local_setup.sh
-- Symlinking: /home/orin/RogueRover/RR_ws/install/rr_msgs/share/rr_msgs/local_setup.zsh
-- Symlinking: /home/orin/RogueRover/RR_ws/install/rr_msgs/share/rr_msgs/local_setup.dsv
-- Symlinking: /home/orin/RogueRover/RR_ws/install/rr_msgs/share/rr_msgs/package.dsv
-- Symlinking: /home/orin/RogueRover/RR_ws/install/rr_msgs/share/ament_index/resource_index/packages/rr_msgs
-- Symlinking: /home/orin/RogueRover/RR_ws/install/rr_msgs/share/rr_msgs/cmake/rosidl_cmake-extras.cmake
-- Symlinking: /home/orin/RogueRover/RR_ws/install/rr_msgs/share/rr_msgs/cmake/ament_cmake_export_dependencies-extras.cmake
-- Symlinking: /home/orin/RogueRover/RR_ws/install/rr_msgs/share/rr_msgs/cmake/ament_cmake_export_include_directories-extras.cmake
-- Symlinking: /home/orin/RogueRover/RR_ws/install/rr_msgs/share/rr_msgs/cmake/ament_cmake_export_libraries-extras.cmake
-- Symlinking: /home/orin/RogueRover/RR_ws/install/rr_msgs/share/rr_msgs/cmake/ament_cmake_export_targets-extras.cmake
-- Symlinking: /home/orin/RogueRover/RR_ws/install/rr_msgs/share/rr_msgs/cmake/rosidl_cmake_export_typesupport_targets-extras.cmake
-- Symlinking: /home/orin/RogueRover/RR_ws/install/rr_msgs/share/rr_msgs/cmake/rosidl_cmake_export_typesupport_libraries-extras.cmake
-- Symlinking: /home/orin/RogueRover/RR_ws/install/rr_msgs/share/rr_msgs/cmake/rr_msgsConfig.cmake
-- Symlinking: /home/orin/RogueRover/RR_ws/install/rr_msgs/share/rr_msgs/cmake/rr_msgsConfig-version.cmake
-- Symlinking: /home/orin/RogueRover/RR_ws/install/rr_msgs/share/rr_msgs/package.xml
-- Installing: /home/orin/RogueRover/RR_ws/install/rr_msgs/lib/librr_msgs__rosidl_generator_c.so
-- Set runtime path of "/home/orin/RogueRover/RR_ws/install/rr_msgs/lib/librr_msgs__rosidl_generator_c.so" to ""
-- Installing: /home/orin/RogueRover/RR_ws/install/rr_msgs/lib/librr_msgs__rosidl_typesupport_fastrtps_c.so
-- Set runtime path of "/home/orin/RogueRover/RR_ws/install/rr_msgs/lib/librr_msgs__rosidl_typesupport_fastrtps_c.so" to ""
-- Installing: /home/orin/RogueRover/RR_ws/install/rr_msgs/lib/librr_msgs__rosidl_typesupport_introspection_c.so
-- Set runtime path of "/home/orin/RogueRover/RR_ws/install/rr_msgs/lib/librr_msgs__rosidl_typesupport_introspection_c.so" to ""
-- Installing: /home/orin/RogueRover/RR_ws/install/rr_msgs/lib/librr_msgs__rosidl_typesupport_c.so
-- Set runtime path of "/home/orin/RogueRover/RR_ws/install/rr_msgs/lib/librr_msgs__rosidl_typesupport_c.so" to ""
-- Installing: /home/orin/RogueRover/RR_ws/install/rr_msgs/lib/librr_msgs__rosidl_typesupport_fastrtps_cpp.so
-- Set runtime path of "/home/orin/RogueRover/RR_ws/install/rr_msgs/lib/librr_msgs__rosidl_typesupport_fastrtps_cpp.so" to ""
-- Installing: /home/orin/RogueRover/RR_ws/install/rr_msgs/lib/librr_msgs__rosidl_typesupport_introspection_cpp.so
-- Set runtime path of "/home/orin/RogueRover/RR_ws/install/rr_msgs/lib/librr_msgs__rosidl_typesupport_introspection_cpp.so" to ""
-- Installing: /home/orin/RogueRover/RR_ws/install/rr_msgs/lib/librr_msgs__rosidl_typesupport_cpp.so
-- Set runtime path of "/home/orin/RogueRover/RR_ws/install/rr_msgs/lib/librr_msgs__rosidl_typesupport_cpp.so" to ""
Listing '/home/orin/RogueRover/RR_ws/install/rr_msgs/local/lib/python3.10/dist-packages/rr_msgs'...
Compiling '/home/orin/RogueRover/RR_ws/install/rr_msgs/local/lib/python3.10/dist-packages/rr_msgs/__init__.py'...
Listing '/home/orin/RogueRover/RR_ws/install/rr_msgs/local/lib/python3.10/dist-packages/rr_msgs/msg'...
Compiling '/home/orin/RogueRover/RR_ws/install/rr_msgs/local/lib/python3.10/dist-packages/rr_msgs/msg/__init__.py'...
Compiling '/home/orin/RogueRover/RR_ws/install/rr_msgs/local/lib/python3.10/dist-packages/rr_msgs/msg/_arm_joint.py'...
Compiling '/home/orin/RogueRover/RR_ws/install/rr_msgs/local/lib/python3.10/dist-packages/rr_msgs/msg/_image_msg.py'...
Compiling '/home/orin/RogueRover/RR_ws/install/rr_msgs/local/lib/python3.10/dist-packages/rr_msgs/msg/_point_array.py'...
Compiling '/home/orin/RogueRover/RR_ws/install/rr_msgs/local/lib/python3.10/dist-packages/rr_msgs/msg/_position.py'...
Compiling '/home/orin/RogueRover/RR_ws/install/rr_msgs/local/lib/python3.10/dist-packages/rr_msgs/msg/_target.py'...
Compiling '/home/orin/RogueRover/RR_ws/install/rr_msgs/local/lib/python3.10/dist-packages/rr_msgs/msg/_target_array.py'...
Listing '/home/orin/RogueRover/RR_ws/install/rr_msgs/local/lib/python3.10/dist-packages/rr_msgs/srv'...
Compiling '/home/orin/RogueRover/RR_ws/install/rr_msgs/local/lib/python3.10/dist-packages/rr_msgs/srv/__init__.py'...
Compiling '/home/orin/RogueRover/RR_ws/install/rr_msgs/local/lib/python3.10/dist-packages/rr_msgs/srv/_kinematics.py'...
Compiling '/home/orin/RogueRover/RR_ws/install/rr_msgs/local/lib/python3.10/dist-packages/rr_msgs/srv/_robot_arm_array.py'...
-- Installing: /home/orin/RogueRover/RR_ws/install/rr_msgs/lib/librr_msgs__rosidl_generator_py.so
-- Set runtime path of "/home/orin/RogueRover/RR_ws/install/rr_msgs/lib/librr_msgs__rosidl_generator_py.so" to ""
-- Installing: /home/orin/RogueRover/RR_ws/install/rr_msgs/share/rr_msgs/cmake/export_rr_msgs__rosidl_generator_cExport.cmake
-- Installing: /home/orin/RogueRover/RR_ws/install/rr_msgs/share/rr_msgs/cmake/export_rr_msgs__rosidl_generator_cExport-noconfig.cmake
-- Installing: /home/orin/RogueRover/RR_ws/install/rr_msgs/share/rr_msgs/cmake/export_rr_msgs__rosidl_typesupport_fastrtps_cExport.cmake
-- Installing: /home/orin/RogueRover/RR_ws/install/rr_msgs/share/rr_msgs/cmake/export_rr_msgs__rosidl_typesupport_fastrtps_cExport-noconfig.cmake
-- Installing: /home/orin/RogueRover/RR_ws/install/rr_msgs/share/rr_msgs/cmake/rr_msgs__rosidl_typesupport_introspection_cExport.cmake
-- Installing: /home/orin/RogueRover/RR_ws/install/rr_msgs/share/rr_msgs/cmake/rr_msgs__rosidl_typesupport_introspection_cExport-noconfig.cmake
-- Installing: /home/orin/RogueRover/RR_ws/install/rr_msgs/share/rr_msgs/cmake/rr_msgs__rosidl_typesupport_cExport.cmake
-- Installing: /home/orin/RogueRover/RR_ws/install/rr_msgs/share/rr_msgs/cmake/rr_msgs__rosidl_typesupport_cExport-noconfig.cmake
-- Installing: /home/orin/RogueRover/RR_ws/install/rr_msgs/share/rr_msgs/cmake/export_rr_msgs__rosidl_generator_cppExport.cmake
-- Installing: /home/orin/RogueRover/RR_ws/install/rr_msgs/share/rr_msgs/cmake/export_rr_msgs__rosidl_typesupport_fastrtps_cppExport.cmake
-- Installing: /home/orin/RogueRover/RR_ws/install/rr_msgs/share/rr_msgs/cmake/export_rr_msgs__rosidl_typesupport_fastrtps_cppExport-noconfig.cmake
-- Installing: /home/orin/RogueRover/RR_ws/install/rr_msgs/share/rr_msgs/cmake/rr_msgs__rosidl_typesupport_introspection_cppExport.cmake
-- Installing: /home/orin/RogueRover/RR_ws/install/rr_msgs/share/rr_msgs/cmake/rr_msgs__rosidl_typesupport_introspection_cppExport-noconfig.cmake
-- Installing: /home/orin/RogueRover/RR_ws/install/rr_msgs/share/rr_msgs/cmake/rr_msgs__rosidl_typesupport_cppExport.cmake
-- Installing: /home/orin/RogueRover/RR_ws/install/rr_msgs/share/rr_msgs/cmake/rr_msgs__rosidl_typesupport_cppExport-noconfig.cmake
-- Installing: /home/orin/RogueRover/RR_ws/install/rr_msgs/share/rr_msgs/cmake/export_rr_msgs__rosidl_generator_pyExport.cmake
-- Installing: /home/orin/RogueRover/RR_ws/install/rr_msgs/share/rr_msgs/cmake/export_rr_msgs__rosidl_generator_pyExport-noconfig.cmake
