[0.025s] Invoking command in '/home/orin/RogueRover/RR_ws/build/rr_msgs': CMAKE_PREFIX_PATH=${CMAKE_PREFIX_PATH}:/home/orin/RogueRover/RR_ws/install/rr_velocity:/home/orin/RogueRover/RR_ws/install/rr_description:/opt/ros/humble /usr/bin/cmake /home/orin/RogueRover/RR_ws/src/rr_msgs -DAMENT_CMAKE_SYMLINK_INSTALL=1 -DCMAKE_INSTALL_PREFIX=/home/orin/RogueRover/RR_ws/install/rr_msgs
[0.212s] -- The C compiler identification is GNU 11.4.0
[0.365s] -- The CXX compiler identification is GNU 11.4.0
[0.387s] -- Detecting C compiler ABI info
[0.521s] -- Detecting C compiler ABI info - done
[0.546s] -- Check for working C compiler: /usr/bin/cc - skipped
[0.547s] -- Detecting C compile features
[0.548s] -- Detecting C compile features - done
[0.560s] -- Detecting CXX compiler ABI info
[0.723s] -- Detecting CXX compiler ABI info - done
[0.735s] -- Check for working CXX compiler: /usr/bin/c++ - skipped
[0.736s] -- Detecting CXX compile features
[0.737s] -- Detecting CXX compile features - done
[0.748s] -- Found ament_cmake: 1.3.10 (/opt/ros/humble/share/ament_cmake/cmake)
[1.093s] -- Found Python3: /usr/bin/python3 (found version "3.10.12") found components: Interpreter 
[1.245s] -- Override CMake install command with custom implementation using symlinks instead of copying resources
[1.312s] -- Found rosidl_default_generators: 1.2.0 (/opt/ros/humble/share/rosidl_default_generators/cmake)
[1.324s] -- Using all available rosidl_typesupport_c: rosidl_typesupport_fastrtps_c;rosidl_typesupport_introspection_c
[1.333s] -- Found rosidl_adapter: 3.1.5 (/opt/ros/humble/share/rosidl_adapter/cmake)
[1.417s] -- Using all available rosidl_typesupport_cpp: rosidl_typesupport_fastrtps_cpp;rosidl_typesupport_introspection_cpp
[1.483s] -- Found std_msgs: 4.2.4 (/opt/ros/humble/share/std_msgs/cmake)
[1.539s] -- Found geometry_msgs: 4.2.4 (/opt/ros/humble/share/geometry_msgs/cmake)
[2.366s] -- Found ament_cmake_ros: 0.10.0 (/opt/ros/humble/share/ament_cmake_ros/cmake)
[3.015s] -- Using all available rosidl_typesupport_c: rosidl_typesupport_fastrtps_c;rosidl_typesupport_introspection_c
[3.878s] -- Using all available rosidl_typesupport_cpp: rosidl_typesupport_fastrtps_cpp;rosidl_typesupport_introspection_cpp
[3.944s] -- Found PythonInterp: /usr/bin/python3 (found suitable version "3.10.12", minimum required is "3.6") 
[3.949s] -- Found python_cmake_module: 0.10.0 (/opt/ros/humble/share/python_cmake_module/cmake)
[4.021s] -- Found PythonLibs: /usr/lib/aarch64-linux-gnu/libpython3.10.so (found suitable version "3.10.12", minimum required is "3.5") 
[4.022s] -- Using PYTHON_EXECUTABLE: /usr/bin/python3
[4.022s] -- Using PYTHON_INCLUDE_DIRS: /usr/include/python3.10
[4.022s] -- Using PYTHON_LIBRARIES: /usr/lib/aarch64-linux-gnu/libpython3.10.so
[4.073s] -- Found PythonExtra: .so  
[4.268s] -- Found ament_lint_auto: 0.12.11 (/opt/ros/humble/share/ament_lint_auto/cmake)
[4.324s] -- Added test 'lint_cmake' to check CMake code style
[4.327s] -- Added test 'xmllint' to check XML markup files
[4.336s] -- Configuring done
[4.426s] -- Generating done
[4.431s] -- Build files have been written to: /home/orin/RogueRover/RR_ws/build/rr_msgs
[4.451s] Invoked command in '/home/orin/RogueRover/RR_ws/build/rr_msgs' returned '0': CMAKE_PREFIX_PATH=${CMAKE_PREFIX_PATH}:/home/orin/RogueRover/RR_ws/install/rr_velocity:/home/orin/RogueRover/RR_ws/install/rr_description:/opt/ros/humble /usr/bin/cmake /home/orin/RogueRover/RR_ws/src/rr_msgs -DAMENT_CMAKE_SYMLINK_INSTALL=1 -DCMAKE_INSTALL_PREFIX=/home/orin/RogueRover/RR_ws/install/rr_msgs
[4.454s] Invoking command in '/home/orin/RogueRover/RR_ws/build/rr_msgs': CMAKE_PREFIX_PATH=${CMAKE_PREFIX_PATH}:/home/orin/RogueRover/RR_ws/install/rr_velocity:/home/orin/RogueRover/RR_ws/install/rr_description:/opt/ros/humble /usr/bin/cmake --build /home/orin/RogueRover/RR_ws/build/rr_msgs -- -j6 -l6
[4.543s] [  1%] [34m[1mGenerating C code for ROS interfaces[0m
[4.564s] [  2%] [34m[1mGenerating C++ code for ROS interfaces[0m
[4.582s] [  2%] Built target ament_cmake_python_symlink_rr_msgs
[5.109s] running egg_info
[5.110s] creating rr_msgs.egg-info
[5.110s] writing rr_msgs.egg-info/PKG-INFO
[5.111s] writing dependency_links to rr_msgs.egg-info/dependency_links.txt
[5.111s] writing top-level names to rr_msgs.egg-info/top_level.txt
[5.111s] writing manifest file 'rr_msgs.egg-info/SOURCES.txt'
[5.115s] reading manifest file 'rr_msgs.egg-info/SOURCES.txt'
[5.116s] writing manifest file 'rr_msgs.egg-info/SOURCES.txt'
[5.187s] [  2%] Built target ament_cmake_python_build_rr_msgs_egg
[5.919s] [  2%] Built target rr_msgs__cpp
[5.977s] [  4%] [34m[1mGenerating C++ type support dispatch for ROS interfaces[0m
[5.977s] [  4%] [34m[1mGenerating C++ type support for eProsima Fast-RTPS[0m
[5.994s] [  5%] [34m[1mGenerating C++ introspection for ROS interfaces[0m
[6.114s] [  9%] [32mBuilding C object CMakeFiles/rr_msgs__rosidl_generator_c.dir/rosidl_generator_c/rr_msgs/msg/detail/image_msg__functions.c.o[0m
[6.115s] [  9%] [32mBuilding C object CMakeFiles/rr_msgs__rosidl_generator_c.dir/rosidl_generator_c/rr_msgs/msg/detail/point_array__functions.c.o[0m
[6.115s] [  9%] [32mBuilding C object CMakeFiles/rr_msgs__rosidl_generator_c.dir/rosidl_generator_c/rr_msgs/msg/detail/arm_joint__functions.c.o[0m
[6.236s] [ 12%] [32mBuilding C object CMakeFiles/rr_msgs__rosidl_generator_c.dir/rosidl_generator_c/rr_msgs/msg/detail/position__functions.c.o[0m
[6.236s] [ 12%] [32mBuilding C object CMakeFiles/rr_msgs__rosidl_generator_c.dir/rosidl_generator_c/rr_msgs/msg/detail/target_array__functions.c.o[0m
[6.236s] [ 12%] [32mBuilding C object CMakeFiles/rr_msgs__rosidl_generator_c.dir/rosidl_generator_c/rr_msgs/msg/detail/target__functions.c.o[0m
[6.339s] [ 14%] [32mBuilding C object CMakeFiles/rr_msgs__rosidl_generator_c.dir/rosidl_generator_c/rr_msgs/srv/detail/kinematics__functions.c.o[0m
[6.340s] [ 14%] [32mBuilding C object CMakeFiles/rr_msgs__rosidl_generator_c.dir/rosidl_generator_c/rr_msgs/srv/detail/robot_arm_array__functions.c.o[0m
[6.468s] [ 16%] [32m[1mLinking C shared library librr_msgs__rosidl_generator_c.so[0m
[6.538s] [ 16%] Built target rr_msgs__rosidl_generator_c
[6.558s] [ 18%] [34m[1mGenerating C introspection for ROS interfaces[0m
[6.559s] [ 18%] [34m[1mGenerating C type support for eProsima Fast-RTPS[0m
[6.567s] [ 19%] [34m[1mGenerating C type support dispatch for ROS interfaces[0m
[6.946s] [ 20%] [32mBuilding CXX object CMakeFiles/rr_msgs__rosidl_typesupport_cpp.dir/rosidl_typesupport_cpp/rr_msgs/msg/arm_joint__type_support.cpp.o[0m
[7.438s] [ 21%] [32mBuilding CXX object CMakeFiles/rr_msgs__rosidl_typesupport_introspection_cpp.dir/rosidl_typesupport_introspection_cpp/rr_msgs/msg/detail/arm_joint__type_support.cpp.o[0m
[7.469s] [ 22%] [32mBuilding CXX object CMakeFiles/rr_msgs__rosidl_typesupport_fastrtps_cpp.dir/rosidl_typesupport_fastrtps_cpp/rr_msgs/msg/detail/dds_fastrtps/arm_joint__type_support.cpp.o[0m
[7.594s] [ 24%] [32mBuilding CXX object CMakeFiles/rr_msgs__rosidl_typesupport_c.dir/rosidl_typesupport_c/rr_msgs/msg/arm_joint__type_support.cpp.o[0m
[7.621s] [ 25%] [32mBuilding CXX object CMakeFiles/rr_msgs__rosidl_typesupport_cpp.dir/rosidl_typesupport_cpp/rr_msgs/msg/image_msg__type_support.cpp.o[0m
[7.673s] [ 26%] [32mBuilding CXX object CMakeFiles/rr_msgs__rosidl_typesupport_c.dir/rosidl_typesupport_c/rr_msgs/msg/image_msg__type_support.cpp.o[0m
[7.737s] [ 27%] [32mBuilding CXX object CMakeFiles/rr_msgs__rosidl_typesupport_c.dir/rosidl_typesupport_c/rr_msgs/msg/point_array__type_support.cpp.o[0m
[7.802s] [ 28%] [32mBuilding CXX object CMakeFiles/rr_msgs__rosidl_typesupport_c.dir/rosidl_typesupport_c/rr_msgs/msg/position__type_support.cpp.o[0m
[7.864s] [ 29%] [32mBuilding CXX object CMakeFiles/rr_msgs__rosidl_typesupport_c.dir/rosidl_typesupport_c/rr_msgs/msg/target_array__type_support.cpp.o[0m
[7.948s] [ 31%] [32mBuilding CXX object CMakeFiles/rr_msgs__rosidl_typesupport_c.dir/rosidl_typesupport_c/rr_msgs/msg/target__type_support.cpp.o[0m
[7.972s] [ 32%] [32mBuilding C object CMakeFiles/rr_msgs__rosidl_typesupport_introspection_c.dir/rosidl_typesupport_introspection_c/rr_msgs/msg/detail/arm_joint__type_support.c.o[0m
[8.021s] [ 33%] [32mBuilding CXX object CMakeFiles/rr_msgs__rosidl_typesupport_fastrtps_c.dir/rosidl_typesupport_fastrtps_c/rr_msgs/msg/detail/arm_joint__type_support_c.cpp.o[0m
[8.021s] [ 34%] [32mBuilding CXX object CMakeFiles/rr_msgs__rosidl_typesupport_c.dir/rosidl_typesupport_c/rr_msgs/srv/kinematics__type_support.cpp.o[0m
[8.062s] [ 35%] [32mBuilding C object CMakeFiles/rr_msgs__rosidl_typesupport_introspection_c.dir/rosidl_typesupport_introspection_c/rr_msgs/msg/detail/image_msg__type_support.c.o[0m
[8.105s] [ 36%] [32mBuilding CXX object CMakeFiles/rr_msgs__rosidl_typesupport_c.dir/rosidl_typesupport_c/rr_msgs/srv/robot_arm_array__type_support.cpp.o[0m
[8.143s] [ 37%] [32mBuilding C object CMakeFiles/rr_msgs__rosidl_typesupport_introspection_c.dir/rosidl_typesupport_introspection_c/rr_msgs/msg/detail/point_array__type_support.c.o[0m
[8.177s] [ 39%] [32m[1mLinking CXX shared library librr_msgs__rosidl_typesupport_c.so[0m
[8.227s] [ 41%] [32mBuilding C object CMakeFiles/rr_msgs__rosidl_typesupport_introspection_c.dir/rosidl_typesupport_introspection_c/rr_msgs/msg/detail/position__type_support.c.o[0m
[8.228s] [ 41%] [32mBuilding CXX object CMakeFiles/rr_msgs__rosidl_typesupport_cpp.dir/rosidl_typesupport_cpp/rr_msgs/msg/point_array__type_support.cpp.o[0m
[8.271s] [ 41%] Built target rr_msgs__rosidl_typesupport_c
[8.289s] [ 42%] [32mBuilding CXX object CMakeFiles/rr_msgs__rosidl_typesupport_fastrtps_cpp.dir/rosidl_typesupport_fastrtps_cpp/rr_msgs/msg/detail/dds_fastrtps/image_msg__type_support.cpp.o[0m
[8.302s] [ 43%] [32mBuilding C object CMakeFiles/rr_msgs__rosidl_typesupport_introspection_c.dir/rosidl_typesupport_introspection_c/rr_msgs/msg/detail/target_array__type_support.c.o[0m
[8.386s] [ 44%] [32mBuilding C object CMakeFiles/rr_msgs__rosidl_typesupport_introspection_c.dir/rosidl_typesupport_introspection_c/rr_msgs/msg/detail/target__type_support.c.o[0m
[8.442s] [ 45%] [32mBuilding CXX object CMakeFiles/rr_msgs__rosidl_typesupport_introspection_cpp.dir/rosidl_typesupport_introspection_cpp/rr_msgs/msg/detail/image_msg__type_support.cpp.o[0m
[8.453s] [ 47%] [32mBuilding CXX object CMakeFiles/rr_msgs__rosidl_typesupport_fastrtps_cpp.dir/rosidl_typesupport_fastrtps_cpp/rr_msgs/msg/detail/dds_fastrtps/point_array__type_support.cpp.o[0m
[8.465s] [ 48%] [32mBuilding C object CMakeFiles/rr_msgs__rosidl_typesupport_introspection_c.dir/rosidl_typesupport_introspection_c/rr_msgs/srv/detail/kinematics__type_support.c.o[0m
[8.569s] [ 49%] [32mBuilding C object CMakeFiles/rr_msgs__rosidl_typesupport_introspection_c.dir/rosidl_typesupport_introspection_c/rr_msgs/srv/detail/robot_arm_array__type_support.c.o[0m
[8.661s] [ 50%] [32m[1mLinking C shared library librr_msgs__rosidl_typesupport_introspection_c.so[0m
[8.732s] [ 50%] Built target rr_msgs__rosidl_typesupport_introspection_c
[8.752s] [ 51%] [32mBuilding CXX object CMakeFiles/rr_msgs__rosidl_typesupport_cpp.dir/rosidl_typesupport_cpp/rr_msgs/msg/position__type_support.cpp.o[0m
[8.841s] [ 52%] [32mBuilding CXX object CMakeFiles/rr_msgs__rosidl_typesupport_fastrtps_c.dir/rosidl_typesupport_fastrtps_c/rr_msgs/msg/detail/image_msg__type_support_c.cpp.o[0m
[8.847s] [ 54%] [32mBuilding CXX object CMakeFiles/rr_msgs__rosidl_typesupport_cpp.dir/rosidl_typesupport_cpp/rr_msgs/msg/target_array__type_support.cpp.o[0m
[9.248s] [ 55%] [32mBuilding CXX object CMakeFiles/rr_msgs__rosidl_typesupport_fastrtps_cpp.dir/rosidl_typesupport_fastrtps_cpp/rr_msgs/msg/detail/dds_fastrtps/position__type_support.cpp.o[0m
[9.368s] [ 56%] [32mBuilding CXX object CMakeFiles/rr_msgs__rosidl_typesupport_cpp.dir/rosidl_typesupport_cpp/rr_msgs/msg/target__type_support.cpp.o[0m
[9.393s] [ 57%] [32mBuilding CXX object CMakeFiles/rr_msgs__rosidl_typesupport_introspection_cpp.dir/rosidl_typesupport_introspection_cpp/rr_msgs/msg/detail/point_array__type_support.cpp.o[0m
[9.399s] [ 58%] [32mBuilding CXX object CMakeFiles/rr_msgs__rosidl_typesupport_fastrtps_cpp.dir/rosidl_typesupport_fastrtps_cpp/rr_msgs/msg/detail/dds_fastrtps/target_array__type_support.cpp.o[0m
[9.497s] [ 59%] [32mBuilding CXX object CMakeFiles/rr_msgs__rosidl_typesupport_cpp.dir/rosidl_typesupport_cpp/rr_msgs/srv/kinematics__type_support.cpp.o[0m
[9.626s] [ 60%] [32mBuilding CXX object CMakeFiles/rr_msgs__rosidl_typesupport_fastrtps_c.dir/rosidl_typesupport_fastrtps_c/rr_msgs/msg/detail/point_array__type_support_c.cpp.o[0m
[9.989s] [ 62%] [32mBuilding CXX object CMakeFiles/rr_msgs__rosidl_typesupport_fastrtps_c.dir/rosidl_typesupport_fastrtps_c/rr_msgs/msg/detail/position__type_support_c.cpp.o[0m
[10.101s] [ 63%] [32mBuilding CXX object CMakeFiles/rr_msgs__rosidl_typesupport_fastrtps_cpp.dir/rosidl_typesupport_fastrtps_cpp/rr_msgs/msg/detail/dds_fastrtps/target__type_support.cpp.o[0m
[10.140s] [ 64%] [32mBuilding CXX object CMakeFiles/rr_msgs__rosidl_typesupport_cpp.dir/rosidl_typesupport_cpp/rr_msgs/srv/robot_arm_array__type_support.cpp.o[0m
[10.297s] [ 65%] [32mBuilding CXX object CMakeFiles/rr_msgs__rosidl_typesupport_introspection_cpp.dir/rosidl_typesupport_introspection_cpp/rr_msgs/msg/detail/position__type_support.cpp.o[0m
[10.403s] [ 66%] [32mBuilding CXX object CMakeFiles/rr_msgs__rosidl_typesupport_fastrtps_cpp.dir/rosidl_typesupport_fastrtps_cpp/rr_msgs/srv/detail/dds_fastrtps/kinematics__type_support.cpp.o[0m
[10.406s] [ 67%] [32mBuilding CXX object CMakeFiles/rr_msgs__rosidl_typesupport_fastrtps_c.dir/rosidl_typesupport_fastrtps_c/rr_msgs/msg/detail/target_array__type_support_c.cpp.o[0m
[10.760s] [ 68%] [32mBuilding CXX object CMakeFiles/rr_msgs__rosidl_typesupport_fastrtps_c.dir/rosidl_typesupport_fastrtps_c/rr_msgs/msg/detail/target__type_support_c.cpp.o[0m
[10.777s] [ 70%] [32m[1mLinking CXX shared library librr_msgs__rosidl_typesupport_cpp.so[0m
[10.868s] [ 70%] Built target rr_msgs__rosidl_typesupport_cpp
[10.891s] [ 71%] [32mBuilding CXX object CMakeFiles/rr_msgs__rosidl_typesupport_fastrtps_c.dir/rosidl_typesupport_fastrtps_c/rr_msgs/srv/detail/kinematics__type_support_c.cpp.o[0m
[10.976s] [ 72%] [32mBuilding CXX object CMakeFiles/rr_msgs__rosidl_typesupport_fastrtps_cpp.dir/rosidl_typesupport_fastrtps_cpp/rr_msgs/srv/detail/dds_fastrtps/robot_arm_array__type_support.cpp.o[0m
[11.117s] [ 73%] [32mBuilding CXX object CMakeFiles/rr_msgs__rosidl_typesupport_introspection_cpp.dir/rosidl_typesupport_introspection_cpp/rr_msgs/msg/detail/target_array__type_support.cpp.o[0m
[11.183s] [ 74%] [32mBuilding CXX object CMakeFiles/rr_msgs__rosidl_typesupport_fastrtps_c.dir/rosidl_typesupport_fastrtps_c/rr_msgs/srv/detail/robot_arm_array__type_support_c.cpp.o[0m
[11.486s] [ 75%] [32mBuilding CXX object CMakeFiles/rr_msgs__rosidl_typesupport_introspection_cpp.dir/rosidl_typesupport_introspection_cpp/rr_msgs/msg/detail/target__type_support.cpp.o[0m
[11.559s] [ 77%] [32mBuilding CXX object CMakeFiles/rr_msgs__rosidl_typesupport_introspection_cpp.dir/rosidl_typesupport_introspection_cpp/rr_msgs/srv/detail/kinematics__type_support.cpp.o[0m
[11.746s] [ 78%] [32mBuilding CXX object CMakeFiles/rr_msgs__rosidl_typesupport_introspection_cpp.dir/rosidl_typesupport_introspection_cpp/rr_msgs/srv/detail/robot_arm_array__type_support.cpp.o[0m
[11.971s] [ 79%] [32m[1mLinking CXX shared library librr_msgs__rosidl_typesupport_fastrtps_cpp.so[0m
[12.046s] [ 80%] [32m[1mLinking CXX shared library librr_msgs__rosidl_typesupport_fastrtps_c.so[0m
[12.151s] [ 80%] Built target rr_msgs__rosidl_typesupport_fastrtps_cpp
[12.213s] [ 80%] Built target rr_msgs__rosidl_typesupport_fastrtps_c
[12.680s] [ 81%] [32m[1mLinking CXX shared library librr_msgs__rosidl_typesupport_introspection_cpp.so[0m
[12.849s] [ 81%] Built target rr_msgs__rosidl_typesupport_introspection_cpp
[12.895s] [ 81%] Built target rr_msgs
[12.941s] [ 82%] [34m[1mGenerating Python code for ROS interfaces[0m
[15.145s] [ 82%] Built target rr_msgs__py
[15.190s] [ 88%] [32mBuilding C object CMakeFiles/rr_msgs__rosidl_generator_py.dir/rosidl_generator_py/rr_msgs/msg/_image_msg_s.c.o[0m
[15.190s] [ 88%] [32mBuilding C object CMakeFiles/rr_msgs__rosidl_generator_py.dir/rosidl_generator_py/rr_msgs/msg/_point_array_s.c.o[0m
[15.190s] [ 88%] [32mBuilding C object CMakeFiles/rr_msgs__rosidl_generator_py.dir/rosidl_generator_py/rr_msgs/msg/_target_array_s.c.o[0m
[15.190s] [ 88%] [32mBuilding C object CMakeFiles/rr_msgs__rosidl_generator_py.dir/rosidl_generator_py/rr_msgs/msg/_position_s.c.o[0m
[15.191s] [ 88%] [32mBuilding C object CMakeFiles/rr_msgs__rosidl_generator_py.dir/rosidl_generator_py/rr_msgs/msg/_arm_joint_s.c.o[0m
[15.194s] [ 89%] [32mBuilding C object CMakeFiles/rr_msgs__rosidl_generator_py.dir/rosidl_generator_py/rr_msgs/msg/_target_s.c.o[0m
[15.433s] [ 91%] [32mBuilding C object CMakeFiles/rr_msgs__rosidl_generator_py.dir/rosidl_generator_py/rr_msgs/srv/_kinematics_s.c.o[0m
[15.434s] [ 91%] [32mBuilding C object CMakeFiles/rr_msgs__rosidl_generator_py.dir/rosidl_generator_py/rr_msgs/srv/_robot_arm_array_s.c.o[0m
[15.713s] [ 93%] [32m[1mLinking C shared library rosidl_generator_py/rr_msgs/librr_msgs__rosidl_generator_py.so[0m
[15.809s] [ 93%] Built target rr_msgs__rosidl_generator_py
[15.851s] [ 96%] [32mBuilding C object CMakeFiles/rr_msgs__rosidl_typesupport_fastrtps_c__pyext.dir/rosidl_generator_py/rr_msgs/_rr_msgs_s.ep.rosidl_typesupport_fastrtps_c.c.o[0m
[15.851s] [ 96%] [32mBuilding C object CMakeFiles/rr_msgs__rosidl_typesupport_c__pyext.dir/rosidl_generator_py/rr_msgs/_rr_msgs_s.ep.rosidl_typesupport_c.c.o[0m
[15.852s] [ 96%] [32mBuilding C object CMakeFiles/rr_msgs__rosidl_typesupport_introspection_c__pyext.dir/rosidl_generator_py/rr_msgs/_rr_msgs_s.ep.rosidl_typesupport_introspection_c.c.o[0m
[16.125s] [ 98%] [32m[1mLinking C shared library rosidl_generator_py/rr_msgs/rr_msgs_s__rosidl_typesupport_c.cpython-310-aarch64-linux-gnu.so[0m
[16.126s] [ 98%] [32m[1mLinking C shared library rosidl_generator_py/rr_msgs/rr_msgs_s__rosidl_typesupport_introspection_c.cpython-310-aarch64-linux-gnu.so[0m
[16.126s] [100%] [32m[1mLinking C shared library rosidl_generator_py/rr_msgs/rr_msgs_s__rosidl_typesupport_fastrtps_c.cpython-310-aarch64-linux-gnu.so[0m
[16.209s] [100%] Built target rr_msgs__rosidl_typesupport_fastrtps_c__pyext
[16.210s] [100%] Built target rr_msgs__rosidl_typesupport_introspection_c__pyext
[16.210s] [100%] Built target rr_msgs__rosidl_typesupport_c__pyext
[16.242s] Invoked command in '/home/orin/RogueRover/RR_ws/build/rr_msgs' returned '0': CMAKE_PREFIX_PATH=${CMAKE_PREFIX_PATH}:/home/orin/RogueRover/RR_ws/install/rr_velocity:/home/orin/RogueRover/RR_ws/install/rr_description:/opt/ros/humble /usr/bin/cmake --build /home/orin/RogueRover/RR_ws/build/rr_msgs -- -j6 -l6
[16.619s] Invoking command in '/home/orin/RogueRover/RR_ws/build/rr_msgs': CMAKE_PREFIX_PATH=${CMAKE_PREFIX_PATH}:/home/orin/RogueRover/RR_ws/install/rr_velocity:/home/orin/RogueRover/RR_ws/install/rr_description:/opt/ros/humble /usr/bin/cmake --install /home/orin/RogueRover/RR_ws/build/rr_msgs
[16.637s] -- Install configuration: ""
[16.638s] -- Execute custom install script
[16.639s] -- Symlinking: /home/orin/RogueRover/RR_ws/install/rr_msgs/share/ament_index/resource_index/rosidl_interfaces/rr_msgs
[16.659s] -- Symlinking: /home/orin/RogueRover/RR_ws/install/rr_msgs/include/rr_msgs/rr_msgs/msg/arm_joint.h
[16.677s] -- Symlinking: /home/orin/RogueRover/RR_ws/install/rr_msgs/include/rr_msgs/rr_msgs/msg/detail/arm_joint__functions.h
[16.696s] -- Symlinking: /home/orin/RogueRover/RR_ws/install/rr_msgs/include/rr_msgs/rr_msgs/msg/detail/arm_joint__struct.h
[16.715s] -- Symlinking: /home/orin/RogueRover/RR_ws/install/rr_msgs/include/rr_msgs/rr_msgs/msg/detail/arm_joint__type_support.h
[16.734s] -- Symlinking: /home/orin/RogueRover/RR_ws/install/rr_msgs/include/rr_msgs/rr_msgs/msg/detail/image_msg__functions.h
[16.753s] -- Symlinking: /home/orin/RogueRover/RR_ws/install/rr_msgs/include/rr_msgs/rr_msgs/msg/detail/image_msg__struct.h
[16.772s] -- Symlinking: /home/orin/RogueRover/RR_ws/install/rr_msgs/include/rr_msgs/rr_msgs/msg/detail/image_msg__type_support.h
[16.792s] -- Symlinking: /home/orin/RogueRover/RR_ws/install/rr_msgs/include/rr_msgs/rr_msgs/msg/detail/point_array__functions.h
[16.812s] -- Symlinking: /home/orin/RogueRover/RR_ws/install/rr_msgs/include/rr_msgs/rr_msgs/msg/detail/point_array__struct.h
[16.832s] -- Symlinking: /home/orin/RogueRover/RR_ws/install/rr_msgs/include/rr_msgs/rr_msgs/msg/detail/point_array__type_support.h
[16.851s] -- Symlinking: /home/orin/RogueRover/RR_ws/install/rr_msgs/include/rr_msgs/rr_msgs/msg/detail/position__functions.h
[16.871s] -- Symlinking: /home/orin/RogueRover/RR_ws/install/rr_msgs/include/rr_msgs/rr_msgs/msg/detail/position__struct.h
[16.891s] -- Symlinking: /home/orin/RogueRover/RR_ws/install/rr_msgs/include/rr_msgs/rr_msgs/msg/detail/position__type_support.h
[16.909s] -- Symlinking: /home/orin/RogueRover/RR_ws/install/rr_msgs/include/rr_msgs/rr_msgs/msg/detail/target__functions.h
[16.928s] -- Symlinking: /home/orin/RogueRover/RR_ws/install/rr_msgs/include/rr_msgs/rr_msgs/msg/detail/target__struct.h
[16.947s] -- Symlinking: /home/orin/RogueRover/RR_ws/install/rr_msgs/include/rr_msgs/rr_msgs/msg/detail/target__type_support.h
[16.966s] -- Symlinking: /home/orin/RogueRover/RR_ws/install/rr_msgs/include/rr_msgs/rr_msgs/msg/detail/target_array__functions.h
[16.985s] -- Symlinking: /home/orin/RogueRover/RR_ws/install/rr_msgs/include/rr_msgs/rr_msgs/msg/detail/target_array__struct.h
[17.004s] -- Symlinking: /home/orin/RogueRover/RR_ws/install/rr_msgs/include/rr_msgs/rr_msgs/msg/detail/target_array__type_support.h
[17.023s] -- Symlinking: /home/orin/RogueRover/RR_ws/install/rr_msgs/include/rr_msgs/rr_msgs/msg/image_msg.h
[17.043s] -- Symlinking: /home/orin/RogueRover/RR_ws/install/rr_msgs/include/rr_msgs/rr_msgs/msg/point_array.h
[17.063s] -- Symlinking: /home/orin/RogueRover/RR_ws/install/rr_msgs/include/rr_msgs/rr_msgs/msg/position.h
[17.082s] -- Symlinking: /home/orin/RogueRover/RR_ws/install/rr_msgs/include/rr_msgs/rr_msgs/msg/rosidl_generator_c__visibility_control.h
[17.102s] -- Symlinking: /home/orin/RogueRover/RR_ws/install/rr_msgs/include/rr_msgs/rr_msgs/msg/target.h
[17.121s] -- Symlinking: /home/orin/RogueRover/RR_ws/install/rr_msgs/include/rr_msgs/rr_msgs/msg/target_array.h
[17.140s] -- Symlinking: /home/orin/RogueRover/RR_ws/install/rr_msgs/include/rr_msgs/rr_msgs/srv/detail/kinematics__functions.h
[17.159s] -- Symlinking: /home/orin/RogueRover/RR_ws/install/rr_msgs/include/rr_msgs/rr_msgs/srv/detail/kinematics__struct.h
[17.178s] -- Symlinking: /home/orin/RogueRover/RR_ws/install/rr_msgs/include/rr_msgs/rr_msgs/srv/detail/kinematics__type_support.h
[17.197s] -- Symlinking: /home/orin/RogueRover/RR_ws/install/rr_msgs/include/rr_msgs/rr_msgs/srv/detail/robot_arm_array__functions.h
[17.216s] -- Symlinking: /home/orin/RogueRover/RR_ws/install/rr_msgs/include/rr_msgs/rr_msgs/srv/detail/robot_arm_array__struct.h
[17.235s] -- Symlinking: /home/orin/RogueRover/RR_ws/install/rr_msgs/include/rr_msgs/rr_msgs/srv/detail/robot_arm_array__type_support.h
[17.255s] -- Symlinking: /home/orin/RogueRover/RR_ws/install/rr_msgs/include/rr_msgs/rr_msgs/srv/kinematics.h
[17.274s] -- Symlinking: /home/orin/RogueRover/RR_ws/install/rr_msgs/include/rr_msgs/rr_msgs/srv/robot_arm_array.h
[17.293s] -- Symlinking: /home/orin/RogueRover/RR_ws/install/rr_msgs/share/rr_msgs/environment/library_path.sh
[17.314s] -- Symlinking: /home/orin/RogueRover/RR_ws/install/rr_msgs/share/rr_msgs/environment/library_path.dsv
[17.336s] -- Symlinking: /home/orin/RogueRover/RR_ws/install/rr_msgs/include/rr_msgs/rr_msgs/msg/detail/arm_joint__rosidl_typesupport_fastrtps_c.h
[17.358s] -- Symlinking: /home/orin/RogueRover/RR_ws/install/rr_msgs/include/rr_msgs/rr_msgs/msg/detail/image_msg__rosidl_typesupport_fastrtps_c.h
[17.377s] -- Symlinking: /home/orin/RogueRover/RR_ws/install/rr_msgs/include/rr_msgs/rr_msgs/msg/detail/point_array__rosidl_typesupport_fastrtps_c.h
[17.397s] -- Symlinking: /home/orin/RogueRover/RR_ws/install/rr_msgs/include/rr_msgs/rr_msgs/msg/detail/position__rosidl_typesupport_fastrtps_c.h
[17.416s] -- Symlinking: /home/orin/RogueRover/RR_ws/install/rr_msgs/include/rr_msgs/rr_msgs/msg/detail/target__rosidl_typesupport_fastrtps_c.h
[17.434s] -- Symlinking: /home/orin/RogueRover/RR_ws/install/rr_msgs/include/rr_msgs/rr_msgs/msg/detail/target_array__rosidl_typesupport_fastrtps_c.h
[17.453s] -- Symlinking: /home/orin/RogueRover/RR_ws/install/rr_msgs/include/rr_msgs/rr_msgs/msg/rosidl_typesupport_fastrtps_c__visibility_control.h
[17.470s] -- Symlinking: /home/orin/RogueRover/RR_ws/install/rr_msgs/include/rr_msgs/rr_msgs/srv/detail/kinematics__rosidl_typesupport_fastrtps_c.h
[17.490s] -- Symlinking: /home/orin/RogueRover/RR_ws/install/rr_msgs/include/rr_msgs/rr_msgs/srv/detail/robot_arm_array__rosidl_typesupport_fastrtps_c.h
[17.510s] -- Symlinking: /home/orin/RogueRover/RR_ws/install/rr_msgs/include/rr_msgs/rr_msgs/msg/detail/arm_joint__rosidl_typesupport_introspection_c.h
[17.529s] -- Symlinking: /home/orin/RogueRover/RR_ws/install/rr_msgs/include/rr_msgs/rr_msgs/msg/detail/image_msg__rosidl_typesupport_introspection_c.h
[17.548s] -- Symlinking: /home/orin/RogueRover/RR_ws/install/rr_msgs/include/rr_msgs/rr_msgs/msg/detail/point_array__rosidl_typesupport_introspection_c.h
[17.567s] -- Symlinking: /home/orin/RogueRover/RR_ws/install/rr_msgs/include/rr_msgs/rr_msgs/msg/detail/position__rosidl_typesupport_introspection_c.h
[17.588s] -- Symlinking: /home/orin/RogueRover/RR_ws/install/rr_msgs/include/rr_msgs/rr_msgs/msg/detail/target__rosidl_typesupport_introspection_c.h
[17.608s] -- Symlinking: /home/orin/RogueRover/RR_ws/install/rr_msgs/include/rr_msgs/rr_msgs/msg/detail/target_array__rosidl_typesupport_introspection_c.h
[17.627s] -- Symlinking: /home/orin/RogueRover/RR_ws/install/rr_msgs/include/rr_msgs/rr_msgs/msg/rosidl_typesupport_introspection_c__visibility_control.h
[17.645s] -- Symlinking: /home/orin/RogueRover/RR_ws/install/rr_msgs/include/rr_msgs/rr_msgs/srv/detail/kinematics__rosidl_typesupport_introspection_c.h
[17.664s] -- Symlinking: /home/orin/RogueRover/RR_ws/install/rr_msgs/include/rr_msgs/rr_msgs/srv/detail/robot_arm_array__rosidl_typesupport_introspection_c.h
[17.684s] -- Symlinking: /home/orin/RogueRover/RR_ws/install/rr_msgs/include/rr_msgs/rr_msgs/msg/arm_joint.hpp
[17.704s] -- Symlinking: /home/orin/RogueRover/RR_ws/install/rr_msgs/include/rr_msgs/rr_msgs/msg/detail/arm_joint__builder.hpp
[17.723s] -- Symlinking: /home/orin/RogueRover/RR_ws/install/rr_msgs/include/rr_msgs/rr_msgs/msg/detail/arm_joint__struct.hpp
[17.742s] -- Symlinking: /home/orin/RogueRover/RR_ws/install/rr_msgs/include/rr_msgs/rr_msgs/msg/detail/arm_joint__traits.hpp
[17.761s] -- Symlinking: /home/orin/RogueRover/RR_ws/install/rr_msgs/include/rr_msgs/rr_msgs/msg/detail/image_msg__builder.hpp
[17.780s] -- Symlinking: /home/orin/RogueRover/RR_ws/install/rr_msgs/include/rr_msgs/rr_msgs/msg/detail/image_msg__struct.hpp
[17.798s] -- Symlinking: /home/orin/RogueRover/RR_ws/install/rr_msgs/include/rr_msgs/rr_msgs/msg/detail/image_msg__traits.hpp
[17.818s] -- Symlinking: /home/orin/RogueRover/RR_ws/install/rr_msgs/include/rr_msgs/rr_msgs/msg/detail/point_array__builder.hpp
[17.836s] -- Symlinking: /home/orin/RogueRover/RR_ws/install/rr_msgs/include/rr_msgs/rr_msgs/msg/detail/point_array__struct.hpp
[17.858s] -- Symlinking: /home/orin/RogueRover/RR_ws/install/rr_msgs/include/rr_msgs/rr_msgs/msg/detail/point_array__traits.hpp
[17.878s] -- Symlinking: /home/orin/RogueRover/RR_ws/install/rr_msgs/include/rr_msgs/rr_msgs/msg/detail/position__builder.hpp
[17.896s] -- Symlinking: /home/orin/RogueRover/RR_ws/install/rr_msgs/include/rr_msgs/rr_msgs/msg/detail/position__struct.hpp
[17.915s] -- Symlinking: /home/orin/RogueRover/RR_ws/install/rr_msgs/include/rr_msgs/rr_msgs/msg/detail/position__traits.hpp
[17.934s] -- Symlinking: /home/orin/RogueRover/RR_ws/install/rr_msgs/include/rr_msgs/rr_msgs/msg/detail/target__builder.hpp
[17.953s] -- Symlinking: /home/orin/RogueRover/RR_ws/install/rr_msgs/include/rr_msgs/rr_msgs/msg/detail/target__struct.hpp
[17.971s] -- Symlinking: /home/orin/RogueRover/RR_ws/install/rr_msgs/include/rr_msgs/rr_msgs/msg/detail/target__traits.hpp
[17.991s] -- Symlinking: /home/orin/RogueRover/RR_ws/install/rr_msgs/include/rr_msgs/rr_msgs/msg/detail/target_array__builder.hpp
[18.010s] -- Symlinking: /home/orin/RogueRover/RR_ws/install/rr_msgs/include/rr_msgs/rr_msgs/msg/detail/target_array__struct.hpp
[18.029s] -- Symlinking: /home/orin/RogueRover/RR_ws/install/rr_msgs/include/rr_msgs/rr_msgs/msg/detail/target_array__traits.hpp
[18.049s] -- Symlinking: /home/orin/RogueRover/RR_ws/install/rr_msgs/include/rr_msgs/rr_msgs/msg/image_msg.hpp
[18.068s] -- Symlinking: /home/orin/RogueRover/RR_ws/install/rr_msgs/include/rr_msgs/rr_msgs/msg/point_array.hpp
[18.087s] -- Symlinking: /home/orin/RogueRover/RR_ws/install/rr_msgs/include/rr_msgs/rr_msgs/msg/position.hpp
[18.105s] -- Symlinking: /home/orin/RogueRover/RR_ws/install/rr_msgs/include/rr_msgs/rr_msgs/msg/target.hpp
[18.124s] -- Symlinking: /home/orin/RogueRover/RR_ws/install/rr_msgs/include/rr_msgs/rr_msgs/msg/target_array.hpp
[18.143s] -- Symlinking: /home/orin/RogueRover/RR_ws/install/rr_msgs/include/rr_msgs/rr_msgs/srv/detail/kinematics__builder.hpp
[18.162s] -- Symlinking: /home/orin/RogueRover/RR_ws/install/rr_msgs/include/rr_msgs/rr_msgs/srv/detail/kinematics__struct.hpp
[18.180s] -- Symlinking: /home/orin/RogueRover/RR_ws/install/rr_msgs/include/rr_msgs/rr_msgs/srv/detail/kinematics__traits.hpp
[18.199s] -- Symlinking: /home/orin/RogueRover/RR_ws/install/rr_msgs/include/rr_msgs/rr_msgs/srv/detail/robot_arm_array__builder.hpp
[18.218s] -- Symlinking: /home/orin/RogueRover/RR_ws/install/rr_msgs/include/rr_msgs/rr_msgs/srv/detail/robot_arm_array__struct.hpp
[18.237s] -- Symlinking: /home/orin/RogueRover/RR_ws/install/rr_msgs/include/rr_msgs/rr_msgs/srv/detail/robot_arm_array__traits.hpp
[18.256s] -- Symlinking: /home/orin/RogueRover/RR_ws/install/rr_msgs/include/rr_msgs/rr_msgs/srv/kinematics.hpp
[18.277s] -- Symlinking: /home/orin/RogueRover/RR_ws/install/rr_msgs/include/rr_msgs/rr_msgs/srv/robot_arm_array.hpp
[18.297s] -- Symlinking: /home/orin/RogueRover/RR_ws/install/rr_msgs/include/rr_msgs/rr_msgs/msg/detail/arm_joint__rosidl_typesupport_fastrtps_cpp.hpp
[18.316s] -- Symlinking: /home/orin/RogueRover/RR_ws/install/rr_msgs/include/rr_msgs/rr_msgs/msg/detail/image_msg__rosidl_typesupport_fastrtps_cpp.hpp
[18.335s] -- Symlinking: /home/orin/RogueRover/RR_ws/install/rr_msgs/include/rr_msgs/rr_msgs/msg/detail/point_array__rosidl_typesupport_fastrtps_cpp.hpp
[18.355s] -- Symlinking: /home/orin/RogueRover/RR_ws/install/rr_msgs/include/rr_msgs/rr_msgs/msg/detail/position__rosidl_typesupport_fastrtps_cpp.hpp
[18.373s] -- Symlinking: /home/orin/RogueRover/RR_ws/install/rr_msgs/include/rr_msgs/rr_msgs/msg/detail/target__rosidl_typesupport_fastrtps_cpp.hpp
[18.392s] -- Symlinking: /home/orin/RogueRover/RR_ws/install/rr_msgs/include/rr_msgs/rr_msgs/msg/detail/target_array__rosidl_typesupport_fastrtps_cpp.hpp
[18.411s] -- Symlinking: /home/orin/RogueRover/RR_ws/install/rr_msgs/include/rr_msgs/rr_msgs/msg/rosidl_typesupport_fastrtps_cpp__visibility_control.h
[18.430s] -- Symlinking: /home/orin/RogueRover/RR_ws/install/rr_msgs/include/rr_msgs/rr_msgs/srv/detail/kinematics__rosidl_typesupport_fastrtps_cpp.hpp
[18.450s] -- Symlinking: /home/orin/RogueRover/RR_ws/install/rr_msgs/include/rr_msgs/rr_msgs/srv/detail/robot_arm_array__rosidl_typesupport_fastrtps_cpp.hpp
[18.470s] -- Symlinking: /home/orin/RogueRover/RR_ws/install/rr_msgs/include/rr_msgs/rr_msgs/msg/detail/arm_joint__rosidl_typesupport_introspection_cpp.hpp
[18.489s] -- Symlinking: /home/orin/RogueRover/RR_ws/install/rr_msgs/include/rr_msgs/rr_msgs/msg/detail/image_msg__rosidl_typesupport_introspection_cpp.hpp
[18.507s] -- Symlinking: /home/orin/RogueRover/RR_ws/install/rr_msgs/include/rr_msgs/rr_msgs/msg/detail/point_array__rosidl_typesupport_introspection_cpp.hpp
[18.527s] -- Symlinking: /home/orin/RogueRover/RR_ws/install/rr_msgs/include/rr_msgs/rr_msgs/msg/detail/position__rosidl_typesupport_introspection_cpp.hpp
[18.548s] -- Symlinking: /home/orin/RogueRover/RR_ws/install/rr_msgs/include/rr_msgs/rr_msgs/msg/detail/target__rosidl_typesupport_introspection_cpp.hpp
[18.568s] -- Symlinking: /home/orin/RogueRover/RR_ws/install/rr_msgs/include/rr_msgs/rr_msgs/msg/detail/target_array__rosidl_typesupport_introspection_cpp.hpp
[18.589s] -- Symlinking: /home/orin/RogueRover/RR_ws/install/rr_msgs/include/rr_msgs/rr_msgs/srv/detail/kinematics__rosidl_typesupport_introspection_cpp.hpp
[18.608s] -- Symlinking: /home/orin/RogueRover/RR_ws/install/rr_msgs/include/rr_msgs/rr_msgs/srv/detail/robot_arm_array__rosidl_typesupport_introspection_cpp.hpp
[18.628s] -- Symlinking: /home/orin/RogueRover/RR_ws/install/rr_msgs/share/rr_msgs/environment/pythonpath.sh
[18.648s] -- Symlinking: /home/orin/RogueRover/RR_ws/install/rr_msgs/share/rr_msgs/environment/pythonpath.dsv
[18.668s] -- Symlinking: /home/orin/RogueRover/RR_ws/install/rr_msgs/local/lib/python3.10/dist-packages/rr_msgs-0.0.0-py3.10.egg-info/PKG-INFO
[18.687s] -- Symlinking: /home/orin/RogueRover/RR_ws/install/rr_msgs/local/lib/python3.10/dist-packages/rr_msgs-0.0.0-py3.10.egg-info/SOURCES.txt
[18.705s] -- Symlinking: /home/orin/RogueRover/RR_ws/install/rr_msgs/local/lib/python3.10/dist-packages/rr_msgs-0.0.0-py3.10.egg-info/dependency_links.txt
[18.725s] -- Symlinking: /home/orin/RogueRover/RR_ws/install/rr_msgs/local/lib/python3.10/dist-packages/rr_msgs-0.0.0-py3.10.egg-info/top_level.txt
[18.746s] -- Symlinking: /home/orin/RogueRover/RR_ws/install/rr_msgs/local/lib/python3.10/dist-packages/rr_msgs/__init__.py
[18.765s] -- Symlinking: /home/orin/RogueRover/RR_ws/install/rr_msgs/local/lib/python3.10/dist-packages/rr_msgs/_rr_msgs_s.ep.rosidl_typesupport_c.c
[18.784s] -- Symlinking: /home/orin/RogueRover/RR_ws/install/rr_msgs/local/lib/python3.10/dist-packages/rr_msgs/_rr_msgs_s.ep.rosidl_typesupport_fastrtps_c.c
[18.803s] -- Symlinking: /home/orin/RogueRover/RR_ws/install/rr_msgs/local/lib/python3.10/dist-packages/rr_msgs/_rr_msgs_s.ep.rosidl_typesupport_introspection_c.c
[18.821s] -- Symlinking: /home/orin/RogueRover/RR_ws/install/rr_msgs/local/lib/python3.10/dist-packages/rr_msgs/librr_msgs__rosidl_generator_py.so
[18.841s] -- Symlinking: /home/orin/RogueRover/RR_ws/install/rr_msgs/local/lib/python3.10/dist-packages/rr_msgs/msg/__init__.py
[18.860s] -- Symlinking: /home/orin/RogueRover/RR_ws/install/rr_msgs/local/lib/python3.10/dist-packages/rr_msgs/msg/_arm_joint.py
[18.879s] -- Symlinking: /home/orin/RogueRover/RR_ws/install/rr_msgs/local/lib/python3.10/dist-packages/rr_msgs/msg/_arm_joint_s.c
[18.898s] -- Symlinking: /home/orin/RogueRover/RR_ws/install/rr_msgs/local/lib/python3.10/dist-packages/rr_msgs/msg/_image_msg.py
[18.917s] -- Symlinking: /home/orin/RogueRover/RR_ws/install/rr_msgs/local/lib/python3.10/dist-packages/rr_msgs/msg/_image_msg_s.c
[18.936s] -- Symlinking: /home/orin/RogueRover/RR_ws/install/rr_msgs/local/lib/python3.10/dist-packages/rr_msgs/msg/_point_array.py
[18.956s] -- Symlinking: /home/orin/RogueRover/RR_ws/install/rr_msgs/local/lib/python3.10/dist-packages/rr_msgs/msg/_point_array_s.c
[18.976s] -- Symlinking: /home/orin/RogueRover/RR_ws/install/rr_msgs/local/lib/python3.10/dist-packages/rr_msgs/msg/_position.py
[18.996s] -- Symlinking: /home/orin/RogueRover/RR_ws/install/rr_msgs/local/lib/python3.10/dist-packages/rr_msgs/msg/_position_s.c
[19.015s] -- Symlinking: /home/orin/RogueRover/RR_ws/install/rr_msgs/local/lib/python3.10/dist-packages/rr_msgs/msg/_target.py
[19.034s] -- Symlinking: /home/orin/RogueRover/RR_ws/install/rr_msgs/local/lib/python3.10/dist-packages/rr_msgs/msg/_target_array.py
[19.053s] -- Symlinking: /home/orin/RogueRover/RR_ws/install/rr_msgs/local/lib/python3.10/dist-packages/rr_msgs/msg/_target_array_s.c
[19.073s] -- Symlinking: /home/orin/RogueRover/RR_ws/install/rr_msgs/local/lib/python3.10/dist-packages/rr_msgs/msg/_target_s.c
[19.092s] -- Symlinking: /home/orin/RogueRover/RR_ws/install/rr_msgs/local/lib/python3.10/dist-packages/rr_msgs/rr_msgs_s__rosidl_typesupport_c.cpython-310-aarch64-linux-gnu.so
[19.111s] -- Symlinking: /home/orin/RogueRover/RR_ws/install/rr_msgs/local/lib/python3.10/dist-packages/rr_msgs/rr_msgs_s__rosidl_typesupport_fastrtps_c.cpython-310-aarch64-linux-gnu.so
[19.130s] -- Symlinking: /home/orin/RogueRover/RR_ws/install/rr_msgs/local/lib/python3.10/dist-packages/rr_msgs/rr_msgs_s__rosidl_typesupport_introspection_c.cpython-310-aarch64-linux-gnu.so
[19.150s] -- Symlinking: /home/orin/RogueRover/RR_ws/install/rr_msgs/local/lib/python3.10/dist-packages/rr_msgs/srv/__init__.py
[19.170s] -- Symlinking: /home/orin/RogueRover/RR_ws/install/rr_msgs/local/lib/python3.10/dist-packages/rr_msgs/srv/_kinematics.py
[19.189s] -- Symlinking: /home/orin/RogueRover/RR_ws/install/rr_msgs/local/lib/python3.10/dist-packages/rr_msgs/srv/_kinematics_s.c
[19.209s] -- Symlinking: /home/orin/RogueRover/RR_ws/install/rr_msgs/local/lib/python3.10/dist-packages/rr_msgs/srv/_robot_arm_array.py
[19.228s] -- Symlinking: /home/orin/RogueRover/RR_ws/install/rr_msgs/local/lib/python3.10/dist-packages/rr_msgs/srv/_robot_arm_array_s.c
[19.248s] -- Up-to-date symlink: /home/orin/RogueRover/RR_ws/install/rr_msgs/local/lib/python3.10/dist-packages/rr_msgs/rr_msgs_s__rosidl_typesupport_fastrtps_c.cpython-310-aarch64-linux-gnu.so
[19.248s] -- Up-to-date symlink: /home/orin/RogueRover/RR_ws/install/rr_msgs/local/lib/python3.10/dist-packages/rr_msgs/rr_msgs_s__rosidl_typesupport_introspection_c.cpython-310-aarch64-linux-gnu.so
[19.249s] -- Up-to-date symlink: /home/orin/RogueRover/RR_ws/install/rr_msgs/local/lib/python3.10/dist-packages/rr_msgs/rr_msgs_s__rosidl_typesupport_c.cpython-310-aarch64-linux-gnu.so
[19.249s] -- Symlinking: /home/orin/RogueRover/RR_ws/install/rr_msgs/share/rr_msgs/msg/ArmJoint.idl
[19.270s] -- Symlinking: /home/orin/RogueRover/RR_ws/install/rr_msgs/share/rr_msgs/msg/ImageMsg.idl
[19.290s] -- Symlinking: /home/orin/RogueRover/RR_ws/install/rr_msgs/share/rr_msgs/msg/PointArray.idl
[19.309s] -- Symlinking: /home/orin/RogueRover/RR_ws/install/rr_msgs/share/rr_msgs/msg/Position.idl
[19.329s] -- Symlinking: /home/orin/RogueRover/RR_ws/install/rr_msgs/share/rr_msgs/msg/TargetArray.idl
[19.349s] -- Symlinking: /home/orin/RogueRover/RR_ws/install/rr_msgs/share/rr_msgs/msg/Target.idl
[19.368s] -- Symlinking: /home/orin/RogueRover/RR_ws/install/rr_msgs/share/rr_msgs/srv/Kinematics.idl
[19.388s] -- Symlinking: /home/orin/RogueRover/RR_ws/install/rr_msgs/share/rr_msgs/srv/RobotArmArray.idl
[19.408s] -- Symlinking: /home/orin/RogueRover/RR_ws/install/rr_msgs/share/rr_msgs/msg/ArmJoint.msg
[19.427s] -- Symlinking: /home/orin/RogueRover/RR_ws/install/rr_msgs/share/rr_msgs/msg/ImageMsg.msg
[19.446s] -- Symlinking: /home/orin/RogueRover/RR_ws/install/rr_msgs/share/rr_msgs/msg/PointArray.msg
[19.466s] -- Symlinking: /home/orin/RogueRover/RR_ws/install/rr_msgs/share/rr_msgs/msg/Position.msg
[19.492s] -- Symlinking: /home/orin/RogueRover/RR_ws/install/rr_msgs/share/rr_msgs/msg/TargetArray.msg
[19.504s] -- Symlinking: /home/orin/RogueRover/RR_ws/install/rr_msgs/share/rr_msgs/msg/Target.msg
[19.524s] -- Symlinking: /home/orin/RogueRover/RR_ws/install/rr_msgs/share/rr_msgs/srv/Kinematics.srv
[19.544s] -- Symlinking: /home/orin/RogueRover/RR_ws/install/rr_msgs/share/rr_msgs/srv/Kinematics_Request.msg
[19.564s] -- Symlinking: /home/orin/RogueRover/RR_ws/install/rr_msgs/share/rr_msgs/srv/Kinematics_Response.msg
[19.583s] -- Symlinking: /home/orin/RogueRover/RR_ws/install/rr_msgs/share/rr_msgs/srv/RobotArmArray.srv
[19.603s] -- Symlinking: /home/orin/RogueRover/RR_ws/install/rr_msgs/share/rr_msgs/srv/RobotArmArray_Request.msg
[19.624s] -- Symlinking: /home/orin/RogueRover/RR_ws/install/rr_msgs/share/rr_msgs/srv/RobotArmArray_Response.msg
[19.644s] -- Symlinking: /home/orin/RogueRover/RR_ws/install/rr_msgs/share/ament_index/resource_index/package_run_dependencies/rr_msgs
[19.663s] -- Symlinking: /home/orin/RogueRover/RR_ws/install/rr_msgs/share/ament_index/resource_index/parent_prefix_path/rr_msgs
[19.682s] -- Symlinking: /home/orin/RogueRover/RR_ws/install/rr_msgs/share/rr_msgs/environment/ament_prefix_path.sh
[19.701s] -- Symlinking: /home/orin/RogueRover/RR_ws/install/rr_msgs/share/rr_msgs/environment/ament_prefix_path.dsv
[19.720s] -- Symlinking: /home/orin/RogueRover/RR_ws/install/rr_msgs/share/rr_msgs/environment/path.sh
[19.739s] -- Symlinking: /home/orin/RogueRover/RR_ws/install/rr_msgs/share/rr_msgs/environment/path.dsv
[19.758s] -- Symlinking: /home/orin/RogueRover/RR_ws/install/rr_msgs/share/rr_msgs/local_setup.bash
[19.778s] -- Symlinking: /home/orin/RogueRover/RR_ws/install/rr_msgs/share/rr_msgs/local_setup.sh
[19.796s] -- Symlinking: /home/orin/RogueRover/RR_ws/install/rr_msgs/share/rr_msgs/local_setup.zsh
[19.815s] -- Symlinking: /home/orin/RogueRover/RR_ws/install/rr_msgs/share/rr_msgs/local_setup.dsv
[19.834s] -- Symlinking: /home/orin/RogueRover/RR_ws/install/rr_msgs/share/rr_msgs/package.dsv
[19.853s] -- Symlinking: /home/orin/RogueRover/RR_ws/install/rr_msgs/share/ament_index/resource_index/packages/rr_msgs
[19.872s] -- Symlinking: /home/orin/RogueRover/RR_ws/install/rr_msgs/share/rr_msgs/cmake/rosidl_cmake-extras.cmake
[19.891s] -- Symlinking: /home/orin/RogueRover/RR_ws/install/rr_msgs/share/rr_msgs/cmake/ament_cmake_export_dependencies-extras.cmake
[19.911s] -- Symlinking: /home/orin/RogueRover/RR_ws/install/rr_msgs/share/rr_msgs/cmake/ament_cmake_export_include_directories-extras.cmake
[19.931s] -- Symlinking: /home/orin/RogueRover/RR_ws/install/rr_msgs/share/rr_msgs/cmake/ament_cmake_export_libraries-extras.cmake
[19.950s] -- Symlinking: /home/orin/RogueRover/RR_ws/install/rr_msgs/share/rr_msgs/cmake/ament_cmake_export_targets-extras.cmake
[19.969s] -- Symlinking: /home/orin/RogueRover/RR_ws/install/rr_msgs/share/rr_msgs/cmake/rosidl_cmake_export_typesupport_targets-extras.cmake
[19.989s] -- Symlinking: /home/orin/RogueRover/RR_ws/install/rr_msgs/share/rr_msgs/cmake/rosidl_cmake_export_typesupport_libraries-extras.cmake
[20.008s] -- Symlinking: /home/orin/RogueRover/RR_ws/install/rr_msgs/share/rr_msgs/cmake/rr_msgsConfig.cmake
[20.026s] -- Symlinking: /home/orin/RogueRover/RR_ws/install/rr_msgs/share/rr_msgs/cmake/rr_msgsConfig-version.cmake
[20.046s] -- Symlinking: /home/orin/RogueRover/RR_ws/install/rr_msgs/share/rr_msgs/package.xml
[20.065s] -- Installing: /home/orin/RogueRover/RR_ws/install/rr_msgs/lib/librr_msgs__rosidl_generator_c.so
[20.066s] -- Set runtime path of "/home/orin/RogueRover/RR_ws/install/rr_msgs/lib/librr_msgs__rosidl_generator_c.so" to ""
[20.067s] -- Installing: /home/orin/RogueRover/RR_ws/install/rr_msgs/lib/librr_msgs__rosidl_typesupport_fastrtps_c.so
[20.068s] -- Set runtime path of "/home/orin/RogueRover/RR_ws/install/rr_msgs/lib/librr_msgs__rosidl_typesupport_fastrtps_c.so" to ""
[20.069s] -- Installing: /home/orin/RogueRover/RR_ws/install/rr_msgs/lib/librr_msgs__rosidl_typesupport_introspection_c.so
[20.069s] -- Set runtime path of "/home/orin/RogueRover/RR_ws/install/rr_msgs/lib/librr_msgs__rosidl_typesupport_introspection_c.so" to ""
[20.070s] -- Installing: /home/orin/RogueRover/RR_ws/install/rr_msgs/lib/librr_msgs__rosidl_typesupport_c.so
[20.070s] -- Set runtime path of "/home/orin/RogueRover/RR_ws/install/rr_msgs/lib/librr_msgs__rosidl_typesupport_c.so" to ""
[20.071s] -- Installing: /home/orin/RogueRover/RR_ws/install/rr_msgs/lib/librr_msgs__rosidl_typesupport_fastrtps_cpp.so
[20.072s] -- Set runtime path of "/home/orin/RogueRover/RR_ws/install/rr_msgs/lib/librr_msgs__rosidl_typesupport_fastrtps_cpp.so" to ""
[20.073s] -- Installing: /home/orin/RogueRover/RR_ws/install/rr_msgs/lib/librr_msgs__rosidl_typesupport_introspection_cpp.so
[20.074s] -- Set runtime path of "/home/orin/RogueRover/RR_ws/install/rr_msgs/lib/librr_msgs__rosidl_typesupport_introspection_cpp.so" to ""
[20.075s] -- Installing: /home/orin/RogueRover/RR_ws/install/rr_msgs/lib/librr_msgs__rosidl_typesupport_cpp.so
[20.076s] -- Set runtime path of "/home/orin/RogueRover/RR_ws/install/rr_msgs/lib/librr_msgs__rosidl_typesupport_cpp.so" to ""
[20.170s] Listing '/home/orin/RogueRover/RR_ws/install/rr_msgs/local/lib/python3.10/dist-packages/rr_msgs'...
[20.170s] Compiling '/home/orin/RogueRover/RR_ws/install/rr_msgs/local/lib/python3.10/dist-packages/rr_msgs/__init__.py'...
[20.170s] Listing '/home/orin/RogueRover/RR_ws/install/rr_msgs/local/lib/python3.10/dist-packages/rr_msgs/msg'...
[20.170s] Compiling '/home/orin/RogueRover/RR_ws/install/rr_msgs/local/lib/python3.10/dist-packages/rr_msgs/msg/__init__.py'...
[20.170s] Compiling '/home/orin/RogueRover/RR_ws/install/rr_msgs/local/lib/python3.10/dist-packages/rr_msgs/msg/_arm_joint.py'...
[20.170s] Compiling '/home/orin/RogueRover/RR_ws/install/rr_msgs/local/lib/python3.10/dist-packages/rr_msgs/msg/_image_msg.py'...
[20.170s] Compiling '/home/orin/RogueRover/RR_ws/install/rr_msgs/local/lib/python3.10/dist-packages/rr_msgs/msg/_point_array.py'...
[20.171s] Compiling '/home/orin/RogueRover/RR_ws/install/rr_msgs/local/lib/python3.10/dist-packages/rr_msgs/msg/_position.py'...
[20.171s] Compiling '/home/orin/RogueRover/RR_ws/install/rr_msgs/local/lib/python3.10/dist-packages/rr_msgs/msg/_target.py'...
[20.171s] Compiling '/home/orin/RogueRover/RR_ws/install/rr_msgs/local/lib/python3.10/dist-packages/rr_msgs/msg/_target_array.py'...
[20.171s] Listing '/home/orin/RogueRover/RR_ws/install/rr_msgs/local/lib/python3.10/dist-packages/rr_msgs/srv'...
[20.171s] Compiling '/home/orin/RogueRover/RR_ws/install/rr_msgs/local/lib/python3.10/dist-packages/rr_msgs/srv/__init__.py'...
[20.171s] Compiling '/home/orin/RogueRover/RR_ws/install/rr_msgs/local/lib/python3.10/dist-packages/rr_msgs/srv/_kinematics.py'...
[20.171s] Compiling '/home/orin/RogueRover/RR_ws/install/rr_msgs/local/lib/python3.10/dist-packages/rr_msgs/srv/_robot_arm_array.py'...
[20.181s] -- Installing: /home/orin/RogueRover/RR_ws/install/rr_msgs/lib/librr_msgs__rosidl_generator_py.so
[20.182s] -- Set runtime path of "/home/orin/RogueRover/RR_ws/install/rr_msgs/lib/librr_msgs__rosidl_generator_py.so" to ""
[20.182s] -- Installing: /home/orin/RogueRover/RR_ws/install/rr_msgs/share/rr_msgs/cmake/export_rr_msgs__rosidl_generator_cExport.cmake
[20.182s] -- Installing: /home/orin/RogueRover/RR_ws/install/rr_msgs/share/rr_msgs/cmake/export_rr_msgs__rosidl_generator_cExport-noconfig.cmake
[20.183s] -- Installing: /home/orin/RogueRover/RR_ws/install/rr_msgs/share/rr_msgs/cmake/export_rr_msgs__rosidl_typesupport_fastrtps_cExport.cmake
[20.184s] -- Installing: /home/orin/RogueRover/RR_ws/install/rr_msgs/share/rr_msgs/cmake/export_rr_msgs__rosidl_typesupport_fastrtps_cExport-noconfig.cmake
[20.184s] -- Installing: /home/orin/RogueRover/RR_ws/install/rr_msgs/share/rr_msgs/cmake/rr_msgs__rosidl_typesupport_introspection_cExport.cmake
[20.185s] -- Installing: /home/orin/RogueRover/RR_ws/install/rr_msgs/share/rr_msgs/cmake/rr_msgs__rosidl_typesupport_introspection_cExport-noconfig.cmake
[20.185s] -- Installing: /home/orin/RogueRover/RR_ws/install/rr_msgs/share/rr_msgs/cmake/rr_msgs__rosidl_typesupport_cExport.cmake
[20.186s] -- Installing: /home/orin/RogueRover/RR_ws/install/rr_msgs/share/rr_msgs/cmake/rr_msgs__rosidl_typesupport_cExport-noconfig.cmake
[20.186s] -- Installing: /home/orin/RogueRover/RR_ws/install/rr_msgs/share/rr_msgs/cmake/export_rr_msgs__rosidl_generator_cppExport.cmake
[20.187s] -- Installing: /home/orin/RogueRover/RR_ws/install/rr_msgs/share/rr_msgs/cmake/export_rr_msgs__rosidl_typesupport_fastrtps_cppExport.cmake
[20.187s] -- Installing: /home/orin/RogueRover/RR_ws/install/rr_msgs/share/rr_msgs/cmake/export_rr_msgs__rosidl_typesupport_fastrtps_cppExport-noconfig.cmake
[20.188s] -- Installing: /home/orin/RogueRover/RR_ws/install/rr_msgs/share/rr_msgs/cmake/rr_msgs__rosidl_typesupport_introspection_cppExport.cmake
[20.188s] -- Installing: /home/orin/RogueRover/RR_ws/install/rr_msgs/share/rr_msgs/cmake/rr_msgs__rosidl_typesupport_introspection_cppExport-noconfig.cmake
[20.189s] -- Installing: /home/orin/RogueRover/RR_ws/install/rr_msgs/share/rr_msgs/cmake/rr_msgs__rosidl_typesupport_cppExport.cmake
[20.189s] -- Installing: /home/orin/RogueRover/RR_ws/install/rr_msgs/share/rr_msgs/cmake/rr_msgs__rosidl_typesupport_cppExport-noconfig.cmake
[20.190s] -- Installing: /home/orin/RogueRover/RR_ws/install/rr_msgs/share/rr_msgs/cmake/export_rr_msgs__rosidl_generator_pyExport.cmake
[20.190s] -- Installing: /home/orin/RogueRover/RR_ws/install/rr_msgs/share/rr_msgs/cmake/export_rr_msgs__rosidl_generator_pyExport-noconfig.cmake
[20.199s] Invoked command in '/home/orin/RogueRover/RR_ws/build/rr_msgs' returned '0': CMAKE_PREFIX_PATH=${CMAKE_PREFIX_PATH}:/home/orin/RogueRover/RR_ws/install/rr_velocity:/home/orin/RogueRover/RR_ws/install/rr_description:/opt/ros/humble /usr/bin/cmake --install /home/orin/RogueRover/RR_ws/build/rr_msgs
