[1.966s] Invoking command in '/home/orin/RogueRover/RR_ws/build/rr_description': PYTHONPATH=/home/orin/RogueRover/RR_ws/build/rr_description/prefix_override:/usr/lib/python3/dist-packages/colcon_core/task/python/colcon_distutils_commands:/home/orin/RogueRover/RR_ws/install/rr_description/lib/python3.10/site-packages:${PYTHONPATH} /usr/bin/python3 -W ignore:setup.py install is deprecated setup.py develop --editable --build-directory /home/orin/RogueRover/RR_ws/build/rr_description/build --no-deps symlink_data
[2.541s] running develop
[2.880s] running egg_info
[2.880s] writing rr_description.egg-info/PKG-INFO
[2.880s] writing dependency_links to rr_description.egg-info/dependency_links.txt
[2.881s] writing entry points to rr_description.egg-info/entry_points.txt
[2.881s] writing requirements to rr_description.egg-info/requires.txt
[2.881s] writing top-level names to rr_description.egg-info/top_level.txt
[2.886s] reading manifest file 'rr_description.egg-info/SOURCES.txt'
[2.887s] writing manifest file 'rr_description.egg-info/SOURCES.txt'
[2.890s] running build_ext
[2.891s] Creating /home/orin/RogueRover/RR_ws/install/rr_description/lib/python3.10/site-packages/rr-description.egg-link (link to .)
[2.892s] 
[2.892s] Installed /home/orin/RogueRover/RR_ws/build/rr_description
[2.893s] running symlink_data
[2.893s] creating /home/orin/RogueRover/RR_ws/install/rr_description/share/rr_description/launch
[2.893s] symbolically linking /home/orin/RogueRover/RR_ws/build/rr_description/launch/start_nodes_launch.py -> /home/orin/RogueRover/RR_ws/install/rr_description/share/rr_description/launch
[2.893s] creating /home/orin/RogueRover/RR_ws/install/rr_description/share/rr_description/urdf
[2.893s] symbolically linking /home/orin/RogueRover/RR_ws/build/rr_description/urdf/RogueRover.urdf -> /home/orin/RogueRover/RR_ws/install/rr_description/share/rr_description/urdf
[2.894s] creating /home/orin/RogueRover/RR_ws/install/rr_description/share/rr_description/meshes
[2.894s] creating /home/orin/RogueRover/RR_ws/install/rr_description/share/rr_description/rviz
[2.988s] Invoked command in '/home/orin/RogueRover/RR_ws/build/rr_description' returned '0': PYTHONPATH=/home/orin/RogueRover/RR_ws/build/rr_description/prefix_override:/usr/lib/python3/dist-packages/colcon_core/task/python/colcon_distutils_commands:/home/orin/RogueRover/RR_ws/install/rr_description/lib/python3.10/site-packages:${PYTHONPATH} /usr/bin/python3 -W ignore:setup.py install is deprecated setup.py develop --editable --build-directory /home/orin/RogueRover/RR_ws/build/rr_description/build --no-deps symlink_data
