[1.955s] Invoking command in '/home/orin/RogueRover/RR_ws/build/rr_display': PYTHONPATH=/home/orin/RogueRover/RR_ws/build/rr_display/prefix_override:/usr/lib/python3/dist-packages/colcon_core/task/python/colcon_distutils_commands:/home/orin/RogueRover/RR_ws/install/rr_display/lib/python3.10/site-packages:${PYTHONPATH} /usr/bin/python3 -W ignore:setup.py install is deprecated setup.py develop --editable --build-directory /home/orin/RogueRover/RR_ws/build/rr_display/build --no-deps symlink_data
[2.532s] running develop
[2.872s] running egg_info
[2.873s] writing rr_display.egg-info/PKG-INFO
[2.873s] writing dependency_links to rr_display.egg-info/dependency_links.txt
[2.874s] writing entry points to rr_display.egg-info/entry_points.txt
[2.874s] writing requirements to rr_display.egg-info/requires.txt
[2.874s] writing top-level names to rr_display.egg-info/top_level.txt
[2.877s] reading manifest file 'rr_display.egg-info/SOURCES.txt'
[2.879s] writing manifest file 'rr_display.egg-info/SOURCES.txt'
[2.882s] running build_ext
[2.882s] Creating /home/orin/RogueRover/RR_ws/install/rr_display/lib/python3.10/site-packages/rr-display.egg-link (link to .)
[2.884s] Installing display script to /home/orin/RogueRover/RR_ws/install/rr_display/lib/rr_display
[2.884s] 
[2.884s] Installed /home/orin/RogueRover/RR_ws/build/rr_display
[2.885s] running symlink_data
[2.885s] creating /home/orin/RogueRover/RR_ws/install/rr_display/share/rr_display/launch
[2.885s] creating /home/orin/RogueRover/RR_ws/install/rr_display/share/rr_display/urdf
[2.885s] creating /home/orin/RogueRover/RR_ws/install/rr_display/share/rr_display/meshes
[2.885s] creating /home/orin/RogueRover/RR_ws/install/rr_display/share/rr_display/rviz
[2.973s] Invoked command in '/home/orin/RogueRover/RR_ws/build/rr_display' returned '0': PYTHONPATH=/home/orin/RogueRover/RR_ws/build/rr_display/prefix_override:/usr/lib/python3/dist-packages/colcon_core/task/python/colcon_distutils_commands:/home/orin/RogueRover/RR_ws/install/rr_display/lib/python3.10/site-packages:${PYTHONPATH} /usr/bin/python3 -W ignore:setup.py install is deprecated setup.py develop --editable --build-directory /home/orin/RogueRover/RR_ws/build/rr_display/build --no-deps symlink_data
