[0.214s] DEBUG:colcon:Command line arguments: ['/usr/bin/colcon', 'build', '--symlink-install']
[0.214s] DEBUG:colcon:Parsed command line arguments: Namespace(log_base=None, log_level=None, verb_name='build', build_base='build', install_base='install', merge_install=False, symlink_install=True, test_result_base=None, continue_on_error=False, executor='parallel', parallel_workers=6, event_handlers=None, ignore_user_meta=False, metas=['./colcon.meta'], base_paths=['.'], packages_ignore=None, packages_ignore_regex=None, paths=None, packages_up_to=None, packages_up_to_regex=None, packages_above=None, packages_above_and_dependencies=None, packages_above_depth=None, packages_select_by_dep=None, packages_skip_by_dep=None, packages_skip_up_to=None, packages_select_build_failed=False, packages_skip_build_finished=False, packages_select_test_failures=False, packages_skip_test_passed=False, packages_select=None, packages_skip=None, packages_select_regex=None, packages_skip_regex=None, packages_start=None, packages_end=None, allow_overriding=[], cmake_args=None, cmake_target=None, cmake_target_skip_unavailable=False, cmake_clean_cache=False, cmake_clean_first=False, cmake_force_configure=False, ament_cmake_args=None, catkin_cmake_args=None, catkin_skip_building_tests=False, verb_parser=<colcon_defaults.argument_parser.defaults.DefaultArgumentsDecorator object at 0xffff93b77f40>, verb_extension=<colcon_core.verb.build.BuildVerb object at 0xffff93b77a30>, main=<bound method BuildVerb.main of <colcon_core.verb.build.BuildVerb object at 0xffff93b77a30>>)
[0.579s] Level 1:colcon.colcon_core.package_discovery:discover_packages(colcon_meta) check parameters
[0.580s] Level 1:colcon.colcon_core.package_discovery:discover_packages(recursive) check parameters
[0.580s] Level 1:colcon.colcon_core.package_discovery:discover_packages(ignore) check parameters
[0.580s] Level 1:colcon.colcon_core.package_discovery:discover_packages(path) check parameters
[0.580s] Level 1:colcon.colcon_core.package_discovery:discover_packages(colcon_meta) discover
[0.580s] Level 1:colcon.colcon_core.package_discovery:discover_packages(recursive) discover
[0.580s] INFO:colcon.colcon_core.package_discovery:Crawling recursively for packages in '/home/orin/RogueRover/RR_ws'
[0.581s] Level 1:colcon.colcon_core.package_identification:_identify(.) by extensions ['ignore', 'ignore_ament_install']
[0.581s] Level 1:colcon.colcon_core.package_identification:_identify(.) by extension 'ignore'
[0.581s] Level 1:colcon.colcon_core.package_identification:_identify(.) by extension 'ignore_ament_install'
[0.581s] Level 1:colcon.colcon_core.package_identification:_identify(.) by extensions ['colcon_pkg']
[0.581s] Level 1:colcon.colcon_core.package_identification:_identify(.) by extension 'colcon_pkg'
[0.581s] Level 1:colcon.colcon_core.package_identification:_identify(.) by extensions ['colcon_meta']
[0.581s] Level 1:colcon.colcon_core.package_identification:_identify(.) by extension 'colcon_meta'
[0.581s] Level 1:colcon.colcon_core.package_identification:_identify(.) by extensions ['ros']
[0.582s] Level 1:colcon.colcon_core.package_identification:_identify(.) by extension 'ros'
[0.603s] Level 1:colcon.colcon_core.package_identification:_identify(.) by extensions ['cmake', 'python']
[0.604s] Level 1:colcon.colcon_core.package_identification:_identify(.) by extension 'cmake'
[0.604s] Level 1:colcon.colcon_core.package_identification:_identify(.) by extension 'python'
[0.604s] Level 1:colcon.colcon_core.package_identification:_identify(.) by extensions ['python_setup_py']
[0.604s] Level 1:colcon.colcon_core.package_identification:_identify(.) by extension 'python_setup_py'
[0.604s] Level 1:colcon.colcon_core.package_identification:_identify(Rosmaster_Lib.egg-info) by extensions ['ignore', 'ignore_ament_install']
[0.604s] Level 1:colcon.colcon_core.package_identification:_identify(Rosmaster_Lib.egg-info) by extension 'ignore'
[0.605s] Level 1:colcon.colcon_core.package_identification:_identify(Rosmaster_Lib.egg-info) by extension 'ignore_ament_install'
[0.605s] Level 1:colcon.colcon_core.package_identification:_identify(Rosmaster_Lib.egg-info) by extensions ['colcon_pkg']
[0.605s] Level 1:colcon.colcon_core.package_identification:_identify(Rosmaster_Lib.egg-info) by extension 'colcon_pkg'
[0.605s] Level 1:colcon.colcon_core.package_identification:_identify(Rosmaster_Lib.egg-info) by extensions ['colcon_meta']
[0.605s] Level 1:colcon.colcon_core.package_identification:_identify(Rosmaster_Lib.egg-info) by extension 'colcon_meta'
[0.605s] Level 1:colcon.colcon_core.package_identification:_identify(Rosmaster_Lib.egg-info) by extensions ['ros']
[0.605s] Level 1:colcon.colcon_core.package_identification:_identify(Rosmaster_Lib.egg-info) by extension 'ros'
[0.605s] Level 1:colcon.colcon_core.package_identification:_identify(Rosmaster_Lib.egg-info) by extensions ['cmake', 'python']
[0.605s] Level 1:colcon.colcon_core.package_identification:_identify(Rosmaster_Lib.egg-info) by extension 'cmake'
[0.606s] Level 1:colcon.colcon_core.package_identification:_identify(Rosmaster_Lib.egg-info) by extension 'python'
[0.606s] Level 1:colcon.colcon_core.package_identification:_identify(Rosmaster_Lib.egg-info) by extensions ['python_setup_py']
[0.606s] Level 1:colcon.colcon_core.package_identification:_identify(Rosmaster_Lib.egg-info) by extension 'python_setup_py'
[0.606s] Level 1:colcon.colcon_core.package_identification:_identify(build) by extensions ['ignore', 'ignore_ament_install']
[0.606s] Level 1:colcon.colcon_core.package_identification:_identify(build) by extension 'ignore'
[0.606s] Level 1:colcon.colcon_core.package_identification:_identify(build) ignored
[0.606s] Level 1:colcon.colcon_core.package_identification:_identify(dist) by extensions ['ignore', 'ignore_ament_install']
[0.607s] Level 1:colcon.colcon_core.package_identification:_identify(dist) by extension 'ignore'
[0.607s] Level 1:colcon.colcon_core.package_identification:_identify(dist) by extension 'ignore_ament_install'
[0.607s] Level 1:colcon.colcon_core.package_identification:_identify(dist) by extensions ['colcon_pkg']
[0.607s] Level 1:colcon.colcon_core.package_identification:_identify(dist) by extension 'colcon_pkg'
[0.607s] Level 1:colcon.colcon_core.package_identification:_identify(dist) by extensions ['colcon_meta']
[0.607s] Level 1:colcon.colcon_core.package_identification:_identify(dist) by extension 'colcon_meta'
[0.607s] Level 1:colcon.colcon_core.package_identification:_identify(dist) by extensions ['ros']
[0.607s] Level 1:colcon.colcon_core.package_identification:_identify(dist) by extension 'ros'
[0.607s] Level 1:colcon.colcon_core.package_identification:_identify(dist) by extensions ['cmake', 'python']
[0.607s] Level 1:colcon.colcon_core.package_identification:_identify(dist) by extension 'cmake'
[0.607s] Level 1:colcon.colcon_core.package_identification:_identify(dist) by extension 'python'
[0.608s] Level 1:colcon.colcon_core.package_identification:_identify(dist) by extensions ['python_setup_py']
[0.608s] Level 1:colcon.colcon_core.package_identification:_identify(dist) by extension 'python_setup_py'
[0.608s] Level 1:colcon.colcon_core.package_identification:_identify(install) by extensions ['ignore', 'ignore_ament_install']
[0.608s] Level 1:colcon.colcon_core.package_identification:_identify(install) by extension 'ignore'
[0.608s] Level 1:colcon.colcon_core.package_identification:_identify(install) ignored
[0.608s] Level 1:colcon.colcon_core.package_identification:_identify(log) by extensions ['ignore', 'ignore_ament_install']
[0.609s] Level 1:colcon.colcon_core.package_identification:_identify(log) by extension 'ignore'
[0.609s] Level 1:colcon.colcon_core.package_identification:_identify(log) ignored
[0.609s] Level 1:colcon.colcon_core.package_identification:_identify(src) by extensions ['ignore', 'ignore_ament_install']
[0.609s] Level 1:colcon.colcon_core.package_identification:_identify(src) by extension 'ignore'
[0.609s] Level 1:colcon.colcon_core.package_identification:_identify(src) by extension 'ignore_ament_install'
[0.609s] Level 1:colcon.colcon_core.package_identification:_identify(src) by extensions ['colcon_pkg']
[0.609s] Level 1:colcon.colcon_core.package_identification:_identify(src) by extension 'colcon_pkg'
[0.609s] Level 1:colcon.colcon_core.package_identification:_identify(src) by extensions ['colcon_meta']
[0.609s] Level 1:colcon.colcon_core.package_identification:_identify(src) by extension 'colcon_meta'
[0.610s] Level 1:colcon.colcon_core.package_identification:_identify(src) by extensions ['ros']
[0.610s] Level 1:colcon.colcon_core.package_identification:_identify(src) by extension 'ros'
[0.610s] Level 1:colcon.colcon_core.package_identification:_identify(src) by extensions ['cmake', 'python']
[0.610s] Level 1:colcon.colcon_core.package_identification:_identify(src) by extension 'cmake'
[0.610s] Level 1:colcon.colcon_core.package_identification:_identify(src) by extension 'python'
[0.610s] Level 1:colcon.colcon_core.package_identification:_identify(src) by extensions ['python_setup_py']
[0.610s] Level 1:colcon.colcon_core.package_identification:_identify(src) by extension 'python_setup_py'
[0.610s] Level 1:colcon.colcon_core.package_identification:_identify(src/rr_description) by extensions ['ignore', 'ignore_ament_install']
[0.610s] Level 1:colcon.colcon_core.package_identification:_identify(src/rr_description) by extension 'ignore'
[0.611s] Level 1:colcon.colcon_core.package_identification:_identify(src/rr_description) by extension 'ignore_ament_install'
[0.611s] Level 1:colcon.colcon_core.package_identification:_identify(src/rr_description) by extensions ['colcon_pkg']
[0.611s] Level 1:colcon.colcon_core.package_identification:_identify(src/rr_description) by extension 'colcon_pkg'
[0.611s] Level 1:colcon.colcon_core.package_identification:_identify(src/rr_description) by extensions ['colcon_meta']
[0.611s] Level 1:colcon.colcon_core.package_identification:_identify(src/rr_description) by extension 'colcon_meta'
[0.611s] Level 1:colcon.colcon_core.package_identification:_identify(src/rr_description) by extensions ['ros']
[0.611s] Level 1:colcon.colcon_core.package_identification:_identify(src/rr_description) by extension 'ros'
[0.616s] DEBUG:colcon.colcon_core.package_identification:Package 'src/rr_description' with type 'ros.ament_python' and name 'rr_description'
[0.616s] Level 1:colcon.colcon_core.package_identification:_identify(src/rr_display) by extensions ['ignore', 'ignore_ament_install']
[0.616s] Level 1:colcon.colcon_core.package_identification:_identify(src/rr_display) by extension 'ignore'
[0.616s] Level 1:colcon.colcon_core.package_identification:_identify(src/rr_display) by extension 'ignore_ament_install'
[0.617s] Level 1:colcon.colcon_core.package_identification:_identify(src/rr_display) by extensions ['colcon_pkg']
[0.617s] Level 1:colcon.colcon_core.package_identification:_identify(src/rr_display) by extension 'colcon_pkg'
[0.617s] Level 1:colcon.colcon_core.package_identification:_identify(src/rr_display) by extensions ['colcon_meta']
[0.617s] Level 1:colcon.colcon_core.package_identification:_identify(src/rr_display) by extension 'colcon_meta'
[0.617s] Level 1:colcon.colcon_core.package_identification:_identify(src/rr_display) by extensions ['ros']
[0.617s] Level 1:colcon.colcon_core.package_identification:_identify(src/rr_display) by extension 'ros'
[0.618s] DEBUG:colcon.colcon_core.package_identification:Package 'src/rr_display' with type 'ros.ament_python' and name 'rr_display'
[0.618s] Level 1:colcon.colcon_core.package_identification:_identify(src/rr_msgs) by extensions ['ignore', 'ignore_ament_install']
[0.618s] Level 1:colcon.colcon_core.package_identification:_identify(src/rr_msgs) by extension 'ignore'
[0.619s] Level 1:colcon.colcon_core.package_identification:_identify(src/rr_msgs) by extension 'ignore_ament_install'
[0.619s] Level 1:colcon.colcon_core.package_identification:_identify(src/rr_msgs) by extensions ['colcon_pkg']
[0.619s] Level 1:colcon.colcon_core.package_identification:_identify(src/rr_msgs) by extension 'colcon_pkg'
[0.619s] Level 1:colcon.colcon_core.package_identification:_identify(src/rr_msgs) by extensions ['colcon_meta']
[0.619s] Level 1:colcon.colcon_core.package_identification:_identify(src/rr_msgs) by extension 'colcon_meta'
[0.619s] Level 1:colcon.colcon_core.package_identification:_identify(src/rr_msgs) by extensions ['ros']
[0.619s] Level 1:colcon.colcon_core.package_identification:_identify(src/rr_msgs) by extension 'ros'
[0.620s] DEBUG:colcon.colcon_core.package_identification:Package 'src/rr_msgs' with type 'ros.ament_cmake' and name 'rr_msgs'
[0.621s] Level 1:colcon.colcon_core.package_identification:_identify(src/rr_velocity) by extensions ['ignore', 'ignore_ament_install']
[0.621s] Level 1:colcon.colcon_core.package_identification:_identify(src/rr_velocity) by extension 'ignore'
[0.621s] Level 1:colcon.colcon_core.package_identification:_identify(src/rr_velocity) by extension 'ignore_ament_install'
[0.621s] Level 1:colcon.colcon_core.package_identification:_identify(src/rr_velocity) by extensions ['colcon_pkg']
[0.621s] Level 1:colcon.colcon_core.package_identification:_identify(src/rr_velocity) by extension 'colcon_pkg'
[0.621s] Level 1:colcon.colcon_core.package_identification:_identify(src/rr_velocity) by extensions ['colcon_meta']
[0.621s] Level 1:colcon.colcon_core.package_identification:_identify(src/rr_velocity) by extension 'colcon_meta'
[0.621s] Level 1:colcon.colcon_core.package_identification:_identify(src/rr_velocity) by extensions ['ros']
[0.622s] Level 1:colcon.colcon_core.package_identification:_identify(src/rr_velocity) by extension 'ros'
[0.623s] DEBUG:colcon.colcon_core.package_identification:Package 'src/rr_velocity' with type 'ros.ament_python' and name 'rr_velocity'
[0.623s] Level 1:colcon.colcon_core.package_discovery:discover_packages(recursive) using defaults
[0.623s] Level 1:colcon.colcon_core.package_discovery:discover_packages(ignore) discover
[0.623s] Level 1:colcon.colcon_core.package_discovery:discover_packages(ignore) using defaults
[0.623s] Level 1:colcon.colcon_core.package_discovery:discover_packages(path) discover
[0.623s] Level 1:colcon.colcon_core.package_discovery:discover_packages(path) using defaults
[0.691s] Level 1:colcon.colcon_core.package_discovery:discover_packages(prefix_path) check parameters
[0.691s] Level 1:colcon.colcon_core.package_discovery:discover_packages(prefix_path) discover
[0.696s] DEBUG:colcon.colcon_installed_package_information.package_discovery:Found 271 installed packages in /opt/ros/humble
[0.699s] Level 1:colcon.colcon_core.package_discovery:discover_packages(prefix_path) using defaults
[0.774s] Level 5:colcon.colcon_core.verb:set package 'rr_description' build argument 'cmake_args' from command line to 'None'
[0.774s] Level 5:colcon.colcon_core.verb:set package 'rr_description' build argument 'cmake_target' from command line to 'None'
[0.774s] Level 5:colcon.colcon_core.verb:set package 'rr_description' build argument 'cmake_target_skip_unavailable' from command line to 'False'
[0.774s] Level 5:colcon.colcon_core.verb:set package 'rr_description' build argument 'cmake_clean_cache' from command line to 'False'
[0.774s] Level 5:colcon.colcon_core.verb:set package 'rr_description' build argument 'cmake_clean_first' from command line to 'False'
[0.774s] Level 5:colcon.colcon_core.verb:set package 'rr_description' build argument 'cmake_force_configure' from command line to 'False'
[0.774s] Level 5:colcon.colcon_core.verb:set package 'rr_description' build argument 'ament_cmake_args' from command line to 'None'
[0.774s] Level 5:colcon.colcon_core.verb:set package 'rr_description' build argument 'catkin_cmake_args' from command line to 'None'
[0.774s] Level 5:colcon.colcon_core.verb:set package 'rr_description' build argument 'catkin_skip_building_tests' from command line to 'False'
[0.774s] DEBUG:colcon.colcon_core.verb:Building package 'rr_description' with the following arguments: {'ament_cmake_args': None, 'build_base': '/home/orin/RogueRover/RR_ws/build/rr_description', 'catkin_cmake_args': None, 'catkin_skip_building_tests': False, 'cmake_args': None, 'cmake_clean_cache': False, 'cmake_clean_first': False, 'cmake_force_configure': False, 'cmake_target': None, 'cmake_target_skip_unavailable': False, 'install_base': '/home/orin/RogueRover/RR_ws/install/rr_description', 'merge_install': False, 'path': '/home/orin/RogueRover/RR_ws/src/rr_description', 'symlink_install': True, 'test_result_base': None}
[0.775s] Level 5:colcon.colcon_core.verb:set package 'rr_display' build argument 'cmake_args' from command line to 'None'
[0.775s] Level 5:colcon.colcon_core.verb:set package 'rr_display' build argument 'cmake_target' from command line to 'None'
[0.775s] Level 5:colcon.colcon_core.verb:set package 'rr_display' build argument 'cmake_target_skip_unavailable' from command line to 'False'
[0.775s] Level 5:colcon.colcon_core.verb:set package 'rr_display' build argument 'cmake_clean_cache' from command line to 'False'
[0.775s] Level 5:colcon.colcon_core.verb:set package 'rr_display' build argument 'cmake_clean_first' from command line to 'False'
[0.775s] Level 5:colcon.colcon_core.verb:set package 'rr_display' build argument 'cmake_force_configure' from command line to 'False'
[0.775s] Level 5:colcon.colcon_core.verb:set package 'rr_display' build argument 'ament_cmake_args' from command line to 'None'
[0.776s] Level 5:colcon.colcon_core.verb:set package 'rr_display' build argument 'catkin_cmake_args' from command line to 'None'
[0.776s] Level 5:colcon.colcon_core.verb:set package 'rr_display' build argument 'catkin_skip_building_tests' from command line to 'False'
[0.776s] DEBUG:colcon.colcon_core.verb:Building package 'rr_display' with the following arguments: {'ament_cmake_args': None, 'build_base': '/home/orin/RogueRover/RR_ws/build/rr_display', 'catkin_cmake_args': None, 'catkin_skip_building_tests': False, 'cmake_args': None, 'cmake_clean_cache': False, 'cmake_clean_first': False, 'cmake_force_configure': False, 'cmake_target': None, 'cmake_target_skip_unavailable': False, 'install_base': '/home/orin/RogueRover/RR_ws/install/rr_display', 'merge_install': False, 'path': '/home/orin/RogueRover/RR_ws/src/rr_display', 'symlink_install': True, 'test_result_base': None}
[0.776s] Level 5:colcon.colcon_core.verb:set package 'rr_msgs' build argument 'cmake_args' from command line to 'None'
[0.776s] Level 5:colcon.colcon_core.verb:set package 'rr_msgs' build argument 'cmake_target' from command line to 'None'
[0.776s] Level 5:colcon.colcon_core.verb:set package 'rr_msgs' build argument 'cmake_target_skip_unavailable' from command line to 'False'
[0.776s] Level 5:colcon.colcon_core.verb:set package 'rr_msgs' build argument 'cmake_clean_cache' from command line to 'False'
[0.776s] Level 5:colcon.colcon_core.verb:set package 'rr_msgs' build argument 'cmake_clean_first' from command line to 'False'
[0.777s] Level 5:colcon.colcon_core.verb:set package 'rr_msgs' build argument 'cmake_force_configure' from command line to 'False'
[0.777s] Level 5:colcon.colcon_core.verb:set package 'rr_msgs' build argument 'ament_cmake_args' from command line to 'None'
[0.777s] Level 5:colcon.colcon_core.verb:set package 'rr_msgs' build argument 'catkin_cmake_args' from command line to 'None'
[0.777s] Level 5:colcon.colcon_core.verb:set package 'rr_msgs' build argument 'catkin_skip_building_tests' from command line to 'False'
[0.777s] DEBUG:colcon.colcon_core.verb:Building package 'rr_msgs' with the following arguments: {'ament_cmake_args': None, 'build_base': '/home/orin/RogueRover/RR_ws/build/rr_msgs', 'catkin_cmake_args': None, 'catkin_skip_building_tests': False, 'cmake_args': None, 'cmake_clean_cache': False, 'cmake_clean_first': False, 'cmake_force_configure': False, 'cmake_target': None, 'cmake_target_skip_unavailable': False, 'install_base': '/home/orin/RogueRover/RR_ws/install/rr_msgs', 'merge_install': False, 'path': '/home/orin/RogueRover/RR_ws/src/rr_msgs', 'symlink_install': True, 'test_result_base': None}
[0.777s] Level 5:colcon.colcon_core.verb:set package 'rr_velocity' build argument 'cmake_args' from command line to 'None'
[0.777s] Level 5:colcon.colcon_core.verb:set package 'rr_velocity' build argument 'cmake_target' from command line to 'None'
[0.777s] Level 5:colcon.colcon_core.verb:set package 'rr_velocity' build argument 'cmake_target_skip_unavailable' from command line to 'False'
[0.778s] Level 5:colcon.colcon_core.verb:set package 'rr_velocity' build argument 'cmake_clean_cache' from command line to 'False'
[0.778s] Level 5:colcon.colcon_core.verb:set package 'rr_velocity' build argument 'cmake_clean_first' from command line to 'False'
[0.778s] Level 5:colcon.colcon_core.verb:set package 'rr_velocity' build argument 'cmake_force_configure' from command line to 'False'
[0.778s] Level 5:colcon.colcon_core.verb:set package 'rr_velocity' build argument 'ament_cmake_args' from command line to 'None'
[0.778s] Level 5:colcon.colcon_core.verb:set package 'rr_velocity' build argument 'catkin_cmake_args' from command line to 'None'
[0.778s] Level 5:colcon.colcon_core.verb:set package 'rr_velocity' build argument 'catkin_skip_building_tests' from command line to 'False'
[0.778s] DEBUG:colcon.colcon_core.verb:Building package 'rr_velocity' with the following arguments: {'ament_cmake_args': None, 'build_base': '/home/orin/RogueRover/RR_ws/build/rr_velocity', 'catkin_cmake_args': None, 'catkin_skip_building_tests': False, 'cmake_args': None, 'cmake_clean_cache': False, 'cmake_clean_first': False, 'cmake_force_configure': False, 'cmake_target': None, 'cmake_target_skip_unavailable': False, 'install_base': '/home/orin/RogueRover/RR_ws/install/rr_velocity', 'merge_install': False, 'path': '/home/orin/RogueRover/RR_ws/src/rr_velocity', 'symlink_install': True, 'test_result_base': None}
[0.778s] INFO:colcon.colcon_core.executor:Executing jobs using 'parallel' executor
[0.781s] DEBUG:colcon.colcon_parallel_executor.executor.parallel:run_until_complete
[0.781s] INFO:colcon.colcon_ros.task.ament_cmake.build:Building ROS package in '/home/orin/RogueRover/RR_ws/src/rr_msgs' with build type 'ament_cmake'
[0.781s] INFO:colcon.colcon_cmake.task.cmake.build:Building CMake package in '/home/orin/RogueRover/RR_ws/src/rr_msgs'
[0.785s] INFO:colcon.colcon_core.plugin_system:Skipping extension 'colcon_core.shell.bat': Not used on non-Windows systems
[0.786s] INFO:colcon.colcon_core.shell:Skip shell extension 'powershell' for command environment: Not usable outside of PowerShell
[0.786s] DEBUG:colcon.colcon_core.shell:Skip shell extension 'dsv' for command environment
[0.792s] INFO:colcon.colcon_ros.task.ament_python.build:Building ROS package in '/home/orin/RogueRover/RR_ws/src/rr_description' with build type 'ament_python'
[0.792s] Level 1:colcon.colcon_core.shell:create_environment_hook('rr_description', 'ament_prefix_path')
[0.793s] INFO:colcon.colcon_core.shell:Creating environment hook '/home/orin/RogueRover/RR_ws/install/rr_description/share/rr_description/hook/ament_prefix_path.ps1'
[0.794s] INFO:colcon.colcon_core.shell:Creating environment descriptor '/home/orin/RogueRover/RR_ws/install/rr_description/share/rr_description/hook/ament_prefix_path.dsv'
[0.795s] INFO:colcon.colcon_core.shell:Creating environment hook '/home/orin/RogueRover/RR_ws/install/rr_description/share/rr_description/hook/ament_prefix_path.sh'
[0.796s] INFO:colcon.colcon_core.shell:Skip shell extension 'powershell' for command environment: Not usable outside of PowerShell
[0.796s] DEBUG:colcon.colcon_core.shell:Skip shell extension 'dsv' for command environment
[0.801s] INFO:colcon.colcon_ros.task.ament_python.build:Building ROS package in '/home/orin/RogueRover/RR_ws/src/rr_display' with build type 'ament_python'
[0.801s] Level 1:colcon.colcon_core.shell:create_environment_hook('rr_display', 'ament_prefix_path')
[0.801s] INFO:colcon.colcon_core.shell:Creating environment hook '/home/orin/RogueRover/RR_ws/install/rr_display/share/rr_display/hook/ament_prefix_path.ps1'
[0.802s] INFO:colcon.colcon_core.shell:Creating environment descriptor '/home/orin/RogueRover/RR_ws/install/rr_display/share/rr_display/hook/ament_prefix_path.dsv'
[0.803s] INFO:colcon.colcon_core.shell:Creating environment hook '/home/orin/RogueRover/RR_ws/install/rr_display/share/rr_display/hook/ament_prefix_path.sh'
[0.804s] INFO:colcon.colcon_core.shell:Skip shell extension 'powershell' for command environment: Not usable outside of PowerShell
[0.804s] DEBUG:colcon.colcon_core.shell:Skip shell extension 'dsv' for command environment
[0.816s] DEBUG:colcon.colcon_core.event_handler.log_command:Invoking command in '/home/orin/RogueRover/RR_ws/build/rr_msgs': CMAKE_PREFIX_PATH=/opt/ros/humble /usr/bin/cmake --build /home/orin/RogueRover/RR_ws/build/rr_msgs -- -j6 -l6
[1.413s] INFO:colcon.colcon_core.task.python.build:Building Python package in '/home/orin/RogueRover/RR_ws/src/rr_description'
[1.414s] INFO:colcon.colcon_core.shell:Skip shell extension 'powershell' for command environment: Not usable outside of PowerShell
[1.414s] DEBUG:colcon.colcon_core.shell:Skip shell extension 'dsv' for command environment
[1.970s] INFO:colcon.colcon_core.task.python.build:Building Python package in '/home/orin/RogueRover/RR_ws/src/rr_display'
[1.972s] INFO:colcon.colcon_core.shell:Skip shell extension 'powershell' for command environment: Not usable outside of PowerShell
[1.972s] DEBUG:colcon.colcon_core.shell:Skip shell extension 'dsv' for command environment
[1.991s] DEBUG:colcon.colcon_core.event_handler.log_command:Invoked command in '/home/orin/RogueRover/RR_ws/build/rr_msgs' returned '0': CMAKE_PREFIX_PATH=/opt/ros/humble /usr/bin/cmake --build /home/orin/RogueRover/RR_ws/build/rr_msgs -- -j6 -l6
[2.311s] DEBUG:colcon.colcon_core.event_handler.log_command:Invoking command in '/home/orin/RogueRover/RR_ws/build/rr_msgs': CMAKE_PREFIX_PATH=/opt/ros/humble /usr/bin/cmake --install /home/orin/RogueRover/RR_ws/build/rr_msgs
[2.477s] Level 1:colcon.colcon_core.environment:create_environment_scripts_only(rr_msgs)
[2.478s] DEBUG:colcon.colcon_core.event_handler.log_command:Invoked command in '/home/orin/RogueRover/RR_ws/build/rr_msgs' returned '0': CMAKE_PREFIX_PATH=/opt/ros/humble /usr/bin/cmake --install /home/orin/RogueRover/RR_ws/build/rr_msgs
[2.483s] Level 1:colcon.colcon_core.environment:checking '/home/orin/RogueRover/RR_ws/install/rr_msgs' for CMake module files
[2.485s] Level 1:colcon.colcon_core.environment:checking '/home/orin/RogueRover/RR_ws/install/rr_msgs' for CMake config files
[2.486s] Level 1:colcon.colcon_core.shell:create_environment_hook('rr_msgs', 'cmake_prefix_path')
[2.486s] INFO:colcon.colcon_core.shell:Creating environment hook '/home/orin/RogueRover/RR_ws/install/rr_msgs/share/rr_msgs/hook/cmake_prefix_path.ps1'
[2.487s] INFO:colcon.colcon_core.shell:Creating environment descriptor '/home/orin/RogueRover/RR_ws/install/rr_msgs/share/rr_msgs/hook/cmake_prefix_path.dsv'
[2.488s] INFO:colcon.colcon_core.shell:Creating environment hook '/home/orin/RogueRover/RR_ws/install/rr_msgs/share/rr_msgs/hook/cmake_prefix_path.sh'
[2.490s] Level 1:colcon.colcon_core.environment:checking '/home/orin/RogueRover/RR_ws/install/rr_msgs/lib'
[2.490s] Level 1:colcon.colcon_core.shell:create_environment_hook('rr_msgs', 'ld_library_path_lib')
[2.491s] INFO:colcon.colcon_core.shell:Creating environment hook '/home/orin/RogueRover/RR_ws/install/rr_msgs/share/rr_msgs/hook/ld_library_path_lib.ps1'
[2.492s] INFO:colcon.colcon_core.shell:Creating environment descriptor '/home/orin/RogueRover/RR_ws/install/rr_msgs/share/rr_msgs/hook/ld_library_path_lib.dsv'
[2.492s] INFO:colcon.colcon_core.shell:Creating environment hook '/home/orin/RogueRover/RR_ws/install/rr_msgs/share/rr_msgs/hook/ld_library_path_lib.sh'
[2.493s] Level 1:colcon.colcon_core.environment:checking '/home/orin/RogueRover/RR_ws/install/rr_msgs/bin'
[2.493s] Level 1:colcon.colcon_core.environment:checking '/home/orin/RogueRover/RR_ws/install/rr_msgs/lib/pkgconfig/rr_msgs.pc'
[2.494s] Level 1:colcon.colcon_core.environment:checking '/home/orin/RogueRover/RR_ws/install/rr_msgs/lib/python3.10/site-packages'
[2.494s] Level 1:colcon.colcon_core.environment:checking '/home/orin/RogueRover/RR_ws/install/rr_msgs/bin'
[2.495s] INFO:colcon.colcon_core.shell:Creating package script '/home/orin/RogueRover/RR_ws/install/rr_msgs/share/rr_msgs/package.ps1'
[2.497s] INFO:colcon.colcon_core.shell:Creating package descriptor '/home/orin/RogueRover/RR_ws/install/rr_msgs/share/rr_msgs/package.dsv'
[2.498s] INFO:colcon.colcon_core.shell:Creating package script '/home/orin/RogueRover/RR_ws/install/rr_msgs/share/rr_msgs/package.sh'
[2.499s] INFO:colcon.colcon_core.shell:Creating package script '/home/orin/RogueRover/RR_ws/install/rr_msgs/share/rr_msgs/package.bash'
[2.501s] INFO:colcon.colcon_core.shell:Creating package script '/home/orin/RogueRover/RR_ws/install/rr_msgs/share/rr_msgs/package.zsh'
[2.502s] Level 1:colcon.colcon_core.environment:create_file_with_runtime_dependencies(/home/orin/RogueRover/RR_ws/install/rr_msgs/share/colcon-core/packages/rr_msgs)
[2.737s] DEBUG:colcon.colcon_core.event_handler.log_command:Invoking command in '/home/orin/RogueRover/RR_ws/build/rr_display': PYTHONPATH=/home/orin/RogueRover/RR_ws/build/rr_display/prefix_override:/usr/lib/python3/dist-packages/colcon_core/task/python/colcon_distutils_commands:/home/orin/RogueRover/RR_ws/install/rr_display/lib/python3.10/site-packages:${PYTHONPATH} /usr/bin/python3 -W ignore:setup.py install is deprecated setup.py develop --editable --build-directory /home/orin/RogueRover/RR_ws/build/rr_display/build --no-deps symlink_data
[2.759s] DEBUG:colcon.colcon_core.event_handler.log_command:Invoking command in '/home/orin/RogueRover/RR_ws/build/rr_description': PYTHONPATH=/home/orin/RogueRover/RR_ws/build/rr_description/prefix_override:/usr/lib/python3/dist-packages/colcon_core/task/python/colcon_distutils_commands:/home/orin/RogueRover/RR_ws/install/rr_description/lib/python3.10/site-packages:${PYTHONPATH} /usr/bin/python3 -W ignore:setup.py install is deprecated setup.py develop --editable --build-directory /home/orin/RogueRover/RR_ws/build/rr_description/build --no-deps symlink_data
[2.775s] Level 1:colcon.colcon_core.environment:create_environment_scripts_only(rr_msgs)
[2.776s] Level 1:colcon.colcon_core.environment:checking '/home/orin/RogueRover/RR_ws/install/rr_msgs' for CMake module files
[2.778s] Level 1:colcon.colcon_core.environment:checking '/home/orin/RogueRover/RR_ws/install/rr_msgs' for CMake config files
[2.779s] Level 1:colcon.colcon_core.shell:create_environment_hook('rr_msgs', 'cmake_prefix_path')
[2.780s] INFO:colcon.colcon_core.shell:Creating environment hook '/home/orin/RogueRover/RR_ws/install/rr_msgs/share/rr_msgs/hook/cmake_prefix_path.ps1'
[2.781s] INFO:colcon.colcon_core.shell:Creating environment descriptor '/home/orin/RogueRover/RR_ws/install/rr_msgs/share/rr_msgs/hook/cmake_prefix_path.dsv'
[2.782s] INFO:colcon.colcon_core.shell:Creating environment hook '/home/orin/RogueRover/RR_ws/install/rr_msgs/share/rr_msgs/hook/cmake_prefix_path.sh'
[2.783s] Level 1:colcon.colcon_core.environment:checking '/home/orin/RogueRover/RR_ws/install/rr_msgs/lib'
[2.784s] Level 1:colcon.colcon_core.shell:create_environment_hook('rr_msgs', 'ld_library_path_lib')
[2.784s] INFO:colcon.colcon_core.shell:Creating environment hook '/home/orin/RogueRover/RR_ws/install/rr_msgs/share/rr_msgs/hook/ld_library_path_lib.ps1'
[2.785s] INFO:colcon.colcon_core.shell:Creating environment descriptor '/home/orin/RogueRover/RR_ws/install/rr_msgs/share/rr_msgs/hook/ld_library_path_lib.dsv'
[2.786s] INFO:colcon.colcon_core.shell:Creating environment hook '/home/orin/RogueRover/RR_ws/install/rr_msgs/share/rr_msgs/hook/ld_library_path_lib.sh'
[2.787s] Level 1:colcon.colcon_core.environment:checking '/home/orin/RogueRover/RR_ws/install/rr_msgs/bin'
[2.787s] Level 1:colcon.colcon_core.environment:checking '/home/orin/RogueRover/RR_ws/install/rr_msgs/lib/pkgconfig/rr_msgs.pc'
[2.788s] Level 1:colcon.colcon_core.environment:checking '/home/orin/RogueRover/RR_ws/install/rr_msgs/lib/python3.10/site-packages'
[2.788s] Level 1:colcon.colcon_core.environment:checking '/home/orin/RogueRover/RR_ws/install/rr_msgs/bin'
[2.789s] INFO:colcon.colcon_core.shell:Creating package script '/home/orin/RogueRover/RR_ws/install/rr_msgs/share/rr_msgs/package.ps1'
[2.791s] INFO:colcon.colcon_core.shell:Creating package descriptor '/home/orin/RogueRover/RR_ws/install/rr_msgs/share/rr_msgs/package.dsv'
[2.792s] INFO:colcon.colcon_core.shell:Creating package script '/home/orin/RogueRover/RR_ws/install/rr_msgs/share/rr_msgs/package.sh'
[2.793s] INFO:colcon.colcon_core.shell:Creating package script '/home/orin/RogueRover/RR_ws/install/rr_msgs/share/rr_msgs/package.bash'
[2.794s] INFO:colcon.colcon_core.shell:Creating package script '/home/orin/RogueRover/RR_ws/install/rr_msgs/share/rr_msgs/package.zsh'
[2.795s] Level 1:colcon.colcon_core.environment:create_file_with_runtime_dependencies(/home/orin/RogueRover/RR_ws/install/rr_msgs/share/colcon-core/packages/rr_msgs)
[2.796s] INFO:colcon.colcon_ros.task.ament_python.build:Building ROS package in '/home/orin/RogueRover/RR_ws/src/rr_velocity' with build type 'ament_python'
[2.797s] Level 1:colcon.colcon_core.shell:create_environment_hook('rr_velocity', 'ament_prefix_path')
[2.797s] INFO:colcon.colcon_core.shell:Creating environment hook '/home/orin/RogueRover/RR_ws/install/rr_velocity/share/rr_velocity/hook/ament_prefix_path.ps1'
[2.799s] INFO:colcon.colcon_core.shell:Creating environment descriptor '/home/orin/RogueRover/RR_ws/install/rr_velocity/share/rr_velocity/hook/ament_prefix_path.dsv'
[2.800s] INFO:colcon.colcon_core.shell:Creating environment hook '/home/orin/RogueRover/RR_ws/install/rr_velocity/share/rr_velocity/hook/ament_prefix_path.sh'
[2.801s] INFO:colcon.colcon_core.shell:Skip shell extension 'powershell' for command environment: Not usable outside of PowerShell
[2.801s] DEBUG:colcon.colcon_core.shell:Skip shell extension 'dsv' for command environment
[3.389s] INFO:colcon.colcon_core.task.python.build:Building Python package in '/home/orin/RogueRover/RR_ws/src/rr_velocity'
[3.390s] INFO:colcon.colcon_core.shell:Skip shell extension 'powershell' for command environment: Not usable outside of PowerShell
[3.390s] DEBUG:colcon.colcon_core.shell:Skip shell extension 'dsv' for command environment
[3.716s] Level 1:colcon.colcon_core.shell:create_environment_hook('rr_display', 'pythonpath_develop')
[3.717s] INFO:colcon.colcon_core.shell:Creating environment hook '/home/orin/RogueRover/RR_ws/build/rr_display/share/rr_display/hook/pythonpath_develop.ps1'
[3.718s] DEBUG:colcon.colcon_core.event_handler.log_command:Invoked command in '/home/orin/RogueRover/RR_ws/build/rr_display' returned '0': PYTHONPATH=/home/orin/RogueRover/RR_ws/build/rr_display/prefix_override:/usr/lib/python3/dist-packages/colcon_core/task/python/colcon_distutils_commands:/home/orin/RogueRover/RR_ws/install/rr_display/lib/python3.10/site-packages:${PYTHONPATH} /usr/bin/python3 -W ignore:setup.py install is deprecated setup.py develop --editable --build-directory /home/orin/RogueRover/RR_ws/build/rr_display/build --no-deps symlink_data
[3.720s] INFO:colcon.colcon_core.shell:Creating environment descriptor '/home/orin/RogueRover/RR_ws/build/rr_display/share/rr_display/hook/pythonpath_develop.dsv'
[3.721s] INFO:colcon.colcon_core.shell:Creating environment hook '/home/orin/RogueRover/RR_ws/build/rr_display/share/rr_display/hook/pythonpath_develop.sh'
[3.722s] Level 1:colcon.colcon_core.environment:checking '/home/orin/RogueRover/RR_ws/install/rr_display' for CMake module files
[3.723s] Level 1:colcon.colcon_core.environment:checking '/home/orin/RogueRover/RR_ws/install/rr_display' for CMake config files
[3.724s] Level 1:colcon.colcon_core.environment:checking '/home/orin/RogueRover/RR_ws/install/rr_display/lib'
[3.725s] Level 1:colcon.colcon_core.environment:checking '/home/orin/RogueRover/RR_ws/install/rr_display/bin'
[3.725s] Level 1:colcon.colcon_core.environment:checking '/home/orin/RogueRover/RR_ws/install/rr_display/lib/pkgconfig/rr_display.pc'
[3.725s] Level 1:colcon.colcon_core.environment:checking '/home/orin/RogueRover/RR_ws/install/rr_display/lib/python3.10/site-packages'
[3.725s] Level 1:colcon.colcon_core.shell:create_environment_hook('rr_display', 'pythonpath')
[3.726s] INFO:colcon.colcon_core.shell:Creating environment hook '/home/orin/RogueRover/RR_ws/install/rr_display/share/rr_display/hook/pythonpath.ps1'
[3.727s] INFO:colcon.colcon_core.shell:Creating environment descriptor '/home/orin/RogueRover/RR_ws/install/rr_display/share/rr_display/hook/pythonpath.dsv'
[3.728s] INFO:colcon.colcon_core.shell:Creating environment hook '/home/orin/RogueRover/RR_ws/install/rr_display/share/rr_display/hook/pythonpath.sh'
[3.729s] Level 1:colcon.colcon_core.environment:checking '/home/orin/RogueRover/RR_ws/install/rr_display/bin'
[3.729s] Level 1:colcon.colcon_core.environment:create_environment_scripts_only(rr_display)
[3.730s] INFO:colcon.colcon_core.shell:Creating package script '/home/orin/RogueRover/RR_ws/install/rr_display/share/rr_display/package.ps1'
[3.731s] INFO:colcon.colcon_core.shell:Creating package descriptor '/home/orin/RogueRover/RR_ws/install/rr_display/share/rr_display/package.dsv'
[3.732s] INFO:colcon.colcon_core.shell:Creating package script '/home/orin/RogueRover/RR_ws/install/rr_display/share/rr_display/package.sh'
[3.733s] INFO:colcon.colcon_core.shell:Creating package script '/home/orin/RogueRover/RR_ws/install/rr_display/share/rr_display/package.bash'
[3.734s] INFO:colcon.colcon_core.shell:Creating package script '/home/orin/RogueRover/RR_ws/install/rr_display/share/rr_display/package.zsh'
[3.735s] Level 1:colcon.colcon_core.environment:create_file_with_runtime_dependencies(/home/orin/RogueRover/RR_ws/install/rr_display/share/colcon-core/packages/rr_display)
[3.778s] Level 1:colcon.colcon_core.shell:create_environment_hook('rr_description', 'pythonpath_develop')
[3.779s] INFO:colcon.colcon_core.shell:Creating environment hook '/home/orin/RogueRover/RR_ws/build/rr_description/share/rr_description/hook/pythonpath_develop.ps1'
[3.780s] DEBUG:colcon.colcon_core.event_handler.log_command:Invoked command in '/home/orin/RogueRover/RR_ws/build/rr_description' returned '0': PYTHONPATH=/home/orin/RogueRover/RR_ws/build/rr_description/prefix_override:/usr/lib/python3/dist-packages/colcon_core/task/python/colcon_distutils_commands:/home/orin/RogueRover/RR_ws/install/rr_description/lib/python3.10/site-packages:${PYTHONPATH} /usr/bin/python3 -W ignore:setup.py install is deprecated setup.py develop --editable --build-directory /home/orin/RogueRover/RR_ws/build/rr_description/build --no-deps symlink_data
[3.782s] INFO:colcon.colcon_core.shell:Creating environment descriptor '/home/orin/RogueRover/RR_ws/build/rr_description/share/rr_description/hook/pythonpath_develop.dsv'
[3.783s] INFO:colcon.colcon_core.shell:Creating environment hook '/home/orin/RogueRover/RR_ws/build/rr_description/share/rr_description/hook/pythonpath_develop.sh'
[3.786s] Level 1:colcon.colcon_core.environment:checking '/home/orin/RogueRover/RR_ws/install/rr_description' for CMake module files
[3.787s] Level 1:colcon.colcon_core.environment:checking '/home/orin/RogueRover/RR_ws/install/rr_description' for CMake config files
[3.789s] Level 1:colcon.colcon_core.environment:checking '/home/orin/RogueRover/RR_ws/install/rr_description/lib'
[3.789s] Level 1:colcon.colcon_core.environment:checking '/home/orin/RogueRover/RR_ws/install/rr_description/bin'
[3.790s] Level 1:colcon.colcon_core.environment:checking '/home/orin/RogueRover/RR_ws/install/rr_description/lib/pkgconfig/rr_description.pc'
[3.790s] Level 1:colcon.colcon_core.environment:checking '/home/orin/RogueRover/RR_ws/install/rr_description/lib/python3.10/site-packages'
[3.791s] Level 1:colcon.colcon_core.shell:create_environment_hook('rr_description', 'pythonpath')
[3.791s] INFO:colcon.colcon_core.shell:Creating environment hook '/home/orin/RogueRover/RR_ws/install/rr_description/share/rr_description/hook/pythonpath.ps1'
[3.793s] INFO:colcon.colcon_core.shell:Creating environment descriptor '/home/orin/RogueRover/RR_ws/install/rr_description/share/rr_description/hook/pythonpath.dsv'
[3.795s] INFO:colcon.colcon_core.shell:Creating environment hook '/home/orin/RogueRover/RR_ws/install/rr_description/share/rr_description/hook/pythonpath.sh'
[3.797s] Level 1:colcon.colcon_core.environment:checking '/home/orin/RogueRover/RR_ws/install/rr_description/bin'
[3.797s] Level 1:colcon.colcon_core.environment:create_environment_scripts_only(rr_description)
[3.799s] INFO:colcon.colcon_core.shell:Creating package script '/home/orin/RogueRover/RR_ws/install/rr_description/share/rr_description/package.ps1'
[3.801s] INFO:colcon.colcon_core.shell:Creating package descriptor '/home/orin/RogueRover/RR_ws/install/rr_description/share/rr_description/package.dsv'
[3.802s] INFO:colcon.colcon_core.shell:Creating package script '/home/orin/RogueRover/RR_ws/install/rr_description/share/rr_description/package.sh'
[3.804s] INFO:colcon.colcon_core.shell:Creating package script '/home/orin/RogueRover/RR_ws/install/rr_description/share/rr_description/package.bash'
[3.805s] INFO:colcon.colcon_core.shell:Creating package script '/home/orin/RogueRover/RR_ws/install/rr_description/share/rr_description/package.zsh'
[3.807s] Level 1:colcon.colcon_core.environment:create_file_with_runtime_dependencies(/home/orin/RogueRover/RR_ws/install/rr_description/share/colcon-core/packages/rr_description)
[4.136s] DEBUG:colcon.colcon_core.event_handler.log_command:Invoking command in '/home/orin/RogueRover/RR_ws/build/rr_velocity': AMENT_PREFIX_PATH=/home/orin/RogueRover/RR_ws/install/rr_msgs:${AMENT_PREFIX_PATH} CMAKE_PREFIX_PATH=/home/orin/RogueRover/RR_ws/install/rr_msgs LD_LIBRARY_PATH=/home/orin/RogueRover/RR_ws/install/rr_msgs/lib:/opt/ros/humble/opt/rviz_ogre_vendor/lib:/opt/ros/humble/lib/aarch64-linux-gnu:/opt/ros/humble/lib:/usr/local/cuda-12.6/lib64 PYTHONPATH=/home/orin/RogueRover/RR_ws/build/rr_velocity/prefix_override:/usr/lib/python3/dist-packages/colcon_core/task/python/colcon_distutils_commands:/home/orin/RogueRover/RR_ws/install/rr_velocity/lib/python3.10/site-packages:/home/orin/RogueRover/RR_ws/install/rr_msgs/local/lib/python3.10/dist-packages:${PYTHONPATH} /usr/bin/python3 -W ignore:setup.py install is deprecated setup.py develop --editable --build-directory /home/orin/RogueRover/RR_ws/build/rr_velocity/build --no-deps symlink_data
[5.108s] Level 1:colcon.colcon_core.shell:create_environment_hook('rr_velocity', 'pythonpath_develop')
[5.109s] INFO:colcon.colcon_core.shell:Creating environment hook '/home/orin/RogueRover/RR_ws/build/rr_velocity/share/rr_velocity/hook/pythonpath_develop.ps1'
[5.110s] DEBUG:colcon.colcon_core.event_handler.log_command:Invoked command in '/home/orin/RogueRover/RR_ws/build/rr_velocity' returned '0': AMENT_PREFIX_PATH=/home/orin/RogueRover/RR_ws/install/rr_msgs:${AMENT_PREFIX_PATH} CMAKE_PREFIX_PATH=/home/orin/RogueRover/RR_ws/install/rr_msgs LD_LIBRARY_PATH=/home/orin/RogueRover/RR_ws/install/rr_msgs/lib:/opt/ros/humble/opt/rviz_ogre_vendor/lib:/opt/ros/humble/lib/aarch64-linux-gnu:/opt/ros/humble/lib:/usr/local/cuda-12.6/lib64 PYTHONPATH=/home/orin/RogueRover/RR_ws/build/rr_velocity/prefix_override:/usr/lib/python3/dist-packages/colcon_core/task/python/colcon_distutils_commands:/home/orin/RogueRover/RR_ws/install/rr_velocity/lib/python3.10/site-packages:/home/orin/RogueRover/RR_ws/install/rr_msgs/local/lib/python3.10/dist-packages:${PYTHONPATH} /usr/bin/python3 -W ignore:setup.py install is deprecated setup.py develop --editable --build-directory /home/orin/RogueRover/RR_ws/build/rr_velocity/build --no-deps symlink_data
[5.112s] INFO:colcon.colcon_core.shell:Creating environment descriptor '/home/orin/RogueRover/RR_ws/build/rr_velocity/share/rr_velocity/hook/pythonpath_develop.dsv'
[5.113s] INFO:colcon.colcon_core.shell:Creating environment hook '/home/orin/RogueRover/RR_ws/build/rr_velocity/share/rr_velocity/hook/pythonpath_develop.sh'
[5.115s] Level 1:colcon.colcon_core.environment:checking '/home/orin/RogueRover/RR_ws/install/rr_velocity' for CMake module files
[5.117s] Level 1:colcon.colcon_core.environment:checking '/home/orin/RogueRover/RR_ws/install/rr_velocity' for CMake config files
[5.119s] Level 1:colcon.colcon_core.environment:checking '/home/orin/RogueRover/RR_ws/install/rr_velocity/lib'
[5.119s] Level 1:colcon.colcon_core.environment:checking '/home/orin/RogueRover/RR_ws/install/rr_velocity/bin'
[5.119s] Level 1:colcon.colcon_core.environment:checking '/home/orin/RogueRover/RR_ws/install/rr_velocity/lib/pkgconfig/rr_velocity.pc'
[5.120s] Level 1:colcon.colcon_core.environment:checking '/home/orin/RogueRover/RR_ws/install/rr_velocity/lib/python3.10/site-packages'
[5.120s] Level 1:colcon.colcon_core.shell:create_environment_hook('rr_velocity', 'pythonpath')
[5.121s] INFO:colcon.colcon_core.shell:Creating environment hook '/home/orin/RogueRover/RR_ws/install/rr_velocity/share/rr_velocity/hook/pythonpath.ps1'
[5.123s] INFO:colcon.colcon_core.shell:Creating environment descriptor '/home/orin/RogueRover/RR_ws/install/rr_velocity/share/rr_velocity/hook/pythonpath.dsv'
[5.124s] INFO:colcon.colcon_core.shell:Creating environment hook '/home/orin/RogueRover/RR_ws/install/rr_velocity/share/rr_velocity/hook/pythonpath.sh'
[5.126s] Level 1:colcon.colcon_core.environment:checking '/home/orin/RogueRover/RR_ws/install/rr_velocity/bin'
[5.126s] Level 1:colcon.colcon_core.environment:create_environment_scripts_only(rr_velocity)
[5.128s] INFO:colcon.colcon_core.shell:Creating package script '/home/orin/RogueRover/RR_ws/install/rr_velocity/share/rr_velocity/package.ps1'
[5.130s] INFO:colcon.colcon_core.shell:Creating package descriptor '/home/orin/RogueRover/RR_ws/install/rr_velocity/share/rr_velocity/package.dsv'
[5.131s] INFO:colcon.colcon_core.shell:Creating package script '/home/orin/RogueRover/RR_ws/install/rr_velocity/share/rr_velocity/package.sh'
[5.133s] INFO:colcon.colcon_core.shell:Creating package script '/home/orin/RogueRover/RR_ws/install/rr_velocity/share/rr_velocity/package.bash'
[5.134s] INFO:colcon.colcon_core.shell:Creating package script '/home/orin/RogueRover/RR_ws/install/rr_velocity/share/rr_velocity/package.zsh'
[5.136s] Level 1:colcon.colcon_core.environment:create_file_with_runtime_dependencies(/home/orin/RogueRover/RR_ws/install/rr_velocity/share/colcon-core/packages/rr_velocity)
[5.137s] DEBUG:colcon.colcon_parallel_executor.executor.parallel:closing loop
[5.138s] DEBUG:colcon.colcon_parallel_executor.executor.parallel:loop closed
[5.138s] DEBUG:colcon.colcon_parallel_executor.executor.parallel:run_until_complete finished with '0'
[5.138s] DEBUG:colcon.colcon_core.event_reactor:joining thread
[5.158s] INFO:colcon.colcon_core.plugin_system:Skipping extension 'colcon_notification.desktop_notification.terminal_notifier': Not used on non-Darwin systems
[5.158s] INFO:colcon.colcon_core.plugin_system:Skipping extension 'colcon_notification.desktop_notification.win32': Not used on non-Windows systems
[5.158s] INFO:colcon.colcon_notification.desktop_notification:Sending desktop notification using 'notify2'
[5.199s] DEBUG:colcon.colcon_core.event_reactor:joined thread
[5.201s] INFO:colcon.colcon_core.shell:Creating prefix script '/home/orin/RogueRover/RR_ws/install/local_setup.ps1'
[5.205s] INFO:colcon.colcon_core.shell:Creating prefix util module '/home/orin/RogueRover/RR_ws/install/_local_setup_util_ps1.py'
[5.210s] INFO:colcon.colcon_core.shell:Creating prefix chain script '/home/orin/RogueRover/RR_ws/install/setup.ps1'
[5.213s] INFO:colcon.colcon_core.shell:Creating prefix script '/home/orin/RogueRover/RR_ws/install/local_setup.sh'
[5.215s] INFO:colcon.colcon_core.shell:Creating prefix util module '/home/orin/RogueRover/RR_ws/install/_local_setup_util_sh.py'
[5.216s] INFO:colcon.colcon_core.shell:Creating prefix chain script '/home/orin/RogueRover/RR_ws/install/setup.sh'
[5.220s] INFO:colcon.colcon_core.shell:Creating prefix script '/home/orin/RogueRover/RR_ws/install/local_setup.bash'
[5.221s] INFO:colcon.colcon_core.shell:Creating prefix chain script '/home/orin/RogueRover/RR_ws/install/setup.bash'
[5.223s] INFO:colcon.colcon_core.shell:Creating prefix script '/home/orin/RogueRover/RR_ws/install/local_setup.zsh'
[5.225s] INFO:colcon.colcon_core.shell:Creating prefix chain script '/home/orin/RogueRover/RR_ws/install/setup.zsh'
