[0.041s] Invoking command in '/home/orin/RogueRover/RR_ws/build/rr_msgs': CMAKE_PREFIX_PATH=${CMAKE_PREFIX_PATH}:/home/orin/RogueRover/RR_ws/install/rr_velocity:/home/orin/RogueRover/RR_ws/install/rr_description:/opt/ros/humble /usr/bin/cmake --build /home/orin/RogueRover/RR_ws/build/rr_msgs -- -j6 -l6
[0.638s] [  1%] Built target rr_msgs__cpp
[0.639s] [ 12%] Built target rr_msgs__rosidl_generator_c
[0.639s] [ 12%] Built target ament_cmake_python_symlink_rr_msgs
[0.639s] [ 24%] Built target rr_msgs__rosidl_typesupport_introspection_cpp
[0.640s] [ 35%] Built target rr_msgs__rosidl_typesupport_cpp
[0.640s] [ 47%] Built target rr_msgs__rosidl_typesupport_fastrtps_cpp
[0.642s] [ 68%] Built target rr_msgs__rosidl_typesupport_introspection_c
[0.642s] [ 70%] Built target rr_msgs__rosidl_typesupport_c
[0.642s] [ 81%] Built target rr_msgs__rosidl_typesupport_fastrtps_c
[0.643s] [ 81%] Built target rr_msgs
[0.643s] [ 82%] Built target rr_msgs__py
[0.644s] [ 93%] Built target rr_msgs__rosidl_generator_py
[0.644s] [ 97%] Built target rr_msgs__rosidl_typesupport_c__pyext
[0.645s] [ 97%] Built target rr_msgs__rosidl_typesupport_introspection_c__pyext
[0.645s] [100%] Built target rr_msgs__rosidl_typesupport_fastrtps_c__pyext
[0.733s] running egg_info
[0.734s] writing rr_msgs.egg-info/PKG-INFO
[0.735s] writing dependency_links to rr_msgs.egg-info/dependency_links.txt
[0.735s] writing top-level names to rr_msgs.egg-info/top_level.txt
[0.740s] reading manifest file 'rr_msgs.egg-info/SOURCES.txt'
[0.742s] writing manifest file 'rr_msgs.egg-info/SOURCES.txt'
[0.810s] [100%] Built target ament_cmake_python_build_rr_msgs_egg
[1.213s] Invoked command in '/home/orin/RogueRover/RR_ws/build/rr_msgs' returned '0': CMAKE_PREFIX_PATH=${CMAKE_PREFIX_PATH}:/home/orin/RogueRover/RR_ws/install/rr_velocity:/home/orin/RogueRover/RR_ws/install/rr_description:/opt/ros/humble /usr/bin/cmake --build /home/orin/RogueRover/RR_ws/build/rr_msgs -- -j6 -l6
[1.554s] Invoking command in '/home/orin/RogueRover/RR_ws/build/rr_msgs': CMAKE_PREFIX_PATH=${CMAKE_PREFIX_PATH}:/home/orin/RogueRover/RR_ws/install/rr_velocity:/home/orin/RogueRover/RR_ws/install/rr_description:/opt/ros/humble /usr/bin/cmake --install /home/orin/RogueRover/RR_ws/build/rr_msgs
[1.569s] -- Install configuration: ""
[1.570s] -- Execute custom install script
[1.571s] -- Up-to-date symlink: /home/orin/RogueRover/RR_ws/install/rr_msgs/share/ament_index/resource_index/rosidl_interfaces/rr_msgs
[1.572s] -- Up-to-date symlink: /home/orin/RogueRover/RR_ws/install/rr_msgs/include/rr_msgs/rr_msgs/msg/arm_joint.h
[1.572s] -- Up-to-date symlink: /home/orin/RogueRover/RR_ws/install/rr_msgs/include/rr_msgs/rr_msgs/msg/detail/arm_joint__functions.h
[1.572s] -- Up-to-date symlink: /home/orin/RogueRover/RR_ws/install/rr_msgs/include/rr_msgs/rr_msgs/msg/detail/arm_joint__struct.h
[1.572s] -- Up-to-date symlink: /home/orin/RogueRover/RR_ws/install/rr_msgs/include/rr_msgs/rr_msgs/msg/detail/arm_joint__type_support.h
[1.573s] -- Up-to-date symlink: /home/orin/RogueRover/RR_ws/install/rr_msgs/include/rr_msgs/rr_msgs/msg/detail/image_msg__functions.h
[1.573s] -- Up-to-date symlink: /home/orin/RogueRover/RR_ws/install/rr_msgs/include/rr_msgs/rr_msgs/msg/detail/image_msg__struct.h
[1.573s] -- Up-to-date symlink: /home/orin/RogueRover/RR_ws/install/rr_msgs/include/rr_msgs/rr_msgs/msg/detail/image_msg__type_support.h
[1.573s] -- Up-to-date symlink: /home/orin/RogueRover/RR_ws/install/rr_msgs/include/rr_msgs/rr_msgs/msg/detail/point_array__functions.h
[1.574s] -- Up-to-date symlink: /home/orin/RogueRover/RR_ws/install/rr_msgs/include/rr_msgs/rr_msgs/msg/detail/point_array__struct.h
[1.574s] -- Up-to-date symlink: /home/orin/RogueRover/RR_ws/install/rr_msgs/include/rr_msgs/rr_msgs/msg/detail/point_array__type_support.h
[1.574s] -- Up-to-date symlink: /home/orin/RogueRover/RR_ws/install/rr_msgs/include/rr_msgs/rr_msgs/msg/detail/position__functions.h
[1.574s] -- Up-to-date symlink: /home/orin/RogueRover/RR_ws/install/rr_msgs/include/rr_msgs/rr_msgs/msg/detail/position__struct.h
[1.574s] -- Up-to-date symlink: /home/orin/RogueRover/RR_ws/install/rr_msgs/include/rr_msgs/rr_msgs/msg/detail/position__type_support.h
[1.575s] -- Up-to-date symlink: /home/orin/RogueRover/RR_ws/install/rr_msgs/include/rr_msgs/rr_msgs/msg/detail/target__functions.h
[1.575s] -- Up-to-date symlink: /home/orin/RogueRover/RR_ws/install/rr_msgs/include/rr_msgs/rr_msgs/msg/detail/target__struct.h
[1.575s] -- Up-to-date symlink: /home/orin/RogueRover/RR_ws/install/rr_msgs/include/rr_msgs/rr_msgs/msg/detail/target__type_support.h
[1.575s] -- Up-to-date symlink: /home/orin/RogueRover/RR_ws/install/rr_msgs/include/rr_msgs/rr_msgs/msg/detail/target_array__functions.h
[1.575s] -- Up-to-date symlink: /home/orin/RogueRover/RR_ws/install/rr_msgs/include/rr_msgs/rr_msgs/msg/detail/target_array__struct.h
[1.576s] -- Up-to-date symlink: /home/orin/RogueRover/RR_ws/install/rr_msgs/include/rr_msgs/rr_msgs/msg/detail/target_array__type_support.h
[1.576s] -- Up-to-date symlink: /home/orin/RogueRover/RR_ws/install/rr_msgs/include/rr_msgs/rr_msgs/msg/image_msg.h
[1.576s] -- Up-to-date symlink: /home/orin/RogueRover/RR_ws/install/rr_msgs/include/rr_msgs/rr_msgs/msg/point_array.h
[1.576s] -- Up-to-date symlink: /home/orin/RogueRover/RR_ws/install/rr_msgs/include/rr_msgs/rr_msgs/msg/position.h
[1.576s] -- Up-to-date symlink: /home/orin/RogueRover/RR_ws/install/rr_msgs/include/rr_msgs/rr_msgs/msg/rosidl_generator_c__visibility_control.h
[1.577s] -- Up-to-date symlink: /home/orin/RogueRover/RR_ws/install/rr_msgs/include/rr_msgs/rr_msgs/msg/target.h
[1.577s] -- Up-to-date symlink: /home/orin/RogueRover/RR_ws/install/rr_msgs/include/rr_msgs/rr_msgs/msg/target_array.h
[1.578s] -- Up-to-date symlink: /home/orin/RogueRover/RR_ws/install/rr_msgs/include/rr_msgs/rr_msgs/srv/detail/kinematics__functions.h
[1.578s] -- Up-to-date symlink: /home/orin/RogueRover/RR_ws/install/rr_msgs/include/rr_msgs/rr_msgs/srv/detail/kinematics__struct.h
[1.578s] -- Up-to-date symlink: /home/orin/RogueRover/RR_ws/install/rr_msgs/include/rr_msgs/rr_msgs/srv/detail/kinematics__type_support.h
[1.578s] -- Up-to-date symlink: /home/orin/RogueRover/RR_ws/install/rr_msgs/include/rr_msgs/rr_msgs/srv/detail/robot_arm_array__functions.h
[1.578s] -- Up-to-date symlink: /home/orin/RogueRover/RR_ws/install/rr_msgs/include/rr_msgs/rr_msgs/srv/detail/robot_arm_array__struct.h
[1.579s] -- Up-to-date symlink: /home/orin/RogueRover/RR_ws/install/rr_msgs/include/rr_msgs/rr_msgs/srv/detail/robot_arm_array__type_support.h
[1.579s] -- Up-to-date symlink: /home/orin/RogueRover/RR_ws/install/rr_msgs/include/rr_msgs/rr_msgs/srv/kinematics.h
[1.579s] -- Up-to-date symlink: /home/orin/RogueRover/RR_ws/install/rr_msgs/include/rr_msgs/rr_msgs/srv/robot_arm_array.h
[1.579s] -- Up-to-date symlink: /home/orin/RogueRover/RR_ws/install/rr_msgs/share/rr_msgs/environment/library_path.sh
[1.580s] -- Up-to-date symlink: /home/orin/RogueRover/RR_ws/install/rr_msgs/share/rr_msgs/environment/library_path.dsv
[1.581s] -- Up-to-date symlink: /home/orin/RogueRover/RR_ws/install/rr_msgs/include/rr_msgs/rr_msgs/msg/detail/arm_joint__rosidl_typesupport_fastrtps_c.h
[1.581s] -- Up-to-date symlink: /home/orin/RogueRover/RR_ws/install/rr_msgs/include/rr_msgs/rr_msgs/msg/detail/image_msg__rosidl_typesupport_fastrtps_c.h
[1.581s] -- Up-to-date symlink: /home/orin/RogueRover/RR_ws/install/rr_msgs/include/rr_msgs/rr_msgs/msg/detail/point_array__rosidl_typesupport_fastrtps_c.h
[1.582s] -- Up-to-date symlink: /home/orin/RogueRover/RR_ws/install/rr_msgs/include/rr_msgs/rr_msgs/msg/detail/position__rosidl_typesupport_fastrtps_c.h
[1.582s] -- Up-to-date symlink: /home/orin/RogueRover/RR_ws/install/rr_msgs/include/rr_msgs/rr_msgs/msg/detail/target__rosidl_typesupport_fastrtps_c.h
[1.582s] -- Up-to-date symlink: /home/orin/RogueRover/RR_ws/install/rr_msgs/include/rr_msgs/rr_msgs/msg/detail/target_array__rosidl_typesupport_fastrtps_c.h
[1.582s] -- Up-to-date symlink: /home/orin/RogueRover/RR_ws/install/rr_msgs/include/rr_msgs/rr_msgs/msg/rosidl_typesupport_fastrtps_c__visibility_control.h
[1.582s] -- Up-to-date symlink: /home/orin/RogueRover/RR_ws/install/rr_msgs/include/rr_msgs/rr_msgs/srv/detail/kinematics__rosidl_typesupport_fastrtps_c.h
[1.583s] -- Up-to-date symlink: /home/orin/RogueRover/RR_ws/install/rr_msgs/include/rr_msgs/rr_msgs/srv/detail/robot_arm_array__rosidl_typesupport_fastrtps_c.h
[1.583s] -- Up-to-date symlink: /home/orin/RogueRover/RR_ws/install/rr_msgs/include/rr_msgs/rr_msgs/msg/detail/arm_joint__rosidl_typesupport_introspection_c.h
[1.584s] -- Up-to-date symlink: /home/orin/RogueRover/RR_ws/install/rr_msgs/include/rr_msgs/rr_msgs/msg/detail/image_msg__rosidl_typesupport_introspection_c.h
[1.584s] -- Up-to-date symlink: /home/orin/RogueRover/RR_ws/install/rr_msgs/include/rr_msgs/rr_msgs/msg/detail/point_array__rosidl_typesupport_introspection_c.h
[1.584s] -- Up-to-date symlink: /home/orin/RogueRover/RR_ws/install/rr_msgs/include/rr_msgs/rr_msgs/msg/detail/position__rosidl_typesupport_introspection_c.h
[1.584s] -- Up-to-date symlink: /home/orin/RogueRover/RR_ws/install/rr_msgs/include/rr_msgs/rr_msgs/msg/detail/target__rosidl_typesupport_introspection_c.h
[1.585s] -- Up-to-date symlink: /home/orin/RogueRover/RR_ws/install/rr_msgs/include/rr_msgs/rr_msgs/msg/detail/target_array__rosidl_typesupport_introspection_c.h
[1.585s] -- Up-to-date symlink: /home/orin/RogueRover/RR_ws/install/rr_msgs/include/rr_msgs/rr_msgs/msg/rosidl_typesupport_introspection_c__visibility_control.h
[1.585s] -- Up-to-date symlink: /home/orin/RogueRover/RR_ws/install/rr_msgs/include/rr_msgs/rr_msgs/srv/detail/kinematics__rosidl_typesupport_introspection_c.h
[1.585s] -- Up-to-date symlink: /home/orin/RogueRover/RR_ws/install/rr_msgs/include/rr_msgs/rr_msgs/srv/detail/robot_arm_array__rosidl_typesupport_introspection_c.h
[1.586s] -- Up-to-date symlink: /home/orin/RogueRover/RR_ws/install/rr_msgs/include/rr_msgs/rr_msgs/msg/arm_joint.hpp
[1.586s] -- Up-to-date symlink: /home/orin/RogueRover/RR_ws/install/rr_msgs/include/rr_msgs/rr_msgs/msg/detail/arm_joint__builder.hpp
[1.587s] -- Up-to-date symlink: /home/orin/RogueRover/RR_ws/install/rr_msgs/include/rr_msgs/rr_msgs/msg/detail/arm_joint__struct.hpp
[1.587s] -- Up-to-date symlink: /home/orin/RogueRover/RR_ws/install/rr_msgs/include/rr_msgs/rr_msgs/msg/detail/arm_joint__traits.hpp
[1.588s] -- Up-to-date symlink: /home/orin/RogueRover/RR_ws/install/rr_msgs/include/rr_msgs/rr_msgs/msg/detail/image_msg__builder.hpp
[1.588s] -- Up-to-date symlink: /home/orin/RogueRover/RR_ws/install/rr_msgs/include/rr_msgs/rr_msgs/msg/detail/image_msg__struct.hpp
[1.588s] -- Up-to-date symlink: /home/orin/RogueRover/RR_ws/install/rr_msgs/include/rr_msgs/rr_msgs/msg/detail/image_msg__traits.hpp
[1.588s] -- Up-to-date symlink: /home/orin/RogueRover/RR_ws/install/rr_msgs/include/rr_msgs/rr_msgs/msg/detail/point_array__builder.hpp
[1.588s] -- Up-to-date symlink: /home/orin/RogueRover/RR_ws/install/rr_msgs/include/rr_msgs/rr_msgs/msg/detail/point_array__struct.hpp
[1.588s] -- Up-to-date symlink: /home/orin/RogueRover/RR_ws/install/rr_msgs/include/rr_msgs/rr_msgs/msg/detail/point_array__traits.hpp
[1.589s] -- Up-to-date symlink: /home/orin/RogueRover/RR_ws/install/rr_msgs/include/rr_msgs/rr_msgs/msg/detail/position__builder.hpp
[1.589s] -- Up-to-date symlink: /home/orin/RogueRover/RR_ws/install/rr_msgs/include/rr_msgs/rr_msgs/msg/detail/position__struct.hpp
[1.589s] -- Up-to-date symlink: /home/orin/RogueRover/RR_ws/install/rr_msgs/include/rr_msgs/rr_msgs/msg/detail/position__traits.hpp
[1.589s] -- Up-to-date symlink: /home/orin/RogueRover/RR_ws/install/rr_msgs/include/rr_msgs/rr_msgs/msg/detail/target__builder.hpp
[1.589s] -- Up-to-date symlink: /home/orin/RogueRover/RR_ws/install/rr_msgs/include/rr_msgs/rr_msgs/msg/detail/target__struct.hpp
[1.589s] -- Up-to-date symlink: /home/orin/RogueRover/RR_ws/install/rr_msgs/include/rr_msgs/rr_msgs/msg/detail/target__traits.hpp
[1.590s] -- Up-to-date symlink: /home/orin/RogueRover/RR_ws/install/rr_msgs/include/rr_msgs/rr_msgs/msg/detail/target_array__builder.hpp
[1.590s] -- Up-to-date symlink: /home/orin/RogueRover/RR_ws/install/rr_msgs/include/rr_msgs/rr_msgs/msg/detail/target_array__struct.hpp
[1.590s] -- Up-to-date symlink: /home/orin/RogueRover/RR_ws/install/rr_msgs/include/rr_msgs/rr_msgs/msg/detail/target_array__traits.hpp
[1.590s] -- Up-to-date symlink: /home/orin/RogueRover/RR_ws/install/rr_msgs/include/rr_msgs/rr_msgs/msg/image_msg.hpp
[1.590s] -- Up-to-date symlink: /home/orin/RogueRover/RR_ws/install/rr_msgs/include/rr_msgs/rr_msgs/msg/point_array.hpp
[1.591s] -- Up-to-date symlink: /home/orin/RogueRover/RR_ws/install/rr_msgs/include/rr_msgs/rr_msgs/msg/position.hpp
[1.591s] -- Up-to-date symlink: /home/orin/RogueRover/RR_ws/install/rr_msgs/include/rr_msgs/rr_msgs/msg/target.hpp
[1.591s] -- Up-to-date symlink: /home/orin/RogueRover/RR_ws/install/rr_msgs/include/rr_msgs/rr_msgs/msg/target_array.hpp
[1.591s] -- Up-to-date symlink: /home/orin/RogueRover/RR_ws/install/rr_msgs/include/rr_msgs/rr_msgs/srv/detail/kinematics__builder.hpp
[1.592s] -- Up-to-date symlink: /home/orin/RogueRover/RR_ws/install/rr_msgs/include/rr_msgs/rr_msgs/srv/detail/kinematics__struct.hpp
[1.592s] -- Up-to-date symlink: /home/orin/RogueRover/RR_ws/install/rr_msgs/include/rr_msgs/rr_msgs/srv/detail/kinematics__traits.hpp
[1.592s] -- Up-to-date symlink: /home/orin/RogueRover/RR_ws/install/rr_msgs/include/rr_msgs/rr_msgs/srv/detail/robot_arm_array__builder.hpp
[1.592s] -- Up-to-date symlink: /home/orin/RogueRover/RR_ws/install/rr_msgs/include/rr_msgs/rr_msgs/srv/detail/robot_arm_array__struct.hpp
[1.592s] -- Up-to-date symlink: /home/orin/RogueRover/RR_ws/install/rr_msgs/include/rr_msgs/rr_msgs/srv/detail/robot_arm_array__traits.hpp
[1.593s] -- Up-to-date symlink: /home/orin/RogueRover/RR_ws/install/rr_msgs/include/rr_msgs/rr_msgs/srv/kinematics.hpp
[1.593s] -- Up-to-date symlink: /home/orin/RogueRover/RR_ws/install/rr_msgs/include/rr_msgs/rr_msgs/srv/robot_arm_array.hpp
[1.594s] -- Up-to-date symlink: /home/orin/RogueRover/RR_ws/install/rr_msgs/include/rr_msgs/rr_msgs/msg/detail/arm_joint__rosidl_typesupport_fastrtps_cpp.hpp
[1.594s] -- Up-to-date symlink: /home/orin/RogueRover/RR_ws/install/rr_msgs/include/rr_msgs/rr_msgs/msg/detail/image_msg__rosidl_typesupport_fastrtps_cpp.hpp
[1.595s] -- Up-to-date symlink: /home/orin/RogueRover/RR_ws/install/rr_msgs/include/rr_msgs/rr_msgs/msg/detail/point_array__rosidl_typesupport_fastrtps_cpp.hpp
[1.595s] -- Up-to-date symlink: /home/orin/RogueRover/RR_ws/install/rr_msgs/include/rr_msgs/rr_msgs/msg/detail/position__rosidl_typesupport_fastrtps_cpp.hpp
[1.595s] -- Up-to-date symlink: /home/orin/RogueRover/RR_ws/install/rr_msgs/include/rr_msgs/rr_msgs/msg/detail/target__rosidl_typesupport_fastrtps_cpp.hpp
[1.595s] -- Up-to-date symlink: /home/orin/RogueRover/RR_ws/install/rr_msgs/include/rr_msgs/rr_msgs/msg/detail/target_array__rosidl_typesupport_fastrtps_cpp.hpp
[1.595s] -- Up-to-date symlink: /home/orin/RogueRover/RR_ws/install/rr_msgs/include/rr_msgs/rr_msgs/msg/rosidl_typesupport_fastrtps_cpp__visibility_control.h
[1.596s] -- Up-to-date symlink: /home/orin/RogueRover/RR_ws/install/rr_msgs/include/rr_msgs/rr_msgs/srv/detail/kinematics__rosidl_typesupport_fastrtps_cpp.hpp
[1.596s] -- Up-to-date symlink: /home/orin/RogueRover/RR_ws/install/rr_msgs/include/rr_msgs/rr_msgs/srv/detail/robot_arm_array__rosidl_typesupport_fastrtps_cpp.hpp
[1.597s] -- Up-to-date symlink: /home/orin/RogueRover/RR_ws/install/rr_msgs/include/rr_msgs/rr_msgs/msg/detail/arm_joint__rosidl_typesupport_introspection_cpp.hpp
[1.597s] -- Up-to-date symlink: /home/orin/RogueRover/RR_ws/install/rr_msgs/include/rr_msgs/rr_msgs/msg/detail/image_msg__rosidl_typesupport_introspection_cpp.hpp
[1.597s] -- Up-to-date symlink: /home/orin/RogueRover/RR_ws/install/rr_msgs/include/rr_msgs/rr_msgs/msg/detail/point_array__rosidl_typesupport_introspection_cpp.hpp
[1.598s] -- Up-to-date symlink: /home/orin/RogueRover/RR_ws/install/rr_msgs/include/rr_msgs/rr_msgs/msg/detail/position__rosidl_typesupport_introspection_cpp.hpp
[1.598s] -- Up-to-date symlink: /home/orin/RogueRover/RR_ws/install/rr_msgs/include/rr_msgs/rr_msgs/msg/detail/target__rosidl_typesupport_introspection_cpp.hpp
[1.598s] -- Up-to-date symlink: /home/orin/RogueRover/RR_ws/install/rr_msgs/include/rr_msgs/rr_msgs/msg/detail/target_array__rosidl_typesupport_introspection_cpp.hpp
[1.598s] -- Up-to-date symlink: /home/orin/RogueRover/RR_ws/install/rr_msgs/include/rr_msgs/rr_msgs/srv/detail/kinematics__rosidl_typesupport_introspection_cpp.hpp
[1.599s] -- Up-to-date symlink: /home/orin/RogueRover/RR_ws/install/rr_msgs/include/rr_msgs/rr_msgs/srv/detail/robot_arm_array__rosidl_typesupport_introspection_cpp.hpp
[1.599s] -- Up-to-date symlink: /home/orin/RogueRover/RR_ws/install/rr_msgs/share/rr_msgs/environment/pythonpath.sh
[1.599s] -- Up-to-date symlink: /home/orin/RogueRover/RR_ws/install/rr_msgs/share/rr_msgs/environment/pythonpath.dsv
[1.600s] -- Up-to-date symlink: /home/orin/RogueRover/RR_ws/install/rr_msgs/local/lib/python3.10/dist-packages/rr_msgs-0.0.0-py3.10.egg-info/PKG-INFO
[1.600s] -- Up-to-date symlink: /home/orin/RogueRover/RR_ws/install/rr_msgs/local/lib/python3.10/dist-packages/rr_msgs-0.0.0-py3.10.egg-info/SOURCES.txt
[1.600s] -- Up-to-date symlink: /home/orin/RogueRover/RR_ws/install/rr_msgs/local/lib/python3.10/dist-packages/rr_msgs-0.0.0-py3.10.egg-info/dependency_links.txt
[1.600s] -- Up-to-date symlink: /home/orin/RogueRover/RR_ws/install/rr_msgs/local/lib/python3.10/dist-packages/rr_msgs-0.0.0-py3.10.egg-info/top_level.txt
[1.602s] -- Up-to-date symlink: /home/orin/RogueRover/RR_ws/install/rr_msgs/local/lib/python3.10/dist-packages/rr_msgs/__init__.py
[1.602s] -- Up-to-date symlink: /home/orin/RogueRover/RR_ws/install/rr_msgs/local/lib/python3.10/dist-packages/rr_msgs/_rr_msgs_s.ep.rosidl_typesupport_c.c
[1.602s] -- Up-to-date symlink: /home/orin/RogueRover/RR_ws/install/rr_msgs/local/lib/python3.10/dist-packages/rr_msgs/_rr_msgs_s.ep.rosidl_typesupport_fastrtps_c.c
[1.602s] -- Up-to-date symlink: /home/orin/RogueRover/RR_ws/install/rr_msgs/local/lib/python3.10/dist-packages/rr_msgs/_rr_msgs_s.ep.rosidl_typesupport_introspection_c.c
[1.603s] -- Up-to-date symlink: /home/orin/RogueRover/RR_ws/install/rr_msgs/local/lib/python3.10/dist-packages/rr_msgs/librr_msgs__rosidl_generator_py.so
[1.603s] -- Up-to-date symlink: /home/orin/RogueRover/RR_ws/install/rr_msgs/local/lib/python3.10/dist-packages/rr_msgs/msg/__init__.py
[1.603s] -- Up-to-date symlink: /home/orin/RogueRover/RR_ws/install/rr_msgs/local/lib/python3.10/dist-packages/rr_msgs/msg/_arm_joint.py
[1.604s] -- Up-to-date symlink: /home/orin/RogueRover/RR_ws/install/rr_msgs/local/lib/python3.10/dist-packages/rr_msgs/msg/_arm_joint_s.c
[1.604s] -- Up-to-date symlink: /home/orin/RogueRover/RR_ws/install/rr_msgs/local/lib/python3.10/dist-packages/rr_msgs/msg/_image_msg.py
[1.604s] -- Up-to-date symlink: /home/orin/RogueRover/RR_ws/install/rr_msgs/local/lib/python3.10/dist-packages/rr_msgs/msg/_image_msg_s.c
[1.605s] -- Up-to-date symlink: /home/orin/RogueRover/RR_ws/install/rr_msgs/local/lib/python3.10/dist-packages/rr_msgs/msg/_point_array.py
[1.605s] -- Up-to-date symlink: /home/orin/RogueRover/RR_ws/install/rr_msgs/local/lib/python3.10/dist-packages/rr_msgs/msg/_point_array_s.c
[1.605s] -- Up-to-date symlink: /home/orin/RogueRover/RR_ws/install/rr_msgs/local/lib/python3.10/dist-packages/rr_msgs/msg/_position.py
[1.605s] -- Up-to-date symlink: /home/orin/RogueRover/RR_ws/install/rr_msgs/local/lib/python3.10/dist-packages/rr_msgs/msg/_position_s.c
[1.606s] -- Up-to-date symlink: /home/orin/RogueRover/RR_ws/install/rr_msgs/local/lib/python3.10/dist-packages/rr_msgs/msg/_target.py
[1.606s] -- Up-to-date symlink: /home/orin/RogueRover/RR_ws/install/rr_msgs/local/lib/python3.10/dist-packages/rr_msgs/msg/_target_array.py
[1.606s] -- Up-to-date symlink: /home/orin/RogueRover/RR_ws/install/rr_msgs/local/lib/python3.10/dist-packages/rr_msgs/msg/_target_array_s.c
[1.606s] -- Up-to-date symlink: /home/orin/RogueRover/RR_ws/install/rr_msgs/local/lib/python3.10/dist-packages/rr_msgs/msg/_target_s.c
[1.606s] -- Up-to-date symlink: /home/orin/RogueRover/RR_ws/install/rr_msgs/local/lib/python3.10/dist-packages/rr_msgs/rr_msgs_s__rosidl_typesupport_c.cpython-310-aarch64-linux-gnu.so
[1.606s] -- Up-to-date symlink: /home/orin/RogueRover/RR_ws/install/rr_msgs/local/lib/python3.10/dist-packages/rr_msgs/rr_msgs_s__rosidl_typesupport_fastrtps_c.cpython-310-aarch64-linux-gnu.so
[1.607s] -- Up-to-date symlink: /home/orin/RogueRover/RR_ws/install/rr_msgs/local/lib/python3.10/dist-packages/rr_msgs/rr_msgs_s__rosidl_typesupport_introspection_c.cpython-310-aarch64-linux-gnu.so
[1.607s] -- Up-to-date symlink: /home/orin/RogueRover/RR_ws/install/rr_msgs/local/lib/python3.10/dist-packages/rr_msgs/srv/__init__.py
[1.607s] -- Up-to-date symlink: /home/orin/RogueRover/RR_ws/install/rr_msgs/local/lib/python3.10/dist-packages/rr_msgs/srv/_kinematics.py
[1.607s] -- Up-to-date symlink: /home/orin/RogueRover/RR_ws/install/rr_msgs/local/lib/python3.10/dist-packages/rr_msgs/srv/_kinematics_s.c
[1.607s] -- Up-to-date symlink: /home/orin/RogueRover/RR_ws/install/rr_msgs/local/lib/python3.10/dist-packages/rr_msgs/srv/_robot_arm_array.py
[1.607s] -- Up-to-date symlink: /home/orin/RogueRover/RR_ws/install/rr_msgs/local/lib/python3.10/dist-packages/rr_msgs/srv/_robot_arm_array_s.c
[1.608s] -- Up-to-date symlink: /home/orin/RogueRover/RR_ws/install/rr_msgs/local/lib/python3.10/dist-packages/rr_msgs/rr_msgs_s__rosidl_typesupport_fastrtps_c.cpython-310-aarch64-linux-gnu.so
[1.608s] -- Up-to-date symlink: /home/orin/RogueRover/RR_ws/install/rr_msgs/local/lib/python3.10/dist-packages/rr_msgs/rr_msgs_s__rosidl_typesupport_introspection_c.cpython-310-aarch64-linux-gnu.so
[1.609s] -- Up-to-date symlink: /home/orin/RogueRover/RR_ws/install/rr_msgs/local/lib/python3.10/dist-packages/rr_msgs/rr_msgs_s__rosidl_typesupport_c.cpython-310-aarch64-linux-gnu.so
[1.609s] -- Up-to-date symlink: /home/orin/RogueRover/RR_ws/install/rr_msgs/share/rr_msgs/msg/ArmJoint.idl
[1.609s] -- Up-to-date symlink: /home/orin/RogueRover/RR_ws/install/rr_msgs/share/rr_msgs/msg/ImageMsg.idl
[1.610s] -- Up-to-date symlink: /home/orin/RogueRover/RR_ws/install/rr_msgs/share/rr_msgs/msg/PointArray.idl
[1.610s] -- Up-to-date symlink: /home/orin/RogueRover/RR_ws/install/rr_msgs/share/rr_msgs/msg/Position.idl
[1.610s] -- Up-to-date symlink: /home/orin/RogueRover/RR_ws/install/rr_msgs/share/rr_msgs/msg/TargetArray.idl
[1.610s] -- Up-to-date symlink: /home/orin/RogueRover/RR_ws/install/rr_msgs/share/rr_msgs/msg/Target.idl
[1.611s] -- Up-to-date symlink: /home/orin/RogueRover/RR_ws/install/rr_msgs/share/rr_msgs/srv/Kinematics.idl
[1.611s] -- Up-to-date symlink: /home/orin/RogueRover/RR_ws/install/rr_msgs/share/rr_msgs/srv/RobotArmArray.idl
[1.611s] -- Up-to-date symlink: /home/orin/RogueRover/RR_ws/install/rr_msgs/share/rr_msgs/msg/ArmJoint.msg
[1.612s] -- Up-to-date symlink: /home/orin/RogueRover/RR_ws/install/rr_msgs/share/rr_msgs/msg/ImageMsg.msg
[1.612s] -- Up-to-date symlink: /home/orin/RogueRover/RR_ws/install/rr_msgs/share/rr_msgs/msg/PointArray.msg
[1.612s] -- Up-to-date symlink: /home/orin/RogueRover/RR_ws/install/rr_msgs/share/rr_msgs/msg/Position.msg
[1.612s] -- Up-to-date symlink: /home/orin/RogueRover/RR_ws/install/rr_msgs/share/rr_msgs/msg/TargetArray.msg
[1.613s] -- Up-to-date symlink: /home/orin/RogueRover/RR_ws/install/rr_msgs/share/rr_msgs/msg/Target.msg
[1.613s] -- Up-to-date symlink: /home/orin/RogueRover/RR_ws/install/rr_msgs/share/rr_msgs/srv/Kinematics.srv
[1.613s] -- Up-to-date symlink: /home/orin/RogueRover/RR_ws/install/rr_msgs/share/rr_msgs/srv/Kinematics_Request.msg
[1.613s] -- Up-to-date symlink: /home/orin/RogueRover/RR_ws/install/rr_msgs/share/rr_msgs/srv/Kinematics_Response.msg
[1.614s] -- Up-to-date symlink: /home/orin/RogueRover/RR_ws/install/rr_msgs/share/rr_msgs/srv/RobotArmArray.srv
[1.614s] -- Up-to-date symlink: /home/orin/RogueRover/RR_ws/install/rr_msgs/share/rr_msgs/srv/RobotArmArray_Request.msg
[1.614s] -- Up-to-date symlink: /home/orin/RogueRover/RR_ws/install/rr_msgs/share/rr_msgs/srv/RobotArmArray_Response.msg
[1.615s] -- Up-to-date symlink: /home/orin/RogueRover/RR_ws/install/rr_msgs/share/ament_index/resource_index/package_run_dependencies/rr_msgs
[1.615s] -- Up-to-date symlink: /home/orin/RogueRover/RR_ws/install/rr_msgs/share/ament_index/resource_index/parent_prefix_path/rr_msgs
[1.615s] -- Up-to-date symlink: /home/orin/RogueRover/RR_ws/install/rr_msgs/share/rr_msgs/environment/ament_prefix_path.sh
[1.616s] -- Up-to-date symlink: /home/orin/RogueRover/RR_ws/install/rr_msgs/share/rr_msgs/environment/ament_prefix_path.dsv
[1.616s] -- Up-to-date symlink: /home/orin/RogueRover/RR_ws/install/rr_msgs/share/rr_msgs/environment/path.sh
[1.616s] -- Up-to-date symlink: /home/orin/RogueRover/RR_ws/install/rr_msgs/share/rr_msgs/environment/path.dsv
[1.616s] -- Up-to-date symlink: /home/orin/RogueRover/RR_ws/install/rr_msgs/share/rr_msgs/local_setup.bash
[1.617s] -- Up-to-date symlink: /home/orin/RogueRover/RR_ws/install/rr_msgs/share/rr_msgs/local_setup.sh
[1.617s] -- Up-to-date symlink: /home/orin/RogueRover/RR_ws/install/rr_msgs/share/rr_msgs/local_setup.zsh
[1.617s] -- Up-to-date symlink: /home/orin/RogueRover/RR_ws/install/rr_msgs/share/rr_msgs/local_setup.dsv
[1.617s] -- Symlinking: /home/orin/RogueRover/RR_ws/install/rr_msgs/share/rr_msgs/package.dsv
[1.636s] -- Up-to-date symlink: /home/orin/RogueRover/RR_ws/install/rr_msgs/share/ament_index/resource_index/packages/rr_msgs
[1.636s] -- Up-to-date symlink: /home/orin/RogueRover/RR_ws/install/rr_msgs/share/rr_msgs/cmake/rosidl_cmake-extras.cmake
[1.636s] -- Up-to-date symlink: /home/orin/RogueRover/RR_ws/install/rr_msgs/share/rr_msgs/cmake/ament_cmake_export_dependencies-extras.cmake
[1.636s] -- Up-to-date symlink: /home/orin/RogueRover/RR_ws/install/rr_msgs/share/rr_msgs/cmake/ament_cmake_export_include_directories-extras.cmake
[1.637s] -- Up-to-date symlink: /home/orin/RogueRover/RR_ws/install/rr_msgs/share/rr_msgs/cmake/ament_cmake_export_libraries-extras.cmake
[1.637s] -- Up-to-date symlink: /home/orin/RogueRover/RR_ws/install/rr_msgs/share/rr_msgs/cmake/ament_cmake_export_targets-extras.cmake
[1.638s] -- Up-to-date symlink: /home/orin/RogueRover/RR_ws/install/rr_msgs/share/rr_msgs/cmake/rosidl_cmake_export_typesupport_targets-extras.cmake
[1.638s] -- Up-to-date symlink: /home/orin/RogueRover/RR_ws/install/rr_msgs/share/rr_msgs/cmake/rosidl_cmake_export_typesupport_libraries-extras.cmake
[1.638s] -- Up-to-date symlink: /home/orin/RogueRover/RR_ws/install/rr_msgs/share/rr_msgs/cmake/rr_msgsConfig.cmake
[1.638s] -- Up-to-date symlink: /home/orin/RogueRover/RR_ws/install/rr_msgs/share/rr_msgs/cmake/rr_msgsConfig-version.cmake
[1.638s] -- Up-to-date symlink: /home/orin/RogueRover/RR_ws/install/rr_msgs/share/rr_msgs/package.xml
[1.639s] -- Up-to-date: /home/orin/RogueRover/RR_ws/install/rr_msgs/lib/librr_msgs__rosidl_generator_c.so
[1.639s] -- Up-to-date: /home/orin/RogueRover/RR_ws/install/rr_msgs/lib/librr_msgs__rosidl_typesupport_fastrtps_c.so
[1.640s] -- Up-to-date: /home/orin/RogueRover/RR_ws/install/rr_msgs/lib/librr_msgs__rosidl_typesupport_introspection_c.so
[1.640s] -- Up-to-date: /home/orin/RogueRover/RR_ws/install/rr_msgs/lib/librr_msgs__rosidl_typesupport_c.so
[1.641s] -- Up-to-date: /home/orin/RogueRover/RR_ws/install/rr_msgs/lib/librr_msgs__rosidl_typesupport_fastrtps_cpp.so
[1.641s] -- Up-to-date: /home/orin/RogueRover/RR_ws/install/rr_msgs/lib/librr_msgs__rosidl_typesupport_introspection_cpp.so
[1.641s] -- Up-to-date: /home/orin/RogueRover/RR_ws/install/rr_msgs/lib/librr_msgs__rosidl_typesupport_cpp.so
[1.709s] Listing '/home/orin/RogueRover/RR_ws/install/rr_msgs/local/lib/python3.10/dist-packages/rr_msgs'...
[1.709s] Listing '/home/orin/RogueRover/RR_ws/install/rr_msgs/local/lib/python3.10/dist-packages/rr_msgs/msg'...
[1.709s] Listing '/home/orin/RogueRover/RR_ws/install/rr_msgs/local/lib/python3.10/dist-packages/rr_msgs/srv'...
[1.721s] -- Up-to-date: /home/orin/RogueRover/RR_ws/install/rr_msgs/lib/librr_msgs__rosidl_generator_py.so
[1.722s] -- Up-to-date: /home/orin/RogueRover/RR_ws/install/rr_msgs/share/rr_msgs/cmake/export_rr_msgs__rosidl_generator_cExport.cmake
[1.722s] -- Up-to-date: /home/orin/RogueRover/RR_ws/install/rr_msgs/share/rr_msgs/cmake/export_rr_msgs__rosidl_generator_cExport-noconfig.cmake
[1.722s] -- Up-to-date: /home/orin/RogueRover/RR_ws/install/rr_msgs/share/rr_msgs/cmake/export_rr_msgs__rosidl_typesupport_fastrtps_cExport.cmake
[1.722s] -- Up-to-date: /home/orin/RogueRover/RR_ws/install/rr_msgs/share/rr_msgs/cmake/export_rr_msgs__rosidl_typesupport_fastrtps_cExport-noconfig.cmake
[1.722s] -- Up-to-date: /home/orin/RogueRover/RR_ws/install/rr_msgs/share/rr_msgs/cmake/rr_msgs__rosidl_typesupport_introspection_cExport.cmake
[1.722s] -- Up-to-date: /home/orin/RogueRover/RR_ws/install/rr_msgs/share/rr_msgs/cmake/rr_msgs__rosidl_typesupport_introspection_cExport-noconfig.cmake
[1.723s] -- Up-to-date: /home/orin/RogueRover/RR_ws/install/rr_msgs/share/rr_msgs/cmake/rr_msgs__rosidl_typesupport_cExport.cmake
[1.723s] -- Up-to-date: /home/orin/RogueRover/RR_ws/install/rr_msgs/share/rr_msgs/cmake/rr_msgs__rosidl_typesupport_cExport-noconfig.cmake
[1.723s] -- Up-to-date: /home/orin/RogueRover/RR_ws/install/rr_msgs/share/rr_msgs/cmake/export_rr_msgs__rosidl_generator_cppExport.cmake
[1.724s] -- Up-to-date: /home/orin/RogueRover/RR_ws/install/rr_msgs/share/rr_msgs/cmake/export_rr_msgs__rosidl_typesupport_fastrtps_cppExport.cmake
[1.724s] -- Up-to-date: /home/orin/RogueRover/RR_ws/install/rr_msgs/share/rr_msgs/cmake/export_rr_msgs__rosidl_typesupport_fastrtps_cppExport-noconfig.cmake
[1.724s] -- Up-to-date: /home/orin/RogueRover/RR_ws/install/rr_msgs/share/rr_msgs/cmake/rr_msgs__rosidl_typesupport_introspection_cppExport.cmake
[1.725s] -- Up-to-date: /home/orin/RogueRover/RR_ws/install/rr_msgs/share/rr_msgs/cmake/rr_msgs__rosidl_typesupport_introspection_cppExport-noconfig.cmake
[1.725s] -- Up-to-date: /home/orin/RogueRover/RR_ws/install/rr_msgs/share/rr_msgs/cmake/rr_msgs__rosidl_typesupport_cppExport.cmake
[1.725s] -- Up-to-date: /home/orin/RogueRover/RR_ws/install/rr_msgs/share/rr_msgs/cmake/rr_msgs__rosidl_typesupport_cppExport-noconfig.cmake
[1.725s] -- Up-to-date: /home/orin/RogueRover/RR_ws/install/rr_msgs/share/rr_msgs/cmake/export_rr_msgs__rosidl_generator_pyExport.cmake
[1.725s] -- Up-to-date: /home/orin/RogueRover/RR_ws/install/rr_msgs/share/rr_msgs/cmake/export_rr_msgs__rosidl_generator_pyExport-noconfig.cmake
[1.728s] Invoked command in '/home/orin/RogueRover/RR_ws/build/rr_msgs' returned '0': CMAKE_PREFIX_PATH=${CMAKE_PREFIX_PATH}:/home/orin/RogueRover/RR_ws/install/rr_velocity:/home/orin/RogueRover/RR_ws/install/rr_description:/opt/ros/humble /usr/bin/cmake --install /home/orin/RogueRover/RR_ws/build/rr_msgs
